[ 2013-05-30T07:15:28+08:00 ] 127.0.0.1 /joyku/
INFO: [ app_begin ] --START--
INFO: Run ReadHtmlCache Behavior [ RunTime:0.044667s ]
INFO: Run load_lang Behavior [ RunTime:0.038968s ]
INFO: [ app_begin ] --END-- [ RunTime:0.083866s ]
SQL: SHOW COLUMNS FROM `ik_message` [ RunTime:0.052017s ]
SQL: SELECT COUNT(*) AS tp_count FROM `ik_message` WHERE ( `touserid` = null ) AND ( `isread` = 0 ) AND ( `isinbox` = 0 ) LIMIT 1   [ RunTime:0.001140s ]
SQL: SELECT COUNT(*) AS count FROM ik_user_online WHERE `ctime` > 1369868428 [ RunTime:0.044696s ]
SQL: SHOW COLUMNS FROM `ik_app` [ RunTime:0.031658s ]
SQL: SELECT `app_name`,`app_alias`,`app_entry` FROM `ik_app` WHERE ( `status` = 1 ) ORDER BY display_order asc  [ RunTime:0.001638s ]
SQL: SELECT `app_name`,`app_alias`,`app_entry` FROM `ik_app` WHERE ( `status` = 1 ) ORDER BY display_order asc  [ RunTime:0.000527s ]
SQL: SELECT * FROM `ik_app` WHERE ( `app_name` = 'public' ) LIMIT 1   [ RunTime:0.006933s ]
SQL: SHOW COLUMNS FROM `ik_group` [ RunTime:0.067021s ]
SQL: SHOW COLUMNS FROM `ik_user` [ RunTime:0.039031s ]
SQL: SHOW COLUMNS FROM `ik_group_topics` [ RunTime:0.031317s ]
SQL: SHOW COLUMNS FROM `ik_article` [ RunTime:0.059197s ]
SQL: SELECT `groupid` FROM `ik_group` WHERE ( `isshow` = 0 ) ORDER BY addtime desc LIMIT 10   [ RunTime:0.001845s ]
SQL: SELECT COUNT(*) AS tp_count FROM `ik_group` WHERE ( `groupid` = 1 ) LIMIT 1   [ RunTime:0.000508s ]
SQL: SELECT * FROM `ik_group` WHERE ( `groupid` = 1 ) LIMIT 1   [ RunTime:0.000583s ]
SQL: SELECT `userid`,`topicid`,`groupid`,`content`,`title` FROM `ik_group_topics` WHERE ( `groupid` > 0 ) AND ( `isaudit` = 0 ) ORDER BY istop desc,addtime desc LIMIT 15   [ RunTime:0.000588s ]
SQL: SELECT COUNT(*) AS tp_count FROM `ik_group_topics` WHERE ( `topicid` = 1 ) LIMIT 1   [ RunTime:0.000285s ]
SQL: SELECT * FROM `ik_group_topics` WHERE ( `topicid` = 1 ) LIMIT 1   [ RunTime:0.000322s ]
SQL: SELECT * FROM `ik_user` WHERE ( `userid` = 1 ) LIMIT 1   [ RunTime:0.000398s ]
SQL: SHOW COLUMNS FROM `ik_user_online` [ RunTime:0.006170s ]
SQL: SELECT COUNT(*) AS tp_count FROM `ik_user_online` WHERE ( `userid` = 1 ) AND ( `ctime` > 1369868428 ) LIMIT 1   [ RunTime:0.000522s ]
SQL: SELECT `userid` FROM `ik_user` WHERE ( `isenable` = 0 ) ORDER BY uptime desc LIMIT 12   [ RunTime:0.000615s ]
SQL: SELECT * FROM `ik_user` WHERE ( `userid` = 1 ) LIMIT 1   [ RunTime:0.000515s ]
SQL: SELECT COUNT(*) AS tp_count FROM `ik_user_online` WHERE ( `userid` = 1 ) AND ( `ctime` > 1369868428 ) LIMIT 1   [ RunTime:0.000607s ]
SQL: SHOW COLUMNS FROM `ik_article_item` [ RunTime:0.013473s ]
SQL: SELECT * FROM `ik_article_item` WHERE ( `isaudit` = 0 ) ORDER BY addtime desc LIMIT 8   [ RunTime:0.001490s ]
SQL: SELECT * FROM `ik_group` WHERE ( `isrecommend` = 1 ) ORDER BY groupid asc LIMIT 10   [ RunTime:0.000353s ]
SQL: SELECT COUNT(*) AS tp_count FROM `ik_group` WHERE ( `groupid` = 1 ) LIMIT 1   [ RunTime:0.000282s ]
SQL: SELECT * FROM `ik_group` WHERE ( `groupid` = 1 ) LIMIT 1   [ RunTime:0.000301s ]
SQL: SELECT COUNT(*) AS tp_count FROM `ik_user` LIMIT 1   [ RunTime:0.000368s ]
INFO: [ view_template ] --START--
INFO: Run LocationTemplate Behavior [ RunTime:0.037250s ]
INFO: [ view_template ] --END-- [ RunTime:0.037404s ]
INFO: [ view_parse ] --START--
ERR: 实例化一个不存在的类！:EditorWidget

[ 2013-05-30T07:16:10+08:00 ] 127.0.0.1 /joyku/
INFO: [ app_begin ] --START--
INFO: Run ReadHtmlCache Behavior [ RunTime:0.001398s ]
INFO: Run load_lang Behavior [ RunTime:0.003812s ]
INFO: [ app_begin ] --END-- [ RunTime:0.005428s ]
SQL: SHOW COLUMNS FROM `ik_message` [ RunTime:0.004121s ]
SQL: SELECT COUNT(*) AS tp_count FROM `ik_message` WHERE ( `touserid` = null ) AND ( `isread` = 0 ) AND ( `isinbox` = 0 ) LIMIT 1   [ RunTime:0.001566s ]
SQL: SELECT COUNT(*) AS count FROM ik_user_online WHERE `ctime` > 1369868470 [ RunTime:0.000363s ]
SQL: SHOW COLUMNS FROM `ik_app` [ RunTime:0.004577s ]
SQL: SELECT `app_name`,`app_alias`,`app_entry` FROM `ik_app` WHERE ( `status` = 1 ) ORDER BY display_order asc  [ RunTime:0.001549s ]
SQL: SELECT `app_name`,`app_alias`,`app_entry` FROM `ik_app` WHERE ( `status` = 1 ) ORDER BY display_order asc  [ RunTime:0.000331s ]
SQL: SELECT * FROM `ik_app` WHERE ( `app_name` = 'public' ) LIMIT 1   [ RunTime:0.000345s ]
SQL: SHOW COLUMNS FROM `ik_group` [ RunTime:0.005054s ]
SQL: SHOW COLUMNS FROM `ik_user` [ RunTime:0.004777s ]
SQL: SHOW COLUMNS FROM `ik_group_topics` [ RunTime:0.005167s ]
SQL: SHOW COLUMNS FROM `ik_article` [ RunTime:0.004001s ]
SQL: SELECT `groupid` FROM `ik_group` WHERE ( `isshow` = 0 ) ORDER BY addtime desc LIMIT 10   [ RunTime:0.001435s ]
SQL: SELECT COUNT(*) AS tp_count FROM `ik_group` WHERE ( `groupid` = 1 ) LIMIT 1   [ RunTime:0.000292s ]
SQL: SELECT * FROM `ik_group` WHERE ( `groupid` = 1 ) LIMIT 1   [ RunTime:0.000288s ]
SQL: SELECT `userid`,`topicid`,`groupid`,`content`,`title` FROM `ik_group_topics` WHERE ( `groupid` > 0 ) AND ( `isaudit` = 0 ) ORDER BY istop desc,addtime desc LIMIT 15   [ RunTime:0.000353s ]
SQL: SELECT COUNT(*) AS tp_count FROM `ik_group_topics` WHERE ( `topicid` = 1 ) LIMIT 1   [ RunTime:0.000252s ]
SQL: SELECT * FROM `ik_group_topics` WHERE ( `topicid` = 1 ) LIMIT 1   [ RunTime:0.000278s ]
SQL: SELECT * FROM `ik_user` WHERE ( `userid` = 1 ) LIMIT 1   [ RunTime:0.000312s ]
SQL: SHOW COLUMNS FROM `ik_user_online` [ RunTime:0.003970s ]
SQL: SELECT COUNT(*) AS tp_count FROM `ik_user_online` WHERE ( `userid` = 1 ) AND ( `ctime` > 1369868470 ) LIMIT 1   [ RunTime:0.001506s ]
SQL: SELECT `userid` FROM `ik_user` WHERE ( `isenable` = 0 ) ORDER BY uptime desc LIMIT 12   [ RunTime:0.000285s ]
SQL: SELECT * FROM `ik_user` WHERE ( `userid` = 1 ) LIMIT 1   [ RunTime:0.000349s ]
SQL: SELECT COUNT(*) AS tp_count FROM `ik_user_online` WHERE ( `userid` = 1 ) AND ( `ctime` > 1369868470 ) LIMIT 1   [ RunTime:0.000290s ]
SQL: SHOW COLUMNS FROM `ik_article_item` [ RunTime:0.004422s ]
SQL: SELECT * FROM `ik_article_item` WHERE ( `isaudit` = 0 ) ORDER BY addtime desc LIMIT 8   [ RunTime:0.001434s ]
SQL: SELECT * FROM `ik_group` WHERE ( `isrecommend` = 1 ) ORDER BY groupid asc LIMIT 10   [ RunTime:0.000345s ]
SQL: SELECT COUNT(*) AS tp_count FROM `ik_group` WHERE ( `groupid` = 1 ) LIMIT 1   [ RunTime:0.000361s ]
SQL: SELECT * FROM `ik_group` WHERE ( `groupid` = 1 ) LIMIT 1   [ RunTime:0.000296s ]
SQL: SELECT COUNT(*) AS tp_count FROM `ik_user` LIMIT 1   [ RunTime:0.000389s ]
INFO: [ view_template ] --START--
INFO: Run LocationTemplate Behavior [ RunTime:0.002802s ]
INFO: [ view_template ] --END-- [ RunTime:0.002951s ]
INFO: [ view_parse ] --START--

[ 2013-05-30T07:16:47+08:00 ] 127.0.0.1 /joyku/
INFO: [ app_begin ] --START--
INFO: Run ReadHtmlCache Behavior [ RunTime:0.001396s ]
INFO: Run load_lang Behavior [ RunTime:0.003853s ]
INFO: [ app_begin ] --END-- [ RunTime:0.005461s ]
SQL: SHOW COLUMNS FROM `ik_message` [ RunTime:0.004577s ]
SQL: SELECT COUNT(*) AS tp_count FROM `ik_message` WHERE ( `touserid` = null ) AND ( `isread` = 0 ) AND ( `isinbox` = 0 ) LIMIT 1   [ RunTime:0.001380s ]
SQL: SELECT COUNT(*) AS count FROM ik_user_online WHERE `ctime` > 1369868506 [ RunTime:0.000247s ]
SQL: SHOW COLUMNS FROM `ik_app` [ RunTime:0.004604s ]
SQL: SELECT `app_name`,`app_alias`,`app_entry` FROM `ik_app` WHERE ( `status` = 1 ) ORDER BY display_order asc  [ RunTime:0.001470s ]
SQL: SELECT `app_name`,`app_alias`,`app_entry` FROM `ik_app` WHERE ( `status` = 1 ) ORDER BY display_order asc  [ RunTime:0.000340s ]
SQL: SELECT * FROM `ik_app` WHERE ( `app_name` = 'public' ) LIMIT 1   [ RunTime:0.000378s ]
SQL: SHOW COLUMNS FROM `ik_group` [ RunTime:0.004732s ]
SQL: SHOW COLUMNS FROM `ik_user` [ RunTime:0.004730s ]
SQL: SHOW COLUMNS FROM `ik_group_topics` [ RunTime:0.004906s ]
SQL: SHOW COLUMNS FROM `ik_article` [ RunTime:0.004004s ]
SQL: SELECT `groupid` FROM `ik_group` WHERE ( `isshow` = 0 ) ORDER BY addtime desc LIMIT 10   [ RunTime:0.001391s ]
SQL: SELECT COUNT(*) AS tp_count FROM `ik_group` WHERE ( `groupid` = 1 ) LIMIT 1   [ RunTime:0.000281s ]
SQL: SELECT * FROM `ik_group` WHERE ( `groupid` = 1 ) LIMIT 1   [ RunTime:0.000333s ]
SQL: SELECT `userid`,`topicid`,`groupid`,`content`,`title` FROM `ik_group_topics` WHERE ( `groupid` > 0 ) AND ( `isaudit` = 0 ) ORDER BY istop desc,addtime desc LIMIT 15   [ RunTime:0.000468s ]
SQL: SELECT COUNT(*) AS tp_count FROM `ik_group_topics` WHERE ( `topicid` = 1 ) LIMIT 1   [ RunTime:0.000276s ]
SQL: SELECT * FROM `ik_group_topics` WHERE ( `topicid` = 1 ) LIMIT 1   [ RunTime:0.000560s ]
SQL: SELECT * FROM `ik_user` WHERE ( `userid` = 1 ) LIMIT 1   [ RunTime:0.000507s ]
SQL: SHOW COLUMNS FROM `ik_user_online` [ RunTime:0.004160s ]
SQL: SELECT COUNT(*) AS tp_count FROM `ik_user_online` WHERE ( `userid` = 1 ) AND ( `ctime` > 1369868507 ) LIMIT 1   [ RunTime:0.001524s ]
SQL: SELECT `userid` FROM `ik_user` WHERE ( `isenable` = 0 ) ORDER BY uptime desc LIMIT 12   [ RunTime:0.000337s ]
SQL: SELECT * FROM `ik_user` WHERE ( `userid` = 1 ) LIMIT 1   [ RunTime:0.000305s ]
SQL: SELECT COUNT(*) AS tp_count FROM `ik_user_online` WHERE ( `userid` = 1 ) AND ( `ctime` > 1369868507 ) LIMIT 1   [ RunTime:0.000282s ]
SQL: SHOW COLUMNS FROM `ik_article_item` [ RunTime:0.005125s ]
SQL: SELECT * FROM `ik_article_item` WHERE ( `isaudit` = 0 ) ORDER BY addtime desc LIMIT 8   [ RunTime:0.000918s ]
SQL: SELECT * FROM `ik_group` WHERE ( `isrecommend` = 1 ) ORDER BY groupid asc LIMIT 10   [ RunTime:0.000473s ]
SQL: SELECT COUNT(*) AS tp_count FROM `ik_group` WHERE ( `groupid` = 1 ) LIMIT 1   [ RunTime:0.000516s ]
SQL: SELECT * FROM `ik_group` WHERE ( `groupid` = 1 ) LIMIT 1   [ RunTime:0.000336s ]
SQL: SELECT COUNT(*) AS tp_count FROM `ik_user` LIMIT 1   [ RunTime:0.000224s ]
INFO: [ view_template ] --START--
INFO: Run LocationTemplate Behavior [ RunTime:0.002623s ]
INFO: [ view_template ] --END-- [ RunTime:0.002730s ]
INFO: [ view_parse ] --START--

