[ 2013-08-12T13:30:18+08:00 ] 10.8.22.74 /joyku/
INFO: [ app_begin ] --START--
INFO: Run ReadHtmlCache Behavior [ RunTime:0.000930s ]
INFO: Run load_lang Behavior [ RunTime:0.003019s ]
INFO: [ app_begin ] --END-- [ RunTime:0.004544s ]
SQL: SHOW COLUMNS FROM `ik_message` [ RunTime:0.066319s ]
SQL: SELECT COUNT(*) AS tp_count FROM `ik_message` WHERE ( `touserid` = null ) AND ( `isread` = 0 ) AND ( `isinbox` = 0 ) LIMIT 1   [ RunTime:0.006354s ]
SQL: SELECT COUNT(*) AS count FROM ik_user_online WHERE `ctime` > 1376284517 [ RunTime:0.025725s ]
SQL: SHOW COLUMNS FROM `ik_app` [ RunTime:0.028932s ]
SQL: SELECT `app_name`,`app_alias`,`app_entry` FROM `ik_app` WHERE ( `status` = 1 ) ORDER BY display_order asc  [ RunTime:0.000673s ]
SQL: SELECT `app_name`,`app_alias`,`app_entry` FROM `ik_app` WHERE ( `status` = 1 ) ORDER BY display_order asc  [ RunTime:0.000462s ]
SQL: SELECT * FROM `ik_app` WHERE ( `app_name` = 'public' ) LIMIT 1   [ RunTime:0.020345s ]
SQL: SHOW COLUMNS FROM `ik_group` [ RunTime:0.042407s ]
SQL: SHOW COLUMNS FROM `ik_user` [ RunTime:0.056120s ]
SQL: SHOW COLUMNS FROM `ik_group_topics` [ RunTime:0.112647s ]
SQL: SHOW COLUMNS FROM `ik_article` [ RunTime:0.010800s ]
SQL: SHOW COLUMNS FROM `ik_develop` [ RunTime:0.010396s ]
SQL: SHOW COLUMNS FROM `ik_user_photo` [ RunTime:0.034968s ]
SQL: SELECT `groupid` FROM `ik_group` WHERE ( `isshow` = 0 ) ORDER BY addtime desc LIMIT 10   [ RunTime:0.000695s ]
SQL: SELECT COUNT(*) AS tp_count FROM `ik_group` WHERE ( `groupid` = 4 ) LIMIT 1   [ RunTime:0.000400s ]
SQL: SELECT * FROM `ik_group` WHERE ( `groupid` = 4 ) LIMIT 1   [ RunTime:0.000441s ]
SQL: SELECT COUNT(*) AS tp_count FROM `ik_group` WHERE ( `groupid` = 3 ) LIMIT 1   [ RunTime:0.000376s ]
SQL: SELECT * FROM `ik_group` WHERE ( `groupid` = 3 ) LIMIT 1   [ RunTime:0.000418s ]
SQL: SELECT COUNT(*) AS tp_count FROM `ik_group` WHERE ( `groupid` = 2 ) LIMIT 1   [ RunTime:0.000388s ]
SQL: SELECT * FROM `ik_group` WHERE ( `groupid` = 2 ) LIMIT 1   [ RunTime:0.000414s ]
SQL: SELECT COUNT(*) AS tp_count FROM `ik_group` WHERE ( `groupid` = 1 ) LIMIT 1   [ RunTime:0.000384s ]
SQL: SELECT * FROM `ik_group` WHERE ( `groupid` = 1 ) LIMIT 1   [ RunTime:0.000416s ]
SQL: SELECT `userid`,`topicid`,`groupid`,`content`,`title` FROM `ik_group_topics` WHERE ( `groupid` > 0 ) AND ( `isaudit` = 0 ) ORDER BY istop desc,addtime desc LIMIT 15   [ RunTime:0.000618s ]
SQL: SELECT COUNT(*) AS tp_count FROM `ik_group_topics` WHERE ( `topicid` = 11 ) LIMIT 1   [ RunTime:0.000398s ]
SQL: SELECT * FROM `ik_group_topics` WHERE ( `topicid` = 11 ) LIMIT 1   [ RunTime:0.000462s ]
SQL: SELECT * FROM `ik_user` WHERE ( `userid` = 1 ) LIMIT 1   [ RunTime:0.000473s ]
SQL: SHOW COLUMNS FROM `ik_area` [ RunTime:0.015312s ]
SQL: SELECT * FROM `ik_area` WHERE ( `areaid` = 38 ) LIMIT 1   [ RunTime:0.000770s ]
SQL: SHOW COLUMNS FROM `ik_user_online` [ RunTime:0.002555s ]
SQL: SELECT COUNT(*) AS tp_count FROM `ik_user_online` WHERE ( `userid` = 1 ) AND ( `ctime` > 1376284517 ) LIMIT 1   [ RunTime:0.000728s ]
SQL: SELECT COUNT(*) AS tp_count FROM `ik_group_topics` WHERE ( `topicid` = 10 ) LIMIT 1   [ RunTime:0.000357s ]
SQL: SELECT * FROM `ik_group_topics` WHERE ( `topicid` = 10 ) LIMIT 1   [ RunTime:0.000425s ]
SQL: SHOW COLUMNS FROM `ik_images` [ RunTime:0.011261s ]
SQL: SELECT * FROM `ik_images` WHERE ( `type` = 'topic' ) AND ( `typeid` = 10 ) AND ( `seqid` = 1 ) LIMIT 1   [ RunTime:0.001081s ]
SQL: SELECT * FROM `ik_user` WHERE ( `userid` = 1 ) LIMIT 1   [ RunTime:0.000456s ]
SQL: SELECT * FROM `ik_area` WHERE ( `areaid` = 38 ) LIMIT 1   [ RunTime:0.000395s ]
SQL: SELECT COUNT(*) AS tp_count FROM `ik_user_online` WHERE ( `userid` = 1 ) AND ( `ctime` > 1376284517 ) LIMIT 1   [ RunTime:0.000382s ]
SQL: SELECT * FROM `ik_images` WHERE ( `type` = 'topic' ) AND ( `typeid` = 10 ) AND ( `seqid` = 1 ) LIMIT 1   [ RunTime:0.000425s ]
SQL: SELECT * FROM `ik_images` WHERE ( `type` = 'topic' ) AND ( `typeid` = 10 ) AND ( `seqid` = 1 ) LIMIT 1   [ RunTime:0.000439s ]
SQL: SELECT COUNT(*) AS tp_count FROM `ik_group_topics` WHERE ( `topicid` = 9 ) LIMIT 1   [ RunTime:0.000358s ]
SQL: SELECT * FROM `ik_group_topics` WHERE ( `topicid` = 9 ) LIMIT 1   [ RunTime:0.000423s ]
SQL: SELECT * FROM `ik_user` WHERE ( `userid` = 2 ) LIMIT 1   [ RunTime:0.000456s ]
SQL: SELECT COUNT(*) AS tp_count FROM `ik_user_online` WHERE ( `userid` = 2 ) AND ( `ctime` > 1376284517 ) LIMIT 1   [ RunTime:0.000430s ]
SQL: SELECT COUNT(*) AS tp_count FROM `ik_group_topics` WHERE ( `topicid` = 1 ) LIMIT 1   [ RunTime:0.000385s ]
SQL: SELECT * FROM `ik_group_topics` WHERE ( `topicid` = 1 ) LIMIT 1   [ RunTime:0.000463s ]
SQL: SELECT * FROM `ik_user` WHERE ( `userid` = 1 ) LIMIT 1   [ RunTime:0.000433s ]
SQL: SELECT * FROM `ik_area` WHERE ( `areaid` = 38 ) LIMIT 1   [ RunTime:0.000388s ]
SQL: SELECT COUNT(*) AS tp_count FROM `ik_user_online` WHERE ( `userid` = 1 ) AND ( `ctime` > 1376284517 ) LIMIT 1   [ RunTime:0.000378s ]
SQL: SELECT COUNT(*) AS tp_count FROM `ik_group_topics` WHERE ( `topicid` = 5 ) LIMIT 1   [ RunTime:0.000360s ]
SQL: SELECT * FROM `ik_group_topics` WHERE ( `topicid` = 5 ) LIMIT 1   [ RunTime:0.000434s ]
SQL: SELECT * FROM `ik_user` WHERE ( `userid` = 2 ) LIMIT 1   [ RunTime:0.000487s ]
SQL: SELECT COUNT(*) AS tp_count FROM `ik_user_online` WHERE ( `userid` = 2 ) AND ( `ctime` > 1376284517 ) LIMIT 1   [ RunTime:0.000423s ]
SQL: SELECT COUNT(*) AS tp_count FROM `ik_group_topics` WHERE ( `topicid` = 6 ) LIMIT 1   [ RunTime:0.000361s ]
SQL: SELECT * FROM `ik_group_topics` WHERE ( `topicid` = 6 ) LIMIT 1   [ RunTime:0.000423s ]
SQL: SELECT * FROM `ik_images` WHERE ( `type` = 'topic' ) AND ( `typeid` = 6 ) AND ( `seqid` = 2 ) LIMIT 1   [ RunTime:0.000434s ]
SQL: SELECT * FROM `ik_user` WHERE ( `userid` = 1 ) LIMIT 1   [ RunTime:0.000433s ]
SQL: SELECT * FROM `ik_area` WHERE ( `areaid` = 38 ) LIMIT 1   [ RunTime:0.000397s ]
SQL: SELECT COUNT(*) AS tp_count FROM `ik_user_online` WHERE ( `userid` = 1 ) AND ( `ctime` > 1376284517 ) LIMIT 1   [ RunTime:0.000408s ]
SQL: SELECT * FROM `ik_images` WHERE ( `type` = 'topic' ) AND ( `typeid` = 6 ) AND ( `seqid` = 2 ) LIMIT 1   [ RunTime:0.000435s ]
SQL: SELECT * FROM `ik_images` WHERE ( `type` = 'topic' ) AND ( `typeid` = 6 ) AND ( `seqid` = 2 ) LIMIT 1   [ RunTime:0.000437s ]
SQL: SELECT COUNT(*) AS tp_count FROM `ik_group_topics` WHERE ( `topicid` = 7 ) LIMIT 1   [ RunTime:0.000355s ]
SQL: SELECT * FROM `ik_group_topics` WHERE ( `topicid` = 7 ) LIMIT 1   [ RunTime:0.000421s ]
SQL: SELECT * FROM `ik_user` WHERE ( `userid` = 3 ) LIMIT 1   [ RunTime:0.000440s ]
SQL: SELECT COUNT(*) AS tp_count FROM `ik_user_online` WHERE ( `userid` = 3 ) AND ( `ctime` > 1376284517 ) LIMIT 1   [ RunTime:0.000407s ]
SQL: SELECT COUNT(*) AS tp_count FROM `ik_group_topics` WHERE ( `topicid` = 4 ) LIMIT 1   [ RunTime:0.000372s ]
SQL: SELECT * FROM `ik_group_topics` WHERE ( `topicid` = 4 ) LIMIT 1   [ RunTime:0.000430s ]
SQL: SELECT * FROM `ik_user` WHERE ( `userid` = 1 ) LIMIT 1   [ RunTime:0.000433s ]
SQL: SELECT * FROM `ik_area` WHERE ( `areaid` = 38 ) LIMIT 1   [ RunTime:0.000387s ]
SQL: SELECT COUNT(*) AS tp_count FROM `ik_user_online` WHERE ( `userid` = 1 ) AND ( `ctime` > 1376284517 ) LIMIT 1   [ RunTime:0.000392s ]
SQL: SELECT COUNT(*) AS tp_count FROM `ik_group_topics` WHERE ( `topicid` = 2 ) LIMIT 1   [ RunTime:0.000364s ]
SQL: SELECT * FROM `ik_group_topics` WHERE ( `topicid` = 2 ) LIMIT 1   [ RunTime:0.000430s ]
SQL: SELECT * FROM `ik_user` WHERE ( `userid` = 1 ) LIMIT 1   [ RunTime:0.000428s ]
SQL: SELECT * FROM `ik_area` WHERE ( `areaid` = 38 ) LIMIT 1   [ RunTime:0.000387s ]
SQL: SELECT COUNT(*) AS tp_count FROM `ik_user_online` WHERE ( `userid` = 1 ) AND ( `ctime` > 1376284517 ) LIMIT 1   [ RunTime:0.000381s ]
SQL: SELECT `userid` FROM `ik_user` WHERE ( `isenable` = 0 ) ORDER BY uptime desc LIMIT 12   [ RunTime:0.000418s ]
SQL: SELECT * FROM `ik_user` WHERE ( `userid` = 1 ) LIMIT 1   [ RunTime:0.000458s ]
SQL: SELECT * FROM `ik_area` WHERE ( `areaid` = 38 ) LIMIT 1   [ RunTime:0.000420s ]
SQL: SELECT COUNT(*) AS tp_count FROM `ik_user_online` WHERE ( `userid` = 1 ) AND ( `ctime` > 1376284517 ) LIMIT 1   [ RunTime:0.000393s ]
SQL: SELECT * FROM `ik_user` WHERE ( `userid` = 3 ) LIMIT 1   [ RunTime:0.000427s ]
SQL: SELECT COUNT(*) AS tp_count FROM `ik_user_online` WHERE ( `userid` = 3 ) AND ( `ctime` > 1376284517 ) LIMIT 1   [ RunTime:0.000393s ]
SQL: SELECT * FROM `ik_user` WHERE ( `userid` = 6 ) LIMIT 1   [ RunTime:0.000435s ]
SQL: SELECT COUNT(*) AS tp_count FROM `ik_user_online` WHERE ( `userid` = 6 ) AND ( `ctime` > 1376284517 ) LIMIT 1   [ RunTime:0.000406s ]
SQL: SELECT * FROM `ik_user` WHERE ( `userid` = 5 ) LIMIT 1   [ RunTime:0.000441s ]
SQL: SELECT COUNT(*) AS tp_count FROM `ik_user_online` WHERE ( `userid` = 5 ) AND ( `ctime` > 1376284517 ) LIMIT 1   [ RunTime:0.000387s ]
SQL: SELECT * FROM `ik_user` WHERE ( `userid` = 4 ) LIMIT 1   [ RunTime:0.000446s ]
SQL: SELECT COUNT(*) AS tp_count FROM `ik_user_online` WHERE ( `userid` = 4 ) AND ( `ctime` > 1376284517 ) LIMIT 1   [ RunTime:0.000387s ]
SQL: SELECT * FROM `ik_user` WHERE ( `userid` = 2 ) LIMIT 1   [ RunTime:0.000445s ]
SQL: SELECT COUNT(*) AS tp_count FROM `ik_user_online` WHERE ( `userid` = 2 ) AND ( `ctime` > 1376284517 ) LIMIT 1   [ RunTime:0.000414s ]
SQL: SHOW COLUMNS FROM `ik_article_item` [ RunTime:0.015007s ]
SQL: SELECT * FROM `ik_article_item` WHERE ( `isaudit` = 0 ) ORDER BY addtime desc LIMIT 8   [ RunTime:0.000797s ]
SQL: SELECT * FROM `ik_group` WHERE ( `isrecommend` = 1 ) ORDER BY groupid asc LIMIT 10   [ RunTime:0.000501s ]
SQL: SELECT COUNT(*) AS tp_count FROM `ik_group` WHERE ( `groupid` = 1 ) LIMIT 1   [ RunTime:0.000364s ]
SQL: SELECT * FROM `ik_group` WHERE ( `groupid` = 1 ) LIMIT 1   [ RunTime:0.000420s ]
SQL: SELECT COUNT(*) AS tp_count FROM `ik_group` WHERE ( `groupid` = 2 ) LIMIT 1   [ RunTime:0.000360s ]
SQL: SELECT * FROM `ik_group` WHERE ( `groupid` = 2 ) LIMIT 1   [ RunTime:0.000420s ]
SQL: SELECT COUNT(*) AS tp_count FROM `ik_group` WHERE ( `groupid` = 3 ) LIMIT 1   [ RunTime:0.000367s ]
SQL: SELECT * FROM `ik_group` WHERE ( `groupid` = 3 ) LIMIT 1   [ RunTime:0.000449s ]
SQL: SELECT `appid`,`cateid` FROM `ik_develop` ORDER BY count_down desc LIMIT 10   [ RunTime:0.000439s ]
SQL: SELECT * FROM `ik_develop` WHERE ( `appid` = 1 ) LIMIT 1   [ RunTime:0.000445s ]
SQL: SELECT * FROM `ik_user` WHERE ( `userid` = 1 ) LIMIT 1   [ RunTime:0.000429s ]
SQL: SELECT * FROM `ik_area` WHERE ( `areaid` = 38 ) LIMIT 1   [ RunTime:0.000388s ]
SQL: SELECT COUNT(*) AS tp_count FROM `ik_user_online` WHERE ( `userid` = 1 ) AND ( `ctime` > 1376284517 ) LIMIT 1   [ RunTime:0.000396s ]
SQL: SHOW COLUMNS FROM `ik_develop_cate` [ RunTime:0.013616s ]
SQL: SELECT * FROM `ik_develop_cate` WHERE ( `cateid` = 1 ) LIMIT 1   [ RunTime:0.000944s ]
SQL: SELECT * FROM `ik_develop` WHERE ( `appid` = 4 ) LIMIT 1   [ RunTime:0.000428s ]
SQL: SELECT * FROM `ik_user` WHERE ( `userid` = 2 ) LIMIT 1   [ RunTime:0.000430s ]
SQL: SELECT COUNT(*) AS tp_count FROM `ik_user_online` WHERE ( `userid` = 2 ) AND ( `ctime` > 1376284517 ) LIMIT 1   [ RunTime:0.000392s ]
SQL: SELECT * FROM `ik_develop_cate` WHERE ( `cateid` = 1 ) LIMIT 1   [ RunTime:0.000390s ]
SQL: SELECT * FROM `ik_develop` WHERE ( `appid` = 3 ) LIMIT 1   [ RunTime:0.000421s ]
SQL: SELECT * FROM `ik_user` WHERE ( `userid` = 3 ) LIMIT 1   [ RunTime:0.000433s ]
SQL: SELECT COUNT(*) AS tp_count FROM `ik_user_online` WHERE ( `userid` = 3 ) AND ( `ctime` > 1376284517 ) LIMIT 1   [ RunTime:0.000405s ]
SQL: SELECT * FROM `ik_develop_cate` WHERE ( `cateid` = 1 ) LIMIT 1   [ RunTime:0.000394s ]
SQL: SELECT `itemid` FROM `ik_article_item` WHERE ( `isphoto` = 1 ) AND ( `isaudit` = 0 ) ORDER BY count_view desc LIMIT 6   [ RunTime:0.000434s ]
SQL: SELECT * FROM `ik_article` WHERE ( `aid` = 1 ) LIMIT 1   [ RunTime:0.000421s ]
SQL: SELECT * FROM `ik_article_item` WHERE ( `itemid` = 1 ) LIMIT 1   [ RunTime:0.000391s ]
SQL: SELECT * FROM `ik_user` WHERE ( `userid` = 1 ) LIMIT 1   [ RunTime:0.000454s ]
SQL: SELECT * FROM `ik_area` WHERE ( `areaid` = 38 ) LIMIT 1   [ RunTime:0.000390s ]
SQL: SELECT COUNT(*) AS tp_count FROM `ik_user_online` WHERE ( `userid` = 1 ) AND ( `ctime` > 1376284517 ) LIMIT 1   [ RunTime:0.000382s ]
SQL: SELECT * FROM `ik_images` WHERE ( `type` = 'article' ) AND ( `typeid` = 1 ) AND ( `seqid` = 1 ) LIMIT 1   [ RunTime:0.000435s ]
SQL: SELECT * FROM `ik_images` WHERE ( `type` = 'article' ) AND ( `typeid` = 1 ) AND ( `seqid` = 1 ) LIMIT 1   [ RunTime:0.000428s ]
SQL: SELECT * FROM `ik_article` WHERE ( `aid` = 5 ) LIMIT 1   [ RunTime:0.017511s ]
SQL: SELECT * FROM `ik_article_item` WHERE ( `itemid` = 5 ) LIMIT 1   [ RunTime:0.000390s ]
SQL: SELECT * FROM `ik_user` WHERE ( `userid` = 1 ) LIMIT 1   [ RunTime:0.000428s ]
SQL: SELECT * FROM `ik_area` WHERE ( `areaid` = 38 ) LIMIT 1   [ RunTime:0.000386s ]
SQL: SELECT COUNT(*) AS tp_count FROM `ik_user_online` WHERE ( `userid` = 1 ) AND ( `ctime` > 1376284517 ) LIMIT 1   [ RunTime:0.000377s ]
SQL: SELECT * FROM `ik_images` WHERE ( `type` = 'article' ) AND ( `typeid` = 5 ) AND ( `seqid` = 2 ) LIMIT 1   [ RunTime:0.000435s ]
SQL: SELECT * FROM `ik_images` WHERE ( `type` = 'article' ) AND ( `typeid` = 5 ) AND ( `seqid` = 2 ) LIMIT 1   [ RunTime:0.000439s ]
SQL: SELECT * FROM `ik_article` WHERE ( `aid` = 6 ) LIMIT 1   [ RunTime:0.000395s ]
SQL: SELECT * FROM `ik_article_item` WHERE ( `itemid` = 6 ) LIMIT 1   [ RunTime:0.000385s ]
SQL: SELECT * FROM `ik_user` WHERE ( `userid` = 1 ) LIMIT 1   [ RunTime:0.000466s ]
SQL: SELECT * FROM `ik_area` WHERE ( `areaid` = 38 ) LIMIT 1   [ RunTime:0.000383s ]
SQL: SELECT COUNT(*) AS tp_count FROM `ik_user_online` WHERE ( `userid` = 1 ) AND ( `ctime` > 1376284517 ) LIMIT 1   [ RunTime:0.000382s ]
SQL: SELECT * FROM `ik_images` WHERE ( `type` = 'article' ) AND ( `typeid` = 6 ) AND ( `seqid` = 2 ) LIMIT 1   [ RunTime:0.000427s ]
SQL: SELECT * FROM `ik_images` WHERE ( `type` = 'article' ) AND ( `typeid` = 6 ) AND ( `seqid` = 2 ) LIMIT 1   [ RunTime:0.000437s ]
SQL: SELECT * FROM `ik_article` WHERE ( `aid` = 7 ) LIMIT 1   [ RunTime:0.000700s ]
SQL: SELECT * FROM `ik_article_item` WHERE ( `itemid` = 7 ) LIMIT 1   [ RunTime:0.000415s ]
SQL: SELECT * FROM `ik_user` WHERE ( `userid` = 1 ) LIMIT 1   [ RunTime:0.000441s ]
SQL: SELECT * FROM `ik_area` WHERE ( `areaid` = 38 ) LIMIT 1   [ RunTime:0.000412s ]
SQL: SELECT COUNT(*) AS tp_count FROM `ik_user_online` WHERE ( `userid` = 1 ) AND ( `ctime` > 1376284517 ) LIMIT 1   [ RunTime:0.000384s ]
SQL: SELECT * FROM `ik_images` WHERE ( `type` = 'article' ) AND ( `typeid` = 7 ) AND ( `seqid` = 2 ) LIMIT 1   [ RunTime:0.000417s ]
SQL: SELECT * FROM `ik_images` WHERE ( `type` = 'article' ) AND ( `typeid` = 7 ) AND ( `seqid` = 2 ) LIMIT 1   [ RunTime:0.000433s ]
SQL: SELECT * FROM `ik_article` WHERE ( `aid` = 9 ) LIMIT 1   [ RunTime:0.000389s ]
SQL: SELECT * FROM `ik_article_item` WHERE ( `itemid` = 9 ) LIMIT 1   [ RunTime:0.000392s ]
SQL: SELECT * FROM `ik_user` WHERE ( `userid` = 1 ) LIMIT 1   [ RunTime:0.000444s ]
SQL: SELECT * FROM `ik_area` WHERE ( `areaid` = 38 ) LIMIT 1   [ RunTime:0.000396s ]
SQL: SELECT COUNT(*) AS tp_count FROM `ik_user_online` WHERE ( `userid` = 1 ) AND ( `ctime` > 1376284517 ) LIMIT 1   [ RunTime:0.000377s ]
SQL: SELECT * FROM `ik_images` WHERE ( `type` = 'article' ) AND ( `typeid` = 9 ) AND ( `seqid` = 2 ) LIMIT 1   [ RunTime:0.000420s ]
SQL: SELECT * FROM `ik_images` WHERE ( `type` = 'article' ) AND ( `typeid` = 9 ) AND ( `seqid` = 2 ) LIMIT 1   [ RunTime:0.000437s ]
SQL: SELECT * FROM `ik_article` WHERE ( `aid` = 10 ) LIMIT 1   [ RunTime:0.000755s ]
SQL: SELECT * FROM `ik_article_item` WHERE ( `itemid` = 10 ) LIMIT 1   [ RunTime:0.000387s ]
SQL: SELECT * FROM `ik_user` WHERE ( `userid` = 1 ) LIMIT 1   [ RunTime:0.000429s ]
SQL: SELECT * FROM `ik_area` WHERE ( `areaid` = 38 ) LIMIT 1   [ RunTime:0.000384s ]
SQL: SELECT COUNT(*) AS tp_count FROM `ik_user_online` WHERE ( `userid` = 1 ) AND ( `ctime` > 1376284517 ) LIMIT 1   [ RunTime:0.000380s ]
SQL: SELECT * FROM `ik_images` WHERE ( `type` = 'article' ) AND ( `typeid` = 10 ) AND ( `seqid` = 2 ) LIMIT 1   [ RunTime:0.000431s ]
SQL: SELECT * FROM `ik_images` WHERE ( `type` = 'article' ) AND ( `typeid` = 10 ) AND ( `seqid` = 2 ) LIMIT 1   [ RunTime:0.000428s ]
SQL: SELECT `itemid` FROM `ik_article_item` WHERE ( `isdigest` = 1 ) AND ( `isphoto` = 1 ) AND ( `isaudit` = 0 ) ORDER BY orderid desc LIMIT 8   [ RunTime:0.000440s ]
SQL: SELECT * FROM `ik_article` WHERE ( `aid` = 5 ) LIMIT 1   [ RunTime:0.000410s ]
SQL: SELECT * FROM `ik_article_item` WHERE ( `itemid` = 5 ) LIMIT 1   [ RunTime:0.000386s ]
SQL: SELECT * FROM `ik_user` WHERE ( `userid` = 1 ) LIMIT 1   [ RunTime:0.000429s ]
SQL: SELECT * FROM `ik_area` WHERE ( `areaid` = 38 ) LIMIT 1   [ RunTime:0.000387s ]
SQL: SELECT COUNT(*) AS tp_count FROM `ik_user_online` WHERE ( `userid` = 1 ) AND ( `ctime` > 1376284517 ) LIMIT 1   [ RunTime:0.000385s ]
SQL: SELECT * FROM `ik_images` WHERE ( `type` = 'article' ) AND ( `typeid` = 5 ) AND ( `seqid` = 2 ) LIMIT 1   [ RunTime:0.000440s ]
SQL: SELECT * FROM `ik_images` WHERE ( `type` = 'article' ) AND ( `typeid` = 5 ) AND ( `seqid` = 2 ) LIMIT 1   [ RunTime:0.000435s ]
SQL: SELECT * FROM `ik_article` WHERE ( `aid` = 6 ) LIMIT 1   [ RunTime:0.000391s ]
SQL: SELECT * FROM `ik_article_item` WHERE ( `itemid` = 6 ) LIMIT 1   [ RunTime:0.000385s ]
SQL: SELECT * FROM `ik_user` WHERE ( `userid` = 1 ) LIMIT 1   [ RunTime:0.000425s ]
SQL: SELECT * FROM `ik_area` WHERE ( `areaid` = 38 ) LIMIT 1   [ RunTime:0.000387s ]
SQL: SELECT COUNT(*) AS tp_count FROM `ik_user_online` WHERE ( `userid` = 1 ) AND ( `ctime` > 1376284517 ) LIMIT 1   [ RunTime:0.000400s ]
SQL: SELECT * FROM `ik_images` WHERE ( `type` = 'article' ) AND ( `typeid` = 6 ) AND ( `seqid` = 2 ) LIMIT 1   [ RunTime:0.000446s ]
SQL: SELECT * FROM `ik_images` WHERE ( `type` = 'article' ) AND ( `typeid` = 6 ) AND ( `seqid` = 2 ) LIMIT 1   [ RunTime:0.000438s ]
SQL: SELECT * FROM `ik_article` WHERE ( `aid` = 7 ) LIMIT 1   [ RunTime:0.000411s ]
SQL: SELECT * FROM `ik_article_item` WHERE ( `itemid` = 7 ) LIMIT 1   [ RunTime:0.000385s ]
SQL: SELECT * FROM `ik_user` WHERE ( `userid` = 1 ) LIMIT 1   [ RunTime:0.000425s ]
SQL: SELECT * FROM `ik_area` WHERE ( `areaid` = 38 ) LIMIT 1   [ RunTime:0.000388s ]
SQL: SELECT COUNT(*) AS tp_count FROM `ik_user_online` WHERE ( `userid` = 1 ) AND ( `ctime` > 1376284517 ) LIMIT 1   [ RunTime:0.000389s ]
SQL: SELECT * FROM `ik_images` WHERE ( `type` = 'article' ) AND ( `typeid` = 7 ) AND ( `seqid` = 2 ) LIMIT 1   [ RunTime:0.000435s ]
SQL: SELECT * FROM `ik_images` WHERE ( `type` = 'article' ) AND ( `typeid` = 7 ) AND ( `seqid` = 2 ) LIMIT 1   [ RunTime:0.000438s ]
SQL: SELECT * FROM `ik_article` WHERE ( `aid` = 9 ) LIMIT 1   [ RunTime:0.000395s ]
SQL: SELECT * FROM `ik_article_item` WHERE ( `itemid` = 9 ) LIMIT 1   [ RunTime:0.000391s ]
SQL: SELECT * FROM `ik_user` WHERE ( `userid` = 1 ) LIMIT 1   [ RunTime:0.000428s ]
SQL: SELECT * FROM `ik_area` WHERE ( `areaid` = 38 ) LIMIT 1   [ RunTime:0.000383s ]
SQL: SELECT COUNT(*) AS tp_count FROM `ik_user_online` WHERE ( `userid` = 1 ) AND ( `ctime` > 1376284517 ) LIMIT 1   [ RunTime:0.000394s ]
SQL: SELECT * FROM `ik_images` WHERE ( `type` = 'article' ) AND ( `typeid` = 9 ) AND ( `seqid` = 2 ) LIMIT 1   [ RunTime:0.000479s ]
SQL: SELECT * FROM `ik_images` WHERE ( `type` = 'article' ) AND ( `typeid` = 9 ) AND ( `seqid` = 2 ) LIMIT 1   [ RunTime:0.000437s ]
SQL: SELECT * FROM `ik_article` WHERE ( `aid` = 10 ) LIMIT 1   [ RunTime:0.000407s ]
SQL: SELECT * FROM `ik_article_item` WHERE ( `itemid` = 10 ) LIMIT 1   [ RunTime:0.000387s ]
SQL: SELECT * FROM `ik_user` WHERE ( `userid` = 1 ) LIMIT 1   [ RunTime:0.000431s ]
SQL: SELECT * FROM `ik_area` WHERE ( `areaid` = 38 ) LIMIT 1   [ RunTime:0.000386s ]
SQL: SELECT COUNT(*) AS tp_count FROM `ik_user_online` WHERE ( `userid` = 1 ) AND ( `ctime` > 1376284517 ) LIMIT 1   [ RunTime:0.000393s ]
SQL: SELECT * FROM `ik_images` WHERE ( `type` = 'article' ) AND ( `typeid` = 10 ) AND ( `seqid` = 2 ) LIMIT 1   [ RunTime:0.000445s ]
SQL: SELECT * FROM `ik_images` WHERE ( `type` = 'article' ) AND ( `typeid` = 10 ) AND ( `seqid` = 2 ) LIMIT 1   [ RunTime:0.000436s ]
SQL: SELECT * FROM `ik_article` WHERE ( `aid` = 11 ) LIMIT 1   [ RunTime:0.000390s ]
SQL: SELECT * FROM `ik_article_item` WHERE ( `itemid` = 11 ) LIMIT 1   [ RunTime:0.000383s ]
SQL: SELECT * FROM `ik_user` WHERE ( `userid` = 1 ) LIMIT 1   [ RunTime:0.000428s ]
SQL: SELECT * FROM `ik_area` WHERE ( `areaid` = 38 ) LIMIT 1   [ RunTime:0.000386s ]
SQL: SELECT COUNT(*) AS tp_count FROM `ik_user_online` WHERE ( `userid` = 1 ) AND ( `ctime` > 1376284517 ) LIMIT 1   [ RunTime:0.000383s ]
SQL: SELECT * FROM `ik_images` WHERE ( `type` = 'article' ) AND ( `typeid` = 11 ) AND ( `seqid` = 2 ) LIMIT 1   [ RunTime:0.000441s ]
SQL: SELECT * FROM `ik_images` WHERE ( `type` = 'article' ) AND ( `typeid` = 11 ) AND ( `seqid` = 2 ) LIMIT 1   [ RunTime:0.000441s ]
SQL: SELECT * FROM `ik_article` WHERE ( `aid` = 12 ) LIMIT 1   [ RunTime:0.000416s ]
SQL: SELECT * FROM `ik_article_item` WHERE ( `itemid` = 12 ) LIMIT 1   [ RunTime:0.000411s ]
SQL: SELECT * FROM `ik_user` WHERE ( `userid` = 1 ) LIMIT 1   [ RunTime:0.000443s ]
SQL: SELECT * FROM `ik_area` WHERE ( `areaid` = 38 ) LIMIT 1   [ RunTime:0.000388s ]
SQL: SELECT COUNT(*) AS tp_count FROM `ik_user_online` WHERE ( `userid` = 1 ) AND ( `ctime` > 1376284517 ) LIMIT 1   [ RunTime:0.000381s ]
SQL: SELECT * FROM `ik_images` WHERE ( `type` = 'article' ) AND ( `typeid` = 12 ) AND ( `seqid` = 2 ) LIMIT 1   [ RunTime:0.000432s ]
SQL: SELECT * FROM `ik_images` WHERE ( `type` = 'article' ) AND ( `typeid` = 12 ) AND ( `seqid` = 2 ) LIMIT 1   [ RunTime:0.000432s ]
SQL: SELECT `itemid` FROM `ik_article_item` WHERE (  (`cateid`  IN (18,19) )  ) AND ( `isaudit` = 0 ) ORDER BY orderid desc LIMIT 4   [ RunTime:0.000472s ]
SQL: SELECT `photoid` FROM `ik_user_photo` WHERE ( `isrecommend` = 1 ) ORDER BY addtime desc LIMIT 4   [ RunTime:0.000444s ]
SQL: SELECT COUNT(*) AS tp_count FROM `ik_user` LIMIT 1   [ RunTime:0.000310s ]
INFO: [ view_template ] --START--
INFO: Run LocationTemplate Behavior [ RunTime:0.001636s ]
INFO: [ view_template ] --END-- [ RunTime:0.001765s ]
INFO: [ view_parse ] --START--
NOTIC: [8] Use of undefined constant userid - assumed 'userid' D:\APMServ5.2.6\www\htdocs\joyku\Core\Runtime\Cache\public\fee3622c9b8f266e95236fa7dbcf5c6f.php 第 113 行.
NOTIC: [8] Use of undefined constant doname - assumed 'doname' D:\APMServ5.2.6\www\htdocs\joyku\Core\Runtime\Cache\public\fee3622c9b8f266e95236fa7dbcf5c6f.php 第 157 行.
NOTIC: [8] Use of undefined constant username - assumed 'username' D:\APMServ5.2.6\www\htdocs\joyku\Core\Runtime\Cache\public\fee3622c9b8f266e95236fa7dbcf5c6f.php 第 158 行.
NOTIC: [8] Use of undefined constant face - assumed 'face' D:\APMServ5.2.6\www\htdocs\joyku\Core\Runtime\Cache\public\fee3622c9b8f266e95236fa7dbcf5c6f.php 第 158 行.
NOTIC: [8] Use of undefined constant isonline - assumed 'isonline' D:\APMServ5.2.6\www\htdocs\joyku\Core\Runtime\Cache\public\fee3622c9b8f266e95236fa7dbcf5c6f.php 第 160 行.
NOTIC: [8] Use of undefined constant doname - assumed 'doname' D:\APMServ5.2.6\www\htdocs\joyku\Core\Runtime\Cache\public\fee3622c9b8f266e95236fa7dbcf5c6f.php 第 163 行.
NOTIC: [8] Use of undefined constant username - assumed 'username' D:\APMServ5.2.6\www\htdocs\joyku\Core\Runtime\Cache\public\fee3622c9b8f266e95236fa7dbcf5c6f.php 第 163 行.
NOTIC: [8] Use of undefined constant doname - assumed 'doname' D:\APMServ5.2.6\www\htdocs\joyku\Core\Runtime\Cache\public\fee3622c9b8f266e95236fa7dbcf5c6f.php 第 157 行.
NOTIC: [8] Use of undefined constant username - assumed 'username' D:\APMServ5.2.6\www\htdocs\joyku\Core\Runtime\Cache\public\fee3622c9b8f266e95236fa7dbcf5c6f.php 第 158 行.
NOTIC: [8] Use of undefined constant face - assumed 'face' D:\APMServ5.2.6\www\htdocs\joyku\Core\Runtime\Cache\public\fee3622c9b8f266e95236fa7dbcf5c6f.php 第 158 行.
NOTIC: [8] Use of undefined constant isonline - assumed 'isonline' D:\APMServ5.2.6\www\htdocs\joyku\Core\Runtime\Cache\public\fee3622c9b8f266e95236fa7dbcf5c6f.php 第 160 行.
NOTIC: [8] Use of undefined constant doname - assumed 'doname' D:\APMServ5.2.6\www\htdocs\joyku\Core\Runtime\Cache\public\fee3622c9b8f266e95236fa7dbcf5c6f.php 第 163 行.
NOTIC: [8] Use of undefined constant username - assumed 'username' D:\APMServ5.2.6\www\htdocs\joyku\Core\Runtime\Cache\public\fee3622c9b8f266e95236fa7dbcf5c6f.php 第 163 行.
NOTIC: [8] Use of undefined constant doname - assumed 'doname' D:\APMServ5.2.6\www\htdocs\joyku\Core\Runtime\Cache\public\fee3622c9b8f266e95236fa7dbcf5c6f.php 第 157 行.
NOTIC: [8] Use of undefined constant username - assumed 'username' D:\APMServ5.2.6\www\htdocs\joyku\Core\Runtime\Cache\public\fee3622c9b8f266e95236fa7dbcf5c6f.php 第 158 行.
NOTIC: [8] Use of undefined constant face - assumed 'face' D:\APMServ5.2.6\www\htdocs\joyku\Core\Runtime\Cache\public\fee3622c9b8f266e95236fa7dbcf5c6f.php 第 158 行.
NOTIC: [8] Use of undefined constant isonline - assumed 'isonline' D:\APMServ5.2.6\www\htdocs\joyku\Core\Runtime\Cache\public\fee3622c9b8f266e95236fa7dbcf5c6f.php 第 160 行.
NOTIC: [8] Use of undefined constant doname - assumed 'doname' D:\APMServ5.2.6\www\htdocs\joyku\Core\Runtime\Cache\public\fee3622c9b8f266e95236fa7dbcf5c6f.php 第 163 行.
NOTIC: [8] Use of undefined constant username - assumed 'username' D:\APMServ5.2.6\www\htdocs\joyku\Core\Runtime\Cache\public\fee3622c9b8f266e95236fa7dbcf5c6f.php 第 163 行.
NOTIC: [8] Use of undefined constant doname - assumed 'doname' D:\APMServ5.2.6\www\htdocs\joyku\Core\Runtime\Cache\public\fee3622c9b8f266e95236fa7dbcf5c6f.php 第 157 行.
NOTIC: [8] Use of undefined constant username - assumed 'username' D:\APMServ5.2.6\www\htdocs\joyku\Core\Runtime\Cache\public\fee3622c9b8f266e95236fa7dbcf5c6f.php 第 158 行.
NOTIC: [8] Use of undefined constant face - assumed 'face' D:\APMServ5.2.6\www\htdocs\joyku\Core\Runtime\Cache\public\fee3622c9b8f266e95236fa7dbcf5c6f.php 第 158 行.
NOTIC: [8] Use of undefined constant isonline - assumed 'isonline' D:\APMServ5.2.6\www\htdocs\joyku\Core\Runtime\Cache\public\fee3622c9b8f266e95236fa7dbcf5c6f.php 第 160 行.
NOTIC: [8] Use of undefined constant doname - assumed 'doname' D:\APMServ5.2.6\www\htdocs\joyku\Core\Runtime\Cache\public\fee3622c9b8f266e95236fa7dbcf5c6f.php 第 163 行.
NOTIC: [8] Use of undefined constant username - assumed 'username' D:\APMServ5.2.6\www\htdocs\joyku\Core\Runtime\Cache\public\fee3622c9b8f266e95236fa7dbcf5c6f.php 第 163 行.
NOTIC: [8] Use of undefined constant doname - assumed 'doname' D:\APMServ5.2.6\www\htdocs\joyku\Core\Runtime\Cache\public\fee3622c9b8f266e95236fa7dbcf5c6f.php 第 157 行.
NOTIC: [8] Use of undefined constant username - assumed 'username' D:\APMServ5.2.6\www\htdocs\joyku\Core\Runtime\Cache\public\fee3622c9b8f266e95236fa7dbcf5c6f.php 第 158 行.
NOTIC: [8] Use of undefined constant face - assumed 'face' D:\APMServ5.2.6\www\htdocs\joyku\Core\Runtime\Cache\public\fee3622c9b8f266e95236fa7dbcf5c6f.php 第 158 行.
NOTIC: [8] Use of undefined constant isonline - assumed 'isonline' D:\APMServ5.2.6\www\htdocs\joyku\Core\Runtime\Cache\public\fee3622c9b8f266e95236fa7dbcf5c6f.php 第 160 行.
NOTIC: [8] Use of undefined constant doname - assumed 'doname' D:\APMServ5.2.6\www\htdocs\joyku\Core\Runtime\Cache\public\fee3622c9b8f266e95236fa7dbcf5c6f.php 第 163 行.
NOTIC: [8] Use of undefined constant username - assumed 'username' D:\APMServ5.2.6\www\htdocs\joyku\Core\Runtime\Cache\public\fee3622c9b8f266e95236fa7dbcf5c6f.php 第 163 行.
NOTIC: [8] Use of undefined constant doname - assumed 'doname' D:\APMServ5.2.6\www\htdocs\joyku\Core\Runtime\Cache\public\fee3622c9b8f266e95236fa7dbcf5c6f.php 第 157 行.
NOTIC: [8] Use of undefined constant username - assumed 'username' D:\APMServ5.2.6\www\htdocs\joyku\Core\Runtime\Cache\public\fee3622c9b8f266e95236fa7dbcf5c6f.php 第 158 行.
NOTIC: [8] Use of undefined constant face - assumed 'face' D:\APMServ5.2.6\www\htdocs\joyku\Core\Runtime\Cache\public\fee3622c9b8f266e95236fa7dbcf5c6f.php 第 158 行.
NOTIC: [8] Use of undefined constant isonline - assumed 'isonline' D:\APMServ5.2.6\www\htdocs\joyku\Core\Runtime\Cache\public\fee3622c9b8f266e95236fa7dbcf5c6f.php 第 160 行.
NOTIC: [8] Use of undefined constant doname - assumed 'doname' D:\APMServ5.2.6\www\htdocs\joyku\Core\Runtime\Cache\public\fee3622c9b8f266e95236fa7dbcf5c6f.php 第 163 行.
NOTIC: [8] Use of undefined constant username - assumed 'username' D:\APMServ5.2.6\www\htdocs\joyku\Core\Runtime\Cache\public\fee3622c9b8f266e95236fa7dbcf5c6f.php 第 163 行.
NOTIC: [8] Use of undefined constant groupid - assumed 'groupid' D:\APMServ5.2.6\www\htdocs\joyku\Core\Runtime\Cache\public\fee3622c9b8f266e95236fa7dbcf5c6f.php 第 569 行.
NOTIC: [8] Use of undefined constant icon_48 - assumed 'icon_48' D:\APMServ5.2.6\www\htdocs\joyku\Core\Runtime\Cache\public\fee3622c9b8f266e95236fa7dbcf5c6f.php 第 570 行.
NOTIC: [8] Use of undefined constant groupname - assumed 'groupname' D:\APMServ5.2.6\www\htdocs\joyku\Core\Runtime\Cache\public\fee3622c9b8f266e95236fa7dbcf5c6f.php 第 570 行.
NOTIC: [8] Use of undefined constant groupid - assumed 'groupid' D:\APMServ5.2.6\www\htdocs\joyku\Core\Runtime\Cache\public\fee3622c9b8f266e95236fa7dbcf5c6f.php 第 574 行.
NOTIC: [8] Use of undefined constant groupname - assumed 'groupname' D:\APMServ5.2.6\www\htdocs\joyku\Core\Runtime\Cache\public\fee3622c9b8f266e95236fa7dbcf5c6f.php 第 574 行.
NOTIC: [8] Use of undefined constant count_user - assumed 'count_user' D:\APMServ5.2.6\www\htdocs\joyku\Core\Runtime\Cache\public\fee3622c9b8f266e95236fa7dbcf5c6f.php 第 574 行.
NOTIC: [8] Use of undefined constant count_topic - assumed 'count_topic' D:\APMServ5.2.6\www\htdocs\joyku\Core\Runtime\Cache\public\fee3622c9b8f266e95236fa7dbcf5c6f.php 第 574 行.
NOTIC: [8] Use of undefined constant groupdesc - assumed 'groupdesc' D:\APMServ5.2.6\www\htdocs\joyku\Core\Runtime\Cache\public\fee3622c9b8f266e95236fa7dbcf5c6f.php 第 575 行.
NOTIC: [8] Use of undefined constant groupid - assumed 'groupid' D:\APMServ5.2.6\www\htdocs\joyku\Core\Runtime\Cache\public\fee3622c9b8f266e95236fa7dbcf5c6f.php 第 569 行.
NOTIC: [8] Use of undefined constant icon_48 - assumed 'icon_48' D:\APMServ5.2.6\www\htdocs\joyku\Core\Runtime\Cache\public\fee3622c9b8f266e95236fa7dbcf5c6f.php 第 570 行.
NOTIC: [8] Use of undefined constant groupname - assumed 'groupname' D:\APMServ5.2.6\www\htdocs\joyku\Core\Runtime\Cache\public\fee3622c9b8f266e95236fa7dbcf5c6f.php 第 570 行.
NOTIC: [8] Use of undefined constant groupid - assumed 'groupid' D:\APMServ5.2.6\www\htdocs\joyku\Core\Runtime\Cache\public\fee3622c9b8f266e95236fa7dbcf5c6f.php 第 574 行.
NOTIC: [8] Use of undefined constant groupname - assumed 'groupname' D:\APMServ5.2.6\www\htdocs\joyku\Core\Runtime\Cache\public\fee3622c9b8f266e95236fa7dbcf5c6f.php 第 574 行.
NOTIC: [8] Use of undefined constant count_user - assumed 'count_user' D:\APMServ5.2.6\www\htdocs\joyku\Core\Runtime\Cache\public\fee3622c9b8f266e95236fa7dbcf5c6f.php 第 574 行.
NOTIC: [8] Use of undefined constant count_topic - assumed 'count_topic' D:\APMServ5.2.6\www\htdocs\joyku\Core\Runtime\Cache\public\fee3622c9b8f266e95236fa7dbcf5c6f.php 第 574 行.
NOTIC: [8] Use of undefined constant groupdesc - assumed 'groupdesc' D:\APMServ5.2.6\www\htdocs\joyku\Core\Runtime\Cache\public\fee3622c9b8f266e95236fa7dbcf5c6f.php 第 575 行.
NOTIC: [8] Use of undefined constant groupid - assumed 'groupid' D:\APMServ5.2.6\www\htdocs\joyku\Core\Runtime\Cache\public\fee3622c9b8f266e95236fa7dbcf5c6f.php 第 569 行.
NOTIC: [8] Use of undefined constant icon_48 - assumed 'icon_48' D:\APMServ5.2.6\www\htdocs\joyku\Core\Runtime\Cache\public\fee3622c9b8f266e95236fa7dbcf5c6f.php 第 570 行.
NOTIC: [8] Use of undefined constant groupname - assumed 'groupname' D:\APMServ5.2.6\www\htdocs\joyku\Core\Runtime\Cache\public\fee3622c9b8f266e95236fa7dbcf5c6f.php 第 570 行.
NOTIC: [8] Use of undefined constant groupid - assumed 'groupid' D:\APMServ5.2.6\www\htdocs\joyku\Core\Runtime\Cache\public\fee3622c9b8f266e95236fa7dbcf5c6f.php 第 574 行.
NOTIC: [8] Use of undefined constant groupname - assumed 'groupname' D:\APMServ5.2.6\www\htdocs\joyku\Core\Runtime\Cache\public\fee3622c9b8f266e95236fa7dbcf5c6f.php 第 574 行.
NOTIC: [8] Use of undefined constant count_user - assumed 'count_user' D:\APMServ5.2.6\www\htdocs\joyku\Core\Runtime\Cache\public\fee3622c9b8f266e95236fa7dbcf5c6f.php 第 574 行.
NOTIC: [8] Use of undefined constant count_topic - assumed 'count_topic' D:\APMServ5.2.6\www\htdocs\joyku\Core\Runtime\Cache\public\fee3622c9b8f266e95236fa7dbcf5c6f.php 第 574 行.
NOTIC: [8] Use of undefined constant groupdesc - assumed 'groupdesc' D:\APMServ5.2.6\www\htdocs\joyku\Core\Runtime\Cache\public\fee3622c9b8f266e95236fa7dbcf5c6f.php 第 575 行.
INFO: Run ParseTemplate Behavior [ RunTime:0.173995s ]
INFO: [ view_parse ] --END-- [ RunTime:0.174122s ]
INFO: [ view_filter ] --START--
INFO: Run ContentReplace Behavior [ RunTime:0.001727s ]
INFO: Run TokenBuild Behavior [ RunTime:0.001406s ]
INFO: Run WriteHtmlCache Behavior [ RunTime:0.001282s ]
INFO: Run ShowRuntime Behavior [ RunTime:0.001408s ]
INFO: Run content_replace Behavior [ RunTime:0.020996s ]
INFO: [ view_filter ] --END-- [ RunTime:0.027235s ]
INFO: [ view_end ] --START--
INFO: Run ShowPageTrace Behavior [ RunTime:0.001414s ]
INFO: [ view_end ] --END-- [ RunTime:0.001533s ]

[ 2013-08-12T13:30:24+08:00 ] 10.8.22.74 /joyku/
INFO: [ app_begin ] --START--
INFO: Run ReadHtmlCache Behavior [ RunTime:0.000838s ]
INFO: Run load_lang Behavior [ RunTime:0.008595s ]
INFO: [ app_begin ] --END-- [ RunTime:0.009622s ]
SQL: SHOW COLUMNS FROM `ik_message` [ RunTime:0.002841s ]
SQL: SELECT COUNT(*) AS tp_count FROM `ik_message` WHERE ( `touserid` = null ) AND ( `isread` = 0 ) AND ( `isinbox` = 0 ) LIMIT 1   [ RunTime:0.000378s ]
SQL: SELECT COUNT(*) AS count FROM ik_user_online WHERE `ctime` > 1376284523 [ RunTime:0.000385s ]
SQL: SHOW COLUMNS FROM `ik_app` [ RunTime:0.002982s ]
SQL: SELECT `app_name`,`app_alias`,`app_entry` FROM `ik_app` WHERE ( `status` = 1 ) ORDER BY display_order asc  [ RunTime:0.000669s ]
SQL: SELECT `app_name`,`app_alias`,`app_entry` FROM `ik_app` WHERE ( `status` = 1 ) ORDER BY display_order asc  [ RunTime:0.000452s ]
SQL: SELECT * FROM `ik_app` WHERE ( `app_name` = 'public' ) LIMIT 1   [ RunTime:0.000418s ]
SQL: SHOW COLUMNS FROM `ik_group` [ RunTime:0.003198s ]
SQL: SHOW COLUMNS FROM `ik_user` [ RunTime:0.038958s ]
SQL: SHOW COLUMNS FROM `ik_group_topics` [ RunTime:0.003181s ]
SQL: SHOW COLUMNS FROM `ik_article` [ RunTime:0.002871s ]
SQL: SHOW COLUMNS FROM `ik_develop` [ RunTime:0.003054s ]
SQL: SHOW COLUMNS FROM `ik_user_photo` [ RunTime:0.002814s ]
SQL: SELECT `groupid` FROM `ik_group` WHERE ( `isshow` = 0 ) ORDER BY addtime desc LIMIT 10   [ RunTime:0.000714s ]
SQL: SELECT COUNT(*) AS tp_count FROM `ik_group` WHERE ( `groupid` = 4 ) LIMIT 1   [ RunTime:0.000374s ]
SQL: SELECT * FROM `ik_group` WHERE ( `groupid` = 4 ) LIMIT 1   [ RunTime:0.000423s ]
SQL: SELECT COUNT(*) AS tp_count FROM `ik_group` WHERE ( `groupid` = 3 ) LIMIT 1   [ RunTime:0.000369s ]
SQL: SELECT * FROM `ik_group` WHERE ( `groupid` = 3 ) LIMIT 1   [ RunTime:0.000419s ]
SQL: SELECT COUNT(*) AS tp_count FROM `ik_group` WHERE ( `groupid` = 2 ) LIMIT 1   [ RunTime:0.000367s ]
SQL: SELECT * FROM `ik_group` WHERE ( `groupid` = 2 ) LIMIT 1   [ RunTime:0.000444s ]
SQL: SELECT COUNT(*) AS tp_count FROM `ik_group` WHERE ( `groupid` = 1 ) LIMIT 1   [ RunTime:0.000371s ]
SQL: SELECT * FROM `ik_group` WHERE ( `groupid` = 1 ) LIMIT 1   [ RunTime:0.000424s ]
SQL: SELECT `userid`,`topicid`,`groupid`,`content`,`title` FROM `ik_group_topics` WHERE ( `groupid` > 0 ) AND ( `isaudit` = 0 ) ORDER BY istop desc,addtime desc LIMIT 15   [ RunTime:0.000576s ]
SQL: SELECT COUNT(*) AS tp_count FROM `ik_group_topics` WHERE ( `topicid` = 11 ) LIMIT 1   [ RunTime:0.000364s ]
SQL: SELECT * FROM `ik_group_topics` WHERE ( `topicid` = 11 ) LIMIT 1   [ RunTime:0.000443s ]
SQL: SELECT * FROM `ik_user` WHERE ( `userid` = 1 ) LIMIT 1   [ RunTime:0.000435s ]
SQL: SHOW COLUMNS FROM `ik_area` [ RunTime:0.002717s ]
SQL: SELECT * FROM `ik_area` WHERE ( `areaid` = 38 ) LIMIT 1   [ RunTime:0.000707s ]
SQL: SHOW COLUMNS FROM `ik_user_online` [ RunTime:0.002569s ]
SQL: SELECT COUNT(*) AS tp_count FROM `ik_user_online` WHERE ( `userid` = 1 ) AND ( `ctime` > 1376284523 ) LIMIT 1   [ RunTime:0.000725s ]
SQL: SELECT COUNT(*) AS tp_count FROM `ik_group_topics` WHERE ( `topicid` = 10 ) LIMIT 1   [ RunTime:0.000360s ]
SQL: SELECT * FROM `ik_group_topics` WHERE ( `topicid` = 10 ) LIMIT 1   [ RunTime:0.000423s ]
SQL: SHOW COLUMNS FROM `ik_images` [ RunTime:0.002894s ]
SQL: SELECT * FROM `ik_images` WHERE ( `type` = 'topic' ) AND ( `typeid` = 10 ) AND ( `seqid` = 1 ) LIMIT 1   [ RunTime:0.000687s ]
SQL: SELECT * FROM `ik_user` WHERE ( `userid` = 1 ) LIMIT 1   [ RunTime:0.000443s ]
SQL: SELECT * FROM `ik_area` WHERE ( `areaid` = 38 ) LIMIT 1   [ RunTime:0.000395s ]
SQL: SELECT COUNT(*) AS tp_count FROM `ik_user_online` WHERE ( `userid` = 1 ) AND ( `ctime` > 1376284523 ) LIMIT 1   [ RunTime:0.000380s ]
SQL: SELECT * FROM `ik_images` WHERE ( `type` = 'topic' ) AND ( `typeid` = 10 ) AND ( `seqid` = 1 ) LIMIT 1   [ RunTime:0.000426s ]
SQL: SELECT * FROM `ik_images` WHERE ( `type` = 'topic' ) AND ( `typeid` = 10 ) AND ( `seqid` = 1 ) LIMIT 1   [ RunTime:0.000448s ]
SQL: SELECT COUNT(*) AS tp_count FROM `ik_group_topics` WHERE ( `topicid` = 9 ) LIMIT 1   [ RunTime:0.000357s ]
SQL: SELECT * FROM `ik_group_topics` WHERE ( `topicid` = 9 ) LIMIT 1   [ RunTime:0.000421s ]
SQL: SELECT * FROM `ik_user` WHERE ( `userid` = 2 ) LIMIT 1   [ RunTime:0.000425s ]
SQL: SELECT COUNT(*) AS tp_count FROM `ik_user_online` WHERE ( `userid` = 2 ) AND ( `ctime` > 1376284523 ) LIMIT 1   [ RunTime:0.000428s ]
SQL: SELECT COUNT(*) AS tp_count FROM `ik_group_topics` WHERE ( `topicid` = 1 ) LIMIT 1   [ RunTime:0.000366s ]
SQL: SELECT * FROM `ik_group_topics` WHERE ( `topicid` = 1 ) LIMIT 1   [ RunTime:0.000425s ]
SQL: SELECT * FROM `ik_user` WHERE ( `userid` = 1 ) LIMIT 1   [ RunTime:0.000430s ]
SQL: SELECT * FROM `ik_area` WHERE ( `areaid` = 38 ) LIMIT 1   [ RunTime:0.000411s ]
SQL: SELECT COUNT(*) AS tp_count FROM `ik_user_online` WHERE ( `userid` = 1 ) AND ( `ctime` > 1376284523 ) LIMIT 1   [ RunTime:0.000383s ]
SQL: SELECT COUNT(*) AS tp_count FROM `ik_group_topics` WHERE ( `topicid` = 5 ) LIMIT 1   [ RunTime:0.000368s ]
SQL: SELECT * FROM `ik_group_topics` WHERE ( `topicid` = 5 ) LIMIT 1   [ RunTime:0.000466s ]
SQL: SELECT * FROM `ik_user` WHERE ( `userid` = 2 ) LIMIT 1   [ RunTime:0.000455s ]
SQL: SELECT COUNT(*) AS tp_count FROM `ik_user_online` WHERE ( `userid` = 2 ) AND ( `ctime` > 1376284523 ) LIMIT 1   [ RunTime:0.000399s ]
SQL: SELECT COUNT(*) AS tp_count FROM `ik_group_topics` WHERE ( `topicid` = 6 ) LIMIT 1   [ RunTime:0.000360s ]
SQL: SELECT * FROM `ik_group_topics` WHERE ( `topicid` = 6 ) LIMIT 1   [ RunTime:0.000424s ]
SQL: SELECT * FROM `ik_images` WHERE ( `type` = 'topic' ) AND ( `typeid` = 6 ) AND ( `seqid` = 2 ) LIMIT 1   [ RunTime:0.000429s ]
SQL: SELECT * FROM `ik_user` WHERE ( `userid` = 1 ) LIMIT 1   [ RunTime:0.000443s ]
SQL: SELECT * FROM `ik_area` WHERE ( `areaid` = 38 ) LIMIT 1   [ RunTime:0.000449s ]
SQL: SELECT COUNT(*) AS tp_count FROM `ik_user_online` WHERE ( `userid` = 1 ) AND ( `ctime` > 1376284523 ) LIMIT 1   [ RunTime:0.000427s ]
SQL: SELECT * FROM `ik_images` WHERE ( `type` = 'topic' ) AND ( `typeid` = 6 ) AND ( `seqid` = 2 ) LIMIT 1   [ RunTime:0.000485s ]
SQL: SELECT * FROM `ik_images` WHERE ( `type` = 'topic' ) AND ( `typeid` = 6 ) AND ( `seqid` = 2 ) LIMIT 1   [ RunTime:0.000447s ]
SQL: SELECT COUNT(*) AS tp_count FROM `ik_group_topics` WHERE ( `topicid` = 7 ) LIMIT 1   [ RunTime:0.000366s ]
SQL: SELECT * FROM `ik_group_topics` WHERE ( `topicid` = 7 ) LIMIT 1   [ RunTime:0.000419s ]
SQL: SELECT * FROM `ik_user` WHERE ( `userid` = 3 ) LIMIT 1   [ RunTime:0.000428s ]
SQL: SELECT COUNT(*) AS tp_count FROM `ik_user_online` WHERE ( `userid` = 3 ) AND ( `ctime` > 1376284523 ) LIMIT 1   [ RunTime:0.000416s ]
SQL: SELECT COUNT(*) AS tp_count FROM `ik_group_topics` WHERE ( `topicid` = 4 ) LIMIT 1   [ RunTime:0.000379s ]
SQL: SELECT * FROM `ik_group_topics` WHERE ( `topicid` = 4 ) LIMIT 1   [ RunTime:0.000449s ]
SQL: SELECT * FROM `ik_user` WHERE ( `userid` = 1 ) LIMIT 1   [ RunTime:0.000462s ]
SQL: SELECT * FROM `ik_area` WHERE ( `areaid` = 38 ) LIMIT 1   [ RunTime:0.000410s ]
SQL: SELECT COUNT(*) AS tp_count FROM `ik_user_online` WHERE ( `userid` = 1 ) AND ( `ctime` > 1376284523 ) LIMIT 1   [ RunTime:0.000439s ]
SQL: SELECT COUNT(*) AS tp_count FROM `ik_group_topics` WHERE ( `topicid` = 2 ) LIMIT 1   [ RunTime:0.000411s ]
SQL: SELECT * FROM `ik_group_topics` WHERE ( `topicid` = 2 ) LIMIT 1   [ RunTime:0.000487s ]
SQL: SELECT * FROM `ik_user` WHERE ( `userid` = 1 ) LIMIT 1   [ RunTime:0.000452s ]
SQL: SELECT * FROM `ik_area` WHERE ( `areaid` = 38 ) LIMIT 1   [ RunTime:0.000415s ]
SQL: SELECT COUNT(*) AS tp_count FROM `ik_user_online` WHERE ( `userid` = 1 ) AND ( `ctime` > 1376284523 ) LIMIT 1   [ RunTime:0.000401s ]
SQL: SELECT `userid` FROM `ik_user` WHERE ( `isenable` = 0 ) ORDER BY uptime desc LIMIT 12   [ RunTime:0.000445s ]
SQL: SELECT * FROM `ik_user` WHERE ( `userid` = 1 ) LIMIT 1   [ RunTime:0.000458s ]
SQL: SELECT * FROM `ik_area` WHERE ( `areaid` = 38 ) LIMIT 1   [ RunTime:0.000410s ]
SQL: SELECT COUNT(*) AS tp_count FROM `ik_user_online` WHERE ( `userid` = 1 ) AND ( `ctime` > 1376284523 ) LIMIT 1   [ RunTime:0.000405s ]
SQL: SELECT * FROM `ik_user` WHERE ( `userid` = 3 ) LIMIT 1   [ RunTime:0.000429s ]
SQL: SELECT COUNT(*) AS tp_count FROM `ik_user_online` WHERE ( `userid` = 3 ) AND ( `ctime` > 1376284523 ) LIMIT 1   [ RunTime:0.000401s ]
SQL: SELECT * FROM `ik_user` WHERE ( `userid` = 6 ) LIMIT 1   [ RunTime:0.000445s ]
SQL: SELECT COUNT(*) AS tp_count FROM `ik_user_online` WHERE ( `userid` = 6 ) AND ( `ctime` > 1376284523 ) LIMIT 1   [ RunTime:0.000400s ]
SQL: SELECT * FROM `ik_user` WHERE ( `userid` = 5 ) LIMIT 1   [ RunTime:0.000428s ]
SQL: SELECT COUNT(*) AS tp_count FROM `ik_user_online` WHERE ( `userid` = 5 ) AND ( `ctime` > 1376284523 ) LIMIT 1   [ RunTime:0.000372s ]
SQL: SELECT * FROM `ik_user` WHERE ( `userid` = 4 ) LIMIT 1   [ RunTime:0.000432s ]
SQL: SELECT COUNT(*) AS tp_count FROM `ik_user_online` WHERE ( `userid` = 4 ) AND ( `ctime` > 1376284523 ) LIMIT 1   [ RunTime:0.000368s ]
SQL: SELECT * FROM `ik_user` WHERE ( `userid` = 2 ) LIMIT 1   [ RunTime:0.000430s ]
SQL: SELECT COUNT(*) AS tp_count FROM `ik_user_online` WHERE ( `userid` = 2 ) AND ( `ctime` > 1376284523 ) LIMIT 1   [ RunTime:0.000387s ]
SQL: SHOW COLUMNS FROM `ik_article_item` [ RunTime:0.002945s ]
SQL: SELECT * FROM `ik_article_item` WHERE ( `isaudit` = 0 ) ORDER BY addtime desc LIMIT 8   [ RunTime:0.000757s ]
SQL: SELECT * FROM `ik_group` WHERE ( `isrecommend` = 1 ) ORDER BY groupid asc LIMIT 10   [ RunTime:0.000488s ]
SQL: SELECT COUNT(*) AS tp_count FROM `ik_group` WHERE ( `groupid` = 1 ) LIMIT 1   [ RunTime:0.000356s ]
SQL: SELECT * FROM `ik_group` WHERE ( `groupid` = 1 ) LIMIT 1   [ RunTime:0.000423s ]
SQL: SELECT COUNT(*) AS tp_count FROM `ik_group` WHERE ( `groupid` = 2 ) LIMIT 1   [ RunTime:0.000386s ]
SQL: SELECT * FROM `ik_group` WHERE ( `groupid` = 2 ) LIMIT 1   [ RunTime:0.000424s ]
SQL: SELECT COUNT(*) AS tp_count FROM `ik_group` WHERE ( `groupid` = 3 ) LIMIT 1   [ RunTime:0.000376s ]
SQL: SELECT * FROM `ik_group` WHERE ( `groupid` = 3 ) LIMIT 1   [ RunTime:0.000415s ]
SQL: SELECT `appid`,`cateid` FROM `ik_develop` ORDER BY count_down desc LIMIT 10   [ RunTime:0.000451s ]
SQL: SELECT * FROM `ik_develop` WHERE ( `appid` = 1 ) LIMIT 1   [ RunTime:0.000416s ]
SQL: SELECT * FROM `ik_user` WHERE ( `userid` = 1 ) LIMIT 1   [ RunTime:0.000427s ]
SQL: SELECT * FROM `ik_area` WHERE ( `areaid` = 38 ) LIMIT 1   [ RunTime:0.000391s ]
SQL: SELECT COUNT(*) AS tp_count FROM `ik_user_online` WHERE ( `userid` = 1 ) AND ( `ctime` > 1376284523 ) LIMIT 1   [ RunTime:0.000386s ]
SQL: SHOW COLUMNS FROM `ik_develop_cate` [ RunTime:0.002686s ]
SQL: SELECT * FROM `ik_develop_cate` WHERE ( `cateid` = 1 ) LIMIT 1   [ RunTime:0.000788s ]
SQL: SELECT * FROM `ik_develop` WHERE ( `appid` = 4 ) LIMIT 1   [ RunTime:0.000425s ]
SQL: SELECT * FROM `ik_user` WHERE ( `userid` = 2 ) LIMIT 1   [ RunTime:0.000433s ]
SQL: SELECT COUNT(*) AS tp_count FROM `ik_user_online` WHERE ( `userid` = 2 ) AND ( `ctime` > 1376284523 ) LIMIT 1   [ RunTime:0.000420s ]
SQL: SELECT * FROM `ik_develop_cate` WHERE ( `cateid` = 1 ) LIMIT 1   [ RunTime:0.000386s ]
SQL: SELECT * FROM `ik_develop` WHERE ( `appid` = 3 ) LIMIT 1   [ RunTime:0.000449s ]
SQL: SELECT * FROM `ik_user` WHERE ( `userid` = 3 ) LIMIT 1   [ RunTime:0.000441s ]
SQL: SELECT COUNT(*) AS tp_count FROM `ik_user_online` WHERE ( `userid` = 3 ) AND ( `ctime` > 1376284523 ) LIMIT 1   [ RunTime:0.000397s ]
SQL: SELECT * FROM `ik_develop_cate` WHERE ( `cateid` = 1 ) LIMIT 1   [ RunTime:0.000401s ]
SQL: SELECT `itemid` FROM `ik_article_item` WHERE ( `isphoto` = 1 ) AND ( `isaudit` = 0 ) ORDER BY count_view desc LIMIT 6   [ RunTime:0.000423s ]
SQL: SELECT * FROM `ik_article` WHERE ( `aid` = 1 ) LIMIT 1   [ RunTime:0.000380s ]
SQL: SELECT * FROM `ik_article_item` WHERE ( `itemid` = 1 ) LIMIT 1   [ RunTime:0.000388s ]
SQL: SELECT * FROM `ik_user` WHERE ( `userid` = 1 ) LIMIT 1   [ RunTime:0.000443s ]
SQL: SELECT * FROM `ik_area` WHERE ( `areaid` = 38 ) LIMIT 1   [ RunTime:0.000398s ]
SQL: SELECT COUNT(*) AS tp_count FROM `ik_user_online` WHERE ( `userid` = 1 ) AND ( `ctime` > 1376284523 ) LIMIT 1   [ RunTime:0.000389s ]
SQL: SELECT * FROM `ik_images` WHERE ( `type` = 'article' ) AND ( `typeid` = 1 ) AND ( `seqid` = 1 ) LIMIT 1   [ RunTime:0.000425s ]
SQL: SELECT * FROM `ik_images` WHERE ( `type` = 'article' ) AND ( `typeid` = 1 ) AND ( `seqid` = 1 ) LIMIT 1   [ RunTime:0.000422s ]
SQL: SELECT * FROM `ik_article` WHERE ( `aid` = 5 ) LIMIT 1   [ RunTime:0.000401s ]
SQL: SELECT * FROM `ik_article_item` WHERE ( `itemid` = 5 ) LIMIT 1   [ RunTime:0.000423s ]
SQL: SELECT * FROM `ik_user` WHERE ( `userid` = 1 ) LIMIT 1   [ RunTime:0.000437s ]
SQL: SELECT * FROM `ik_area` WHERE ( `areaid` = 38 ) LIMIT 1   [ RunTime:0.000392s ]
SQL: SELECT COUNT(*) AS tp_count FROM `ik_user_online` WHERE ( `userid` = 1 ) AND ( `ctime` > 1376284523 ) LIMIT 1   [ RunTime:0.000373s ]
SQL: SELECT * FROM `ik_images` WHERE ( `type` = 'article' ) AND ( `typeid` = 5 ) AND ( `seqid` = 2 ) LIMIT 1   [ RunTime:0.000423s ]
SQL: SELECT * FROM `ik_images` WHERE ( `type` = 'article' ) AND ( `typeid` = 5 ) AND ( `seqid` = 2 ) LIMIT 1   [ RunTime:0.000423s ]
SQL: SELECT * FROM `ik_article` WHERE ( `aid` = 6 ) LIMIT 1   [ RunTime:0.000384s ]
SQL: SELECT * FROM `ik_article_item` WHERE ( `itemid` = 6 ) LIMIT 1   [ RunTime:0.000386s ]
SQL: SELECT * FROM `ik_user` WHERE ( `userid` = 1 ) LIMIT 1   [ RunTime:0.000440s ]
SQL: SELECT * FROM `ik_area` WHERE ( `areaid` = 38 ) LIMIT 1   [ RunTime:0.000401s ]
SQL: SELECT COUNT(*) AS tp_count FROM `ik_user_online` WHERE ( `userid` = 1 ) AND ( `ctime` > 1376284523 ) LIMIT 1   [ RunTime:0.000381s ]
SQL: SELECT * FROM `ik_images` WHERE ( `type` = 'article' ) AND ( `typeid` = 6 ) AND ( `seqid` = 2 ) LIMIT 1   [ RunTime:0.000467s ]
SQL: SELECT * FROM `ik_images` WHERE ( `type` = 'article' ) AND ( `typeid` = 6 ) AND ( `seqid` = 2 ) LIMIT 1   [ RunTime:0.000434s ]
SQL: SELECT * FROM `ik_article` WHERE ( `aid` = 7 ) LIMIT 1   [ RunTime:0.000401s ]
SQL: SELECT * FROM `ik_article_item` WHERE ( `itemid` = 7 ) LIMIT 1   [ RunTime:0.000387s ]
SQL: SELECT * FROM `ik_user` WHERE ( `userid` = 1 ) LIMIT 1   [ RunTime:0.000457s ]
SQL: SELECT * FROM `ik_area` WHERE ( `areaid` = 38 ) LIMIT 1   [ RunTime:0.000400s ]
SQL: SELECT COUNT(*) AS tp_count FROM `ik_user_online` WHERE ( `userid` = 1 ) AND ( `ctime` > 1376284523 ) LIMIT 1   [ RunTime:0.000414s ]
SQL: SELECT * FROM `ik_images` WHERE ( `type` = 'article' ) AND ( `typeid` = 7 ) AND ( `seqid` = 2 ) LIMIT 1   [ RunTime:0.000423s ]
SQL: SELECT * FROM `ik_images` WHERE ( `type` = 'article' ) AND ( `typeid` = 7 ) AND ( `seqid` = 2 ) LIMIT 1   [ RunTime:0.000455s ]
SQL: SELECT * FROM `ik_article` WHERE ( `aid` = 9 ) LIMIT 1   [ RunTime:0.000405s ]
SQL: SELECT * FROM `ik_article_item` WHERE ( `itemid` = 9 ) LIMIT 1   [ RunTime:0.000387s ]
SQL: SELECT * FROM `ik_user` WHERE ( `userid` = 1 ) LIMIT 1   [ RunTime:0.000443s ]
SQL: SELECT * FROM `ik_area` WHERE ( `areaid` = 38 ) LIMIT 1   [ RunTime:0.000419s ]
SQL: SELECT COUNT(*) AS tp_count FROM `ik_user_online` WHERE ( `userid` = 1 ) AND ( `ctime` > 1376284523 ) LIMIT 1   [ RunTime:0.000397s ]
SQL: SELECT * FROM `ik_images` WHERE ( `type` = 'article' ) AND ( `typeid` = 9 ) AND ( `seqid` = 2 ) LIMIT 1   [ RunTime:0.000456s ]
SQL: SELECT * FROM `ik_images` WHERE ( `type` = 'article' ) AND ( `typeid` = 9 ) AND ( `seqid` = 2 ) LIMIT 1   [ RunTime:0.000448s ]
SQL: SELECT * FROM `ik_article` WHERE ( `aid` = 10 ) LIMIT 1   [ RunTime:0.000411s ]
SQL: SELECT * FROM `ik_article_item` WHERE ( `itemid` = 10 ) LIMIT 1   [ RunTime:0.000393s ]
SQL: SELECT * FROM `ik_user` WHERE ( `userid` = 1 ) LIMIT 1   [ RunTime:0.000428s ]
SQL: SELECT * FROM `ik_area` WHERE ( `areaid` = 38 ) LIMIT 1   [ RunTime:0.000384s ]
SQL: SELECT COUNT(*) AS tp_count FROM `ik_user_online` WHERE ( `userid` = 1 ) AND ( `ctime` > 1376284523 ) LIMIT 1   [ RunTime:0.000394s ]
SQL: SELECT * FROM `ik_images` WHERE ( `type` = 'article' ) AND ( `typeid` = 10 ) AND ( `seqid` = 2 ) LIMIT 1   [ RunTime:0.000431s ]
SQL: SELECT * FROM `ik_images` WHERE ( `type` = 'article' ) AND ( `typeid` = 10 ) AND ( `seqid` = 2 ) LIMIT 1   [ RunTime:0.000426s ]
SQL: SELECT `itemid` FROM `ik_article_item` WHERE ( `isdigest` = 1 ) AND ( `isphoto` = 1 ) AND ( `isaudit` = 0 ) ORDER BY orderid desc LIMIT 8   [ RunTime:0.000434s ]
SQL: SELECT * FROM `ik_article` WHERE ( `aid` = 5 ) LIMIT 1   [ RunTime:0.000402s ]
SQL: SELECT * FROM `ik_article_item` WHERE ( `itemid` = 5 ) LIMIT 1   [ RunTime:0.000385s ]
SQL: SELECT * FROM `ik_user` WHERE ( `userid` = 1 ) LIMIT 1   [ RunTime:0.000440s ]
SQL: SELECT * FROM `ik_area` WHERE ( `areaid` = 38 ) LIMIT 1   [ RunTime:0.000425s ]
SQL: SELECT COUNT(*) AS tp_count FROM `ik_user_online` WHERE ( `userid` = 1 ) AND ( `ctime` > 1376284523 ) LIMIT 1   [ RunTime:0.000384s ]
SQL: SELECT * FROM `ik_images` WHERE ( `type` = 'article' ) AND ( `typeid` = 5 ) AND ( `seqid` = 2 ) LIMIT 1   [ RunTime:0.000426s ]
SQL: SELECT * FROM `ik_images` WHERE ( `type` = 'article' ) AND ( `typeid` = 5 ) AND ( `seqid` = 2 ) LIMIT 1   [ RunTime:0.000425s ]
SQL: SELECT * FROM `ik_article` WHERE ( `aid` = 6 ) LIMIT 1   [ RunTime:0.000388s ]
SQL: SELECT * FROM `ik_article_item` WHERE ( `itemid` = 6 ) LIMIT 1   [ RunTime:0.000387s ]
SQL: SELECT * FROM `ik_user` WHERE ( `userid` = 1 ) LIMIT 1   [ RunTime:0.000430s ]
SQL: SELECT * FROM `ik_area` WHERE ( `areaid` = 38 ) LIMIT 1   [ RunTime:0.000387s ]
SQL: SELECT COUNT(*) AS tp_count FROM `ik_user_online` WHERE ( `userid` = 1 ) AND ( `ctime` > 1376284523 ) LIMIT 1   [ RunTime:0.000415s ]
SQL: SELECT * FROM `ik_images` WHERE ( `type` = 'article' ) AND ( `typeid` = 6 ) AND ( `seqid` = 2 ) LIMIT 1   [ RunTime:0.000443s ]
SQL: SELECT * FROM `ik_images` WHERE ( `type` = 'article' ) AND ( `typeid` = 6 ) AND ( `seqid` = 2 ) LIMIT 1   [ RunTime:0.000435s ]
SQL: SELECT * FROM `ik_article` WHERE ( `aid` = 7 ) LIMIT 1   [ RunTime:0.000405s ]
SQL: SELECT * FROM `ik_article_item` WHERE ( `itemid` = 7 ) LIMIT 1   [ RunTime:0.000387s ]
SQL: SELECT * FROM `ik_user` WHERE ( `userid` = 1 ) LIMIT 1   [ RunTime:0.000432s ]
SQL: SELECT * FROM `ik_area` WHERE ( `areaid` = 38 ) LIMIT 1   [ RunTime:0.000395s ]
SQL: SELECT COUNT(*) AS tp_count FROM `ik_user_online` WHERE ( `userid` = 1 ) AND ( `ctime` > 1376284523 ) LIMIT 1   [ RunTime:0.000386s ]
SQL: SELECT * FROM `ik_images` WHERE ( `type` = 'article' ) AND ( `typeid` = 7 ) AND ( `seqid` = 2 ) LIMIT 1   [ RunTime:0.000428s ]
SQL: SELECT * FROM `ik_images` WHERE ( `type` = 'article' ) AND ( `typeid` = 7 ) AND ( `seqid` = 2 ) LIMIT 1   [ RunTime:0.000423s ]
SQL: SELECT * FROM `ik_article` WHERE ( `aid` = 9 ) LIMIT 1   [ RunTime:0.000385s ]
SQL: SELECT * FROM `ik_article_item` WHERE ( `itemid` = 9 ) LIMIT 1   [ RunTime:0.000384s ]
SQL: SELECT * FROM `ik_user` WHERE ( `userid` = 1 ) LIMIT 1   [ RunTime:0.000439s ]
SQL: SELECT * FROM `ik_area` WHERE ( `areaid` = 38 ) LIMIT 1   [ RunTime:0.000420s ]
SQL: SELECT COUNT(*) AS tp_count FROM `ik_user_online` WHERE ( `userid` = 1 ) AND ( `ctime` > 1376284523 ) LIMIT 1   [ RunTime:0.000394s ]
SQL: SELECT * FROM `ik_images` WHERE ( `type` = 'article' ) AND ( `typeid` = 9 ) AND ( `seqid` = 2 ) LIMIT 1   [ RunTime:0.000438s ]
SQL: SELECT * FROM `ik_images` WHERE ( `type` = 'article' ) AND ( `typeid` = 9 ) AND ( `seqid` = 2 ) LIMIT 1   [ RunTime:0.000431s ]
SQL: SELECT * FROM `ik_article` WHERE ( `aid` = 10 ) LIMIT 1   [ RunTime:0.000405s ]
SQL: SELECT * FROM `ik_article_item` WHERE ( `itemid` = 10 ) LIMIT 1   [ RunTime:0.000387s ]
SQL: SELECT * FROM `ik_user` WHERE ( `userid` = 1 ) LIMIT 1   [ RunTime:0.000435s ]
SQL: SELECT * FROM `ik_area` WHERE ( `areaid` = 38 ) LIMIT 1   [ RunTime:0.000390s ]
SQL: SELECT COUNT(*) AS tp_count FROM `ik_user_online` WHERE ( `userid` = 1 ) AND ( `ctime` > 1376284523 ) LIMIT 1   [ RunTime:0.000383s ]
SQL: SELECT * FROM `ik_images` WHERE ( `type` = 'article' ) AND ( `typeid` = 10 ) AND ( `seqid` = 2 ) LIMIT 1   [ RunTime:0.000442s ]
SQL: SELECT * FROM `ik_images` WHERE ( `type` = 'article' ) AND ( `typeid` = 10 ) AND ( `seqid` = 2 ) LIMIT 1   [ RunTime:0.000427s ]
SQL: SELECT * FROM `ik_article` WHERE ( `aid` = 11 ) LIMIT 1   [ RunTime:0.000388s ]
SQL: SELECT * FROM `ik_article_item` WHERE ( `itemid` = 11 ) LIMIT 1   [ RunTime:0.000389s ]
SQL: SELECT * FROM `ik_user` WHERE ( `userid` = 1 ) LIMIT 1   [ RunTime:0.000458s ]
SQL: SELECT * FROM `ik_area` WHERE ( `areaid` = 38 ) LIMIT 1   [ RunTime:0.000386s ]
SQL: SELECT COUNT(*) AS tp_count FROM `ik_user_online` WHERE ( `userid` = 1 ) AND ( `ctime` > 1376284523 ) LIMIT 1   [ RunTime:0.000377s ]
SQL: SELECT * FROM `ik_images` WHERE ( `type` = 'article' ) AND ( `typeid` = 11 ) AND ( `seqid` = 2 ) LIMIT 1   [ RunTime:0.000437s ]
SQL: SELECT * FROM `ik_images` WHERE ( `type` = 'article' ) AND ( `typeid` = 11 ) AND ( `seqid` = 2 ) LIMIT 1   [ RunTime:0.000425s ]
SQL: SELECT * FROM `ik_article` WHERE ( `aid` = 12 ) LIMIT 1   [ RunTime:0.000412s ]
SQL: SELECT * FROM `ik_article_item` WHERE ( `itemid` = 12 ) LIMIT 1   [ RunTime:0.000386s ]
SQL: SELECT * FROM `ik_user` WHERE ( `userid` = 1 ) LIMIT 1   [ RunTime:0.000430s ]
SQL: SELECT * FROM `ik_area` WHERE ( `areaid` = 38 ) LIMIT 1   [ RunTime:0.000389s ]
SQL: SELECT COUNT(*) AS tp_count FROM `ik_user_online` WHERE ( `userid` = 1 ) AND ( `ctime` > 1376284523 ) LIMIT 1   [ RunTime:0.000387s ]
SQL: SELECT * FROM `ik_images` WHERE ( `type` = 'article' ) AND ( `typeid` = 12 ) AND ( `seqid` = 2 ) LIMIT 1   [ RunTime:0.000441s ]
SQL: SELECT * FROM `ik_images` WHERE ( `type` = 'article' ) AND ( `typeid` = 12 ) AND ( `seqid` = 2 ) LIMIT 1   [ RunTime:0.000448s ]
SQL: SELECT `itemid` FROM `ik_article_item` WHERE (  (`cateid`  IN (18,19) )  ) AND ( `isaudit` = 0 ) ORDER BY orderid desc LIMIT 4   [ RunTime:0.000423s ]
SQL: SELECT `photoid` FROM `ik_user_photo` WHERE ( `isrecommend` = 1 ) ORDER BY addtime desc LIMIT 4   [ RunTime:0.000412s ]
SQL: SELECT COUNT(*) AS tp_count FROM `ik_user` LIMIT 1   [ RunTime:0.000310s ]
INFO: [ view_template ] --START--
INFO: Run LocationTemplate Behavior [ RunTime:0.001563s ]
INFO: [ view_template ] --END-- [ RunTime:0.001667s ]
INFO: [ view_parse ] --START--
NOTIC: [8] Use of undefined constant userid - assumed 'userid' D:\APMServ5.2.6\www\htdocs\joyku\Core\Runtime\Cache\public\fee3622c9b8f266e95236fa7dbcf5c6f.php 第 113 行.
NOTIC: [8] Use of undefined constant doname - assumed 'doname' D:\APMServ5.2.6\www\htdocs\joyku\Core\Runtime\Cache\public\fee3622c9b8f266e95236fa7dbcf5c6f.php 第 157 行.
NOTIC: [8] Use of undefined constant username - assumed 'username' D:\APMServ5.2.6\www\htdocs\joyku\Core\Runtime\Cache\public\fee3622c9b8f266e95236fa7dbcf5c6f.php 第 158 行.
NOTIC: [8] Use of undefined constant face - assumed 'face' D:\APMServ5.2.6\www\htdocs\joyku\Core\Runtime\Cache\public\fee3622c9b8f266e95236fa7dbcf5c6f.php 第 158 行.
NOTIC: [8] Use of undefined constant isonline - assumed 'isonline' D:\APMServ5.2.6\www\htdocs\joyku\Core\Runtime\Cache\public\fee3622c9b8f266e95236fa7dbcf5c6f.php 第 160 行.
NOTIC: [8] Use of undefined constant doname - assumed 'doname' D:\APMServ5.2.6\www\htdocs\joyku\Core\Runtime\Cache\public\fee3622c9b8f266e95236fa7dbcf5c6f.php 第 163 行.
NOTIC: [8] Use of undefined constant username - assumed 'username' D:\APMServ5.2.6\www\htdocs\joyku\Core\Runtime\Cache\public\fee3622c9b8f266e95236fa7dbcf5c6f.php 第 163 行.
NOTIC: [8] Use of undefined constant doname - assumed 'doname' D:\APMServ5.2.6\www\htdocs\joyku\Core\Runtime\Cache\public\fee3622c9b8f266e95236fa7dbcf5c6f.php 第 157 行.
NOTIC: [8] Use of undefined constant username - assumed 'username' D:\APMServ5.2.6\www\htdocs\joyku\Core\Runtime\Cache\public\fee3622c9b8f266e95236fa7dbcf5c6f.php 第 158 行.
NOTIC: [8] Use of undefined constant face - assumed 'face' D:\APMServ5.2.6\www\htdocs\joyku\Core\Runtime\Cache\public\fee3622c9b8f266e95236fa7dbcf5c6f.php 第 158 行.
NOTIC: [8] Use of undefined constant isonline - assumed 'isonline' D:\APMServ5.2.6\www\htdocs\joyku\Core\Runtime\Cache\public\fee3622c9b8f266e95236fa7dbcf5c6f.php 第 160 行.
NOTIC: [8] Use of undefined constant doname - assumed 'doname' D:\APMServ5.2.6\www\htdocs\joyku\Core\Runtime\Cache\public\fee3622c9b8f266e95236fa7dbcf5c6f.php 第 163 行.
NOTIC: [8] Use of undefined constant username - assumed 'username' D:\APMServ5.2.6\www\htdocs\joyku\Core\Runtime\Cache\public\fee3622c9b8f266e95236fa7dbcf5c6f.php 第 163 行.
NOTIC: [8] Use of undefined constant doname - assumed 'doname' D:\APMServ5.2.6\www\htdocs\joyku\Core\Runtime\Cache\public\fee3622c9b8f266e95236fa7dbcf5c6f.php 第 157 行.
NOTIC: [8] Use of undefined constant username - assumed 'username' D:\APMServ5.2.6\www\htdocs\joyku\Core\Runtime\Cache\public\fee3622c9b8f266e95236fa7dbcf5c6f.php 第 158 行.
NOTIC: [8] Use of undefined constant face - assumed 'face' D:\APMServ5.2.6\www\htdocs\joyku\Core\Runtime\Cache\public\fee3622c9b8f266e95236fa7dbcf5c6f.php 第 158 行.
NOTIC: [8] Use of undefined constant isonline - assumed 'isonline' D:\APMServ5.2.6\www\htdocs\joyku\Core\Runtime\Cache\public\fee3622c9b8f266e95236fa7dbcf5c6f.php 第 160 行.
NOTIC: [8] Use of undefined constant doname - assumed 'doname' D:\APMServ5.2.6\www\htdocs\joyku\Core\Runtime\Cache\public\fee3622c9b8f266e95236fa7dbcf5c6f.php 第 163 行.
NOTIC: [8] Use of undefined constant username - assumed 'username' D:\APMServ5.2.6\www\htdocs\joyku\Core\Runtime\Cache\public\fee3622c9b8f266e95236fa7dbcf5c6f.php 第 163 行.
NOTIC: [8] Use of undefined constant doname - assumed 'doname' D:\APMServ5.2.6\www\htdocs\joyku\Core\Runtime\Cache\public\fee3622c9b8f266e95236fa7dbcf5c6f.php 第 157 行.
NOTIC: [8] Use of undefined constant username - assumed 'username' D:\APMServ5.2.6\www\htdocs\joyku\Core\Runtime\Cache\public\fee3622c9b8f266e95236fa7dbcf5c6f.php 第 158 行.
NOTIC: [8] Use of undefined constant face - assumed 'face' D:\APMServ5.2.6\www\htdocs\joyku\Core\Runtime\Cache\public\fee3622c9b8f266e95236fa7dbcf5c6f.php 第 158 行.
NOTIC: [8] Use of undefined constant isonline - assumed 'isonline' D:\APMServ5.2.6\www\htdocs\joyku\Core\Runtime\Cache\public\fee3622c9b8f266e95236fa7dbcf5c6f.php 第 160 行.
NOTIC: [8] Use of undefined constant doname - assumed 'doname' D:\APMServ5.2.6\www\htdocs\joyku\Core\Runtime\Cache\public\fee3622c9b8f266e95236fa7dbcf5c6f.php 第 163 行.
NOTIC: [8] Use of undefined constant username - assumed 'username' D:\APMServ5.2.6\www\htdocs\joyku\Core\Runtime\Cache\public\fee3622c9b8f266e95236fa7dbcf5c6f.php 第 163 行.
NOTIC: [8] Use of undefined constant doname - assumed 'doname' D:\APMServ5.2.6\www\htdocs\joyku\Core\Runtime\Cache\public\fee3622c9b8f266e95236fa7dbcf5c6f.php 第 157 行.
NOTIC: [8] Use of undefined constant username - assumed 'username' D:\APMServ5.2.6\www\htdocs\joyku\Core\Runtime\Cache\public\fee3622c9b8f266e95236fa7dbcf5c6f.php 第 158 行.
NOTIC: [8] Use of undefined constant face - assumed 'face' D:\APMServ5.2.6\www\htdocs\joyku\Core\Runtime\Cache\public\fee3622c9b8f266e95236fa7dbcf5c6f.php 第 158 行.
NOTIC: [8] Use of undefined constant isonline - assumed 'isonline' D:\APMServ5.2.6\www\htdocs\joyku\Core\Runtime\Cache\public\fee3622c9b8f266e95236fa7dbcf5c6f.php 第 160 行.
NOTIC: [8] Use of undefined constant doname - assumed 'doname' D:\APMServ5.2.6\www\htdocs\joyku\Core\Runtime\Cache\public\fee3622c9b8f266e95236fa7dbcf5c6f.php 第 163 行.
NOTIC: [8] Use of undefined constant username - assumed 'username' D:\APMServ5.2.6\www\htdocs\joyku\Core\Runtime\Cache\public\fee3622c9b8f266e95236fa7dbcf5c6f.php 第 163 行.
NOTIC: [8] Use of undefined constant doname - assumed 'doname' D:\APMServ5.2.6\www\htdocs\joyku\Core\Runtime\Cache\public\fee3622c9b8f266e95236fa7dbcf5c6f.php 第 157 行.
NOTIC: [8] Use of undefined constant username - assumed 'username' D:\APMServ5.2.6\www\htdocs\joyku\Core\Runtime\Cache\public\fee3622c9b8f266e95236fa7dbcf5c6f.php 第 158 行.
NOTIC: [8] Use of undefined constant face - assumed 'face' D:\APMServ5.2.6\www\htdocs\joyku\Core\Runtime\Cache\public\fee3622c9b8f266e95236fa7dbcf5c6f.php 第 158 行.
NOTIC: [8] Use of undefined constant isonline - assumed 'isonline' D:\APMServ5.2.6\www\htdocs\joyku\Core\Runtime\Cache\public\fee3622c9b8f266e95236fa7dbcf5c6f.php 第 160 行.
NOTIC: [8] Use of undefined constant doname - assumed 'doname' D:\APMServ5.2.6\www\htdocs\joyku\Core\Runtime\Cache\public\fee3622c9b8f266e95236fa7dbcf5c6f.php 第 163 行.
NOTIC: [8] Use of undefined constant username - assumed 'username' D:\APMServ5.2.6\www\htdocs\joyku\Core\Runtime\Cache\public\fee3622c9b8f266e95236fa7dbcf5c6f.php 第 163 行.
NOTIC: [8] Use of undefined constant groupid - assumed 'groupid' D:\APMServ5.2.6\www\htdocs\joyku\Core\Runtime\Cache\public\fee3622c9b8f266e95236fa7dbcf5c6f.php 第 569 行.
NOTIC: [8] Use of undefined constant icon_48 - assumed 'icon_48' D:\APMServ5.2.6\www\htdocs\joyku\Core\Runtime\Cache\public\fee3622c9b8f266e95236fa7dbcf5c6f.php 第 570 行.
NOTIC: [8] Use of undefined constant groupname - assumed 'groupname' D:\APMServ5.2.6\www\htdocs\joyku\Core\Runtime\Cache\public\fee3622c9b8f266e95236fa7dbcf5c6f.php 第 570 行.
NOTIC: [8] Use of undefined constant groupid - assumed 'groupid' D:\APMServ5.2.6\www\htdocs\joyku\Core\Runtime\Cache\public\fee3622c9b8f266e95236fa7dbcf5c6f.php 第 574 行.
NOTIC: [8] Use of undefined constant groupname - assumed 'groupname' D:\APMServ5.2.6\www\htdocs\joyku\Core\Runtime\Cache\public\fee3622c9b8f266e95236fa7dbcf5c6f.php 第 574 行.
NOTIC: [8] Use of undefined constant count_user - assumed 'count_user' D:\APMServ5.2.6\www\htdocs\joyku\Core\Runtime\Cache\public\fee3622c9b8f266e95236fa7dbcf5c6f.php 第 574 行.
NOTIC: [8] Use of undefined constant count_topic - assumed 'count_topic' D:\APMServ5.2.6\www\htdocs\joyku\Core\Runtime\Cache\public\fee3622c9b8f266e95236fa7dbcf5c6f.php 第 574 行.
NOTIC: [8] Use of undefined constant groupdesc - assumed 'groupdesc' D:\APMServ5.2.6\www\htdocs\joyku\Core\Runtime\Cache\public\fee3622c9b8f266e95236fa7dbcf5c6f.php 第 575 行.
NOTIC: [8] Use of undefined constant groupid - assumed 'groupid' D:\APMServ5.2.6\www\htdocs\joyku\Core\Runtime\Cache\public\fee3622c9b8f266e95236fa7dbcf5c6f.php 第 569 行.
NOTIC: [8] Use of undefined constant icon_48 - assumed 'icon_48' D:\APMServ5.2.6\www\htdocs\joyku\Core\Runtime\Cache\public\fee3622c9b8f266e95236fa7dbcf5c6f.php 第 570 行.
NOTIC: [8] Use of undefined constant groupname - assumed 'groupname' D:\APMServ5.2.6\www\htdocs\joyku\Core\Runtime\Cache\public\fee3622c9b8f266e95236fa7dbcf5c6f.php 第 570 行.
NOTIC: [8] Use of undefined constant groupid - assumed 'groupid' D:\APMServ5.2.6\www\htdocs\joyku\Core\Runtime\Cache\public\fee3622c9b8f266e95236fa7dbcf5c6f.php 第 574 行.
NOTIC: [8] Use of undefined constant groupname - assumed 'groupname' D:\APMServ5.2.6\www\htdocs\joyku\Core\Runtime\Cache\public\fee3622c9b8f266e95236fa7dbcf5c6f.php 第 574 行.
NOTIC: [8] Use of undefined constant count_user - assumed 'count_user' D:\APMServ5.2.6\www\htdocs\joyku\Core\Runtime\Cache\public\fee3622c9b8f266e95236fa7dbcf5c6f.php 第 574 行.
NOTIC: [8] Use of undefined constant count_topic - assumed 'count_topic' D:\APMServ5.2.6\www\htdocs\joyku\Core\Runtime\Cache\public\fee3622c9b8f266e95236fa7dbcf5c6f.php 第 574 行.
NOTIC: [8] Use of undefined constant groupdesc - assumed 'groupdesc' D:\APMServ5.2.6\www\htdocs\joyku\Core\Runtime\Cache\public\fee3622c9b8f266e95236fa7dbcf5c6f.php 第 575 行.
NOTIC: [8] Use of undefined constant groupid - assumed 'groupid' D:\APMServ5.2.6\www\htdocs\joyku\Core\Runtime\Cache\public\fee3622c9b8f266e95236fa7dbcf5c6f.php 第 569 行.
NOTIC: [8] Use of undefined constant icon_48 - assumed 'icon_48' D:\APMServ5.2.6\www\htdocs\joyku\Core\Runtime\Cache\public\fee3622c9b8f266e95236fa7dbcf5c6f.php 第 570 行.
NOTIC: [8] Use of undefined constant groupname - assumed 'groupname' D:\APMServ5.2.6\www\htdocs\joyku\Core\Runtime\Cache\public\fee3622c9b8f266e95236fa7dbcf5c6f.php 第 570 行.
NOTIC: [8] Use of undefined constant groupid - assumed 'groupid' D:\APMServ5.2.6\www\htdocs\joyku\Core\Runtime\Cache\public\fee3622c9b8f266e95236fa7dbcf5c6f.php 第 574 行.
NOTIC: [8] Use of undefined constant groupname - assumed 'groupname' D:\APMServ5.2.6\www\htdocs\joyku\Core\Runtime\Cache\public\fee3622c9b8f266e95236fa7dbcf5c6f.php 第 574 行.
NOTIC: [8] Use of undefined constant count_user - assumed 'count_user' D:\APMServ5.2.6\www\htdocs\joyku\Core\Runtime\Cache\public\fee3622c9b8f266e95236fa7dbcf5c6f.php 第 574 行.
NOTIC: [8] Use of undefined constant count_topic - assumed 'count_topic' D:\APMServ5.2.6\www\htdocs\joyku\Core\Runtime\Cache\public\fee3622c9b8f266e95236fa7dbcf5c6f.php 第 574 行.
NOTIC: [8] Use of undefined constant groupdesc - assumed 'groupdesc' D:\APMServ5.2.6\www\htdocs\joyku\Core\Runtime\Cache\public\fee3622c9b8f266e95236fa7dbcf5c6f.php 第 575 行.
INFO: Run ParseTemplate Behavior [ RunTime:0.131738s ]
INFO: [ view_parse ] --END-- [ RunTime:0.131852s ]
INFO: [ view_filter ] --START--
INFO: Run ContentReplace Behavior [ RunTime:0.001761s ]
INFO: Run TokenBuild Behavior [ RunTime:0.001383s ]
INFO: Run WriteHtmlCache Behavior [ RunTime:0.001271s ]
INFO: Run ShowRuntime Behavior [ RunTime:0.001362s ]
INFO: Run content_replace Behavior [ RunTime:0.003761s ]
INFO: [ view_filter ] --END-- [ RunTime:0.009936s ]
INFO: [ view_end ] --START--
INFO: Run ShowPageTrace Behavior [ RunTime:0.001426s ]
INFO: [ view_end ] --END-- [ RunTime:0.001570s ]

