[ 2013-07-30T16:47:42+08:00 ] 127.0.0.1 /joyku/index.php/public/user/ajaxregister
INFO: [ route_check ] --START--
INFO: Run CheckRoute Behavior [ RunTime:0.006341s ]
INFO: [ route_check ] --END-- [ RunTime:0.006496s ]
INFO: [ app_begin ] --START--
INFO: Run ReadHtmlCache Behavior [ RunTime:0.000386s ]
INFO: Run load_lang Behavior [ RunTime:0.002206s ]
INFO: [ app_begin ] --END-- [ RunTime:0.002780s ]
SQL: SHOW COLUMNS FROM `ik_message` [ RunTime:0.003784s ]
SQL: SELECT COUNT(*) AS tp_count FROM `ik_message` WHERE ( `touserid` = null ) AND ( `isread` = 0 ) AND ( `isinbox` = 0 ) LIMIT 1   [ RunTime:0.001112s ]
SQL: SELECT COUNT(*) AS count FROM ik_user_online WHERE `ctime` > 1375173162 [ RunTime:0.000431s ]
SQL: SHOW COLUMNS FROM `ik_app` [ RunTime:0.003944s ]
SQL: SELECT `app_name`,`app_alias`,`app_entry` FROM `ik_app` WHERE ( `status` = 1 ) ORDER BY display_order asc  [ RunTime:0.001150s ]
SQL: SELECT `app_name`,`app_alias`,`app_entry` FROM `ik_app` WHERE ( `status` = 1 ) ORDER BY display_order asc  [ RunTime:0.000505s ]
SQL: SELECT * FROM `ik_app` WHERE ( `app_name` = 'public' ) LIMIT 1   [ RunTime:0.000463s ]
SQL: SHOW COLUMNS FROM `ik_user` [ RunTime:0.004477s ]
SQL: SELECT COUNT(*) AS tp_count FROM `ik_user` LIMIT 1   [ RunTime:0.001014s ]
INFO: [ view_template ] --START--
INFO: Run LocationTemplate Behavior [ RunTime:0.001558s ]
INFO: [ view_template ] --END-- [ RunTime:0.001676s ]
INFO: [ view_parse ] --START--
INFO: Run ParseTemplate Behavior [ RunTime:0.020797s ]
INFO: [ view_parse ] --END-- [ RunTime:0.020938s ]
INFO: [ view_filter ] --START--
INFO: Run ContentReplace Behavior [ RunTime:0.001544s ]
INFO: Run TokenBuild Behavior [ RunTime:0.001365s ]
INFO: Run WriteHtmlCache Behavior [ RunTime:0.001464s ]
INFO: Run ShowRuntime Behavior [ RunTime:0.001409s ]
INFO: Run content_replace Behavior [ RunTime:0.003838s ]
INFO: [ view_filter ] --END-- [ RunTime:0.010042s ]
INFO: [ view_end ] --START--
INFO: Run ShowPageTrace Behavior [ RunTime:0.001541s ]
INFO: [ view_end ] --END-- [ RunTime:0.001734s ]

[ 2013-07-30T16:47:42+08:00 ] 127.0.0.1 /joyku/index.php/public/user/captcha
INFO: [ route_check ] --START--
INFO: Run CheckRoute Behavior [ RunTime:0.001021s ]
INFO: [ route_check ] --END-- [ RunTime:0.001149s ]
INFO: [ app_begin ] --START--
INFO: Run ReadHtmlCache Behavior [ RunTime:0.000826s ]
INFO: Run load_lang Behavior [ RunTime:0.002312s ]
INFO: [ app_begin ] --END-- [ RunTime:0.003314s ]
SQL: SHOW COLUMNS FROM `ik_message` [ RunTime:0.003806s ]
SQL: SELECT COUNT(*) AS tp_count FROM `ik_message` WHERE ( `touserid` = null ) AND ( `isread` = 0 ) AND ( `isinbox` = 0 ) LIMIT 1   [ RunTime:0.001094s ]
SQL: SELECT COUNT(*) AS count FROM ik_user_online WHERE `ctime` > 1375173162 [ RunTime:0.000409s ]
SQL: SHOW COLUMNS FROM `ik_app` [ RunTime:0.003950s ]
SQL: SELECT `app_name`,`app_alias`,`app_entry` FROM `ik_app` WHERE ( `status` = 1 ) ORDER BY display_order asc  [ RunTime:0.001103s ]
SQL: SELECT `app_name`,`app_alias`,`app_entry` FROM `ik_app` WHERE ( `status` = 1 ) ORDER BY display_order asc  [ RunTime:0.000474s ]
SQL: SELECT * FROM `ik_app` WHERE ( `app_name` = 'public' ) LIMIT 1   [ RunTime:0.000438s ]
SQL: SHOW COLUMNS FROM `ik_user` [ RunTime:0.004206s ]
NOTIC: [8] Undefined index:  width D:\APMServ5.2.6\www\htdocs\joyku\ThinkPHP\Extend\Library\ORG\Util\Captcha.class.php 第 28 行.
NOTIC: [8] Undefined index:  height D:\APMServ5.2.6\www\htdocs\joyku\ThinkPHP\Extend\Library\ORG\Util\Captcha.class.php 第 29 行.

[ 2013-07-30T16:48:21+08:00 ] 127.0.0.1 /joyku/
INFO: [ app_begin ] --START--
INFO: Run ReadHtmlCache Behavior [ RunTime:0.000386s ]
INFO: Run load_lang Behavior [ RunTime:0.001747s ]
INFO: [ app_begin ] --END-- [ RunTime:0.002322s ]
SQL: SHOW COLUMNS FROM `ik_message` [ RunTime:0.003849s ]
SQL: SELECT COUNT(*) AS tp_count FROM `ik_message` WHERE ( `touserid` = null ) AND ( `isread` = 0 ) AND ( `isinbox` = 0 ) LIMIT 1   [ RunTime:0.001417s ]
SQL: SELECT COUNT(*) AS count FROM ik_user_online WHERE `ctime` > 1375173201 [ RunTime:0.000414s ]
SQL: SHOW COLUMNS FROM `ik_app` [ RunTime:0.004022s ]
SQL: SELECT `app_name`,`app_alias`,`app_entry` FROM `ik_app` WHERE ( `status` = 1 ) ORDER BY display_order asc  [ RunTime:0.001159s ]
SQL: SELECT `app_name`,`app_alias`,`app_entry` FROM `ik_app` WHERE ( `status` = 1 ) ORDER BY display_order asc  [ RunTime:0.000496s ]
SQL: SELECT * FROM `ik_app` WHERE ( `app_name` = 'public' ) LIMIT 1   [ RunTime:0.000459s ]
SQL: SHOW COLUMNS FROM `ik_group` [ RunTime:0.004427s ]
SQL: SHOW COLUMNS FROM `ik_user` [ RunTime:0.004055s ]
SQL: SHOW COLUMNS FROM `ik_group_topics` [ RunTime:0.003960s ]
SQL: SHOW COLUMNS FROM `ik_article` [ RunTime:0.003819s ]
SQL: SHOW COLUMNS FROM `ik_develop` [ RunTime:0.003909s ]
SQL: SHOW COLUMNS FROM `ik_user_photo` [ RunTime:0.003737s ]
SQL: SELECT `groupid` FROM `ik_group` WHERE ( `isshow` = 0 ) ORDER BY addtime desc LIMIT 10   [ RunTime:0.001240s ]
SQL: SELECT COUNT(*) AS tp_count FROM `ik_group` WHERE ( `groupid` = 4 ) LIMIT 1   [ RunTime:0.000445s ]
SQL: SELECT * FROM `ik_group` WHERE ( `groupid` = 4 ) LIMIT 1   [ RunTime:0.000538s ]
SQL: SELECT COUNT(*) AS tp_count FROM `ik_group` WHERE ( `groupid` = 3 ) LIMIT 1   [ RunTime:0.000402s ]
SQL: SELECT * FROM `ik_group` WHERE ( `groupid` = 3 ) LIMIT 1   [ RunTime:0.000542s ]
SQL: SELECT COUNT(*) AS tp_count FROM `ik_group` WHERE ( `groupid` = 2 ) LIMIT 1   [ RunTime:0.000415s ]
SQL: SELECT * FROM `ik_group` WHERE ( `groupid` = 2 ) LIMIT 1   [ RunTime:0.000454s ]
SQL: SELECT COUNT(*) AS tp_count FROM `ik_group` WHERE ( `groupid` = 1 ) LIMIT 1   [ RunTime:0.000407s ]
SQL: SELECT * FROM `ik_group` WHERE ( `groupid` = 1 ) LIMIT 1   [ RunTime:0.000444s ]
SQL: SELECT `userid`,`topicid`,`groupid`,`content`,`title` FROM `ik_group_topics` WHERE ( `groupid` > 0 ) AND ( `isaudit` = 0 ) ORDER BY istop desc,addtime desc LIMIT 15   [ RunTime:0.000604s ]
SQL: SELECT COUNT(*) AS tp_count FROM `ik_group_topics` WHERE ( `topicid` = 11 ) LIMIT 1   [ RunTime:0.000408s ]
SQL: SELECT * FROM `ik_group_topics` WHERE ( `topicid` = 11 ) LIMIT 1   [ RunTime:0.000436s ]
SQL: SELECT * FROM `ik_user` WHERE ( `userid` = 1 ) LIMIT 1   [ RunTime:0.000455s ]
SQL: SHOW COLUMNS FROM `ik_area` [ RunTime:0.003725s ]
SQL: SELECT * FROM `ik_area` WHERE ( `areaid` = 38 ) LIMIT 1   [ RunTime:0.001293s ]
SQL: SHOW COLUMNS FROM `ik_user_online` [ RunTime:0.003527s ]
SQL: SELECT COUNT(*) AS tp_count FROM `ik_user_online` WHERE ( `userid` = 1 ) AND ( `ctime` > 1375173201 ) LIMIT 1   [ RunTime:0.001213s ]
SQL: SELECT COUNT(*) AS tp_count FROM `ik_group_topics` WHERE ( `topicid` = 10 ) LIMIT 1   [ RunTime:0.000402s ]
SQL: SELECT * FROM `ik_group_topics` WHERE ( `topicid` = 10 ) LIMIT 1   [ RunTime:0.000469s ]
SQL: SHOW COLUMNS FROM `ik_images` [ RunTime:0.003793s ]
SQL: SELECT * FROM `ik_images` WHERE ( `type` = 'topic' ) AND ( `typeid` = 10 ) AND ( `seqid` = 1 ) LIMIT 1   [ RunTime:0.001523s ]
SQL: SELECT * FROM `ik_user` WHERE ( `userid` = 1 ) LIMIT 1   [ RunTime:0.000500s ]
SQL: SELECT * FROM `ik_area` WHERE ( `areaid` = 38 ) LIMIT 1   [ RunTime:0.000466s ]
SQL: SELECT COUNT(*) AS tp_count FROM `ik_user_online` WHERE ( `userid` = 1 ) AND ( `ctime` > 1375173201 ) LIMIT 1   [ RunTime:0.000448s ]
SQL: SELECT * FROM `ik_images` WHERE ( `type` = 'topic' ) AND ( `typeid` = 10 ) AND ( `seqid` = 1 ) LIMIT 1   [ RunTime:0.000487s ]
SQL: SELECT * FROM `ik_images` WHERE ( `type` = 'topic' ) AND ( `typeid` = 10 ) AND ( `seqid` = 1 ) LIMIT 1   [ RunTime:0.000462s ]
SQL: SELECT COUNT(*) AS tp_count FROM `ik_group_topics` WHERE ( `topicid` = 9 ) LIMIT 1   [ RunTime:0.000383s ]
SQL: SELECT * FROM `ik_group_topics` WHERE ( `topicid` = 9 ) LIMIT 1   [ RunTime:0.000462s ]
SQL: SELECT * FROM `ik_user` WHERE ( `userid` = 2 ) LIMIT 1   [ RunTime:0.000470s ]
SQL: SELECT COUNT(*) AS tp_count FROM `ik_user_online` WHERE ( `userid` = 2 ) AND ( `ctime` > 1375173201 ) LIMIT 1   [ RunTime:0.000418s ]
SQL: SELECT COUNT(*) AS tp_count FROM `ik_group_topics` WHERE ( `topicid` = 1 ) LIMIT 1   [ RunTime:0.000382s ]
SQL: SELECT * FROM `ik_group_topics` WHERE ( `topicid` = 1 ) LIMIT 1   [ RunTime:0.000494s ]
SQL: SELECT * FROM `ik_user` WHERE ( `userid` = 1 ) LIMIT 1   [ RunTime:0.000515s ]
SQL: SELECT * FROM `ik_area` WHERE ( `areaid` = 38 ) LIMIT 1   [ RunTime:0.000464s ]
SQL: SELECT COUNT(*) AS tp_count FROM `ik_user_online` WHERE ( `userid` = 1 ) AND ( `ctime` > 1375173201 ) LIMIT 1   [ RunTime:0.000415s ]
SQL: SELECT COUNT(*) AS tp_count FROM `ik_group_topics` WHERE ( `topicid` = 5 ) LIMIT 1   [ RunTime:0.000395s ]
SQL: SELECT * FROM `ik_group_topics` WHERE ( `topicid` = 5 ) LIMIT 1   [ RunTime:0.000466s ]
SQL: SELECT * FROM `ik_user` WHERE ( `userid` = 2 ) LIMIT 1   [ RunTime:0.000512s ]
SQL: SELECT COUNT(*) AS tp_count FROM `ik_user_online` WHERE ( `userid` = 2 ) AND ( `ctime` > 1375173201 ) LIMIT 1   [ RunTime:0.000419s ]
SQL: SELECT COUNT(*) AS tp_count FROM `ik_group_topics` WHERE ( `topicid` = 6 ) LIMIT 1   [ RunTime:0.000495s ]
SQL: SELECT * FROM `ik_group_topics` WHERE ( `topicid` = 6 ) LIMIT 1   [ RunTime:0.000498s ]
SQL: SELECT * FROM `ik_images` WHERE ( `type` = 'topic' ) AND ( `typeid` = 6 ) AND ( `seqid` = 2 ) LIMIT 1   [ RunTime:0.000461s ]
SQL: SELECT * FROM `ik_user` WHERE ( `userid` = 1 ) LIMIT 1   [ RunTime:0.000456s ]
SQL: SELECT * FROM `ik_area` WHERE ( `areaid` = 38 ) LIMIT 1   [ RunTime:0.000409s ]
SQL: SELECT COUNT(*) AS tp_count FROM `ik_user_online` WHERE ( `userid` = 1 ) AND ( `ctime` > 1375173201 ) LIMIT 1   [ RunTime:0.000402s ]
SQL: SELECT * FROM `ik_images` WHERE ( `type` = 'topic' ) AND ( `typeid` = 6 ) AND ( `seqid` = 2 ) LIMIT 1   [ RunTime:0.000456s ]
SQL: SELECT * FROM `ik_images` WHERE ( `type` = 'topic' ) AND ( `typeid` = 6 ) AND ( `seqid` = 2 ) LIMIT 1   [ RunTime:0.000540s ]
SQL: SELECT COUNT(*) AS tp_count FROM `ik_group_topics` WHERE ( `topicid` = 7 ) LIMIT 1   [ RunTime:0.000389s ]
SQL: SELECT * FROM `ik_group_topics` WHERE ( `topicid` = 7 ) LIMIT 1   [ RunTime:0.000462s ]
SQL: SELECT * FROM `ik_user` WHERE ( `userid` = 3 ) LIMIT 1   [ RunTime:0.000468s ]
SQL: SELECT COUNT(*) AS tp_count FROM `ik_user_online` WHERE ( `userid` = 3 ) AND ( `ctime` > 1375173201 ) LIMIT 1   [ RunTime:0.000431s ]
SQL: SELECT COUNT(*) AS tp_count FROM `ik_group_topics` WHERE ( `topicid` = 4 ) LIMIT 1   [ RunTime:0.000383s ]
SQL: SELECT * FROM `ik_group_topics` WHERE ( `topicid` = 4 ) LIMIT 1   [ RunTime:0.000442s ]
SQL: SELECT * FROM `ik_user` WHERE ( `userid` = 1 ) LIMIT 1   [ RunTime:0.000521s ]
SQL: SELECT * FROM `ik_area` WHERE ( `areaid` = 38 ) LIMIT 1   [ RunTime:0.000416s ]
SQL: SELECT COUNT(*) AS tp_count FROM `ik_user_online` WHERE ( `userid` = 1 ) AND ( `ctime` > 1375173201 ) LIMIT 1   [ RunTime:0.000400s ]
SQL: SELECT COUNT(*) AS tp_count FROM `ik_group_topics` WHERE ( `topicid` = 2 ) LIMIT 1   [ RunTime:0.000404s ]
SQL: SELECT * FROM `ik_group_topics` WHERE ( `topicid` = 2 ) LIMIT 1   [ RunTime:0.000470s ]
SQL: SELECT * FROM `ik_user` WHERE ( `userid` = 1 ) LIMIT 1   [ RunTime:0.000481s ]
SQL: SELECT * FROM `ik_area` WHERE ( `areaid` = 38 ) LIMIT 1   [ RunTime:0.000461s ]
SQL: SELECT COUNT(*) AS tp_count FROM `ik_user_online` WHERE ( `userid` = 1 ) AND ( `ctime` > 1375173201 ) LIMIT 1   [ RunTime:0.000453s ]
SQL: SELECT `userid` FROM `ik_user` WHERE ( `isenable` = 0 ) ORDER BY uptime desc LIMIT 12   [ RunTime:0.000449s ]
SQL: SELECT * FROM `ik_user` WHERE ( `userid` = 3 ) LIMIT 1   [ RunTime:0.000467s ]
SQL: SELECT COUNT(*) AS tp_count FROM `ik_user_online` WHERE ( `userid` = 3 ) AND ( `ctime` > 1375173201 ) LIMIT 1   [ RunTime:0.000438s ]
SQL: SELECT * FROM `ik_user` WHERE ( `userid` = 1 ) LIMIT 1   [ RunTime:0.000467s ]
SQL: SELECT * FROM `ik_area` WHERE ( `areaid` = 38 ) LIMIT 1   [ RunTime:0.000425s ]
SQL: SELECT COUNT(*) AS tp_count FROM `ik_user_online` WHERE ( `userid` = 1 ) AND ( `ctime` > 1375173201 ) LIMIT 1   [ RunTime:0.000410s ]
SQL: SELECT * FROM `ik_user` WHERE ( `userid` = 6 ) LIMIT 1   [ RunTime:0.000468s ]
SQL: SELECT COUNT(*) AS tp_count FROM `ik_user_online` WHERE ( `userid` = 6 ) AND ( `ctime` > 1375173201 ) LIMIT 1   [ RunTime:0.000418s ]
SQL: SELECT * FROM `ik_user` WHERE ( `userid` = 5 ) LIMIT 1   [ RunTime:0.000469s ]
SQL: SELECT COUNT(*) AS tp_count FROM `ik_user_online` WHERE ( `userid` = 5 ) AND ( `ctime` > 1375173201 ) LIMIT 1   [ RunTime:0.000392s ]
SQL: SELECT * FROM `ik_user` WHERE ( `userid` = 4 ) LIMIT 1   [ RunTime:0.000523s ]
SQL: SELECT COUNT(*) AS tp_count FROM `ik_user_online` WHERE ( `userid` = 4 ) AND ( `ctime` > 1375173201 ) LIMIT 1   [ RunTime:0.000418s ]
SQL: SELECT * FROM `ik_user` WHERE ( `userid` = 2 ) LIMIT 1   [ RunTime:0.000498s ]
SQL: SELECT COUNT(*) AS tp_count FROM `ik_user_online` WHERE ( `userid` = 2 ) AND ( `ctime` > 1375173201 ) LIMIT 1   [ RunTime:0.000418s ]
SQL: SHOW COLUMNS FROM `ik_article_item` [ RunTime:0.003879s ]
SQL: SELECT * FROM `ik_article_item` WHERE ( `isaudit` = 0 ) ORDER BY addtime desc LIMIT 8   [ RunTime:0.001377s ]
SQL: SELECT * FROM `ik_group` WHERE ( `isrecommend` = 1 ) ORDER BY groupid asc LIMIT 10   [ RunTime:0.000570s ]
SQL: SELECT COUNT(*) AS tp_count FROM `ik_group` WHERE ( `groupid` = 1 ) LIMIT 1   [ RunTime:0.000428s ]
SQL: SELECT * FROM `ik_group` WHERE ( `groupid` = 1 ) LIMIT 1   [ RunTime:0.000515s ]
SQL: SELECT COUNT(*) AS tp_count FROM `ik_group` WHERE ( `groupid` = 2 ) LIMIT 1   [ RunTime:0.000456s ]
SQL: SELECT * FROM `ik_group` WHERE ( `groupid` = 2 ) LIMIT 1   [ RunTime:0.000520s ]
SQL: SELECT COUNT(*) AS tp_count FROM `ik_group` WHERE ( `groupid` = 3 ) LIMIT 1   [ RunTime:0.000423s ]
SQL: SELECT * FROM `ik_group` WHERE ( `groupid` = 3 ) LIMIT 1   [ RunTime:0.000540s ]
SQL: SELECT `appid`,`cateid` FROM `ik_develop` ORDER BY count_down desc LIMIT 10   [ RunTime:0.000464s ]
SQL: SELECT * FROM `ik_develop` WHERE ( `appid` = 1 ) LIMIT 1   [ RunTime:0.000478s ]
SQL: SELECT * FROM `ik_user` WHERE ( `userid` = 1 ) LIMIT 1   [ RunTime:0.000504s ]
SQL: SELECT * FROM `ik_area` WHERE ( `areaid` = 38 ) LIMIT 1   [ RunTime:0.000446s ]
SQL: SELECT COUNT(*) AS tp_count FROM `ik_user_online` WHERE ( `userid` = 1 ) AND ( `ctime` > 1375173201 ) LIMIT 1   [ RunTime:0.000401s ]
SQL: SHOW COLUMNS FROM `ik_develop_cate` [ RunTime:0.003639s ]
SQL: SELECT * FROM `ik_develop_cate` WHERE ( `cateid` = 1 ) LIMIT 1   [ RunTime:0.007966s ]
SQL: SELECT * FROM `ik_develop` WHERE ( `appid` = 4 ) LIMIT 1   [ RunTime:0.000452s ]
SQL: SELECT * FROM `ik_user` WHERE ( `userid` = 2 ) LIMIT 1   [ RunTime:0.000515s ]
SQL: SELECT COUNT(*) AS tp_count FROM `ik_user_online` WHERE ( `userid` = 2 ) AND ( `ctime` > 1375173201 ) LIMIT 1   [ RunTime:0.000439s ]
SQL: SELECT * FROM `ik_develop_cate` WHERE ( `cateid` = 1 ) LIMIT 1   [ RunTime:0.000405s ]
SQL: SELECT * FROM `ik_develop` WHERE ( `appid` = 3 ) LIMIT 1   [ RunTime:0.000483s ]
SQL: SELECT * FROM `ik_user` WHERE ( `userid` = 3 ) LIMIT 1   [ RunTime:0.000472s ]
SQL: SELECT COUNT(*) AS tp_count FROM `ik_user_online` WHERE ( `userid` = 3 ) AND ( `ctime` > 1375173201 ) LIMIT 1   [ RunTime:0.000419s ]
SQL: SELECT * FROM `ik_develop_cate` WHERE ( `cateid` = 1 ) LIMIT 1   [ RunTime:0.000418s ]
SQL: SELECT `itemid` FROM `ik_article_item` WHERE ( `isphoto` = 1 ) AND ( `isaudit` = 0 ) ORDER BY count_view desc LIMIT 6   [ RunTime:0.000463s ]
SQL: SELECT * FROM `ik_article` WHERE ( `aid` = 1 ) LIMIT 1   [ RunTime:0.000416s ]
SQL: SELECT * FROM `ik_article_item` WHERE ( `itemid` = 1 ) LIMIT 1   [ RunTime:0.000409s ]
SQL: SELECT * FROM `ik_user` WHERE ( `userid` = 1 ) LIMIT 1   [ RunTime:0.000455s ]
SQL: SELECT * FROM `ik_area` WHERE ( `areaid` = 38 ) LIMIT 1   [ RunTime:0.000436s ]
SQL: SELECT COUNT(*) AS tp_count FROM `ik_user_online` WHERE ( `userid` = 1 ) AND ( `ctime` > 1375173201 ) LIMIT 1   [ RunTime:0.000445s ]
SQL: SELECT * FROM `ik_images` WHERE ( `type` = 'article' ) AND ( `typeid` = 1 ) AND ( `seqid` = 1 ) LIMIT 1   [ RunTime:0.000506s ]
SQL: SELECT * FROM `ik_images` WHERE ( `type` = 'article' ) AND ( `typeid` = 1 ) AND ( `seqid` = 1 ) LIMIT 1   [ RunTime:0.000474s ]
SQL: SELECT * FROM `ik_article` WHERE ( `aid` = 5 ) LIMIT 1   [ RunTime:0.000452s ]
SQL: SELECT * FROM `ik_article_item` WHERE ( `itemid` = 5 ) LIMIT 1   [ RunTime:0.000423s ]
SQL: SELECT * FROM `ik_user` WHERE ( `userid` = 1 ) LIMIT 1   [ RunTime:0.000452s ]
SQL: SELECT * FROM `ik_area` WHERE ( `areaid` = 38 ) LIMIT 1   [ RunTime:0.000413s ]
SQL: SELECT COUNT(*) AS tp_count FROM `ik_user_online` WHERE ( `userid` = 1 ) AND ( `ctime` > 1375173201 ) LIMIT 1   [ RunTime:0.000402s ]
SQL: SELECT * FROM `ik_images` WHERE ( `type` = 'article' ) AND ( `typeid` = 5 ) AND ( `seqid` = 2 ) LIMIT 1   [ RunTime:0.000519s ]
SQL: SELECT * FROM `ik_images` WHERE ( `type` = 'article' ) AND ( `typeid` = 5 ) AND ( `seqid` = 2 ) LIMIT 1   [ RunTime:0.000452s ]
SQL: SELECT * FROM `ik_article` WHERE ( `aid` = 6 ) LIMIT 1   [ RunTime:0.000406s ]
SQL: SELECT * FROM `ik_article_item` WHERE ( `itemid` = 6 ) LIMIT 1   [ RunTime:0.000409s ]
SQL: SELECT * FROM `ik_user` WHERE ( `userid` = 1 ) LIMIT 1   [ RunTime:0.000470s ]
SQL: SELECT * FROM `ik_area` WHERE ( `areaid` = 38 ) LIMIT 1   [ RunTime:0.000426s ]
SQL: SELECT COUNT(*) AS tp_count FROM `ik_user_online` WHERE ( `userid` = 1 ) AND ( `ctime` > 1375173201 ) LIMIT 1   [ RunTime:0.000458s ]
SQL: SELECT * FROM `ik_images` WHERE ( `type` = 'article' ) AND ( `typeid` = 6 ) AND ( `seqid` = 2 ) LIMIT 1   [ RunTime:0.000510s ]
SQL: SELECT * FROM `ik_images` WHERE ( `type` = 'article' ) AND ( `typeid` = 6 ) AND ( `seqid` = 2 ) LIMIT 1   [ RunTime:0.000486s ]
SQL: SELECT * FROM `ik_article` WHERE ( `aid` = 7 ) LIMIT 1   [ RunTime:0.000444s ]
SQL: SELECT * FROM `ik_article_item` WHERE ( `itemid` = 7 ) LIMIT 1   [ RunTime:0.000494s ]
SQL: SELECT * FROM `ik_user` WHERE ( `userid` = 1 ) LIMIT 1   [ RunTime:0.000719s ]
SQL: SELECT * FROM `ik_area` WHERE ( `areaid` = 38 ) LIMIT 1   [ RunTime:0.000445s ]
SQL: SELECT COUNT(*) AS tp_count FROM `ik_user_online` WHERE ( `userid` = 1 ) AND ( `ctime` > 1375173201 ) LIMIT 1   [ RunTime:0.000425s ]
SQL: SELECT * FROM `ik_images` WHERE ( `type` = 'article' ) AND ( `typeid` = 7 ) AND ( `seqid` = 2 ) LIMIT 1   [ RunTime:0.000471s ]
SQL: SELECT * FROM `ik_images` WHERE ( `type` = 'article' ) AND ( `typeid` = 7 ) AND ( `seqid` = 2 ) LIMIT 1   [ RunTime:0.000465s ]
SQL: SELECT * FROM `ik_article` WHERE ( `aid` = 9 ) LIMIT 1   [ RunTime:0.000428s ]
SQL: SELECT * FROM `ik_article_item` WHERE ( `itemid` = 9 ) LIMIT 1   [ RunTime:0.000423s ]
SQL: SELECT * FROM `ik_user` WHERE ( `userid` = 1 ) LIMIT 1   [ RunTime:0.000478s ]
SQL: SELECT * FROM `ik_area` WHERE ( `areaid` = 38 ) LIMIT 1   [ RunTime:0.000413s ]
SQL: SELECT COUNT(*) AS tp_count FROM `ik_user_online` WHERE ( `userid` = 1 ) AND ( `ctime` > 1375173201 ) LIMIT 1   [ RunTime:0.000417s ]
SQL: SELECT * FROM `ik_images` WHERE ( `type` = 'article' ) AND ( `typeid` = 9 ) AND ( `seqid` = 2 ) LIMIT 1   [ RunTime:0.000474s ]
SQL: SELECT * FROM `ik_images` WHERE ( `type` = 'article' ) AND ( `typeid` = 9 ) AND ( `seqid` = 2 ) LIMIT 1   [ RunTime:0.000477s ]
SQL: SELECT * FROM `ik_article` WHERE ( `aid` = 10 ) LIMIT 1   [ RunTime:0.000447s ]
SQL: SELECT * FROM `ik_article_item` WHERE ( `itemid` = 10 ) LIMIT 1   [ RunTime:0.000432s ]
SQL: SELECT * FROM `ik_user` WHERE ( `userid` = 1 ) LIMIT 1   [ RunTime:0.000519s ]
SQL: SELECT * FROM `ik_area` WHERE ( `areaid` = 38 ) LIMIT 1   [ RunTime:0.000409s ]
SQL: SELECT COUNT(*) AS tp_count FROM `ik_user_online` WHERE ( `userid` = 1 ) AND ( `ctime` > 1375173201 ) LIMIT 1   [ RunTime:0.000404s ]
SQL: SELECT * FROM `ik_images` WHERE ( `type` = 'article' ) AND ( `typeid` = 10 ) AND ( `seqid` = 2 ) LIMIT 1   [ RunTime:0.000472s ]
SQL: SELECT * FROM `ik_images` WHERE ( `type` = 'article' ) AND ( `typeid` = 10 ) AND ( `seqid` = 2 ) LIMIT 1   [ RunTime:0.000536s ]
SQL: SELECT `itemid` FROM `ik_article_item` WHERE ( `isdigest` = 1 ) AND ( `isphoto` = 1 ) AND ( `isaudit` = 0 ) ORDER BY orderid desc LIMIT 8   [ RunTime:0.000451s ]
SQL: SELECT * FROM `ik_article` WHERE ( `aid` = 5 ) LIMIT 1   [ RunTime:0.000426s ]
SQL: SELECT * FROM `ik_article_item` WHERE ( `itemid` = 5 ) LIMIT 1   [ RunTime:0.000456s ]
SQL: SELECT * FROM `ik_user` WHERE ( `userid` = 1 ) LIMIT 1   [ RunTime:0.000476s ]
SQL: SELECT * FROM `ik_area` WHERE ( `areaid` = 38 ) LIMIT 1   [ RunTime:0.000430s ]
SQL: SELECT COUNT(*) AS tp_count FROM `ik_user_online` WHERE ( `userid` = 1 ) AND ( `ctime` > 1375173201 ) LIMIT 1   [ RunTime:0.000420s ]
SQL: SELECT * FROM `ik_images` WHERE ( `type` = 'article' ) AND ( `typeid` = 5 ) AND ( `seqid` = 2 ) LIMIT 1   [ RunTime:0.000448s ]
SQL: SELECT * FROM `ik_images` WHERE ( `type` = 'article' ) AND ( `typeid` = 5 ) AND ( `seqid` = 2 ) LIMIT 1   [ RunTime:0.000448s ]
SQL: SELECT * FROM `ik_article` WHERE ( `aid` = 6 ) LIMIT 1   [ RunTime:0.000407s ]
SQL: SELECT * FROM `ik_article_item` WHERE ( `itemid` = 6 ) LIMIT 1   [ RunTime:0.000410s ]
SQL: SELECT * FROM `ik_user` WHERE ( `userid` = 1 ) LIMIT 1   [ RunTime:0.000491s ]
SQL: SELECT * FROM `ik_area` WHERE ( `areaid` = 38 ) LIMIT 1   [ RunTime:0.000408s ]
SQL: SELECT COUNT(*) AS tp_count FROM `ik_user_online` WHERE ( `userid` = 1 ) AND ( `ctime` > 1375173201 ) LIMIT 1   [ RunTime:0.000425s ]
SQL: SELECT * FROM `ik_images` WHERE ( `type` = 'article' ) AND ( `typeid` = 6 ) AND ( `seqid` = 2 ) LIMIT 1   [ RunTime:0.000484s ]
SQL: SELECT * FROM `ik_images` WHERE ( `type` = 'article' ) AND ( `typeid` = 6 ) AND ( `seqid` = 2 ) LIMIT 1   [ RunTime:0.000489s ]
SQL: SELECT * FROM `ik_article` WHERE ( `aid` = 7 ) LIMIT 1   [ RunTime:0.000494s ]
SQL: SELECT * FROM `ik_article_item` WHERE ( `itemid` = 7 ) LIMIT 1   [ RunTime:0.000458s ]
SQL: SELECT * FROM `ik_user` WHERE ( `userid` = 1 ) LIMIT 1   [ RunTime:0.000455s ]
SQL: SELECT * FROM `ik_area` WHERE ( `areaid` = 38 ) LIMIT 1   [ RunTime:0.000410s ]
SQL: SELECT COUNT(*) AS tp_count FROM `ik_user_online` WHERE ( `userid` = 1 ) AND ( `ctime` > 1375173201 ) LIMIT 1   [ RunTime:0.000401s ]
SQL: SELECT * FROM `ik_images` WHERE ( `type` = 'article' ) AND ( `typeid` = 7 ) AND ( `seqid` = 2 ) LIMIT 1   [ RunTime:0.000472s ]
SQL: SELECT * FROM `ik_images` WHERE ( `type` = 'article' ) AND ( `typeid` = 7 ) AND ( `seqid` = 2 ) LIMIT 1   [ RunTime:0.000469s ]
SQL: SELECT * FROM `ik_article` WHERE ( `aid` = 9 ) LIMIT 1   [ RunTime:0.000411s ]
SQL: SELECT * FROM `ik_article_item` WHERE ( `itemid` = 9 ) LIMIT 1   [ RunTime:0.000422s ]
SQL: SELECT * FROM `ik_user` WHERE ( `userid` = 1 ) LIMIT 1   [ RunTime:0.000484s ]
SQL: SELECT * FROM `ik_area` WHERE ( `areaid` = 38 ) LIMIT 1   [ RunTime:0.000425s ]
SQL: SELECT COUNT(*) AS tp_count FROM `ik_user_online` WHERE ( `userid` = 1 ) AND ( `ctime` > 1375173201 ) LIMIT 1   [ RunTime:0.000479s ]
SQL: SELECT * FROM `ik_images` WHERE ( `type` = 'article' ) AND ( `typeid` = 9 ) AND ( `seqid` = 2 ) LIMIT 1   [ RunTime:0.000488s ]
SQL: SELECT * FROM `ik_images` WHERE ( `type` = 'article' ) AND ( `typeid` = 9 ) AND ( `seqid` = 2 ) LIMIT 1   [ RunTime:0.000492s ]
SQL: SELECT * FROM `ik_article` WHERE ( `aid` = 10 ) LIMIT 1   [ RunTime:0.000457s ]
SQL: SELECT * FROM `ik_article_item` WHERE ( `itemid` = 10 ) LIMIT 1   [ RunTime:0.000427s ]
SQL: SELECT * FROM `ik_user` WHERE ( `userid` = 1 ) LIMIT 1   [ RunTime:0.000507s ]
SQL: SELECT * FROM `ik_area` WHERE ( `areaid` = 38 ) LIMIT 1   [ RunTime:0.000414s ]
SQL: SELECT COUNT(*) AS tp_count FROM `ik_user_online` WHERE ( `userid` = 1 ) AND ( `ctime` > 1375173201 ) LIMIT 1   [ RunTime:0.000404s ]
SQL: SELECT * FROM `ik_images` WHERE ( `type` = 'article' ) AND ( `typeid` = 10 ) AND ( `seqid` = 2 ) LIMIT 1   [ RunTime:0.000539s ]
SQL: SELECT * FROM `ik_images` WHERE ( `type` = 'article' ) AND ( `typeid` = 10 ) AND ( `seqid` = 2 ) LIMIT 1   [ RunTime:0.000493s ]
SQL: SELECT * FROM `ik_article` WHERE ( `aid` = 11 ) LIMIT 1   [ RunTime:0.000426s ]
SQL: SELECT * FROM `ik_article_item` WHERE ( `itemid` = 11 ) LIMIT 1   [ RunTime:0.000437s ]
SQL: SELECT * FROM `ik_user` WHERE ( `userid` = 1 ) LIMIT 1   [ RunTime:0.000504s ]
SQL: SELECT * FROM `ik_area` WHERE ( `areaid` = 38 ) LIMIT 1   [ RunTime:0.000424s ]
SQL: SELECT COUNT(*) AS tp_count FROM `ik_user_online` WHERE ( `userid` = 1 ) AND ( `ctime` > 1375173201 ) LIMIT 1   [ RunTime:0.000427s ]
SQL: SELECT * FROM `ik_images` WHERE ( `type` = 'article' ) AND ( `typeid` = 11 ) AND ( `seqid` = 2 ) LIMIT 1   [ RunTime:0.000470s ]
SQL: SELECT * FROM `ik_images` WHERE ( `type` = 'article' ) AND ( `typeid` = 11 ) AND ( `seqid` = 2 ) LIMIT 1   [ RunTime:0.000469s ]
SQL: SELECT * FROM `ik_article` WHERE ( `aid` = 12 ) LIMIT 1   [ RunTime:0.000451s ]
SQL: SELECT * FROM `ik_article_item` WHERE ( `itemid` = 12 ) LIMIT 1   [ RunTime:0.000431s ]
SQL: SELECT * FROM `ik_user` WHERE ( `userid` = 1 ) LIMIT 1   [ RunTime:0.000468s ]
SQL: SELECT * FROM `ik_area` WHERE ( `areaid` = 38 ) LIMIT 1   [ RunTime:0.000422s ]
SQL: SELECT COUNT(*) AS tp_count FROM `ik_user_online` WHERE ( `userid` = 1 ) AND ( `ctime` > 1375173201 ) LIMIT 1   [ RunTime:0.000402s ]
SQL: SELECT * FROM `ik_images` WHERE ( `type` = 'article' ) AND ( `typeid` = 12 ) AND ( `seqid` = 2 ) LIMIT 1   [ RunTime:0.000527s ]
SQL: SELECT * FROM `ik_images` WHERE ( `type` = 'article' ) AND ( `typeid` = 12 ) AND ( `seqid` = 2 ) LIMIT 1   [ RunTime:0.000585s ]
SQL: SELECT `itemid` FROM `ik_article_item` WHERE (  (`cateid`  IN (18,19) )  ) AND ( `isaudit` = 0 ) ORDER BY orderid desc LIMIT 4   [ RunTime:0.000502s ]
SQL: SELECT `photoid` FROM `ik_user_photo` WHERE ( `isrecommend` = 1 ) ORDER BY addtime desc LIMIT 4   [ RunTime:0.000463s ]
SQL: SELECT COUNT(*) AS tp_count FROM `ik_user` LIMIT 1   [ RunTime:0.000337s ]
INFO: [ view_template ] --START--
INFO: Run LocationTemplate Behavior [ RunTime:0.002293s ]
INFO: [ view_template ] --END-- [ RunTime:0.002397s ]
INFO: [ view_parse ] --START--
NOTIC: [8] Use of undefined constant userid - assumed 'userid' D:\APMServ5.2.6\www\htdocs\joyku\Core\Runtime\Cache\public\fee3622c9b8f266e95236fa7dbcf5c6f.php 第 116 行.
NOTIC: [8] Use of undefined constant photoid - assumed 'photoid' D:\APMServ5.2.6\www\htdocs\joyku\Core\Runtime\Cache\public\fee3622c9b8f266e95236fa7dbcf5c6f.php 第 153 行.
NOTIC: [8] Use of undefined constant mimg - assumed 'mimg' D:\APMServ5.2.6\www\htdocs\joyku\Core\Runtime\Cache\public\fee3622c9b8f266e95236fa7dbcf5c6f.php 第 153 行.
NOTIC: [8] Use of undefined constant photoid - assumed 'photoid' D:\APMServ5.2.6\www\htdocs\joyku\Core\Runtime\Cache\public\fee3622c9b8f266e95236fa7dbcf5c6f.php 第 160 行.
NOTIC: [8] Use of undefined constant mimg - assumed 'mimg' D:\APMServ5.2.6\www\htdocs\joyku\Core\Runtime\Cache\public\fee3622c9b8f266e95236fa7dbcf5c6f.php 第 160 行.
NOTIC: [8] Use of undefined constant photoid - assumed 'photoid' D:\APMServ5.2.6\www\htdocs\joyku\Core\Runtime\Cache\public\fee3622c9b8f266e95236fa7dbcf5c6f.php 第 165 行.
NOTIC: [8] Use of undefined constant mimg - assumed 'mimg' D:\APMServ5.2.6\www\htdocs\joyku\Core\Runtime\Cache\public\fee3622c9b8f266e95236fa7dbcf5c6f.php 第 165 行.
NOTIC: [8] Use of undefined constant photoid - assumed 'photoid' D:\APMServ5.2.6\www\htdocs\joyku\Core\Runtime\Cache\public\fee3622c9b8f266e95236fa7dbcf5c6f.php 第 172 行.
NOTIC: [8] Use of undefined constant mimg - assumed 'mimg' D:\APMServ5.2.6\www\htdocs\joyku\Core\Runtime\Cache\public\fee3622c9b8f266e95236fa7dbcf5c6f.php 第 172 行.
NOTIC: [8] Use of undefined constant aid - assumed 'aid' D:\APMServ5.2.6\www\htdocs\joyku\Core\Runtime\Cache\public\fee3622c9b8f266e95236fa7dbcf5c6f.php 第 181 行.
NOTIC: [8] Use of undefined constant title - assumed 'title' D:\APMServ5.2.6\www\htdocs\joyku\Core\Runtime\Cache\public\fee3622c9b8f266e95236fa7dbcf5c6f.php 第 181 行.
NOTIC: [8] Use of undefined constant photo - assumed 'photo' D:\APMServ5.2.6\www\htdocs\joyku\Core\Runtime\Cache\public\fee3622c9b8f266e95236fa7dbcf5c6f.php 第 181 行.
NOTIC: [8] Use of undefined constant mimg - assumed 'mimg' D:\APMServ5.2.6\www\htdocs\joyku\Core\Runtime\Cache\public\fee3622c9b8f266e95236fa7dbcf5c6f.php 第 181 行.
NOTIC: [8] Use of undefined constant aid - assumed 'aid' D:\APMServ5.2.6\www\htdocs\joyku\Core\Runtime\Cache\public\fee3622c9b8f266e95236fa7dbcf5c6f.php 第 182 行.
NOTIC: [8] Use of undefined constant title - assumed 'title' D:\APMServ5.2.6\www\htdocs\joyku\Core\Runtime\Cache\public\fee3622c9b8f266e95236fa7dbcf5c6f.php 第 182 行.
NOTIC: [8] Use of undefined constant aid - assumed 'aid' D:\APMServ5.2.6\www\htdocs\joyku\Core\Runtime\Cache\public\fee3622c9b8f266e95236fa7dbcf5c6f.php 第 194 行.
NOTIC: [8] Use of undefined constant title - assumed 'title' D:\APMServ5.2.6\www\htdocs\joyku\Core\Runtime\Cache\public\fee3622c9b8f266e95236fa7dbcf5c6f.php 第 194 行.
NOTIC: [8] Use of undefined constant aid - assumed 'aid' D:\APMServ5.2.6\www\htdocs\joyku\Core\Runtime\Cache\public\fee3622c9b8f266e95236fa7dbcf5c6f.php 第 197 行.
NOTIC: [8] Use of undefined constant title - assumed 'title' D:\APMServ5.2.6\www\htdocs\joyku\Core\Runtime\Cache\public\fee3622c9b8f266e95236fa7dbcf5c6f.php 第 197 行.
NOTIC: [8] Use of undefined constant aid - assumed 'aid' D:\APMServ5.2.6\www\htdocs\joyku\Core\Runtime\Cache\public\fee3622c9b8f266e95236fa7dbcf5c6f.php 第 198 行.
NOTIC: [8] Use of undefined constant title - assumed 'title' D:\APMServ5.2.6\www\htdocs\joyku\Core\Runtime\Cache\public\fee3622c9b8f266e95236fa7dbcf5c6f.php 第 198 行.
NOTIC: [8] Use of undefined constant aid - assumed 'aid' D:\APMServ5.2.6\www\htdocs\joyku\Core\Runtime\Cache\public\fee3622c9b8f266e95236fa7dbcf5c6f.php 第 201 行.
NOTIC: [8] Use of undefined constant title - assumed 'title' D:\APMServ5.2.6\www\htdocs\joyku\Core\Runtime\Cache\public\fee3622c9b8f266e95236fa7dbcf5c6f.php 第 201 行.
NOTIC: [8] Use of undefined constant aid - assumed 'aid' D:\APMServ5.2.6\www\htdocs\joyku\Core\Runtime\Cache\public\fee3622c9b8f266e95236fa7dbcf5c6f.php 第 202 行.
NOTIC: [8] Use of undefined constant title - assumed 'title' D:\APMServ5.2.6\www\htdocs\joyku\Core\Runtime\Cache\public\fee3622c9b8f266e95236fa7dbcf5c6f.php 第 202 行.
NOTIC: [8] Use of undefined constant aid - assumed 'aid' D:\APMServ5.2.6\www\htdocs\joyku\Core\Runtime\Cache\public\fee3622c9b8f266e95236fa7dbcf5c6f.php 第 207 行.
NOTIC: [8] Use of undefined constant title - assumed 'title' D:\APMServ5.2.6\www\htdocs\joyku\Core\Runtime\Cache\public\fee3622c9b8f266e95236fa7dbcf5c6f.php 第 207 行.
NOTIC: [8] Use of undefined constant content - assumed 'content' D:\APMServ5.2.6\www\htdocs\joyku\Core\Runtime\Cache\public\fee3622c9b8f266e95236fa7dbcf5c6f.php 第 208 行.
NOTIC: [8] Use of undefined constant aid - assumed 'aid' D:\APMServ5.2.6\www\htdocs\joyku\Core\Runtime\Cache\public\fee3622c9b8f266e95236fa7dbcf5c6f.php 第 211 行.
NOTIC: [8] Undefined offset:  7 D:\APMServ5.2.6\www\htdocs\joyku\Core\Runtime\Cache\public\fee3622c9b8f266e95236fa7dbcf5c6f.php 第 211 行.
NOTIC: [8] Use of undefined constant title - assumed 'title' D:\APMServ5.2.6\www\htdocs\joyku\Core\Runtime\Cache\public\fee3622c9b8f266e95236fa7dbcf5c6f.php 第 211 行.
NOTIC: [8] Undefined offset:  7 D:\APMServ5.2.6\www\htdocs\joyku\Core\Runtime\Cache\public\fee3622c9b8f266e95236fa7dbcf5c6f.php 第 211 行.
NOTIC: [8] Use of undefined constant content - assumed 'content' D:\APMServ5.2.6\www\htdocs\joyku\Core\Runtime\Cache\public\fee3622c9b8f266e95236fa7dbcf5c6f.php 第 212 行.
NOTIC: [8] Undefined offset:  7 D:\APMServ5.2.6\www\htdocs\joyku\Core\Runtime\Cache\public\fee3622c9b8f266e95236fa7dbcf5c6f.php 第 212 行.
NOTIC: [8] Use of undefined constant aid - assumed 'aid' D:\APMServ5.2.6\www\htdocs\joyku\Core\Runtime\Cache\public\fee3622c9b8f266e95236fa7dbcf5c6f.php 第 220 行.
NOTIC: [8] Use of undefined constant title - assumed 'title' D:\APMServ5.2.6\www\htdocs\joyku\Core\Runtime\Cache\public\fee3622c9b8f266e95236fa7dbcf5c6f.php 第 220 行.
NOTIC: [8] Use of undefined constant photo - assumed 'photo' D:\APMServ5.2.6\www\htdocs\joyku\Core\Runtime\Cache\public\fee3622c9b8f266e95236fa7dbcf5c6f.php 第 220 行.
NOTIC: [8] Use of undefined constant mimg - assumed 'mimg' D:\APMServ5.2.6\www\htdocs\joyku\Core\Runtime\Cache\public\fee3622c9b8f266e95236fa7dbcf5c6f.php 第 220 行.
NOTIC: [8] Use of undefined constant title - assumed 'title' D:\APMServ5.2.6\www\htdocs\joyku\Core\Runtime\Cache\public\fee3622c9b8f266e95236fa7dbcf5c6f.php 第 221 行.
NOTIC: [8] Use of undefined constant aid - assumed 'aid' D:\APMServ5.2.6\www\htdocs\joyku\Core\Runtime\Cache\public\fee3622c9b8f266e95236fa7dbcf5c6f.php 第 227 行.
NOTIC: [8] Use of undefined constant photo - assumed 'photo' D:\APMServ5.2.6\www\htdocs\joyku\Core\Runtime\Cache\public\fee3622c9b8f266e95236fa7dbcf5c6f.php 第 227 行.
NOTIC: [8] Use of undefined constant mimg - assumed 'mimg' D:\APMServ5.2.6\www\htdocs\joyku\Core\Runtime\Cache\public\fee3622c9b8f266e95236fa7dbcf5c6f.php 第 227 行.
NOTIC: [8] Use of undefined constant title - assumed 'title' D:\APMServ5.2.6\www\htdocs\joyku\Core\Runtime\Cache\public\fee3622c9b8f266e95236fa7dbcf5c6f.php 第 227 行.
NOTIC: [8] Use of undefined constant title - assumed 'title' D:\APMServ5.2.6\www\htdocs\joyku\Core\Runtime\Cache\public\fee3622c9b8f266e95236fa7dbcf5c6f.php 第 228 行.
NOTIC: [8] Use of undefined constant aid - assumed 'aid' D:\APMServ5.2.6\www\htdocs\joyku\Core\Runtime\Cache\public\fee3622c9b8f266e95236fa7dbcf5c6f.php 第 232 行.
NOTIC: [8] Use of undefined constant photo - assumed 'photo' D:\APMServ5.2.6\www\htdocs\joyku\Core\Runtime\Cache\public\fee3622c9b8f266e95236fa7dbcf5c6f.php 第 232 行.
NOTIC: [8] Use of undefined constant mimg - assumed 'mimg' D:\APMServ5.2.6\www\htdocs\joyku\Core\Runtime\Cache\public\fee3622c9b8f266e95236fa7dbcf5c6f.php 第 232 行.
NOTIC: [8] Use of undefined constant title - assumed 'title' D:\APMServ5.2.6\www\htdocs\joyku\Core\Runtime\Cache\public\fee3622c9b8f266e95236fa7dbcf5c6f.php 第 232 行.
NOTIC: [8] Use of undefined constant title - assumed 'title' D:\APMServ5.2.6\www\htdocs\joyku\Core\Runtime\Cache\public\fee3622c9b8f266e95236fa7dbcf5c6f.php 第 233 行.
NOTIC: [8] Use of undefined constant aid - assumed 'aid' D:\APMServ5.2.6\www\htdocs\joyku\Core\Runtime\Cache\public\fee3622c9b8f266e95236fa7dbcf5c6f.php 第 239 行.
NOTIC: [8] Use of undefined constant title - assumed 'title' D:\APMServ5.2.6\www\htdocs\joyku\Core\Runtime\Cache\public\fee3622c9b8f266e95236fa7dbcf5c6f.php 第 239 行.
NOTIC: [8] Use of undefined constant photo - assumed 'photo' D:\APMServ5.2.6\www\htdocs\joyku\Core\Runtime\Cache\public\fee3622c9b8f266e95236fa7dbcf5c6f.php 第 239 行.
NOTIC: [8] Use of undefined constant mimg - assumed 'mimg' D:\APMServ5.2.6\www\htdocs\joyku\Core\Runtime\Cache\public\fee3622c9b8f266e95236fa7dbcf5c6f.php 第 239 行.
NOTIC: [8] Use of undefined constant title - assumed 'title' D:\APMServ5.2.6\www\htdocs\joyku\Core\Runtime\Cache\public\fee3622c9b8f266e95236fa7dbcf5c6f.php 第 240 行.
NOTIC: [8] Use of undefined constant aid - assumed 'aid' D:\APMServ5.2.6\www\htdocs\joyku\Core\Runtime\Cache\public\fee3622c9b8f266e95236fa7dbcf5c6f.php 第 246 行.
NOTIC: [8] Use of undefined constant title - assumed 'title' D:\APMServ5.2.6\www\htdocs\joyku\Core\Runtime\Cache\public\fee3622c9b8f266e95236fa7dbcf5c6f.php 第 247 行.
NOTIC: [8] Use of undefined constant photo - assumed 'photo' D:\APMServ5.2.6\www\htdocs\joyku\Core\Runtime\Cache\public\fee3622c9b8f266e95236fa7dbcf5c6f.php 第 247 行.
NOTIC: [8] Use of undefined constant mimg - assumed 'mimg' D:\APMServ5.2.6\www\htdocs\joyku\Core\Runtime\Cache\public\fee3622c9b8f266e95236fa7dbcf5c6f.php 第 247 行.
NOTIC: [8] Use of undefined constant title - assumed 'title' D:\APMServ5.2.6\www\htdocs\joyku\Core\Runtime\Cache\public\fee3622c9b8f266e95236fa7dbcf5c6f.php 第 248 行.
NOTIC: [8] Use of undefined constant aid - assumed 'aid' D:\APMServ5.2.6\www\htdocs\joyku\Core\Runtime\Cache\public\fee3622c9b8f266e95236fa7dbcf5c6f.php 第 255 行.
NOTIC: [8] Use of undefined constant title - assumed 'title' D:\APMServ5.2.6\www\htdocs\joyku\Core\Runtime\Cache\public\fee3622c9b8f266e95236fa7dbcf5c6f.php 第 255 行.
NOTIC: [8] Use of undefined constant content - assumed 'content' D:\APMServ5.2.6\www\htdocs\joyku\Core\Runtime\Cache\public\fee3622c9b8f266e95236fa7dbcf5c6f.php 第 256 行.
NOTIC: [8] Use of undefined constant aid - assumed 'aid' D:\APMServ5.2.6\www\htdocs\joyku\Core\Runtime\Cache\public\fee3622c9b8f266e95236fa7dbcf5c6f.php 第 259 行.
NOTIC: [8] Use of undefined constant title - assumed 'title' D:\APMServ5.2.6\www\htdocs\joyku\Core\Runtime\Cache\public\fee3622c9b8f266e95236fa7dbcf5c6f.php 第 259 行.
NOTIC: [8] Use of undefined constant content - assumed 'content' D:\APMServ5.2.6\www\htdocs\joyku\Core\Runtime\Cache\public\fee3622c9b8f266e95236fa7dbcf5c6f.php 第 260 行.
NOTIC: [8] Use of undefined constant aid - assumed 'aid' D:\APMServ5.2.6\www\htdocs\joyku\Core\Runtime\Cache\public\fee3622c9b8f266e95236fa7dbcf5c6f.php 第 269 行.
NOTIC: [8] Use of undefined constant title - assumed 'title' D:\APMServ5.2.6\www\htdocs\joyku\Core\Runtime\Cache\public\fee3622c9b8f266e95236fa7dbcf5c6f.php 第 269 行.
NOTIC: [8] Use of undefined constant content - assumed 'content' D:\APMServ5.2.6\www\htdocs\joyku\Core\Runtime\Cache\public\fee3622c9b8f266e95236fa7dbcf5c6f.php 第 270 行.
NOTIC: [8] Use of undefined constant aid - assumed 'aid' D:\APMServ5.2.6\www\htdocs\joyku\Core\Runtime\Cache\public\fee3622c9b8f266e95236fa7dbcf5c6f.php 第 273 行.
NOTIC: [8] Use of undefined constant title - assumed 'title' D:\APMServ5.2.6\www\htdocs\joyku\Core\Runtime\Cache\public\fee3622c9b8f266e95236fa7dbcf5c6f.php 第 273 行.
NOTIC: [8] Use of undefined constant content - assumed 'content' D:\APMServ5.2.6\www\htdocs\joyku\Core\Runtime\Cache\public\fee3622c9b8f266e95236fa7dbcf5c6f.php 第 274 行.
NOTIC: [8] Use of undefined constant aid - assumed 'aid' D:\APMServ5.2.6\www\htdocs\joyku\Core\Runtime\Cache\public\fee3622c9b8f266e95236fa7dbcf5c6f.php 第 281 行.
NOTIC: [8] Use of undefined constant photo - assumed 'photo' D:\APMServ5.2.6\www\htdocs\joyku\Core\Runtime\Cache\public\fee3622c9b8f266e95236fa7dbcf5c6f.php 第 281 行.
NOTIC: [8] Use of undefined constant mimg - assumed 'mimg' D:\APMServ5.2.6\www\htdocs\joyku\Core\Runtime\Cache\public\fee3622c9b8f266e95236fa7dbcf5c6f.php 第 281 行.
NOTIC: [8] Use of undefined constant title - assumed 'title' D:\APMServ5.2.6\www\htdocs\joyku\Core\Runtime\Cache\public\fee3622c9b8f266e95236fa7dbcf5c6f.php 第 281 行.
NOTIC: [8] Use of undefined constant aid - assumed 'aid' D:\APMServ5.2.6\www\htdocs\joyku\Core\Runtime\Cache\public\fee3622c9b8f266e95236fa7dbcf5c6f.php 第 284 行.
NOTIC: [8] Use of undefined constant title - assumed 'title' D:\APMServ5.2.6\www\htdocs\joyku\Core\Runtime\Cache\public\fee3622c9b8f266e95236fa7dbcf5c6f.php 第 284 行.
NOTIC: [8] Use of undefined constant content - assumed 'content' D:\APMServ5.2.6\www\htdocs\joyku\Core\Runtime\Cache\public\fee3622c9b8f266e95236fa7dbcf5c6f.php 第 285 行.
NOTIC: [8] Use of undefined constant groupid - assumed 'groupid' D:\APMServ5.2.6\www\htdocs\joyku\Core\Runtime\Cache\public\fee3622c9b8f266e95236fa7dbcf5c6f.php 第 308 行.
NOTIC: [8] Use of undefined constant icon_48 - assumed 'icon_48' D:\APMServ5.2.6\www\htdocs\joyku\Core\Runtime\Cache\public\fee3622c9b8f266e95236fa7dbcf5c6f.php 第 309 行.
NOTIC: [8] Use of undefined constant groupname - assumed 'groupname' D:\APMServ5.2.6\www\htdocs\joyku\Core\Runtime\Cache\public\fee3622c9b8f266e95236fa7dbcf5c6f.php 第 309 行.
NOTIC: [8] Use of undefined constant groupid - assumed 'groupid' D:\APMServ5.2.6\www\htdocs\joyku\Core\Runtime\Cache\public\fee3622c9b8f266e95236fa7dbcf5c6f.php 第 313 行.
NOTIC: [8] Use of undefined constant groupname - assumed 'groupname' D:\APMServ5.2.6\www\htdocs\joyku\Core\Runtime\Cache\public\fee3622c9b8f266e95236fa7dbcf5c6f.php 第 313 行.
NOTIC: [8] Use of undefined constant count_user - assumed 'count_user' D:\APMServ5.2.6\www\htdocs\joyku\Core\Runtime\Cache\public\fee3622c9b8f266e95236fa7dbcf5c6f.php 第 313 行.
NOTIC: [8] Use of undefined constant count_topic - assumed 'count_topic' D:\APMServ5.2.6\www\htdocs\joyku\Core\Runtime\Cache\public\fee3622c9b8f266e95236fa7dbcf5c6f.php 第 313 行.
NOTIC: [8] Use of undefined constant groupdesc - assumed 'groupdesc' D:\APMServ5.2.6\www\htdocs\joyku\Core\Runtime\Cache\public\fee3622c9b8f266e95236fa7dbcf5c6f.php 第 314 行.
NOTIC: [8] Use of undefined constant groupid - assumed 'groupid' D:\APMServ5.2.6\www\htdocs\joyku\Core\Runtime\Cache\public\fee3622c9b8f266e95236fa7dbcf5c6f.php 第 308 行.
NOTIC: [8] Use of undefined constant icon_48 - assumed 'icon_48' D:\APMServ5.2.6\www\htdocs\joyku\Core\Runtime\Cache\public\fee3622c9b8f266e95236fa7dbcf5c6f.php 第 309 行.
NOTIC: [8] Use of undefined constant groupname - assumed 'groupname' D:\APMServ5.2.6\www\htdocs\joyku\Core\Runtime\Cache\public\fee3622c9b8f266e95236fa7dbcf5c6f.php 第 309 行.
NOTIC: [8] Use of undefined constant groupid - assumed 'groupid' D:\APMServ5.2.6\www\htdocs\joyku\Core\Runtime\Cache\public\fee3622c9b8f266e95236fa7dbcf5c6f.php 第 313 行.
NOTIC: [8] Use of undefined constant groupname - assumed 'groupname' D:\APMServ5.2.6\www\htdocs\joyku\Core\Runtime\Cache\public\fee3622c9b8f266e95236fa7dbcf5c6f.php 第 313 行.
NOTIC: [8] Use of undefined constant count_user - assumed 'count_user' D:\APMServ5.2.6\www\htdocs\joyku\Core\Runtime\Cache\public\fee3622c9b8f266e95236fa7dbcf5c6f.php 第 313 行.
NOTIC: [8] Use of undefined constant count_topic - assumed 'count_topic' D:\APMServ5.2.6\www\htdocs\joyku\Core\Runtime\Cache\public\fee3622c9b8f266e95236fa7dbcf5c6f.php 第 313 行.
NOTIC: [8] Use of undefined constant groupdesc - assumed 'groupdesc' D:\APMServ5.2.6\www\htdocs\joyku\Core\Runtime\Cache\public\fee3622c9b8f266e95236fa7dbcf5c6f.php 第 314 行.
NOTIC: [8] Use of undefined constant groupid - assumed 'groupid' D:\APMServ5.2.6\www\htdocs\joyku\Core\Runtime\Cache\public\fee3622c9b8f266e95236fa7dbcf5c6f.php 第 308 行.
NOTIC: [8] Use of undefined constant icon_48 - assumed 'icon_48' D:\APMServ5.2.6\www\htdocs\joyku\Core\Runtime\Cache\public\fee3622c9b8f266e95236fa7dbcf5c6f.php 第 309 行.
NOTIC: [8] Use of undefined constant groupname - assumed 'groupname' D:\APMServ5.2.6\www\htdocs\joyku\Core\Runtime\Cache\public\fee3622c9b8f266e95236fa7dbcf5c6f.php 第 309 行.
NOTIC: [8] Use of undefined constant groupid - assumed 'groupid' D:\APMServ5.2.6\www\htdocs\joyku\Core\Runtime\Cache\public\fee3622c9b8f266e95236fa7dbcf5c6f.php 第 313 行.
NOTIC: [8] Use of undefined constant groupname - assumed 'groupname' D:\APMServ5.2.6\www\htdocs\joyku\Core\Runtime\Cache\public\fee3622c9b8f266e95236fa7dbcf5c6f.php 第 313 行.
NOTIC: [8] Use of undefined constant count_user - assumed 'count_user' D:\APMServ5.2.6\www\htdocs\joyku\Core\Runtime\Cache\public\fee3622c9b8f266e95236fa7dbcf5c6f.php 第 313 行.
NOTIC: [8] Use of undefined constant count_topic - assumed 'count_topic' D:\APMServ5.2.6\www\htdocs\joyku\Core\Runtime\Cache\public\fee3622c9b8f266e95236fa7dbcf5c6f.php 第 313 行.
NOTIC: [8] Use of undefined constant groupdesc - assumed 'groupdesc' D:\APMServ5.2.6\www\htdocs\joyku\Core\Runtime\Cache\public\fee3622c9b8f266e95236fa7dbcf5c6f.php 第 314 行.
NOTIC: [8] Use of undefined constant user - assumed 'user' D:\APMServ5.2.6\www\htdocs\joyku\Core\Runtime\Cache\public\fee3622c9b8f266e95236fa7dbcf5c6f.php 第 324 行.
NOTIC: [8] Use of undefined constant doname - assumed 'doname' D:\APMServ5.2.6\www\htdocs\joyku\Core\Runtime\Cache\public\fee3622c9b8f266e95236fa7dbcf5c6f.php 第 324 行.
NOTIC: [8] Use of undefined constant user - assumed 'user' D:\APMServ5.2.6\www\htdocs\joyku\Core\Runtime\Cache\public\fee3622c9b8f266e95236fa7dbcf5c6f.php 第 324 行.
NOTIC: [8] Use of undefined constant face - assumed 'face' D:\APMServ5.2.6\www\htdocs\joyku\Core\Runtime\Cache\public\fee3622c9b8f266e95236fa7dbcf5c6f.php 第 324 行.
NOTIC: [8] Use of undefined constant topicid - assumed 'topicid' D:\APMServ5.2.6\www\htdocs\joyku\Core\Runtime\Cache\public\fee3622c9b8f266e95236fa7dbcf5c6f.php 第 326 行.
NOTIC: [8] Use of undefined constant title - assumed 'title' D:\APMServ5.2.6\www\htdocs\joyku\Core\Runtime\Cache\public\fee3622c9b8f266e95236fa7dbcf5c6f.php 第 326 行.
NOTIC: [8] Undefined variable: time D:\APMServ5.2.6\www\htdocs\joyku\Core\Runtime\Cache\public\fee3622c9b8f266e95236fa7dbcf5c6f.php 第 326 行.
NOTIC: [8] Use of undefined constant title - assumed 'title' D:\APMServ5.2.6\www\htdocs\joyku\Core\Runtime\Cache\public\fee3622c9b8f266e95236fa7dbcf5c6f.php 第 326 行.
NOTIC: [8] Use of undefined constant user - assumed 'user' D:\APMServ5.2.6\www\htdocs\joyku\Core\Runtime\Cache\public\fee3622c9b8f266e95236fa7dbcf5c6f.php 第 327 行.
NOTIC: [8] Use of undefined constant doname - assumed 'doname' D:\APMServ5.2.6\www\htdocs\joyku\Core\Runtime\Cache\public\fee3622c9b8f266e95236fa7dbcf5c6f.php 第 327 行.
NOTIC: [8] Use of undefined constant user - assumed 'user' D:\APMServ5.2.6\www\htdocs\joyku\Core\Runtime\Cache\public\fee3622c9b8f266e95236fa7dbcf5c6f.php 第 327 行.
NOTIC: [8] Use of undefined constant username - assumed 'username' D:\APMServ5.2.6\www\htdocs\joyku\Core\Runtime\Cache\public\fee3622c9b8f266e95236fa7dbcf5c6f.php 第 327 行.
NOTIC: [8] Use of undefined constant addtime - assumed 'addtime' D:\APMServ5.2.6\www\htdocs\joyku\Core\Runtime\Cache\public\fee3622c9b8f266e95236fa7dbcf5c6f.php 第 327 行.
NOTIC: [8] Use of undefined constant count_view - assumed 'count_view' D:\APMServ5.2.6\www\htdocs\joyku\Core\Runtime\Cache\public\fee3622c9b8f266e95236fa7dbcf5c6f.php 第 327 行.
NOTIC: [8] Use of undefined constant count_comment - assumed 'count_comment' D:\APMServ5.2.6\www\htdocs\joyku\Core\Runtime\Cache\public\fee3622c9b8f266e95236fa7dbcf5c6f.php 第 327 行.
NOTIC: [8] Use of undefined constant video - assumed 'video' D:\APMServ5.2.6\www\htdocs\joyku\Core\Runtime\Cache\public\fee3622c9b8f266e95236fa7dbcf5c6f.php 第 329 行.
NOTIC: [8] Use of undefined constant img - assumed 'img' D:\APMServ5.2.6\www\htdocs\joyku\Core\Runtime\Cache\public\fee3622c9b8f266e95236fa7dbcf5c6f.php 第 330 行.
NOTIC: [8] Use of undefined constant content - assumed 'content' D:\APMServ5.2.6\www\htdocs\joyku\Core\Runtime\Cache\public\fee3622c9b8f266e95236fa7dbcf5c6f.php 第 332 行.
NOTIC: [8] Use of undefined constant user - assumed 'user' D:\APMServ5.2.6\www\htdocs\joyku\Core\Runtime\Cache\public\fee3622c9b8f266e95236fa7dbcf5c6f.php 第 324 行.
NOTIC: [8] Use of undefined constant doname - assumed 'doname' D:\APMServ5.2.6\www\htdocs\joyku\Core\Runtime\Cache\public\fee3622c9b8f266e95236fa7dbcf5c6f.php 第 324 行.
NOTIC: [8] Use of undefined constant user - assumed 'user' D:\APMServ5.2.6\www\htdocs\joyku\Core\Runtime\Cache\public\fee3622c9b8f266e95236fa7dbcf5c6f.php 第 324 行.
NOTIC: [8] Use of undefined constant face - assumed 'face' D:\APMServ5.2.6\www\htdocs\joyku\Core\Runtime\Cache\public\fee3622c9b8f266e95236fa7dbcf5c6f.php 第 324 行.
NOTIC: [8] Use of undefined constant topicid - assumed 'topicid' D:\APMServ5.2.6\www\htdocs\joyku\Core\Runtime\Cache\public\fee3622c9b8f266e95236fa7dbcf5c6f.php 第 326 行.
NOTIC: [8] Use of undefined constant title - assumed 'title' D:\APMServ5.2.6\www\htdocs\joyku\Core\Runtime\Cache\public\fee3622c9b8f266e95236fa7dbcf5c6f.php 第 326 行.
NOTIC: [8] Undefined variable: time D:\APMServ5.2.6\www\htdocs\joyku\Core\Runtime\Cache\public\fee3622c9b8f266e95236fa7dbcf5c6f.php 第 326 行.
NOTIC: [8] Use of undefined constant title - assumed 'title' D:\APMServ5.2.6\www\htdocs\joyku\Core\Runtime\Cache\public\fee3622c9b8f266e95236fa7dbcf5c6f.php 第 326 行.
NOTIC: [8] Use of undefined constant user - assumed 'user' D:\APMServ5.2.6\www\htdocs\joyku\Core\Runtime\Cache\public\fee3622c9b8f266e95236fa7dbcf5c6f.php 第 327 行.
NOTIC: [8] Use of undefined constant doname - assumed 'doname' D:\APMServ5.2.6\www\htdocs\joyku\Core\Runtime\Cache\public\fee3622c9b8f266e95236fa7dbcf5c6f.php 第 327 行.
NOTIC: [8] Use of undefined constant user - assumed 'user' D:\APMServ5.2.6\www\htdocs\joyku\Core\Runtime\Cache\public\fee3622c9b8f266e95236fa7dbcf5c6f.php 第 327 行.
NOTIC: [8] Use of undefined constant username - assumed 'username' D:\APMServ5.2.6\www\htdocs\joyku\Core\Runtime\Cache\public\fee3622c9b8f266e95236fa7dbcf5c6f.php 第 327 行.
NOTIC: [8] Use of undefined constant addtime - assumed 'addtime' D:\APMServ5.2.6\www\htdocs\joyku\Core\Runtime\Cache\public\fee3622c9b8f266e95236fa7dbcf5c6f.php 第 327 行.
NOTIC: [8] Use of undefined constant count_view - assumed 'count_view' D:\APMServ5.2.6\www\htdocs\joyku\Core\Runtime\Cache\public\fee3622c9b8f266e95236fa7dbcf5c6f.php 第 327 行.
NOTIC: [8] Use of undefined constant count_comment - assumed 'count_comment' D:\APMServ5.2.6\www\htdocs\joyku\Core\Runtime\Cache\public\fee3622c9b8f266e95236fa7dbcf5c6f.php 第 327 行.
NOTIC: [8] Use of undefined constant video - assumed 'video' D:\APMServ5.2.6\www\htdocs\joyku\Core\Runtime\Cache\public\fee3622c9b8f266e95236fa7dbcf5c6f.php 第 329 行.
NOTIC: [8] Use of undefined constant img - assumed 'img' D:\APMServ5.2.6\www\htdocs\joyku\Core\Runtime\Cache\public\fee3622c9b8f266e95236fa7dbcf5c6f.php 第 330 行.
NOTIC: [8] Use of undefined constant topicid - assumed 'topicid' D:\APMServ5.2.6\www\htdocs\joyku\Core\Runtime\Cache\public\fee3622c9b8f266e95236fa7dbcf5c6f.php 第 331 行.
NOTIC: [8] Use of undefined constant title - assumed 'title' D:\APMServ5.2.6\www\htdocs\joyku\Core\Runtime\Cache\public\fee3622c9b8f266e95236fa7dbcf5c6f.php 第 331 行.
NOTIC: [8] Undefined variable: time D:\APMServ5.2.6\www\htdocs\joyku\Core\Runtime\Cache\public\fee3622c9b8f266e95236fa7dbcf5c6f.php 第 331 行.
NOTIC: [8] Use of undefined constant img - assumed 'img' D:\APMServ5.2.6\www\htdocs\joyku\Core\Runtime\Cache\public\fee3622c9b8f266e95236fa7dbcf5c6f.php 第 331 行.
NOTIC: [8] Use of undefined constant simg - assumed 'simg' D:\APMServ5.2.6\www\htdocs\joyku\Core\Runtime\Cache\public\fee3622c9b8f266e95236fa7dbcf5c6f.php 第 331 行.
NOTIC: [8] Use of undefined constant content - assumed 'content' D:\APMServ5.2.6\www\htdocs\joyku\Core\Runtime\Cache\public\fee3622c9b8f266e95236fa7dbcf5c6f.php 第 332 行.
NOTIC: [8] Use of undefined constant user - assumed 'user' D:\APMServ5.2.6\www\htdocs\joyku\Core\Runtime\Cache\public\fee3622c9b8f266e95236fa7dbcf5c6f.php 第 324 行.
NOTIC: [8] Use of undefined constant doname - assumed 'doname' D:\APMServ5.2.6\www\htdocs\joyku\Core\Runtime\Cache\public\fee3622c9b8f266e95236fa7dbcf5c6f.php 第 324 行.
NOTIC: [8] Use of undefined constant user - assumed 'user' D:\APMServ5.2.6\www\htdocs\joyku\Core\Runtime\Cache\public\fee3622c9b8f266e95236fa7dbcf5c6f.php 第 324 行.
NOTIC: [8] Use of undefined constant face - assumed 'face' D:\APMServ5.2.6\www\htdocs\joyku\Core\Runtime\Cache\public\fee3622c9b8f266e95236fa7dbcf5c6f.php 第 324 行.
NOTIC: [8] Use of undefined constant topicid - assumed 'topicid' D:\APMServ5.2.6\www\htdocs\joyku\Core\Runtime\Cache\public\fee3622c9b8f266e95236fa7dbcf5c6f.php 第 326 行.
NOTIC: [8] Use of undefined constant title - assumed 'title' D:\APMServ5.2.6\www\htdocs\joyku\Core\Runtime\Cache\public\fee3622c9b8f266e95236fa7dbcf5c6f.php 第 326 行.
NOTIC: [8] Undefined variable: time D:\APMServ5.2.6\www\htdocs\joyku\Core\Runtime\Cache\public\fee3622c9b8f266e95236fa7dbcf5c6f.php 第 326 行.
NOTIC: [8] Use of undefined constant title - assumed 'title' D:\APMServ5.2.6\www\htdocs\joyku\Core\Runtime\Cache\public\fee3622c9b8f266e95236fa7dbcf5c6f.php 第 326 行.
NOTIC: [8] Use of undefined constant user - assumed 'user' D:\APMServ5.2.6\www\htdocs\joyku\Core\Runtime\Cache\public\fee3622c9b8f266e95236fa7dbcf5c6f.php 第 327 行.
NOTIC: [8] Use of undefined constant doname - assumed 'doname' D:\APMServ5.2.6\www\htdocs\joyku\Core\Runtime\Cache\public\fee3622c9b8f266e95236fa7dbcf5c6f.php 第 327 行.
NOTIC: [8] Use of undefined constant user - assumed 'user' D:\APMServ5.2.6\www\htdocs\joyku\Core\Runtime\Cache\public\fee3622c9b8f266e95236fa7dbcf5c6f.php 第 327 行.
NOTIC: [8] Use of undefined constant username - assumed 'username' D:\APMServ5.2.6\www\htdocs\joyku\Core\Runtime\Cache\public\fee3622c9b8f266e95236fa7dbcf5c6f.php 第 327 行.
NOTIC: [8] Use of undefined constant addtime - assumed 'addtime' D:\APMServ5.2.6\www\htdocs\joyku\Core\Runtime\Cache\public\fee3622c9b8f266e95236fa7dbcf5c6f.php 第 327 行.
NOTIC: [8] Use of undefined constant count_view - assumed 'count_view' D:\APMServ5.2.6\www\htdocs\joyku\Core\Runtime\Cache\public\fee3622c9b8f266e95236fa7dbcf5c6f.php 第 327 行.
NOTIC: [8] Use of undefined constant count_comment - assumed 'count_comment' D:\APMServ5.2.6\www\htdocs\joyku\Core\Runtime\Cache\public\fee3622c9b8f266e95236fa7dbcf5c6f.php 第 327 行.
NOTIC: [8] Use of undefined constant video - assumed 'video' D:\APMServ5.2.6\www\htdocs\joyku\Core\Runtime\Cache\public\fee3622c9b8f266e95236fa7dbcf5c6f.php 第 329 行.
NOTIC: [8] Use of undefined constant img - assumed 'img' D:\APMServ5.2.6\www\htdocs\joyku\Core\Runtime\Cache\public\fee3622c9b8f266e95236fa7dbcf5c6f.php 第 330 行.
NOTIC: [8] Use of undefined constant content - assumed 'content' D:\APMServ5.2.6\www\htdocs\joyku\Core\Runtime\Cache\public\fee3622c9b8f266e95236fa7dbcf5c6f.php 第 332 行.
NOTIC: [8] Use of undefined constant user - assumed 'user' D:\APMServ5.2.6\www\htdocs\joyku\Core\Runtime\Cache\public\fee3622c9b8f266e95236fa7dbcf5c6f.php 第 324 行.
NOTIC: [8] Use of undefined constant doname - assumed 'doname' D:\APMServ5.2.6\www\htdocs\joyku\Core\Runtime\Cache\public\fee3622c9b8f266e95236fa7dbcf5c6f.php 第 324 行.
NOTIC: [8] Use of undefined constant user - assumed 'user' D:\APMServ5.2.6\www\htdocs\joyku\Core\Runtime\Cache\public\fee3622c9b8f266e95236fa7dbcf5c6f.php 第 324 行.
NOTIC: [8] Use of undefined constant face - assumed 'face' D:\APMServ5.2.6\www\htdocs\joyku\Core\Runtime\Cache\public\fee3622c9b8f266e95236fa7dbcf5c6f.php 第 324 行.
NOTIC: [8] Use of undefined constant topicid - assumed 'topicid' D:\APMServ5.2.6\www\htdocs\joyku\Core\Runtime\Cache\public\fee3622c9b8f266e95236fa7dbcf5c6f.php 第 326 行.
NOTIC: [8] Use of undefined constant title - assumed 'title' D:\APMServ5.2.6\www\htdocs\joyku\Core\Runtime\Cache\public\fee3622c9b8f266e95236fa7dbcf5c6f.php 第 326 行.
NOTIC: [8] Undefined variable: time D:\APMServ5.2.6\www\htdocs\joyku\Core\Runtime\Cache\public\fee3622c9b8f266e95236fa7dbcf5c6f.php 第 326 行.
NOTIC: [8] Use of undefined constant title - assumed 'title' D:\APMServ5.2.6\www\htdocs\joyku\Core\Runtime\Cache\public\fee3622c9b8f266e95236fa7dbcf5c6f.php 第 326 行.
NOTIC: [8] Use of undefined constant user - assumed 'user' D:\APMServ5.2.6\www\htdocs\joyku\Core\Runtime\Cache\public\fee3622c9b8f266e95236fa7dbcf5c6f.php 第 327 行.
NOTIC: [8] Use of undefined constant doname - assumed 'doname' D:\APMServ5.2.6\www\htdocs\joyku\Core\Runtime\Cache\public\fee3622c9b8f266e95236fa7dbcf5c6f.php 第 327 行.
NOTIC: [8] Use of undefined constant user - assumed 'user' D:\APMServ5.2.6\www\htdocs\joyku\Core\Runtime\Cache\public\fee3622c9b8f266e95236fa7dbcf5c6f.php 第 327 行.
NOTIC: [8] Use of undefined constant username - assumed 'username' D:\APMServ5.2.6\www\htdocs\joyku\Core\Runtime\Cache\public\fee3622c9b8f266e95236fa7dbcf5c6f.php 第 327 行.
NOTIC: [8] Use of undefined constant addtime - assumed 'addtime' D:\APMServ5.2.6\www\htdocs\joyku\Core\Runtime\Cache\public\fee3622c9b8f266e95236fa7dbcf5c6f.php 第 327 行.
NOTIC: [8] Use of undefined constant count_view - assumed 'count_view' D:\APMServ5.2.6\www\htdocs\joyku\Core\Runtime\Cache\public\fee3622c9b8f266e95236fa7dbcf5c6f.php 第 327 行.
NOTIC: [8] Use of undefined constant count_comment - assumed 'count_comment' D:\APMServ5.2.6\www\htdocs\joyku\Core\Runtime\Cache\public\fee3622c9b8f266e95236fa7dbcf5c6f.php 第 327 行.
NOTIC: [8] Use of undefined constant video - assumed 'video' D:\APMServ5.2.6\www\htdocs\joyku\Core\Runtime\Cache\public\fee3622c9b8f266e95236fa7dbcf5c6f.php 第 329 行.
NOTIC: [8] Use of undefined constant img - assumed 'img' D:\APMServ5.2.6\www\htdocs\joyku\Core\Runtime\Cache\public\fee3622c9b8f266e95236fa7dbcf5c6f.php 第 330 行.
NOTIC: [8] Use of undefined constant content - assumed 'content' D:\APMServ5.2.6\www\htdocs\joyku\Core\Runtime\Cache\public\fee3622c9b8f266e95236fa7dbcf5c6f.php 第 332 行.
NOTIC: [8] Use of undefined constant user - assumed 'user' D:\APMServ5.2.6\www\htdocs\joyku\Core\Runtime\Cache\public\fee3622c9b8f266e95236fa7dbcf5c6f.php 第 324 行.
NOTIC: [8] Use of undefined constant doname - assumed 'doname' D:\APMServ5.2.6\www\htdocs\joyku\Core\Runtime\Cache\public\fee3622c9b8f266e95236fa7dbcf5c6f.php 第 324 行.
NOTIC: [8] Use of undefined constant user - assumed 'user' D:\APMServ5.2.6\www\htdocs\joyku\Core\Runtime\Cache\public\fee3622c9b8f266e95236fa7dbcf5c6f.php 第 324 行.
NOTIC: [8] Use of undefined constant face - assumed 'face' D:\APMServ5.2.6\www\htdocs\joyku\Core\Runtime\Cache\public\fee3622c9b8f266e95236fa7dbcf5c6f.php 第 324 行.
NOTIC: [8] Use of undefined constant topicid - assumed 'topicid' D:\APMServ5.2.6\www\htdocs\joyku\Core\Runtime\Cache\public\fee3622c9b8f266e95236fa7dbcf5c6f.php 第 326 行.
NOTIC: [8] Use of undefined constant title - assumed 'title' D:\APMServ5.2.6\www\htdocs\joyku\Core\Runtime\Cache\public\fee3622c9b8f266e95236fa7dbcf5c6f.php 第 326 行.
NOTIC: [8] Undefined variable: time D:\APMServ5.2.6\www\htdocs\joyku\Core\Runtime\Cache\public\fee3622c9b8f266e95236fa7dbcf5c6f.php 第 326 行.
NOTIC: [8] Use of undefined constant title - assumed 'title' D:\APMServ5.2.6\www\htdocs\joyku\Core\Runtime\Cache\public\fee3622c9b8f266e95236fa7dbcf5c6f.php 第 326 行.
NOTIC: [8] Use of undefined constant user - assumed 'user' D:\APMServ5.2.6\www\htdocs\joyku\Core\Runtime\Cache\public\fee3622c9b8f266e95236fa7dbcf5c6f.php 第 327 行.
NOTIC: [8] Use of undefined constant doname - assumed 'doname' D:\APMServ5.2.6\www\htdocs\joyku\Core\Runtime\Cache\public\fee3622c9b8f266e95236fa7dbcf5c6f.php 第 327 行.
NOTIC: [8] Use of undefined constant user - assumed 'user' D:\APMServ5.2.6\www\htdocs\joyku\Core\Runtime\Cache\public\fee3622c9b8f266e95236fa7dbcf5c6f.php 第 327 行.
NOTIC: [8] Use of undefined constant username - assumed 'username' D:\APMServ5.2.6\www\htdocs\joyku\Core\Runtime\Cache\public\fee3622c9b8f266e95236fa7dbcf5c6f.php 第 327 行.
NOTIC: [8] Use of undefined constant addtime - assumed 'addtime' D:\APMServ5.2.6\www\htdocs\joyku\Core\Runtime\Cache\public\fee3622c9b8f266e95236fa7dbcf5c6f.php 第 327 行.
NOTIC: [8] Use of undefined constant count_view - assumed 'count_view' D:\APMServ5.2.6\www\htdocs\joyku\Core\Runtime\Cache\public\fee3622c9b8f266e95236fa7dbcf5c6f.php 第 327 行.
NOTIC: [8] Use of undefined constant count_comment - assumed 'count_comment' D:\APMServ5.2.6\www\htdocs\joyku\Core\Runtime\Cache\public\fee3622c9b8f266e95236fa7dbcf5c6f.php 第 327 行.
NOTIC: [8] Use of undefined constant video - assumed 'video' D:\APMServ5.2.6\www\htdocs\joyku\Core\Runtime\Cache\public\fee3622c9b8f266e95236fa7dbcf5c6f.php 第 329 行.
NOTIC: [8] Use of undefined constant img - assumed 'img' D:\APMServ5.2.6\www\htdocs\joyku\Core\Runtime\Cache\public\fee3622c9b8f266e95236fa7dbcf5c6f.php 第 330 行.
NOTIC: [8] Use of undefined constant content - assumed 'content' D:\APMServ5.2.6\www\htdocs\joyku\Core\Runtime\Cache\public\fee3622c9b8f266e95236fa7dbcf5c6f.php 第 332 行.
NOTIC: [8] Use of undefined constant user - assumed 'user' D:\APMServ5.2.6\www\htdocs\joyku\Core\Runtime\Cache\public\fee3622c9b8f266e95236fa7dbcf5c6f.php 第 324 行.
NOTIC: [8] Use of undefined constant doname - assumed 'doname' D:\APMServ5.2.6\www\htdocs\joyku\Core\Runtime\Cache\public\fee3622c9b8f266e95236fa7dbcf5c6f.php 第 324 行.
NOTIC: [8] Use of undefined constant user - assumed 'user' D:\APMServ5.2.6\www\htdocs\joyku\Core\Runtime\Cache\public\fee3622c9b8f266e95236fa7dbcf5c6f.php 第 324 行.
NOTIC: [8] Use of undefined constant face - assumed 'face' D:\APMServ5.2.6\www\htdocs\joyku\Core\Runtime\Cache\public\fee3622c9b8f266e95236fa7dbcf5c6f.php 第 324 行.
NOTIC: [8] Use of undefined constant topicid - assumed 'topicid' D:\APMServ5.2.6\www\htdocs\joyku\Core\Runtime\Cache\public\fee3622c9b8f266e95236fa7dbcf5c6f.php 第 326 行.
NOTIC: [8] Use of undefined constant title - assumed 'title' D:\APMServ5.2.6\www\htdocs\joyku\Core\Runtime\Cache\public\fee3622c9b8f266e95236fa7dbcf5c6f.php 第 326 行.
NOTIC: [8] Undefined variable: time D:\APMServ5.2.6\www\htdocs\joyku\Core\Runtime\Cache\public\fee3622c9b8f266e95236fa7dbcf5c6f.php 第 326 行.
NOTIC: [8] Use of undefined constant title - assumed 'title' D:\APMServ5.2.6\www\htdocs\joyku\Core\Runtime\Cache\public\fee3622c9b8f266e95236fa7dbcf5c6f.php 第 326 行.
NOTIC: [8] Use of undefined constant user - assumed 'user' D:\APMServ5.2.6\www\htdocs\joyku\Core\Runtime\Cache\public\fee3622c9b8f266e95236fa7dbcf5c6f.php 第 327 行.
NOTIC: [8] Use of undefined constant doname - assumed 'doname' D:\APMServ5.2.6\www\htdocs\joyku\Core\Runtime\Cache\public\fee3622c9b8f266e95236fa7dbcf5c6f.php 第 327 行.
NOTIC: [8] Use of undefined constant user - assumed 'user' D:\APMServ5.2.6\www\htdocs\joyku\Core\Runtime\Cache\public\fee3622c9b8f266e95236fa7dbcf5c6f.php 第 327 行.
NOTIC: [8] Use of undefined constant username - assumed 'username' D:\APMServ5.2.6\www\htdocs\joyku\Core\Runtime\Cache\public\fee3622c9b8f266e95236fa7dbcf5c6f.php 第 327 行.
NOTIC: [8] Use of undefined constant addtime - assumed 'addtime' D:\APMServ5.2.6\www\htdocs\joyku\Core\Runtime\Cache\public\fee3622c9b8f266e95236fa7dbcf5c6f.php 第 327 行.
NOTIC: [8] Use of undefined constant count_view - assumed 'count_view' D:\APMServ5.2.6\www\htdocs\joyku\Core\Runtime\Cache\public\fee3622c9b8f266e95236fa7dbcf5c6f.php 第 327 行.
NOTIC: [8] Use of undefined constant count_comment - assumed 'count_comment' D:\APMServ5.2.6\www\htdocs\joyku\Core\Runtime\Cache\public\fee3622c9b8f266e95236fa7dbcf5c6f.php 第 327 行.
NOTIC: [8] Use of undefined constant video - assumed 'video' D:\APMServ5.2.6\www\htdocs\joyku\Core\Runtime\Cache\public\fee3622c9b8f266e95236fa7dbcf5c6f.php 第 329 行.
NOTIC: [8] Use of undefined constant img - assumed 'img' D:\APMServ5.2.6\www\htdocs\joyku\Core\Runtime\Cache\public\fee3622c9b8f266e95236fa7dbcf5c6f.php 第 330 行.
NOTIC: [8] Use of undefined constant topicid - assumed 'topicid' D:\APMServ5.2.6\www\htdocs\joyku\Core\Runtime\Cache\public\fee3622c9b8f266e95236fa7dbcf5c6f.php 第 331 行.
NOTIC: [8] Use of undefined constant title - assumed 'title' D:\APMServ5.2.6\www\htdocs\joyku\Core\Runtime\Cache\public\fee3622c9b8f266e95236fa7dbcf5c6f.php 第 331 行.
NOTIC: [8] Undefined variable: time D:\APMServ5.2.6\www\htdocs\joyku\Core\Runtime\Cache\public\fee3622c9b8f266e95236fa7dbcf5c6f.php 第 331 行.
NOTIC: [8] Use of undefined constant img - assumed 'img' D:\APMServ5.2.6\www\htdocs\joyku\Core\Runtime\Cache\public\fee3622c9b8f266e95236fa7dbcf5c6f.php 第 331 行.
NOTIC: [8] Use of undefined constant simg - assumed 'simg' D:\APMServ5.2.6\www\htdocs\joyku\Core\Runtime\Cache\public\fee3622c9b8f266e95236fa7dbcf5c6f.php 第 331 行.
NOTIC: [8] Use of undefined constant content - assumed 'content' D:\APMServ5.2.6\www\htdocs\joyku\Core\Runtime\Cache\public\fee3622c9b8f266e95236fa7dbcf5c6f.php 第 332 行.
NOTIC: [8] Use of undefined constant user - assumed 'user' D:\APMServ5.2.6\www\htdocs\joyku\Core\Runtime\Cache\public\fee3622c9b8f266e95236fa7dbcf5c6f.php 第 324 行.
NOTIC: [8] Use of undefined constant doname - assumed 'doname' D:\APMServ5.2.6\www\htdocs\joyku\Core\Runtime\Cache\public\fee3622c9b8f266e95236fa7dbcf5c6f.php 第 324 行.
NOTIC: [8] Use of undefined constant user - assumed 'user' D:\APMServ5.2.6\www\htdocs\joyku\Core\Runtime\Cache\public\fee3622c9b8f266e95236fa7dbcf5c6f.php 第 324 行.
NOTIC: [8] Use of undefined constant face - assumed 'face' D:\APMServ5.2.6\www\htdocs\joyku\Core\Runtime\Cache\public\fee3622c9b8f266e95236fa7dbcf5c6f.php 第 324 行.
NOTIC: [8] Use of undefined constant topicid - assumed 'topicid' D:\APMServ5.2.6\www\htdocs\joyku\Core\Runtime\Cache\public\fee3622c9b8f266e95236fa7dbcf5c6f.php 第 326 行.
NOTIC: [8] Use of undefined constant title - assumed 'title' D:\APMServ5.2.6\www\htdocs\joyku\Core\Runtime\Cache\public\fee3622c9b8f266e95236fa7dbcf5c6f.php 第 326 行.
NOTIC: [8] Undefined variable: time D:\APMServ5.2.6\www\htdocs\joyku\Core\Runtime\Cache\public\fee3622c9b8f266e95236fa7dbcf5c6f.php 第 326 行.
NOTIC: [8] Use of undefined constant title - assumed 'title' D:\APMServ5.2.6\www\htdocs\joyku\Core\Runtime\Cache\public\fee3622c9b8f266e95236fa7dbcf5c6f.php 第 326 行.
NOTIC: [8] Use of undefined constant user - assumed 'user' D:\APMServ5.2.6\www\htdocs\joyku\Core\Runtime\Cache\public\fee3622c9b8f266e95236fa7dbcf5c6f.php 第 327 行.
NOTIC: [8] Use of undefined constant doname - assumed 'doname' D:\APMServ5.2.6\www\htdocs\joyku\Core\Runtime\Cache\public\fee3622c9b8f266e95236fa7dbcf5c6f.php 第 327 行.
NOTIC: [8] Use of undefined constant user - assumed 'user' D:\APMServ5.2.6\www\htdocs\joyku\Core\Runtime\Cache\public\fee3622c9b8f266e95236fa7dbcf5c6f.php 第 327 行.
NOTIC: [8] Use of undefined constant username - assumed 'username' D:\APMServ5.2.6\www\htdocs\joyku\Core\Runtime\Cache\public\fee3622c9b8f266e95236fa7dbcf5c6f.php 第 327 行.
NOTIC: [8] Use of undefined constant addtime - assumed 'addtime' D:\APMServ5.2.6\www\htdocs\joyku\Core\Runtime\Cache\public\fee3622c9b8f266e95236fa7dbcf5c6f.php 第 327 行.
NOTIC: [8] Use of undefined constant count_view - assumed 'count_view' D:\APMServ5.2.6\www\htdocs\joyku\Core\Runtime\Cache\public\fee3622c9b8f266e95236fa7dbcf5c6f.php 第 327 行.
NOTIC: [8] Use of undefined constant count_comment - assumed 'count_comment' D:\APMServ5.2.6\www\htdocs\joyku\Core\Runtime\Cache\public\fee3622c9b8f266e95236fa7dbcf5c6f.php 第 327 行.
NOTIC: [8] Use of undefined constant video - assumed 'video' D:\APMServ5.2.6\www\htdocs\joyku\Core\Runtime\Cache\public\fee3622c9b8f266e95236fa7dbcf5c6f.php 第 329 行.
NOTIC: [8] Use of undefined constant img - assumed 'img' D:\APMServ5.2.6\www\htdocs\joyku\Core\Runtime\Cache\public\fee3622c9b8f266e95236fa7dbcf5c6f.php 第 330 行.
NOTIC: [8] Use of undefined constant content - assumed 'content' D:\APMServ5.2.6\www\htdocs\joyku\Core\Runtime\Cache\public\fee3622c9b8f266e95236fa7dbcf5c6f.php 第 332 行.
NOTIC: [8] Use of undefined constant user - assumed 'user' D:\APMServ5.2.6\www\htdocs\joyku\Core\Runtime\Cache\public\fee3622c9b8f266e95236fa7dbcf5c6f.php 第 324 行.
NOTIC: [8] Use of undefined constant doname - assumed 'doname' D:\APMServ5.2.6\www\htdocs\joyku\Core\Runtime\Cache\public\fee3622c9b8f266e95236fa7dbcf5c6f.php 第 324 行.
NOTIC: [8] Use of undefined constant user - assumed 'user' D:\APMServ5.2.6\www\htdocs\joyku\Core\Runtime\Cache\public\fee3622c9b8f266e95236fa7dbcf5c6f.php 第 324 行.
NOTIC: [8] Use of undefined constant face - assumed 'face' D:\APMServ5.2.6\www\htdocs\joyku\Core\Runtime\Cache\public\fee3622c9b8f266e95236fa7dbcf5c6f.php 第 324 行.
NOTIC: [8] Use of undefined constant topicid - assumed 'topicid' D:\APMServ5.2.6\www\htdocs\joyku\Core\Runtime\Cache\public\fee3622c9b8f266e95236fa7dbcf5c6f.php 第 326 行.
NOTIC: [8] Use of undefined constant title - assumed 'title' D:\APMServ5.2.6\www\htdocs\joyku\Core\Runtime\Cache\public\fee3622c9b8f266e95236fa7dbcf5c6f.php 第 326 行.
NOTIC: [8] Undefined variable: time D:\APMServ5.2.6\www\htdocs\joyku\Core\Runtime\Cache\public\fee3622c9b8f266e95236fa7dbcf5c6f.php 第 326 行.
NOTIC: [8] Use of undefined constant title - assumed 'title' D:\APMServ5.2.6\www\htdocs\joyku\Core\Runtime\Cache\public\fee3622c9b8f266e95236fa7dbcf5c6f.php 第 326 行.
NOTIC: [8] Use of undefined constant user - assumed 'user' D:\APMServ5.2.6\www\htdocs\joyku\Core\Runtime\Cache\public\fee3622c9b8f266e95236fa7dbcf5c6f.php 第 327 行.
NOTIC: [8] Use of undefined constant doname - assumed 'doname' D:\APMServ5.2.6\www\htdocs\joyku\Core\Runtime\Cache\public\fee3622c9b8f266e95236fa7dbcf5c6f.php 第 327 行.
NOTIC: [8] Use of undefined constant user - assumed 'user' D:\APMServ5.2.6\www\htdocs\joyku\Core\Runtime\Cache\public\fee3622c9b8f266e95236fa7dbcf5c6f.php 第 327 行.
NOTIC: [8] Use of undefined constant username - assumed 'username' D:\APMServ5.2.6\www\htdocs\joyku\Core\Runtime\Cache\public\fee3622c9b8f266e95236fa7dbcf5c6f.php 第 327 行.
NOTIC: [8] Use of undefined constant addtime - assumed 'addtime' D:\APMServ5.2.6\www\htdocs\joyku\Core\Runtime\Cache\public\fee3622c9b8f266e95236fa7dbcf5c6f.php 第 327 行.
NOTIC: [8] Use of undefined constant count_view - assumed 'count_view' D:\APMServ5.2.6\www\htdocs\joyku\Core\Runtime\Cache\public\fee3622c9b8f266e95236fa7dbcf5c6f.php 第 327 行.
NOTIC: [8] Use of undefined constant count_comment - assumed 'count_comment' D:\APMServ5.2.6\www\htdocs\joyku\Core\Runtime\Cache\public\fee3622c9b8f266e95236fa7dbcf5c6f.php 第 327 行.
NOTIC: [8] Use of undefined constant video - assumed 'video' D:\APMServ5.2.6\www\htdocs\joyku\Core\Runtime\Cache\public\fee3622c9b8f266e95236fa7dbcf5c6f.php 第 329 行.
NOTIC: [8] Use of undefined constant img - assumed 'img' D:\APMServ5.2.6\www\htdocs\joyku\Core\Runtime\Cache\public\fee3622c9b8f266e95236fa7dbcf5c6f.php 第 330 行.
NOTIC: [8] Use of undefined constant content - assumed 'content' D:\APMServ5.2.6\www\htdocs\joyku\Core\Runtime\Cache\public\fee3622c9b8f266e95236fa7dbcf5c6f.php 第 332 行.
NOTIC: [8] Use of undefined constant user - assumed 'user' D:\APMServ5.2.6\www\htdocs\joyku\Core\Runtime\Cache\public\fee3622c9b8f266e95236fa7dbcf5c6f.php 第 324 行.
NOTIC: [8] Use of undefined constant doname - assumed 'doname' D:\APMServ5.2.6\www\htdocs\joyku\Core\Runtime\Cache\public\fee3622c9b8f266e95236fa7dbcf5c6f.php 第 324 行.
NOTIC: [8] Use of undefined constant user - assumed 'user' D:\APMServ5.2.6\www\htdocs\joyku\Core\Runtime\Cache\public\fee3622c9b8f266e95236fa7dbcf5c6f.php 第 324 行.
NOTIC: [8] Use of undefined constant face - assumed 'face' D:\APMServ5.2.6\www\htdocs\joyku\Core\Runtime\Cache\public\fee3622c9b8f266e95236fa7dbcf5c6f.php 第 324 行.
NOTIC: [8] Use of undefined constant topicid - assumed 'topicid' D:\APMServ5.2.6\www\htdocs\joyku\Core\Runtime\Cache\public\fee3622c9b8f266e95236fa7dbcf5c6f.php 第 326 行.
NOTIC: [8] Use of undefined constant title - assumed 'title' D:\APMServ5.2.6\www\htdocs\joyku\Core\Runtime\Cache\public\fee3622c9b8f266e95236fa7dbcf5c6f.php 第 326 行.
NOTIC: [8] Undefined variable: time D:\APMServ5.2.6\www\htdocs\joyku\Core\Runtime\Cache\public\fee3622c9b8f266e95236fa7dbcf5c6f.php 第 326 行.
NOTIC: [8] Use of undefined constant title - assumed 'title' D:\APMServ5.2.6\www\htdocs\joyku\Core\Runtime\Cache\public\fee3622c9b8f266e95236fa7dbcf5c6f.php 第 326 行.
NOTIC: [8] Use of undefined constant user - assumed 'user' D:\APMServ5.2.6\www\htdocs\joyku\Core\Runtime\Cache\public\fee3622c9b8f266e95236fa7dbcf5c6f.php 第 327 行.
NOTIC: [8] Use of undefined constant doname - assumed 'doname' D:\APMServ5.2.6\www\htdocs\joyku\Core\Runtime\Cache\public\fee3622c9b8f266e95236fa7dbcf5c6f.php 第 327 行.
NOTIC: [8] Use of undefined constant user - assumed 'user' D:\APMServ5.2.6\www\htdocs\joyku\Core\Runtime\Cache\public\fee3622c9b8f266e95236fa7dbcf5c6f.php 第 327 行.
NOTIC: [8] Use of undefined constant username - assumed 'username' D:\APMServ5.2.6\www\htdocs\joyku\Core\Runtime\Cache\public\fee3622c9b8f266e95236fa7dbcf5c6f.php 第 327 行.
NOTIC: [8] Use of undefined constant addtime - assumed 'addtime' D:\APMServ5.2.6\www\htdocs\joyku\Core\Runtime\Cache\public\fee3622c9b8f266e95236fa7dbcf5c6f.php 第 327 行.
NOTIC: [8] Use of undefined constant count_view - assumed 'count_view' D:\APMServ5.2.6\www\htdocs\joyku\Core\Runtime\Cache\public\fee3622c9b8f266e95236fa7dbcf5c6f.php 第 327 行.
NOTIC: [8] Use of undefined constant count_comment - assumed 'count_comment' D:\APMServ5.2.6\www\htdocs\joyku\Core\Runtime\Cache\public\fee3622c9b8f266e95236fa7dbcf5c6f.php 第 327 行.
NOTIC: [8] Use of undefined constant video - assumed 'video' D:\APMServ5.2.6\www\htdocs\joyku\Core\Runtime\Cache\public\fee3622c9b8f266e95236fa7dbcf5c6f.php 第 329 行.
NOTIC: [8] Use of undefined constant img - assumed 'img' D:\APMServ5.2.6\www\htdocs\joyku\Core\Runtime\Cache\public\fee3622c9b8f266e95236fa7dbcf5c6f.php 第 330 行.
NOTIC: [8] Use of undefined constant content - assumed 'content' D:\APMServ5.2.6\www\htdocs\joyku\Core\Runtime\Cache\public\fee3622c9b8f266e95236fa7dbcf5c6f.php 第 332 行.
NOTIC: [8] Use of undefined constant doname - assumed 'doname' D:\APMServ5.2.6\www\htdocs\joyku\Core\Runtime\Cache\public\fee3622c9b8f266e95236fa7dbcf5c6f.php 第 346 行.
NOTIC: [8] Use of undefined constant username - assumed 'username' D:\APMServ5.2.6\www\htdocs\joyku\Core\Runtime\Cache\public\fee3622c9b8f266e95236fa7dbcf5c6f.php 第 347 行.
NOTIC: [8] Use of undefined constant face - assumed 'face' D:\APMServ5.2.6\www\htdocs\joyku\Core\Runtime\Cache\public\fee3622c9b8f266e95236fa7dbcf5c6f.php 第 347 行.
NOTIC: [8] Use of undefined constant isonline - assumed 'isonline' D:\APMServ5.2.6\www\htdocs\joyku\Core\Runtime\Cache\public\fee3622c9b8f266e95236fa7dbcf5c6f.php 第 349 行.
NOTIC: [8] Use of undefined constant doname - assumed 'doname' D:\APMServ5.2.6\www\htdocs\joyku\Core\Runtime\Cache\public\fee3622c9b8f266e95236fa7dbcf5c6f.php 第 352 行.
NOTIC: [8] Use of undefined constant username - assumed 'username' D:\APMServ5.2.6\www\htdocs\joyku\Core\Runtime\Cache\public\fee3622c9b8f266e95236fa7dbcf5c6f.php 第 352 行.
NOTIC: [8] Use of undefined constant doname - assumed 'doname' D:\APMServ5.2.6\www\htdocs\joyku\Core\Runtime\Cache\public\fee3622c9b8f266e95236fa7dbcf5c6f.php 第 346 行.
NOTIC: [8] Use of undefined constant username - assumed 'username' D:\APMServ5.2.6\www\htdocs\joyku\Core\Runtime\Cache\public\fee3622c9b8f266e95236fa7dbcf5c6f.php 第 347 行.
NOTIC: [8] Use of undefined constant face - assumed 'face' D:\APMServ5.2.6\www\htdocs\joyku\Core\Runtime\Cache\public\fee3622c9b8f266e95236fa7dbcf5c6f.php 第 347 行.
NOTIC: [8] Use of undefined constant isonline - assumed 'isonline' D:\APMServ5.2.6\www\htdocs\joyku\Core\Runtime\Cache\public\fee3622c9b8f266e95236fa7dbcf5c6f.php 第 349 行.
NOTIC: [8] Use of undefined constant doname - assumed 'doname' D:\APMServ5.2.6\www\htdocs\joyku\Core\Runtime\Cache\public\fee3622c9b8f266e95236fa7dbcf5c6f.php 第 352 行.
NOTIC: [8] Use of undefined constant username - assumed 'username' D:\APMServ5.2.6\www\htdocs\joyku\Core\Runtime\Cache\public\fee3622c9b8f266e95236fa7dbcf5c6f.php 第 352 行.
NOTIC: [8] Use of undefined constant doname - assumed 'doname' D:\APMServ5.2.6\www\htdocs\joyku\Core\Runtime\Cache\public\fee3622c9b8f266e95236fa7dbcf5c6f.php 第 346 行.
NOTIC: [8] Use of undefined constant username - assumed 'username' D:\APMServ5.2.6\www\htdocs\joyku\Core\Runtime\Cache\public\fee3622c9b8f266e95236fa7dbcf5c6f.php 第 347 行.
NOTIC: [8] Use of undefined constant face - assumed 'face' D:\APMServ5.2.6\www\htdocs\joyku\Core\Runtime\Cache\public\fee3622c9b8f266e95236fa7dbcf5c6f.php 第 347 行.
NOTIC: [8] Use of undefined constant isonline - assumed 'isonline' D:\APMServ5.2.6\www\htdocs\joyku\Core\Runtime\Cache\public\fee3622c9b8f266e95236fa7dbcf5c6f.php 第 349 行.
NOTIC: [8] Use of undefined constant doname - assumed 'doname' D:\APMServ5.2.6\www\htdocs\joyku\Core\Runtime\Cache\public\fee3622c9b8f266e95236fa7dbcf5c6f.php 第 352 行.
NOTIC: [8] Use of undefined constant username - assumed 'username' D:\APMServ5.2.6\www\htdocs\joyku\Core\Runtime\Cache\public\fee3622c9b8f266e95236fa7dbcf5c6f.php 第 352 行.
NOTIC: [8] Use of undefined constant doname - assumed 'doname' D:\APMServ5.2.6\www\htdocs\joyku\Core\Runtime\Cache\public\fee3622c9b8f266e95236fa7dbcf5c6f.php 第 346 行.
NOTIC: [8] Use of undefined constant username - assumed 'username' D:\APMServ5.2.6\www\htdocs\joyku\Core\Runtime\Cache\public\fee3622c9b8f266e95236fa7dbcf5c6f.php 第 347 行.
NOTIC: [8] Use of undefined constant face - assumed 'face' D:\APMServ5.2.6\www\htdocs\joyku\Core\Runtime\Cache\public\fee3622c9b8f266e95236fa7dbcf5c6f.php 第 347 行.
NOTIC: [8] Use of undefined constant isonline - assumed 'isonline' D:\APMServ5.2.6\www\htdocs\joyku\Core\Runtime\Cache\public\fee3622c9b8f266e95236fa7dbcf5c6f.php 第 349 行.
NOTIC: [8] Use of undefined constant doname - assumed 'doname' D:\APMServ5.2.6\www\htdocs\joyku\Core\Runtime\Cache\public\fee3622c9b8f266e95236fa7dbcf5c6f.php 第 352 行.
NOTIC: [8] Use of undefined constant username - assumed 'username' D:\APMServ5.2.6\www\htdocs\joyku\Core\Runtime\Cache\public\fee3622c9b8f266e95236fa7dbcf5c6f.php 第 352 行.
NOTIC: [8] Use of undefined constant doname - assumed 'doname' D:\APMServ5.2.6\www\htdocs\joyku\Core\Runtime\Cache\public\fee3622c9b8f266e95236fa7dbcf5c6f.php 第 346 行.
NOTIC: [8] Use of undefined constant username - assumed 'username' D:\APMServ5.2.6\www\htdocs\joyku\Core\Runtime\Cache\public\fee3622c9b8f266e95236fa7dbcf5c6f.php 第 347 行.
NOTIC: [8] Use of undefined constant face - assumed 'face' D:\APMServ5.2.6\www\htdocs\joyku\Core\Runtime\Cache\public\fee3622c9b8f266e95236fa7dbcf5c6f.php 第 347 行.
NOTIC: [8] Use of undefined constant isonline - assumed 'isonline' D:\APMServ5.2.6\www\htdocs\joyku\Core\Runtime\Cache\public\fee3622c9b8f266e95236fa7dbcf5c6f.php 第 349 行.
NOTIC: [8] Use of undefined constant doname - assumed 'doname' D:\APMServ5.2.6\www\htdocs\joyku\Core\Runtime\Cache\public\fee3622c9b8f266e95236fa7dbcf5c6f.php 第 352 行.
NOTIC: [8] Use of undefined constant username - assumed 'username' D:\APMServ5.2.6\www\htdocs\joyku\Core\Runtime\Cache\public\fee3622c9b8f266e95236fa7dbcf5c6f.php 第 352 行.
NOTIC: [8] Use of undefined constant doname - assumed 'doname' D:\APMServ5.2.6\www\htdocs\joyku\Core\Runtime\Cache\public\fee3622c9b8f266e95236fa7dbcf5c6f.php 第 346 行.
NOTIC: [8] Use of undefined constant username - assumed 'username' D:\APMServ5.2.6\www\htdocs\joyku\Core\Runtime\Cache\public\fee3622c9b8f266e95236fa7dbcf5c6f.php 第 347 行.
NOTIC: [8] Use of undefined constant face - assumed 'face' D:\APMServ5.2.6\www\htdocs\joyku\Core\Runtime\Cache\public\fee3622c9b8f266e95236fa7dbcf5c6f.php 第 347 行.
NOTIC: [8] Use of undefined constant isonline - assumed 'isonline' D:\APMServ5.2.6\www\htdocs\joyku\Core\Runtime\Cache\public\fee3622c9b8f266e95236fa7dbcf5c6f.php 第 349 行.
NOTIC: [8] Use of undefined constant doname - assumed 'doname' D:\APMServ5.2.6\www\htdocs\joyku\Core\Runtime\Cache\public\fee3622c9b8f266e95236fa7dbcf5c6f.php 第 352 行.
NOTIC: [8] Use of undefined constant username - assumed 'username' D:\APMServ5.2.6\www\htdocs\joyku\Core\Runtime\Cache\public\fee3622c9b8f266e95236fa7dbcf5c6f.php 第 352 行.
NOTIC: [8] Use of undefined constant appid - assumed 'appid' D:\APMServ5.2.6\www\htdocs\joyku\Core\Runtime\Cache\public\fee3622c9b8f266e95236fa7dbcf5c6f.php 第 367 行.
NOTIC: [8] Use of undefined constant icon_100 - assumed 'icon_100' D:\APMServ5.2.6\www\htdocs\joyku\Core\Runtime\Cache\public\fee3622c9b8f266e95236fa7dbcf5c6f.php 第 367 行.
NOTIC: [8] Use of undefined constant appid - assumed 'appid' D:\APMServ5.2.6\www\htdocs\joyku\Core\Runtime\Cache\public\fee3622c9b8f266e95236fa7dbcf5c6f.php 第 371 行.
NOTIC: [8] Use of undefined constant title - assumed 'title' D:\APMServ5.2.6\www\htdocs\joyku\Core\Runtime\Cache\public\fee3622c9b8f266e95236fa7dbcf5c6f.php 第 371 行.
NOTIC: [8] Use of undefined constant count_down - assumed 'count_down' D:\APMServ5.2.6\www\htdocs\joyku\Core\Runtime\Cache\public\fee3622c9b8f266e95236fa7dbcf5c6f.php 第 373 行.
NOTIC: [8] Use of undefined constant cate - assumed 'cate' D:\APMServ5.2.6\www\htdocs\joyku\Core\Runtime\Cache\public\fee3622c9b8f266e95236fa7dbcf5c6f.php 第 373 行.
NOTIC: [8] Use of undefined constant catename - assumed 'catename' D:\APMServ5.2.6\www\htdocs\joyku\Core\Runtime\Cache\public\fee3622c9b8f266e95236fa7dbcf5c6f.php 第 373 行.
NOTIC: [8] Use of undefined constant appid - assumed 'appid' D:\APMServ5.2.6\www\htdocs\joyku\Core\Runtime\Cache\public\fee3622c9b8f266e95236fa7dbcf5c6f.php 第 367 行.
NOTIC: [8] Use of undefined constant icon_100 - assumed 'icon_100' D:\APMServ5.2.6\www\htdocs\joyku\Core\Runtime\Cache\public\fee3622c9b8f266e95236fa7dbcf5c6f.php 第 367 行.
NOTIC: [8] Use of undefined constant appid - assumed 'appid' D:\APMServ5.2.6\www\htdocs\joyku\Core\Runtime\Cache\public\fee3622c9b8f266e95236fa7dbcf5c6f.php 第 371 行.
NOTIC: [8] Use of undefined constant title - assumed 'title' D:\APMServ5.2.6\www\htdocs\joyku\Core\Runtime\Cache\public\fee3622c9b8f266e95236fa7dbcf5c6f.php 第 371 行.
NOTIC: [8] Use of undefined constant count_down - assumed 'count_down' D:\APMServ5.2.6\www\htdocs\joyku\Core\Runtime\Cache\public\fee3622c9b8f266e95236fa7dbcf5c6f.php 第 373 行.
NOTIC: [8] Use of undefined constant cate - assumed 'cate' D:\APMServ5.2.6\www\htdocs\joyku\Core\Runtime\Cache\public\fee3622c9b8f266e95236fa7dbcf5c6f.php 第 373 行.
NOTIC: [8] Use of undefined constant catename - assumed 'catename' D:\APMServ5.2.6\www\htdocs\joyku\Core\Runtime\Cache\public\fee3622c9b8f266e95236fa7dbcf5c6f.php 第 373 行.
NOTIC: [8] Use of undefined constant appid - assumed 'appid' D:\APMServ5.2.6\www\htdocs\joyku\Core\Runtime\Cache\public\fee3622c9b8f266e95236fa7dbcf5c6f.php 第 367 行.
NOTIC: [8] Use of undefined constant icon_100 - assumed 'icon_100' D:\APMServ5.2.6\www\htdocs\joyku\Core\Runtime\Cache\public\fee3622c9b8f266e95236fa7dbcf5c6f.php 第 367 行.
NOTIC: [8] Use of undefined constant appid - assumed 'appid' D:\APMServ5.2.6\www\htdocs\joyku\Core\Runtime\Cache\public\fee3622c9b8f266e95236fa7dbcf5c6f.php 第 371 行.
NOTIC: [8] Use of undefined constant title - assumed 'title' D:\APMServ5.2.6\www\htdocs\joyku\Core\Runtime\Cache\public\fee3622c9b8f266e95236fa7dbcf5c6f.php 第 371 行.
NOTIC: [8] Use of undefined constant count_down - assumed 'count_down' D:\APMServ5.2.6\www\htdocs\joyku\Core\Runtime\Cache\public\fee3622c9b8f266e95236fa7dbcf5c6f.php 第 373 行.
NOTIC: [8] Use of undefined constant cate - assumed 'cate' D:\APMServ5.2.6\www\htdocs\joyku\Core\Runtime\Cache\public\fee3622c9b8f266e95236fa7dbcf5c6f.php 第 373 行.
NOTIC: [8] Use of undefined constant catename - assumed 'catename' D:\APMServ5.2.6\www\htdocs\joyku\Core\Runtime\Cache\public\fee3622c9b8f266e95236fa7dbcf5c6f.php 第 373 行.
NOTIC: [8] Use of undefined constant groupid - assumed 'groupid' D:\APMServ5.2.6\www\htdocs\joyku\Core\Runtime\Cache\public\fee3622c9b8f266e95236fa7dbcf5c6f.php 第 382 行.
NOTIC: [8] Use of undefined constant groupname - assumed 'groupname' D:\APMServ5.2.6\www\htdocs\joyku\Core\Runtime\Cache\public\fee3622c9b8f266e95236fa7dbcf5c6f.php 第 382 行.
NOTIC: [8] Use of undefined constant count_user - assumed 'count_user' D:\APMServ5.2.6\www\htdocs\joyku\Core\Runtime\Cache\public\fee3622c9b8f266e95236fa7dbcf5c6f.php 第 382 行.
NOTIC: [8] Use of undefined constant uptime - assumed 'uptime' D:\APMServ5.2.6\www\htdocs\joyku\Core\Runtime\Cache\public\fee3622c9b8f266e95236fa7dbcf5c6f.php 第 382 行.
NOTIC: [8] Use of undefined constant groupid - assumed 'groupid' D:\APMServ5.2.6\www\htdocs\joyku\Core\Runtime\Cache\public\fee3622c9b8f266e95236fa7dbcf5c6f.php 第 382 行.
NOTIC: [8] Use of undefined constant groupname - assumed 'groupname' D:\APMServ5.2.6\www\htdocs\joyku\Core\Runtime\Cache\public\fee3622c9b8f266e95236fa7dbcf5c6f.php 第 382 行.
NOTIC: [8] Use of undefined constant count_user - assumed 'count_user' D:\APMServ5.2.6\www\htdocs\joyku\Core\Runtime\Cache\public\fee3622c9b8f266e95236fa7dbcf5c6f.php 第 382 行.
NOTIC: [8] Use of undefined constant uptime - assumed 'uptime' D:\APMServ5.2.6\www\htdocs\joyku\Core\Runtime\Cache\public\fee3622c9b8f266e95236fa7dbcf5c6f.php 第 382 行.
NOTIC: [8] Use of undefined constant groupid - assumed 'groupid' D:\APMServ5.2.6\www\htdocs\joyku\Core\Runtime\Cache\public\fee3622c9b8f266e95236fa7dbcf5c6f.php 第 382 行.
NOTIC: [8] Use of undefined constant groupname - assumed 'groupname' D:\APMServ5.2.6\www\htdocs\joyku\Core\Runtime\Cache\public\fee3622c9b8f266e95236fa7dbcf5c6f.php 第 382 行.
NOTIC: [8] Use of undefined constant count_user - assumed 'count_user' D:\APMServ5.2.6\www\htdocs\joyku\Core\Runtime\Cache\public\fee3622c9b8f266e95236fa7dbcf5c6f.php 第 382 行.
NOTIC: [8] Use of undefined constant uptime - assumed 'uptime' D:\APMServ5.2.6\www\htdocs\joyku\Core\Runtime\Cache\public\fee3622c9b8f266e95236fa7dbcf5c6f.php 第 382 行.
NOTIC: [8] Use of undefined constant groupid - assumed 'groupid' D:\APMServ5.2.6\www\htdocs\joyku\Core\Runtime\Cache\public\fee3622c9b8f266e95236fa7dbcf5c6f.php 第 382 行.
NOTIC: [8] Use of undefined constant groupname - assumed 'groupname' D:\APMServ5.2.6\www\htdocs\joyku\Core\Runtime\Cache\public\fee3622c9b8f266e95236fa7dbcf5c6f.php 第 382 行.
NOTIC: [8] Use of undefined constant count_user - assumed 'count_user' D:\APMServ5.2.6\www\htdocs\joyku\Core\Runtime\Cache\public\fee3622c9b8f266e95236fa7dbcf5c6f.php 第 382 行.
NOTIC: [8] Use of undefined constant uptime - assumed 'uptime' D:\APMServ5.2.6\www\htdocs\joyku\Core\Runtime\Cache\public\fee3622c9b8f266e95236fa7dbcf5c6f.php 第 382 行.
NOTIC: [8] Use of undefined constant itemid - assumed 'itemid' D:\APMServ5.2.6\www\htdocs\joyku\Core\Runtime\Cache\public\fee3622c9b8f266e95236fa7dbcf5c6f.php 第 387 行.
NOTIC: [8] Use of undefined constant title - assumed 'title' D:\APMServ5.2.6\www\htdocs\joyku\Core\Runtime\Cache\public\fee3622c9b8f266e95236fa7dbcf5c6f.php 第 387 行.
NOTIC: [8] Use of undefined constant itemid - assumed 'itemid' D:\APMServ5.2.6\www\htdocs\joyku\Core\Runtime\Cache\public\fee3622c9b8f266e95236fa7dbcf5c6f.php 第 387 行.
NOTIC: [8] Use of undefined constant title - assumed 'title' D:\APMServ5.2.6\www\htdocs\joyku\Core\Runtime\Cache\public\fee3622c9b8f266e95236fa7dbcf5c6f.php 第 387 行.
NOTIC: [8] Use of undefined constant itemid - assumed 'itemid' D:\APMServ5.2.6\www\htdocs\joyku\Core\Runtime\Cache\public\fee3622c9b8f266e95236fa7dbcf5c6f.php 第 387 行.
NOTIC: [8] Use of undefined constant title - assumed 'title' D:\APMServ5.2.6\www\htdocs\joyku\Core\Runtime\Cache\public\fee3622c9b8f266e95236fa7dbcf5c6f.php 第 387 行.
NOTIC: [8] Use of undefined constant itemid - assumed 'itemid' D:\APMServ5.2.6\www\htdocs\joyku\Core\Runtime\Cache\public\fee3622c9b8f266e95236fa7dbcf5c6f.php 第 387 行.
NOTIC: [8] Use of undefined constant title - assumed 'title' D:\APMServ5.2.6\www\htdocs\joyku\Core\Runtime\Cache\public\fee3622c9b8f266e95236fa7dbcf5c6f.php 第 387 行.
NOTIC: [8] Use of undefined constant itemid - assumed 'itemid' D:\APMServ5.2.6\www\htdocs\joyku\Core\Runtime\Cache\public\fee3622c9b8f266e95236fa7dbcf5c6f.php 第 387 行.
NOTIC: [8] Use of undefined constant title - assumed 'title' D:\APMServ5.2.6\www\htdocs\joyku\Core\Runtime\Cache\public\fee3622c9b8f266e95236fa7dbcf5c6f.php 第 387 行.
NOTIC: [8] Use of undefined constant itemid - assumed 'itemid' D:\APMServ5.2.6\www\htdocs\joyku\Core\Runtime\Cache\public\fee3622c9b8f266e95236fa7dbcf5c6f.php 第 387 行.
NOTIC: [8] Use of undefined constant title - assumed 'title' D:\APMServ5.2.6\www\htdocs\joyku\Core\Runtime\Cache\public\fee3622c9b8f266e95236fa7dbcf5c6f.php 第 387 行.
NOTIC: [8] Use of undefined constant itemid - assumed 'itemid' D:\APMServ5.2.6\www\htdocs\joyku\Core\Runtime\Cache\public\fee3622c9b8f266e95236fa7dbcf5c6f.php 第 387 行.
NOTIC: [8] Use of undefined constant title - assumed 'title' D:\APMServ5.2.6\www\htdocs\joyku\Core\Runtime\Cache\public\fee3622c9b8f266e95236fa7dbcf5c6f.php 第 387 行.
NOTIC: [8] Use of undefined constant itemid - assumed 'itemid' D:\APMServ5.2.6\www\htdocs\joyku\Core\Runtime\Cache\public\fee3622c9b8f266e95236fa7dbcf5c6f.php 第 387 行.
NOTIC: [8] Use of undefined constant title - assumed 'title' D:\APMServ5.2.6\www\htdocs\joyku\Core\Runtime\Cache\public\fee3622c9b8f266e95236fa7dbcf5c6f.php 第 387 行.
INFO: Run ParseTemplate Behavior [ RunTime:0.112792s ]
INFO: [ view_parse ] --END-- [ RunTime:0.112916s ]
INFO: [ view_filter ] --START--
INFO: Run ContentReplace Behavior [ RunTime:0.001676s ]
INFO: Run TokenBuild Behavior [ RunTime:0.001385s ]
INFO: Run WriteHtmlCache Behavior [ RunTime:0.001481s ]
INFO: Run ShowRuntime Behavior [ RunTime:0.001371s ]
INFO: Run content_replace Behavior [ RunTime:0.003856s ]
INFO: [ view_filter ] --END-- [ RunTime:0.010170s ]
INFO: [ view_end ] --START--
INFO: Run ShowPageTrace Behavior [ RunTime:0.001414s ]
INFO: [ view_end ] --END-- [ RunTime:0.001534s ]

[ 2013-07-30T16:48:22+08:00 ] 127.0.0.1 /joyku/index.php/public/user/ajaxregister
INFO: [ route_check ] --START--
INFO: Run CheckRoute Behavior [ RunTime:0.000575s ]
INFO: [ route_check ] --END-- [ RunTime:0.000750s ]
INFO: [ app_begin ] --START--
INFO: Run ReadHtmlCache Behavior [ RunTime:0.000389s ]
INFO: Run load_lang Behavior [ RunTime:0.001608s ]
INFO: [ app_begin ] --END-- [ RunTime:0.002181s ]
SQL: SHOW COLUMNS FROM `ik_message` [ RunTime:0.003793s ]
SQL: SELECT COUNT(*) AS tp_count FROM `ik_message` WHERE ( `touserid` = null ) AND ( `isread` = 0 ) AND ( `isinbox` = 0 ) LIMIT 1   [ RunTime:0.001162s ]
SQL: SELECT COUNT(*) AS count FROM ik_user_online WHERE `ctime` > 1375173202 [ RunTime:0.000419s ]
SQL: SHOW COLUMNS FROM `ik_app` [ RunTime:0.004137s ]
SQL: SELECT `app_name`,`app_alias`,`app_entry` FROM `ik_app` WHERE ( `status` = 1 ) ORDER BY display_order asc  [ RunTime:0.001179s ]
SQL: SELECT `app_name`,`app_alias`,`app_entry` FROM `ik_app` WHERE ( `status` = 1 ) ORDER BY display_order asc  [ RunTime:0.000506s ]
SQL: SELECT * FROM `ik_app` WHERE ( `app_name` = 'public' ) LIMIT 1   [ RunTime:0.000472s ]
SQL: SHOW COLUMNS FROM `ik_user` [ RunTime:0.004147s ]
SQL: SELECT COUNT(*) AS tp_count FROM `ik_user` LIMIT 1   [ RunTime:0.000954s ]
INFO: [ view_template ] --START--
INFO: Run LocationTemplate Behavior [ RunTime:0.002912s ]
INFO: [ view_template ] --END-- [ RunTime:0.003032s ]
INFO: [ view_parse ] --START--
INFO: Run ParseTemplate Behavior [ RunTime:0.020559s ]
INFO: [ view_parse ] --END-- [ RunTime:0.020686s ]
INFO: [ view_filter ] --START--
INFO: Run ContentReplace Behavior [ RunTime:0.001551s ]
INFO: Run TokenBuild Behavior [ RunTime:0.001351s ]
INFO: Run WriteHtmlCache Behavior [ RunTime:0.001248s ]
INFO: Run ShowRuntime Behavior [ RunTime:0.001344s ]
INFO: Run content_replace Behavior [ RunTime:0.003492s ]
INFO: [ view_filter ] --END-- [ RunTime:0.009383s ]
INFO: [ view_end ] --START--
INFO: Run ShowPageTrace Behavior [ RunTime:0.001423s ]
INFO: [ view_end ] --END-- [ RunTime:0.001576s ]

[ 2013-07-30T16:48:23+08:00 ] 127.0.0.1 /joyku/index.php/public/user/captcha
INFO: [ route_check ] --START--
INFO: Run CheckRoute Behavior [ RunTime:0.000591s ]
INFO: [ route_check ] --END-- [ RunTime:0.000727s ]
INFO: [ app_begin ] --START--
INFO: Run ReadHtmlCache Behavior [ RunTime:0.000370s ]
INFO: Run load_lang Behavior [ RunTime:0.001664s ]
INFO: [ app_begin ] --END-- [ RunTime:0.002219s ]
SQL: SHOW COLUMNS FROM `ik_message` [ RunTime:0.004145s ]
SQL: SELECT COUNT(*) AS tp_count FROM `ik_message` WHERE ( `touserid` = null ) AND ( `isread` = 0 ) AND ( `isinbox` = 0 ) LIMIT 1   [ RunTime:0.001283s ]
SQL: SELECT COUNT(*) AS count FROM ik_user_online WHERE `ctime` > 1375173203 [ RunTime:0.000403s ]
SQL: SHOW COLUMNS FROM `ik_app` [ RunTime:0.004039s ]
SQL: SELECT `app_name`,`app_alias`,`app_entry` FROM `ik_app` WHERE ( `status` = 1 ) ORDER BY display_order asc  [ RunTime:0.001158s ]
SQL: SELECT `app_name`,`app_alias`,`app_entry` FROM `ik_app` WHERE ( `status` = 1 ) ORDER BY display_order asc  [ RunTime:0.000474s ]
SQL: SELECT * FROM `ik_app` WHERE ( `app_name` = 'public' ) LIMIT 1   [ RunTime:0.000483s ]
SQL: SHOW COLUMNS FROM `ik_user` [ RunTime:0.004159s ]
NOTIC: [8] Undefined index:  width D:\APMServ5.2.6\www\htdocs\joyku\ThinkPHP\Extend\Library\ORG\Util\Captcha.class.php 第 28 行.
NOTIC: [8] Undefined index:  height D:\APMServ5.2.6\www\htdocs\joyku\ThinkPHP\Extend\Library\ORG\Util\Captcha.class.php 第 29 行.

