[ 2013-07-06T14:31:37+08:00 ] 127.0.0.1 /joyku/index.php?app=admin&m=public
INFO: [ app_begin ] --START--
INFO: Run ReadHtmlCache Behavior [ RunTime:0.025150s ]
INFO: Run load_lang Behavior [ RunTime:0.054378s ]
INFO: [ app_begin ] --END-- [ RunTime:0.079761s ]
ERR: 非法操作:index

[ 2013-07-06T14:31:42+08:00 ] 127.0.0.1 /joyku/index.php?app=admin
INFO: [ app_begin ] --START--
INFO: Run ReadHtmlCache Behavior [ RunTime:0.001332s ]
INFO: Run load_lang Behavior [ RunTime:0.003073s ]
INFO: [ app_begin ] --END-- [ RunTime:0.004599s ]
SQL: SHOW COLUMNS FROM `ik_app` [ RunTime:0.065613s ]
SQL: SELECT `app_name`,`app_alias`,`admin_entry` FROM `ik_app` ORDER BY display_order asc  [ RunTime:0.001163s ]
INFO: [ view_template ] --START--
INFO: Run LocationTemplate Behavior [ RunTime:0.035378s ]
INFO: [ view_template ] --END-- [ RunTime:0.035499s ]
INFO: [ view_parse ] --START--
NOTIC: [8] Use of undefined constant app_name - assumed 'app_name' D:\APMServ5.2.6\www\htdocs\joyku\Core\Runtime\Cache\admin\599a9a2499051b068f5610d6e61d6336.php 第 99 行.
NOTIC: [8] Use of undefined constant app_alias - assumed 'app_alias' D:\APMServ5.2.6\www\htdocs\joyku\Core\Runtime\Cache\admin\599a9a2499051b068f5610d6e61d6336.php 第 99 行.
NOTIC: [8] Use of undefined constant app_name - assumed 'app_name' D:\APMServ5.2.6\www\htdocs\joyku\Core\Runtime\Cache\admin\599a9a2499051b068f5610d6e61d6336.php 第 99 行.
NOTIC: [8] Use of undefined constant app_alias - assumed 'app_alias' D:\APMServ5.2.6\www\htdocs\joyku\Core\Runtime\Cache\admin\599a9a2499051b068f5610d6e61d6336.php 第 99 行.
NOTIC: [8] Use of undefined constant app_name - assumed 'app_name' D:\APMServ5.2.6\www\htdocs\joyku\Core\Runtime\Cache\admin\599a9a2499051b068f5610d6e61d6336.php 第 99 行.
NOTIC: [8] Use of undefined constant app_alias - assumed 'app_alias' D:\APMServ5.2.6\www\htdocs\joyku\Core\Runtime\Cache\admin\599a9a2499051b068f5610d6e61d6336.php 第 99 行.
NOTIC: [8] Use of undefined constant app_name - assumed 'app_name' D:\APMServ5.2.6\www\htdocs\joyku\Core\Runtime\Cache\admin\599a9a2499051b068f5610d6e61d6336.php 第 99 行.
NOTIC: [8] Use of undefined constant app_alias - assumed 'app_alias' D:\APMServ5.2.6\www\htdocs\joyku\Core\Runtime\Cache\admin\599a9a2499051b068f5610d6e61d6336.php 第 99 行.
NOTIC: [8] Use of undefined constant app_name - assumed 'app_name' D:\APMServ5.2.6\www\htdocs\joyku\Core\Runtime\Cache\admin\599a9a2499051b068f5610d6e61d6336.php 第 99 行.
NOTIC: [8] Use of undefined constant app_alias - assumed 'app_alias' D:\APMServ5.2.6\www\htdocs\joyku\Core\Runtime\Cache\admin\599a9a2499051b068f5610d6e61d6336.php 第 99 行.
INFO: Run ParseTemplate Behavior [ RunTime:0.075403s ]
INFO: [ view_parse ] --END-- [ RunTime:0.075509s ]
INFO: [ view_filter ] --START--
INFO: Run ContentReplace Behavior [ RunTime:0.007893s ]
INFO: Run TokenBuild Behavior [ RunTime:0.003632s ]
INFO: Run WriteHtmlCache Behavior [ RunTime:0.009039s ]
INFO: Run ShowRuntime Behavior [ RunTime:0.002322s ]
INFO: Run content_replace Behavior [ RunTime:0.038842s ]
INFO: [ view_filter ] --END-- [ RunTime:0.062150s ]
INFO: [ view_end ] --START--
INFO: Run ShowPageTrace Behavior [ RunTime:0.017900s ]
INFO: [ view_end ] --END-- [ RunTime:0.018009s ]

[ 2013-07-06T14:31:42+08:00 ] 127.0.0.1 /joyku/index.php/admin/index/main
INFO: [ route_check ] --START--
INFO: Run CheckRoute Behavior [ RunTime:0.005932s ]
INFO: [ route_check ] --END-- [ RunTime:0.006086s ]
INFO: [ app_begin ] --START--
INFO: Run ReadHtmlCache Behavior [ RunTime:0.001358s ]
INFO: Run load_lang Behavior [ RunTime:0.003816s ]
INFO: [ app_begin ] --END-- [ RunTime:0.005395s ]
SQL: SHOW COLUMNS FROM `ik_app` [ RunTime:0.004006s ]
SQL: SELECT `app_name`,`app_alias`,`admin_entry` FROM `ik_app` ORDER BY display_order asc  [ RunTime:0.001112s ]
NOTIC: [8] Use of undefined constant gd_info - assumed 'gd_info' D:\APMServ5.2.6\www\htdocs\joyku\Core\Apps\admin\Action\indexAction.class.php 第 52 行.
NOTIC: [8] Use of undefined constant HTTP_ACCEPT_LANGUAGE - assumed 'HTTP_ACCEPT_LANGUAGE' D:\APMServ5.2.6\www\htdocs\joyku\Core\Apps\admin\Action\indexAction.class.php 第 64 行.
NOTIC: [8] Use of undefined constant DOCUMENT_ROOT - assumed 'DOCUMENT_ROOT' D:\APMServ5.2.6\www\htdocs\joyku\Core\Apps\admin\Action\indexAction.class.php 第 66 行.
NOTIC: [8] Use of undefined constant HTTP_ACCEPT_ENCODING - assumed 'HTTP_ACCEPT_ENCODING' D:\APMServ5.2.6\www\htdocs\joyku\Core\Apps\admin\Action\indexAction.class.php 第 70 行.
INFO: [ view_template ] --START--
INFO: Run LocationTemplate Behavior [ RunTime:0.002312s ]
INFO: [ view_template ] --END-- [ RunTime:0.002419s ]
INFO: [ view_parse ] --START--
INFO: Run ParseTemplate Behavior [ RunTime:0.035802s ]
INFO: [ view_parse ] --END-- [ RunTime:0.035939s ]
INFO: [ view_filter ] --START--
INFO: Run ContentReplace Behavior [ RunTime:0.001383s ]
INFO: Run TokenBuild Behavior [ RunTime:0.001296s ]
INFO: Run WriteHtmlCache Behavior [ RunTime:0.001214s ]
INFO: Run ShowRuntime Behavior [ RunTime:0.001358s ]
INFO: Run content_replace Behavior [ RunTime:0.003078s ]
INFO: [ view_filter ] --END-- [ RunTime:0.008678s ]
INFO: [ view_end ] --START--
INFO: Run ShowPageTrace Behavior [ RunTime:0.001293s ]
INFO: [ view_end ] --END-- [ RunTime:0.001386s ]

[ 2013-07-06T14:31:42+08:00 ] 127.0.0.1 /joyku/index.php/admin/index/left
INFO: [ route_check ] --START--
INFO: Run CheckRoute Behavior [ RunTime:0.005840s ]
INFO: [ route_check ] --END-- [ RunTime:0.005997s ]
INFO: [ app_begin ] --START--
INFO: Run ReadHtmlCache Behavior [ RunTime:0.001481s ]
INFO: Run load_lang Behavior [ RunTime:0.002885s ]
INFO: [ app_begin ] --END-- [ RunTime:0.004579s ]
SQL: SHOW COLUMNS FROM `ik_app` [ RunTime:0.004117s ]
SQL: SELECT `app_name`,`app_alias`,`admin_entry` FROM `ik_app` ORDER BY display_order asc  [ RunTime:0.001061s ]
NOTIC: 建议使用I方法替代_get
INFO: [ view_template ] --START--
INFO: Run LocationTemplate Behavior [ RunTime:0.015222s ]
INFO: [ view_template ] --END-- [ RunTime:0.015349s ]
INFO: [ view_parse ] --START--
INFO: Run ParseTemplate Behavior [ RunTime:0.048243s ]
INFO: [ view_parse ] --END-- [ RunTime:0.048387s ]
INFO: [ view_filter ] --START--
INFO: Run ContentReplace Behavior [ RunTime:0.000943s ]
INFO: Run TokenBuild Behavior [ RunTime:0.000833s ]
INFO: Run WriteHtmlCache Behavior [ RunTime:0.000936s ]
INFO: Run ShowRuntime Behavior [ RunTime:0.000848s ]
INFO: Run content_replace Behavior [ RunTime:0.002826s ]
INFO: [ view_filter ] --END-- [ RunTime:0.006755s ]
INFO: [ view_end ] --START--
INFO: Run ShowPageTrace Behavior [ RunTime:0.000846s ]
INFO: [ view_end ] --END-- [ RunTime:0.000932s ]

[ 2013-07-06T14:31:48+08:00 ] 127.0.0.1 /joyku/index.php/admin/public/logout
INFO: [ route_check ] --START--
INFO: Run CheckRoute Behavior [ RunTime:0.005478s ]
INFO: [ route_check ] --END-- [ RunTime:0.005660s ]
INFO: [ app_begin ] --START--
INFO: Run ReadHtmlCache Behavior [ RunTime:0.000866s ]
INFO: Run load_lang Behavior [ RunTime:0.002332s ]
INFO: [ app_begin ] --END-- [ RunTime:0.003399s ]
INFO: [ view_template ] --START--
INFO: Run LocationTemplate Behavior [ RunTime:0.002067s ]
INFO: [ view_template ] --END-- [ RunTime:0.002231s ]
INFO: [ view_parse ] --START--
NOTIC: [8] Undefined variable: ikphp D:\APMServ5.2.6\www\htdocs\joyku\Core\Runtime\Cache\admin\bf98e66a2ff94804ad17dc4d98c1dd72.php 第 6 行.
NOTIC: [8] Undefined variable: title D:\APMServ5.2.6\www\htdocs\joyku\Core\Runtime\Cache\admin\bf98e66a2ff94804ad17dc4d98c1dd72.php 第 7 行.
INFO: Run ParseTemplate Behavior [ RunTime:0.054176s ]
INFO: [ view_parse ] --END-- [ RunTime:0.054281s ]
INFO: [ view_filter ] --START--
INFO: Run ContentReplace Behavior [ RunTime:0.000977s ]
INFO: Run TokenBuild Behavior [ RunTime:0.000828s ]
INFO: Run WriteHtmlCache Behavior [ RunTime:0.000766s ]
INFO: Run ShowRuntime Behavior [ RunTime:0.000857s ]
NOTIC: [8] Undefined variable: sitecss D:\APMServ5.2.6\www\htdocs\joyku\Core\Lib\Behavior\content_replaceBehavior.class.php 第 45 行.
INFO: Run content_replace Behavior [ RunTime:0.002921s ]
INFO: [ view_filter ] --END-- [ RunTime:0.006714s ]
INFO: [ view_end ] --START--
INFO: Run ShowPageTrace Behavior [ RunTime:0.000864s ]
INFO: [ view_end ] --END-- [ RunTime:0.000963s ]

[ 2013-07-06T14:31:51+08:00 ] 127.0.0.1 /joyku/index.php?app=admin
INFO: [ app_begin ] --START--
INFO: Run ReadHtmlCache Behavior [ RunTime:0.000589s ]
INFO: Run load_lang Behavior [ RunTime:0.001692s ]
INFO: [ app_begin ] --END-- [ RunTime:0.002516s ]

[ 2013-07-06T14:31:51+08:00 ] 127.0.0.1 /joyku/index.php?app=admin&m=public&a=login
INFO: [ app_begin ] --START--
INFO: Run ReadHtmlCache Behavior [ RunTime:0.000349s ]
INFO: Run load_lang Behavior [ RunTime:0.001571s ]
INFO: [ app_begin ] --END-- [ RunTime:0.002098s ]
INFO: [ view_template ] --START--
INFO: Run LocationTemplate Behavior [ RunTime:0.001050s ]
INFO: [ view_template ] --END-- [ RunTime:0.001168s ]
INFO: [ view_parse ] --START--
NOTIC: [8] Undefined variable: site_title D:\APMServ5.2.6\www\htdocs\joyku\Core\Runtime\Cache\admin\faad89492273e792b4af225b4821bf5d.php 第 5 行.
INFO: Run ParseTemplate Behavior [ RunTime:0.112428s ]
INFO: [ view_parse ] --END-- [ RunTime:0.112551s ]
INFO: [ view_filter ] --START--
INFO: Run ContentReplace Behavior [ RunTime:0.000424s ]
INFO: Run TokenBuild Behavior [ RunTime:0.000350s ]
INFO: Run WriteHtmlCache Behavior [ RunTime:0.000263s ]
INFO: Run ShowRuntime Behavior [ RunTime:0.000337s ]
NOTIC: [8] Undefined variable: sitecss D:\APMServ5.2.6\www\htdocs\joyku\Core\Lib\Behavior\content_replaceBehavior.class.php 第 45 行.
INFO: Run content_replace Behavior [ RunTime:0.001869s ]
INFO: [ view_filter ] --END-- [ RunTime:0.003565s ]
INFO: [ view_end ] --START--
INFO: Run ShowPageTrace Behavior [ RunTime:0.000357s ]
INFO: [ view_end ] --END-- [ RunTime:0.000444s ]

