[ 2013-06-07T09:12:58+08:00 ] 127.0.0.1 /joyku/index.php?app=develop&m=index&a=applist&p=1
NOTIC: 建议使用I方法替代_get
NOTIC: 建议使用I方法替代_get

[ 2013-06-07T09:13:01+08:00 ] 127.0.0.1 /joyku/index.php?app=develop&m=index&a=vote&id=3
INFO: [ app_begin ] --START--
INFO: Run ReadHtmlCache Behavior [ RunTime:0.000392s ]
INFO: Run load_lang Behavior [ RunTime:0.001832s ]
INFO: [ app_begin ] --END-- [ RunTime:0.002393s ]
SQL: SHOW COLUMNS FROM `ik_message` [ RunTime:0.003759s ]
SQL: SELECT COUNT(*) AS tp_count FROM `ik_message` WHERE ( `touserid` = 1 ) AND ( `isread` = 0 ) AND ( `isinbox` = 0 ) LIMIT 1   [ RunTime:0.001169s ]
SQL: SELECT COUNT(*) AS count FROM ik_user_online WHERE `ctime` > 1370566681 [ RunTime:0.000478s ]
SQL: SHOW COLUMNS FROM `ik_app` [ RunTime:0.004007s ]
SQL: SELECT `app_name`,`app_alias`,`app_entry` FROM `ik_app` WHERE ( `status` = 1 ) ORDER BY display_order asc  [ RunTime:0.001120s ]
SQL: SELECT * FROM `ik_app` WHERE ( `app_name` = 'develop' ) LIMIT 1   [ RunTime:0.000500s ]
SQL: SHOW COLUMNS FROM `ik_user` [ RunTime:0.004151s ]
SQL: SHOW COLUMNS FROM `ik_images` [ RunTime:0.003798s ]
SQL: SHOW COLUMNS FROM `ik_develop` [ RunTime:0.004039s ]
SQL: SHOW COLUMNS FROM `ik_develop_cate` [ RunTime:0.003629s ]
SQL: SHOW COLUMNS FROM `ik_develop_comments` [ RunTime:0.004046s ]
SQL: SHOW COLUMNS FROM `ik_develop_down` [ RunTime:0.004618s ]
NOTIC: 建议使用I方法替代_get
SQL: SHOW COLUMNS FROM `ik_develop_vote` [ RunTime:0.004057s ]
SQL: SELECT COUNT(*) AS tp_count FROM `ik_develop_vote` WHERE ( `userid` = 1 ) AND ( `appid` = 3 ) LIMIT 1   [ RunTime:0.001158s ]
SQL: DELETE FROM `ik_develop_vote` WHERE ( `userid` = 1 ) AND ( `appid` = 3 ) [ RunTime:0.000523s ]
SQL: UPDATE `ik_develop` SET `count_vote`=count_vote-1 WHERE ( `appid` = 3 ) [ RunTime:0.000505s ]
SQL: SELECT `count_vote` FROM `ik_develop` WHERE ( `appid` = 3 ) LIMIT 1   [ RunTime:0.000468s ]

[ 2013-06-07T09:13:02+08:00 ] 127.0.0.1 /joyku/index.php?app=develop&m=index&a=vote&id=3
INFO: [ app_begin ] --START--
INFO: Run ReadHtmlCache Behavior [ RunTime:0.000507s ]
INFO: Run load_lang Behavior [ RunTime:0.001872s ]
INFO: [ app_begin ] --END-- [ RunTime:0.002562s ]
SQL: SHOW COLUMNS FROM `ik_message` [ RunTime:0.003802s ]
SQL: SELECT COUNT(*) AS tp_count FROM `ik_message` WHERE ( `touserid` = 1 ) AND ( `isread` = 0 ) AND ( `isinbox` = 0 ) LIMIT 1   [ RunTime:0.001162s ]
SQL: SELECT COUNT(*) AS count FROM ik_user_online WHERE `ctime` > 1370566682 [ RunTime:0.000484s ]
SQL: SHOW COLUMNS FROM `ik_app` [ RunTime:0.004120s ]
SQL: SELECT `app_name`,`app_alias`,`app_entry` FROM `ik_app` WHERE ( `status` = 1 ) ORDER BY display_order asc  [ RunTime:0.001098s ]
SQL: SELECT * FROM `ik_app` WHERE ( `app_name` = 'develop' ) LIMIT 1   [ RunTime:0.000482s ]
SQL: SHOW COLUMNS FROM `ik_user` [ RunTime:0.004184s ]
SQL: SHOW COLUMNS FROM `ik_images` [ RunTime:0.003811s ]
SQL: SHOW COLUMNS FROM `ik_develop` [ RunTime:0.003993s ]
SQL: SHOW COLUMNS FROM `ik_develop_cate` [ RunTime:0.003668s ]
SQL: SHOW COLUMNS FROM `ik_develop_comments` [ RunTime:0.003721s ]
SQL: SHOW COLUMNS FROM `ik_develop_down` [ RunTime:0.004542s ]
NOTIC: 建议使用I方法替代_get
SQL: SHOW COLUMNS FROM `ik_develop_vote` [ RunTime:0.004120s ]
SQL: SELECT COUNT(*) AS tp_count FROM `ik_develop_vote` WHERE ( `userid` = 1 ) AND ( `appid` = 3 ) LIMIT 1   [ RunTime:0.001167s ]
SQL: INSERT INTO `ik_develop_vote` (`userid`,`appid`,`addtime`) VALUES (1,3,1370567582) [ RunTime:0.000384s ]
SQL: UPDATE `ik_develop` SET `count_vote`=count_vote+1 WHERE ( `appid` = 3 ) [ RunTime:0.000476s ]
SQL: SELECT `count_vote` FROM `ik_develop` WHERE ( `appid` = 3 ) LIMIT 1   [ RunTime:0.000452s ]

[ 2013-06-07T09:13:02+08:00 ] 127.0.0.1 /joyku/index.php?app=develop&m=index&a=vote&id=3
INFO: [ app_begin ] --START--
INFO: Run ReadHtmlCache Behavior [ RunTime:0.000352s ]
INFO: Run load_lang Behavior [ RunTime:0.001820s ]
INFO: [ app_begin ] --END-- [ RunTime:0.002337s ]
SQL: SHOW COLUMNS FROM `ik_message` [ RunTime:0.003958s ]
SQL: SELECT COUNT(*) AS tp_count FROM `ik_message` WHERE ( `touserid` = 1 ) AND ( `isread` = 0 ) AND ( `isinbox` = 0 ) LIMIT 1   [ RunTime:0.001255s ]
SQL: SELECT COUNT(*) AS count FROM ik_user_online WHERE `ctime` > 1370566682 [ RunTime:0.000475s ]
SQL: SHOW COLUMNS FROM `ik_app` [ RunTime:0.003989s ]
SQL: SELECT `app_name`,`app_alias`,`app_entry` FROM `ik_app` WHERE ( `status` = 1 ) ORDER BY display_order asc  [ RunTime:0.001117s ]
SQL: SELECT * FROM `ik_app` WHERE ( `app_name` = 'develop' ) LIMIT 1   [ RunTime:0.000468s ]
SQL: SHOW COLUMNS FROM `ik_user` [ RunTime:0.004198s ]
SQL: SHOW COLUMNS FROM `ik_images` [ RunTime:0.003790s ]
SQL: SHOW COLUMNS FROM `ik_develop` [ RunTime:0.004049s ]
SQL: SHOW COLUMNS FROM `ik_develop_cate` [ RunTime:0.003648s ]
SQL: SHOW COLUMNS FROM `ik_develop_comments` [ RunTime:0.003665s ]
SQL: SHOW COLUMNS FROM `ik_develop_down` [ RunTime:0.004433s ]
NOTIC: 建议使用I方法替代_get
SQL: SHOW COLUMNS FROM `ik_develop_vote` [ RunTime:0.004112s ]
SQL: SELECT COUNT(*) AS tp_count FROM `ik_develop_vote` WHERE ( `userid` = 1 ) AND ( `appid` = 3 ) LIMIT 1   [ RunTime:0.001156s ]
SQL: DELETE FROM `ik_develop_vote` WHERE ( `userid` = 1 ) AND ( `appid` = 3 ) [ RunTime:0.000496s ]
SQL: UPDATE `ik_develop` SET `count_vote`=count_vote-1 WHERE ( `appid` = 3 ) [ RunTime:0.000527s ]
SQL: SELECT `count_vote` FROM `ik_develop` WHERE ( `appid` = 3 ) LIMIT 1   [ RunTime:0.000495s ]

[ 2013-06-07T09:13:03+08:00 ] 127.0.0.1 /joyku/index.php?app=develop&m=index&a=vote&id=3
INFO: [ app_begin ] --START--
INFO: Run ReadHtmlCache Behavior [ RunTime:0.000372s ]
INFO: Run load_lang Behavior [ RunTime:0.001804s ]
INFO: [ app_begin ] --END-- [ RunTime:0.002340s ]
SQL: SHOW COLUMNS FROM `ik_message` [ RunTime:0.003775s ]
SQL: SELECT COUNT(*) AS tp_count FROM `ik_message` WHERE ( `touserid` = 1 ) AND ( `isread` = 0 ) AND ( `isinbox` = 0 ) LIMIT 1   [ RunTime:0.001161s ]
SQL: SELECT COUNT(*) AS count FROM ik_user_online WHERE `ctime` > 1370566683 [ RunTime:0.000464s ]
SQL: SHOW COLUMNS FROM `ik_app` [ RunTime:0.004046s ]
SQL: SELECT `app_name`,`app_alias`,`app_entry` FROM `ik_app` WHERE ( `status` = 1 ) ORDER BY display_order asc  [ RunTime:0.001114s ]
SQL: SELECT * FROM `ik_app` WHERE ( `app_name` = 'develop' ) LIMIT 1   [ RunTime:0.000474s ]
SQL: SHOW COLUMNS FROM `ik_user` [ RunTime:0.004183s ]
SQL: SHOW COLUMNS FROM `ik_images` [ RunTime:0.003924s ]
SQL: SHOW COLUMNS FROM `ik_develop` [ RunTime:0.003962s ]
SQL: SHOW COLUMNS FROM `ik_develop_cate` [ RunTime:0.003600s ]
SQL: SHOW COLUMNS FROM `ik_develop_comments` [ RunTime:0.003635s ]
SQL: SHOW COLUMNS FROM `ik_develop_down` [ RunTime:0.004671s ]
NOTIC: 建议使用I方法替代_get
SQL: SHOW COLUMNS FROM `ik_develop_vote` [ RunTime:0.004228s ]
SQL: SELECT COUNT(*) AS tp_count FROM `ik_develop_vote` WHERE ( `userid` = 1 ) AND ( `appid` = 3 ) LIMIT 1   [ RunTime:0.001159s ]
SQL: INSERT INTO `ik_develop_vote` (`userid`,`appid`,`addtime`) VALUES (1,3,1370567583) [ RunTime:0.000366s ]
SQL: UPDATE `ik_develop` SET `count_vote`=count_vote+1 WHERE ( `appid` = 3 ) [ RunTime:0.000467s ]
SQL: SELECT `count_vote` FROM `ik_develop` WHERE ( `appid` = 3 ) LIMIT 1   [ RunTime:0.000456s ]

[ 2013-06-07T09:13:04+08:00 ] 127.0.0.1 /joyku/index.php?app=develop&m=index&a=applist&p=1
NOTIC: 建议使用I方法替代_get
NOTIC: 建议使用I方法替代_get

[ 2013-06-07T09:13:05+08:00 ] 127.0.0.1 /joyku/index.php?app=develop&m=index&a=applist&p=2
NOTIC: 建议使用I方法替代_get
NOTIC: 建议使用I方法替代_get

[ 2013-06-07T09:13:07+08:00 ] 127.0.0.1 /joyku/index.php?app=develop&m=index&a=applist&type=1
NOTIC: 建议使用I方法替代_get
NOTIC: 建议使用I方法替代_get

[ 2013-06-07T09:13:08+08:00 ] 127.0.0.1 /joyku/index.php?app=develop&m=index&a=applist&type=2
NOTIC: 建议使用I方法替代_get
NOTIC: 建议使用I方法替代_get

[ 2013-06-07T09:13:08+08:00 ] 127.0.0.1 /joyku/index.php?app=develop&m=index&a=applist&type=3
NOTIC: 建议使用I方法替代_get
NOTIC: 建议使用I方法替代_get

[ 2013-06-07T09:13:09+08:00 ] 127.0.0.1 /joyku/index.php?app=develop&m=index&a=applist
NOTIC: 建议使用I方法替代_get
NOTIC: 建议使用I方法替代_get

[ 2013-06-07T10:26:27+08:00 ] 127.0.0.1 /joyku/index.php?app=develop&m=index&a=applist
NOTIC: 建议使用I方法替代_get
NOTIC: 建议使用I方法替代_get

[ 2013-06-07T10:26:29+08:00 ] 127.0.0.1 /joyku/index.php?app=develop&m=index&a=vote&id=3
INFO: [ app_begin ] --START--
INFO: Run ReadHtmlCache Behavior [ RunTime:0.000389s ]
INFO: Run load_lang Behavior [ RunTime:0.002108s ]
INFO: [ app_begin ] --END-- [ RunTime:0.002718s ]
SQL: SHOW COLUMNS FROM `ik_message` [ RunTime:0.004224s ]
SQL: SELECT COUNT(*) AS tp_count FROM `ik_message` WHERE ( `touserid` = 1 ) AND ( `isread` = 0 ) AND ( `isinbox` = 0 ) LIMIT 1   [ RunTime:0.001361s ]
SQL: SELECT COUNT(*) AS count FROM ik_user_online WHERE `ctime` > 1370571089 [ RunTime:0.000523s ]
SQL: SHOW COLUMNS FROM `ik_app` [ RunTime:0.004359s ]
SQL: SELECT `app_name`,`app_alias`,`app_entry` FROM `ik_app` WHERE ( `status` = 1 ) ORDER BY display_order asc  [ RunTime:0.001428s ]
SQL: SELECT * FROM `ik_app` WHERE ( `app_name` = 'develop' ) LIMIT 1   [ RunTime:0.000542s ]
SQL: SHOW COLUMNS FROM `ik_user` [ RunTime:0.004468s ]
SQL: SHOW COLUMNS FROM `ik_images` [ RunTime:0.004183s ]
SQL: SHOW COLUMNS FROM `ik_develop` [ RunTime:0.004451s ]
SQL: SHOW COLUMNS FROM `ik_develop_cate` [ RunTime:0.004328s ]
SQL: SHOW COLUMNS FROM `ik_develop_comments` [ RunTime:0.003840s ]
SQL: SHOW COLUMNS FROM `ik_develop_down` [ RunTime:0.004831s ]
NOTIC: 建议使用I方法替代_get
SQL: SHOW COLUMNS FROM `ik_develop_vote` [ RunTime:0.004555s ]
SQL: SELECT COUNT(*) AS tp_count FROM `ik_develop_vote` WHERE ( `userid` = 1 ) AND ( `appid` = 3 ) LIMIT 1   [ RunTime:0.001222s ]
SQL: DELETE FROM `ik_develop_vote` WHERE ( `userid` = 1 ) AND ( `appid` = 3 ) [ RunTime:0.000522s ]
SQL: UPDATE `ik_develop` SET `count_vote`=count_vote-1 WHERE ( `appid` = 3 ) [ RunTime:0.000514s ]
SQL: SELECT `count_vote` FROM `ik_develop` WHERE ( `appid` = 3 ) LIMIT 1   [ RunTime:0.000485s ]

[ 2013-06-07T10:26:30+08:00 ] 127.0.0.1 /joyku/index.php?app=develop&m=index&a=vote&id=3
INFO: [ app_begin ] --START--
INFO: Run ReadHtmlCache Behavior [ RunTime:0.000421s ]
INFO: Run load_lang Behavior [ RunTime:0.001957s ]
INFO: [ app_begin ] --END-- [ RunTime:0.002573s ]
SQL: SHOW COLUMNS FROM `ik_message` [ RunTime:0.004162s ]
SQL: SELECT COUNT(*) AS tp_count FROM `ik_message` WHERE ( `touserid` = 1 ) AND ( `isread` = 0 ) AND ( `isinbox` = 0 ) LIMIT 1   [ RunTime:0.001258s ]
SQL: SELECT COUNT(*) AS count FROM ik_user_online WHERE `ctime` > 1370571090 [ RunTime:0.000446s ]
SQL: SHOW COLUMNS FROM `ik_app` [ RunTime:0.004410s ]
SQL: SELECT `app_name`,`app_alias`,`app_entry` FROM `ik_app` WHERE ( `status` = 1 ) ORDER BY display_order asc  [ RunTime:0.001229s ]
SQL: SELECT * FROM `ik_app` WHERE ( `app_name` = 'develop' ) LIMIT 1   [ RunTime:0.000443s ]
SQL: SHOW COLUMNS FROM `ik_user` [ RunTime:0.004514s ]
SQL: SHOW COLUMNS FROM `ik_images` [ RunTime:0.004119s ]
SQL: SHOW COLUMNS FROM `ik_develop` [ RunTime:0.004397s ]
SQL: SHOW COLUMNS FROM `ik_develop_cate` [ RunTime:0.003933s ]
SQL: SHOW COLUMNS FROM `ik_develop_comments` [ RunTime:0.004176s ]
SQL: SHOW COLUMNS FROM `ik_develop_down` [ RunTime:0.005206s ]
NOTIC: 建议使用I方法替代_get
SQL: SHOW COLUMNS FROM `ik_develop_vote` [ RunTime:0.004620s ]
SQL: SELECT COUNT(*) AS tp_count FROM `ik_develop_vote` WHERE ( `userid` = 1 ) AND ( `appid` = 3 ) LIMIT 1   [ RunTime:0.001357s ]
SQL: INSERT INTO `ik_develop_vote` (`userid`,`appid`,`addtime`) VALUES (1,3,1370571990) [ RunTime:0.000413s ]
SQL: UPDATE `ik_develop` SET `count_vote`=count_vote+1 WHERE ( `appid` = 3 ) [ RunTime:0.000498s ]
SQL: SELECT `count_vote` FROM `ik_develop` WHERE ( `appid` = 3 ) LIMIT 1   [ RunTime:0.000492s ]

[ 2013-06-07T10:26:31+08:00 ] 127.0.0.1 /joyku/index.php?app=develop&m=index&a=applist&p=2
NOTIC: 建议使用I方法替代_get
NOTIC: 建议使用I方法替代_get

[ 2013-06-07T10:26:32+08:00 ] 127.0.0.1 /joyku/index.php?app=develop&m=index&a=applist&p=1
NOTIC: 建议使用I方法替代_get
NOTIC: 建议使用I方法替代_get

[ 2013-06-07T10:26:33+08:00 ] 127.0.0.1 /joyku/index.php?app=develop&m=index&a=applist&type=1
NOTIC: 建议使用I方法替代_get
NOTIC: 建议使用I方法替代_get

[ 2013-06-07T10:26:34+08:00 ] 127.0.0.1 /joyku/index.php?app=develop&m=index&a=applist&type=2
NOTIC: 建议使用I方法替代_get
NOTIC: 建议使用I方法替代_get

[ 2013-06-07T10:26:35+08:00 ] 127.0.0.1 /joyku/index.php?app=develop&m=index&a=applist&type=3
NOTIC: 建议使用I方法替代_get
NOTIC: 建议使用I方法替代_get

[ 2013-06-07T10:26:36+08:00 ] 127.0.0.1 /joyku/index.php?app=develop&m=index&a=applist
NOTIC: 建议使用I方法替代_get
NOTIC: 建议使用I方法替代_get

[ 2013-06-07T10:26:43+08:00 ] 127.0.0.1 /joyku/index.php?app=develop&m=index&a=userapp&id=1
NOTIC: 建议使用I方法替代_get

[ 2013-06-07T10:26:58+08:00 ] 127.0.0.1 /joyku/index.php?app=develop&m=index&a=applist
NOTIC: 建议使用I方法替代_get
NOTIC: 建议使用I方法替代_get

[ 2013-06-07T10:40:05+08:00 ] 127.0.0.1 /joyku/index.php?app=develop&m=index&a=applist
NOTIC: 建议使用I方法替代_get
NOTIC: 建议使用I方法替代_get

[ 2013-06-07T10:40:36+08:00 ] 127.0.0.1 /joyku/index.php?app=develop&m=index&a=applist
NOTIC: 建议使用I方法替代_get
NOTIC: 建议使用I方法替代_get

[ 2013-06-07T10:41:49+08:00 ] 127.0.0.1 /joyku/index.php?app=develop&m=index&a=applist
NOTIC: 建议使用I方法替代_get
NOTIC: 建议使用I方法替代_get

[ 2013-06-07T10:42:09+08:00 ] 127.0.0.1 /joyku/index.php?app=develop&m=index&a=applist
NOTIC: 建议使用I方法替代_get
NOTIC: 建议使用I方法替代_get

[ 2013-06-07T10:42:41+08:00 ] 127.0.0.1 /joyku/index.php?app=develop&m=index&a=applist
NOTIC: 建议使用I方法替代_get
NOTIC: 建议使用I方法替代_get

[ 2013-06-07T10:42:48+08:00 ] 127.0.0.1 /joyku/index.php?app=develop&m=index&a=applist
NOTIC: 建议使用I方法替代_get
NOTIC: 建议使用I方法替代_get

[ 2013-06-07T10:56:22+08:00 ] 127.0.0.1 /joyku/index.php?app=develop&m=index&a=applist
NOTIC: 建议使用I方法替代_get
NOTIC: 建议使用I方法替代_get

[ 2013-06-07T10:56:39+08:00 ] 127.0.0.1 /joyku/index.php?app=develop&m=index&a=applist
NOTIC: 建议使用I方法替代_get
NOTIC: 建议使用I方法替代_get

[ 2013-06-07T10:57:02+08:00 ] 127.0.0.1 /joyku/index.php?app=develop&m=index&a=applist
NOTIC: 建议使用I方法替代_get
NOTIC: 建议使用I方法替代_get

[ 2013-06-07T10:57:43+08:00 ] 127.0.0.1 /joyku/index.php?app=develop&m=index&a=applist
NOTIC: 建议使用I方法替代_get
NOTIC: 建议使用I方法替代_get

[ 2013-06-07T11:00:58+08:00 ] 127.0.0.1 /joyku/index.php?app=develop&m=index&a=applist
NOTIC: 建议使用I方法替代_get
NOTIC: 建议使用I方法替代_get

[ 2013-06-07T11:01:08+08:00 ] 127.0.0.1 /joyku/index.php?app=develop&m=index&a=applist
NOTIC: 建议使用I方法替代_get
NOTIC: 建议使用I方法替代_get

[ 2013-06-07T11:01:13+08:00 ] 127.0.0.1 /joyku/index.php?app=develop&m=index&a=applist&type=0&cateid=5
NOTIC: 建议使用I方法替代_get
NOTIC: 建议使用I方法替代_get

[ 2013-06-07T11:01:15+08:00 ] 127.0.0.1 /joyku/index.php?app=develop&m=index&a=applist&type=1
NOTIC: 建议使用I方法替代_get
NOTIC: 建议使用I方法替代_get

[ 2013-06-07T11:01:19+08:00 ] 127.0.0.1 /joyku/index.php?app=develop&m=index&a=applist&type=1&cateid=1
NOTIC: 建议使用I方法替代_get
NOTIC: 建议使用I方法替代_get

[ 2013-06-07T11:01:21+08:00 ] 127.0.0.1 /joyku/index.php?app=develop&m=index&a=applist&type=1&cateid=2
NOTIC: 建议使用I方法替代_get
NOTIC: 建议使用I方法替代_get

[ 2013-06-07T11:01:23+08:00 ] 127.0.0.1 /joyku/index.php?app=develop&m=index&a=applist&type=1&cateid=6
NOTIC: 建议使用I方法替代_get
NOTIC: 建议使用I方法替代_get

[ 2013-06-07T11:01:24+08:00 ] 127.0.0.1 /joyku/index.php?app=develop&m=index&a=applist&type=1&cateid=1
NOTIC: 建议使用I方法替代_get
NOTIC: 建议使用I方法替代_get

[ 2013-06-07T11:01:26+08:00 ] 127.0.0.1 /joyku/index.php?app=develop&m=index&a=applist&type=1&cateid=1
NOTIC: 建议使用I方法替代_get
NOTIC: 建议使用I方法替代_get

[ 2013-06-07T11:02:06+08:00 ] 127.0.0.1 /joyku/index.php?app=develop&m=index&a=applist&type=1&cateid=1
NOTIC: 建议使用I方法替代_get
NOTIC: 建议使用I方法替代_get

[ 2013-06-07T11:02:18+08:00 ] 127.0.0.1 /joyku/index.php?app=develop&m=index&a=applist&type=1&cateid=1
NOTIC: 建议使用I方法替代_get
NOTIC: 建议使用I方法替代_get

[ 2013-06-07T11:02:25+08:00 ] 127.0.0.1 /joyku/index.php?app=develop&m=index&a=applist
NOTIC: 建议使用I方法替代_get
NOTIC: 建议使用I方法替代_get

[ 2013-06-07T11:02:28+08:00 ] 127.0.0.1 /joyku/index.php?app=develop&m=index&a=applist
NOTIC: 建议使用I方法替代_get
NOTIC: 建议使用I方法替代_get

[ 2013-06-07T11:02:30+08:00 ] 127.0.0.1 /joyku/index.php?app=develop&m=index&a=userapp&id=1
NOTIC: 建议使用I方法替代_get

[ 2013-06-07T11:02:32+08:00 ] 127.0.0.1 /joyku/index.php?app=develop&m=index&a=applist
NOTIC: 建议使用I方法替代_get
NOTIC: 建议使用I方法替代_get

[ 2013-06-07T11:02:35+08:00 ] 127.0.0.1 /joyku/index.php?app=develop&m=index&a=applist&p=2
NOTIC: 建议使用I方法替代_get
NOTIC: 建议使用I方法替代_get

[ 2013-06-07T11:02:55+08:00 ] 127.0.0.1 /joyku/index.php?app=develop&m=index&a=applist&p=2
NOTIC: 建议使用I方法替代_get
NOTIC: 建议使用I方法替代_get

[ 2013-06-07T11:03:01+08:00 ] 127.0.0.1 /joyku/index.php?app=develop&m=index&a=vote&id=3
INFO: [ app_begin ] --START--
INFO: Run ReadHtmlCache Behavior [ RunTime:0.001230s ]
INFO: Run load_lang Behavior [ RunTime:0.002515s ]
INFO: [ app_begin ] --END-- [ RunTime:0.003929s ]
SQL: SHOW COLUMNS FROM `ik_message` [ RunTime:0.003779s ]
SQL: SELECT COUNT(*) AS tp_count FROM `ik_message` WHERE ( `touserid` = 1 ) AND ( `isread` = 0 ) AND ( `isinbox` = 0 ) LIMIT 1   [ RunTime:0.001116s ]
SQL: SELECT COUNT(*) AS count FROM ik_user_online WHERE `ctime` > 1370573281 [ RunTime:0.000473s ]
SQL: SHOW COLUMNS FROM `ik_app` [ RunTime:0.003959s ]
SQL: SELECT `app_name`,`app_alias`,`app_entry` FROM `ik_app` WHERE ( `status` = 1 ) ORDER BY display_order asc  [ RunTime:0.001092s ]
SQL: SELECT * FROM `ik_app` WHERE ( `app_name` = 'develop' ) LIMIT 1   [ RunTime:0.000484s ]
SQL: SHOW COLUMNS FROM `ik_user` [ RunTime:0.004137s ]
SQL: SHOW COLUMNS FROM `ik_images` [ RunTime:0.003794s ]
SQL: SHOW COLUMNS FROM `ik_develop` [ RunTime:0.003975s ]
SQL: SHOW COLUMNS FROM `ik_develop_cate` [ RunTime:0.003718s ]
SQL: SHOW COLUMNS FROM `ik_develop_comments` [ RunTime:0.003674s ]
SQL: SHOW COLUMNS FROM `ik_develop_down` [ RunTime:0.004416s ]
NOTIC: 建议使用I方法替代_get
SQL: SHOW COLUMNS FROM `ik_develop_vote` [ RunTime:0.004189s ]
SQL: SELECT COUNT(*) AS tp_count FROM `ik_develop_vote` WHERE ( `userid` = 1 ) AND ( `appid` = 3 ) LIMIT 1   [ RunTime:0.001186s ]
SQL: DELETE FROM `ik_develop_vote` WHERE ( `userid` = 1 ) AND ( `appid` = 3 ) [ RunTime:0.000519s ]
SQL: UPDATE `ik_develop` SET `count_vote`=count_vote-1 WHERE ( `appid` = 3 ) [ RunTime:0.000481s ]
SQL: SELECT `count_vote` FROM `ik_develop` WHERE ( `appid` = 3 ) LIMIT 1   [ RunTime:0.000456s ]

[ 2013-06-07T11:03:01+08:00 ] 127.0.0.1 /joyku/index.php?app=develop&m=index&a=vote&id=3
INFO: [ app_begin ] --START--
INFO: Run ReadHtmlCache Behavior [ RunTime:0.001075s ]
INFO: Run load_lang Behavior [ RunTime:0.002501s ]
INFO: [ app_begin ] --END-- [ RunTime:0.003750s ]
SQL: SHOW COLUMNS FROM `ik_message` [ RunTime:0.003733s ]
SQL: SELECT COUNT(*) AS tp_count FROM `ik_message` WHERE ( `touserid` = 1 ) AND ( `isread` = 0 ) AND ( `isinbox` = 0 ) LIMIT 1   [ RunTime:0.001158s ]
SQL: SELECT COUNT(*) AS count FROM ik_user_online WHERE `ctime` > 1370573281 [ RunTime:0.000389s ]
SQL: SHOW COLUMNS FROM `ik_app` [ RunTime:0.004297s ]
SQL: SELECT `app_name`,`app_alias`,`app_entry` FROM `ik_app` WHERE ( `status` = 1 ) ORDER BY display_order asc  [ RunTime:0.001154s ]
SQL: SELECT * FROM `ik_app` WHERE ( `app_name` = 'develop' ) LIMIT 1   [ RunTime:0.000532s ]
SQL: SHOW COLUMNS FROM `ik_user` [ RunTime:0.004147s ]
SQL: SHOW COLUMNS FROM `ik_images` [ RunTime:0.003799s ]
SQL: SHOW COLUMNS FROM `ik_develop` [ RunTime:0.003983s ]
SQL: SHOW COLUMNS FROM `ik_develop_cate` [ RunTime:0.003604s ]
SQL: SHOW COLUMNS FROM `ik_develop_comments` [ RunTime:0.003659s ]
SQL: SHOW COLUMNS FROM `ik_develop_down` [ RunTime:0.004396s ]
NOTIC: 建议使用I方法替代_get
SQL: SHOW COLUMNS FROM `ik_develop_vote` [ RunTime:0.004029s ]
SQL: SELECT COUNT(*) AS tp_count FROM `ik_develop_vote` WHERE ( `userid` = 1 ) AND ( `appid` = 3 ) LIMIT 1   [ RunTime:0.001162s ]
SQL: INSERT INTO `ik_develop_vote` (`userid`,`appid`,`addtime`) VALUES (1,3,1370574181) [ RunTime:0.000377s ]
SQL: UPDATE `ik_develop` SET `count_vote`=count_vote+1 WHERE ( `appid` = 3 ) [ RunTime:0.000457s ]
SQL: SELECT `count_vote` FROM `ik_develop` WHERE ( `appid` = 3 ) LIMIT 1   [ RunTime:0.000379s ]

[ 2013-06-07T11:03:10+08:00 ] 127.0.0.1 /joyku/index.php?app=develop&m=index&a=applist
NOTIC: 建议使用I方法替代_get
NOTIC: 建议使用I方法替代_get

[ 2013-06-07T11:03:11+08:00 ] 127.0.0.1 /joyku/index.php?app=public&m=user&a=ajaxlogin&_=1370574191842
INFO: [ app_begin ] --START--
INFO: Run ReadHtmlCache Behavior [ RunTime:0.001090s ]
INFO: Run load_lang Behavior [ RunTime:0.003005s ]
INFO: [ app_begin ] --END-- [ RunTime:0.004274s ]
SQL: SHOW COLUMNS FROM `ik_message` [ RunTime:0.003901s ]
SQL: SELECT COUNT(*) AS tp_count FROM `ik_message` WHERE ( `touserid` = null ) AND ( `isread` = 0 ) AND ( `isinbox` = 0 ) LIMIT 1   [ RunTime:0.001107s ]
SQL: SELECT COUNT(*) AS count FROM ik_user_online WHERE `ctime` > 1370573291 [ RunTime:0.000489s ]
SQL: SHOW COLUMNS FROM `ik_app` [ RunTime:0.003994s ]
SQL: SELECT `app_name`,`app_alias`,`app_entry` FROM `ik_app` WHERE ( `status` = 1 ) ORDER BY display_order asc  [ RunTime:0.001100s ]
SQL: SELECT `app_name`,`app_alias`,`app_entry` FROM `ik_app` WHERE ( `status` = 1 ) ORDER BY display_order asc  [ RunTime:0.000469s ]
SQL: SELECT * FROM `ik_app` WHERE ( `app_name` = 'public' ) LIMIT 1   [ RunTime:0.000481s ]
SQL: SHOW COLUMNS FROM `ik_user` [ RunTime:0.004146s ]
INFO: [ view_template ] --START--
INFO: Run LocationTemplate Behavior [ RunTime:0.002497s ]
INFO: [ view_template ] --END-- [ RunTime:0.002605s ]
INFO: [ view_parse ] --START--
INFO: Run ParseTemplate Behavior [ RunTime:0.021819s ]
INFO: [ view_parse ] --END-- [ RunTime:0.021955s ]
INFO: [ view_filter ] --START--
INFO: Run ContentReplace Behavior [ RunTime:0.001530s ]
INFO: Run TokenBuild Behavior [ RunTime:0.001371s ]
INFO: Run WriteHtmlCache Behavior [ RunTime:0.001223s ]
INFO: Run ShowRuntime Behavior [ RunTime:0.000625s ]
INFO: Run content_replace Behavior [ RunTime:0.003218s ]
INFO: [ view_filter ] --END-- [ RunTime:0.008331s ]
INFO: [ view_end ] --START--
INFO: Run ShowPageTrace Behavior [ RunTime:0.001285s ]
INFO: [ view_end ] --END-- [ RunTime:0.001373s ]

[ 2013-06-07T11:03:18+08:00 ] 127.0.0.1 /joyku/index.php?app=group&m=index&a=explore
NOTIC: 建议使用I方法替代_get

[ 2013-06-07T11:13:03+08:00 ] 127.0.0.1 /joyku/index.php?app=group&m=index&a=explore
NOTIC: 建议使用I方法替代_get

[ 2013-06-07T11:13:25+08:00 ] 127.0.0.1 /joyku/index.php?app=public&m=user&a=login
NOTIC: 建议使用I方法替代_post
NOTIC: 建议使用I方法替代_post
NOTIC: 建议使用I方法替代_post

[ 2013-06-07T11:13:25+08:00 ] 127.0.0.1 /joyku/index.php?&app=group&m=index&a=explore
NOTIC: 建议使用I方法替代_get

[ 2013-06-07T11:14:20+08:00 ] 127.0.0.1 /joyku/index.php?app=public&m=user&a=login
NOTIC: 建议使用I方法替代_post
NOTIC: 建议使用I方法替代_post
NOTIC: 建议使用I方法替代_post

[ 2013-06-07T11:14:58+08:00 ] 127.0.0.1 /joyku/index.php?app=group&m=index&a=create
NOTIC: 建议使用I方法替代_post
NOTIC: 建议使用I方法替代_post
NOTIC: 建议使用I方法替代_post
NOTIC: 建议使用I方法替代_post

[ 2013-06-07T11:14:58+08:00 ] 127.0.0.1 /joyku/index.php?app=group&m=index&a=show&id=3
NOTIC: 建议使用I方法替代_get

[ 2013-06-07T11:15:01+08:00 ] 127.0.0.1 /joyku/index.php?app=group&m=index&a=add&id=3
NOTIC: 建议使用I方法替代_get

[ 2013-06-07T11:15:03+08:00 ] 127.0.0.1 /joyku/index.php?app=group&m=index&a=publish
NOTIC: 建议使用I方法替代_post
NOTIC: 建议使用I方法替代_post
NOTIC: 建议使用I方法替代_post
NOTIC: 建议使用I方法替代_post
NOTIC: 建议使用I方法替代_post
NOTIC: 建议使用I方法替代_post
NOTIC: 建议使用I方法替代_post

[ 2013-06-07T11:15:04+08:00 ] 127.0.0.1 /joyku/index.php?app=group&m=index&a=topic&id=7
NOTIC: 建议使用I方法替代_get
NOTIC: 建议使用I方法替代_get
NOTIC: 建议使用I方法替代_get
NOTIC: 建议使用I方法替代_get
NOTIC: 建议使用I方法替代_get

[ 2013-06-07T11:15:07+08:00 ] 127.0.0.1 /joyku/index.php?app=group&m=index&a=explore
NOTIC: 建议使用I方法替代_get

[ 2013-06-07T11:15:13+08:00 ] 127.0.0.1 /joyku/index.php?app=group&m=index&a=show&id=2
NOTIC: 建议使用I方法替代_get

[ 2013-06-07T11:15:16+08:00 ] 127.0.0.1 /joyku/index.php?app=group&m=index&a=show&id=1
NOTIC: 建议使用I方法替代_get

[ 2013-06-07T11:15:23+08:00 ] 127.0.0.1 /joyku/index.php?app=public&m=user&a=ajaxlogin&_=1370574923475
INFO: [ app_begin ] --START--
INFO: Run ReadHtmlCache Behavior [ RunTime:0.000488s ]
INFO: Run load_lang Behavior [ RunTime:0.002391s ]
INFO: [ app_begin ] --END-- [ RunTime:0.003093s ]
SQL: SHOW COLUMNS FROM `ik_message` [ RunTime:0.004445s ]
SQL: SELECT COUNT(*) AS tp_count FROM `ik_message` WHERE ( `touserid` = 3 ) AND ( `isread` = 0 ) AND ( `isinbox` = 0 ) LIMIT 1   [ RunTime:0.001251s ]
SQL: SELECT COUNT(*) AS count FROM ik_user_online WHERE `ctime` > 1370574023 [ RunTime:0.000472s ]
SQL: SHOW COLUMNS FROM `ik_app` [ RunTime:0.004169s ]
SQL: SELECT `app_name`,`app_alias`,`app_entry` FROM `ik_app` WHERE ( `status` = 1 ) ORDER BY display_order asc  [ RunTime:0.001102s ]
SQL: SELECT `app_name`,`app_alias`,`app_entry` FROM `ik_app` WHERE ( `status` = 1 ) ORDER BY display_order asc  [ RunTime:0.000524s ]
SQL: SELECT * FROM `ik_app` WHERE ( `app_name` = 'public' ) LIMIT 1   [ RunTime:0.000491s ]
SQL: SHOW COLUMNS FROM `ik_user` [ RunTime:0.004180s ]
INFO: [ view_template ] --START--
INFO: Run LocationTemplate Behavior [ RunTime:0.001551s ]
INFO: [ view_template ] --END-- [ RunTime:0.001664s ]
INFO: [ view_parse ] --START--
INFO: Run ParseTemplate Behavior [ RunTime:0.014788s ]
INFO: [ view_parse ] --END-- [ RunTime:0.014909s ]
INFO: [ view_filter ] --START--
INFO: Run ContentReplace Behavior [ RunTime:0.000500s ]
INFO: Run TokenBuild Behavior [ RunTime:0.000357s ]
INFO: Run WriteHtmlCache Behavior [ RunTime:0.001238s ]
INFO: Run ShowRuntime Behavior [ RunTime:0.000629s ]
INFO: Run content_replace Behavior [ RunTime:0.002784s ]
INFO: [ view_filter ] --END-- [ RunTime:0.005829s ]
INFO: [ view_end ] --START--
INFO: Run ShowPageTrace Behavior [ RunTime:0.001302s ]
INFO: [ view_end ] --END-- [ RunTime:0.001391s ]

[ 2013-06-07T11:15:30+08:00 ] 127.0.0.1 /joyku/index.php?app=group&m=index&a=explore
NOTIC: 建议使用I方法替代_get

[ 2013-06-07T11:15:32+08:00 ] 127.0.0.1 /joyku/index.php?app=public&m=user&a=ajaxlogin&_=1370574932824
INFO: [ app_begin ] --START--
INFO: Run ReadHtmlCache Behavior [ RunTime:0.000365s ]
INFO: Run load_lang Behavior [ RunTime:0.002299s ]
INFO: [ app_begin ] --END-- [ RunTime:0.002846s ]
SQL: SHOW COLUMNS FROM `ik_message` [ RunTime:0.003927s ]
SQL: SELECT COUNT(*) AS tp_count FROM `ik_message` WHERE ( `touserid` = 1 ) AND ( `isread` = 0 ) AND ( `isinbox` = 0 ) LIMIT 1   [ RunTime:0.001158s ]
SQL: SELECT COUNT(*) AS count FROM ik_user_online WHERE `ctime` > 1370574032 [ RunTime:0.000456s ]
SQL: SHOW COLUMNS FROM `ik_app` [ RunTime:0.004119s ]
SQL: SELECT `app_name`,`app_alias`,`app_entry` FROM `ik_app` WHERE ( `status` = 1 ) ORDER BY display_order asc  [ RunTime:0.001139s ]
SQL: SELECT `app_name`,`app_alias`,`app_entry` FROM `ik_app` WHERE ( `status` = 1 ) ORDER BY display_order asc  [ RunTime:0.000490s ]
SQL: SELECT * FROM `ik_app` WHERE ( `app_name` = 'public' ) LIMIT 1   [ RunTime:0.000452s ]
SQL: SHOW COLUMNS FROM `ik_user` [ RunTime:0.004533s ]
INFO: [ view_template ] --START--
INFO: Run LocationTemplate Behavior [ RunTime:0.001710s ]
INFO: [ view_template ] --END-- [ RunTime:0.001834s ]
INFO: [ view_parse ] --START--
INFO: Run ParseTemplate Behavior [ RunTime:0.012640s ]
INFO: [ view_parse ] --END-- [ RunTime:0.012758s ]
INFO: [ view_filter ] --START--
INFO: Run ContentReplace Behavior [ RunTime:0.001450s ]
INFO: Run TokenBuild Behavior [ RunTime:0.001288s ]
INFO: Run WriteHtmlCache Behavior [ RunTime:0.001203s ]
INFO: Run ShowRuntime Behavior [ RunTime:0.001298s ]
INFO: Run content_replace Behavior [ RunTime:0.003271s ]
INFO: [ view_filter ] --END-- [ RunTime:0.008847s ]
INFO: [ view_end ] --START--
INFO: Run ShowPageTrace Behavior [ RunTime:0.001319s ]
INFO: [ view_end ] --END-- [ RunTime:0.001405s ]

[ 2013-06-07T11:18:54+08:00 ] 127.0.0.1 /joyku/index.php?app=group&m=index&a=explore
NOTIC: 建议使用I方法替代_get

[ 2013-06-07T11:21:08+08:00 ] 127.0.0.1 /joyku/index.php?app=group&m=index&a=explore
NOTIC: 建议使用I方法替代_get

[ 2013-06-07T11:22:32+08:00 ] 127.0.0.1 /joyku/index.php?app=group&m=index&a=explore
NOTIC: 建议使用I方法替代_get

[ 2013-06-07T11:22:35+08:00 ] 127.0.0.1 /joyku/index.php?app=public&m=user&a=ajaxlogin&_=1370575354990
INFO: [ app_begin ] --START--
INFO: Run ReadHtmlCache Behavior [ RunTime:0.000365s ]
INFO: Run load_lang Behavior [ RunTime:0.002385s ]
INFO: [ app_begin ] --END-- [ RunTime:0.002942s ]
SQL: SHOW COLUMNS FROM `ik_message` [ RunTime:0.003832s ]
SQL: SELECT COUNT(*) AS tp_count FROM `ik_message` WHERE ( `touserid` = 1 ) AND ( `isread` = 0 ) AND ( `isinbox` = 0 ) LIMIT 1   [ RunTime:0.001204s ]
SQL: SELECT COUNT(*) AS count FROM ik_user_online WHERE `ctime` > 1370574455 [ RunTime:0.000521s ]
SQL: SHOW COLUMNS FROM `ik_app` [ RunTime:0.004432s ]
SQL: SELECT `app_name`,`app_alias`,`app_entry` FROM `ik_app` WHERE ( `status` = 1 ) ORDER BY display_order asc  [ RunTime:0.001132s ]
SQL: SELECT `app_name`,`app_alias`,`app_entry` FROM `ik_app` WHERE ( `status` = 1 ) ORDER BY display_order asc  [ RunTime:0.000549s ]
SQL: SELECT * FROM `ik_app` WHERE ( `app_name` = 'public' ) LIMIT 1   [ RunTime:0.000460s ]
SQL: SHOW COLUMNS FROM `ik_user` [ RunTime:0.004273s ]
INFO: [ view_template ] --START--
INFO: Run LocationTemplate Behavior [ RunTime:0.001553s ]
INFO: [ view_template ] --END-- [ RunTime:0.001672s ]
INFO: [ view_parse ] --START--
INFO: Run ParseTemplate Behavior [ RunTime:0.013709s ]
INFO: [ view_parse ] --END-- [ RunTime:0.013827s ]
INFO: [ view_filter ] --START--
INFO: Run ContentReplace Behavior [ RunTime:0.000489s ]
INFO: Run TokenBuild Behavior [ RunTime:0.000355s ]
INFO: Run WriteHtmlCache Behavior [ RunTime:0.001018s ]
INFO: Run ShowRuntime Behavior [ RunTime:0.001080s ]
INFO: Run content_replace Behavior [ RunTime:0.003335s ]
INFO: [ view_filter ] --END-- [ RunTime:0.006617s ]
INFO: [ view_end ] --START--
INFO: Run ShowPageTrace Behavior [ RunTime:0.001317s ]
INFO: [ view_end ] --END-- [ RunTime:0.001407s ]

[ 2013-06-07T11:22:38+08:00 ] 127.0.0.1 /joyku/index.php?app=group&m=index&a=explore
NOTIC: 建议使用I方法替代_get

[ 2013-06-07T11:22:56+08:00 ] 127.0.0.1 /joyku/index.php?app=group&m=index&a=explore
NOTIC: 建议使用I方法替代_get

[ 2013-06-07T11:22:59+08:00 ] 127.0.0.1 /joyku/index.php?app=group&m=index&a=join&id=3
NOTIC: 建议使用I方法替代_get

[ 2013-06-07T11:23:00+08:00 ] 127.0.0.1 /joyku/index.php?app=group&m=index&a=show&id=3
NOTIC: 建议使用I方法替代_get

[ 2013-06-07T11:23:09+08:00 ] 127.0.0.1 /joyku/index.php?app=group&m=index&a=explore
NOTIC: 建议使用I方法替代_get

[ 2013-06-07T11:25:34+08:00 ] 127.0.0.1 /joyku/index.php?app=group&m=index&a=explore
NOTIC: 建议使用I方法替代_get

[ 2013-06-07T11:26:50+08:00 ] 127.0.0.1 /joyku/index.php?app=group&m=index&a=explore
NOTIC: 建议使用I方法替代_get

[ 2013-06-07T11:27:00+08:00 ] 127.0.0.1 /joyku/index.php?app=group&m=index&a=show&id=3
NOTIC: 建议使用I方法替代_get

[ 2013-06-07T11:27:03+08:00 ] 127.0.0.1 /joyku/index.php?app=group&m=index&a=quit&id=3
NOTIC: 建议使用I方法替代_get

[ 2013-06-07T11:27:04+08:00 ] 127.0.0.1 /joyku/index.php?app=group&m=index&a=show&id=3
NOTIC: 建议使用I方法替代_get

[ 2013-06-07T11:27:06+08:00 ] 127.0.0.1 /joyku/index.php?app=group&m=index&a=explore
NOTIC: 建议使用I方法替代_get

[ 2013-06-07T11:27:27+08:00 ] 127.0.0.1 /joyku/index.php?app=group&m=index&a=explore
NOTIC: 建议使用I方法替代_get

[ 2013-06-07T11:27:38+08:00 ] 127.0.0.1 /joyku/index.php?app=group&m=index&a=explore
NOTIC: 建议使用I方法替代_get

[ 2013-06-07T11:27:40+08:00 ] 127.0.0.1 /joyku/index.php?app=public&m=user&a=ajaxlogin&_=1370575660336
INFO: [ app_begin ] --START--
INFO: Run ReadHtmlCache Behavior [ RunTime:0.000400s ]
INFO: Run load_lang Behavior [ RunTime:0.002111s ]
INFO: [ app_begin ] --END-- [ RunTime:0.002683s ]
SQL: SHOW COLUMNS FROM `ik_message` [ RunTime:0.003931s ]
SQL: SELECT COUNT(*) AS tp_count FROM `ik_message` WHERE ( `touserid` = null ) AND ( `isread` = 0 ) AND ( `isinbox` = 0 ) LIMIT 1   [ RunTime:0.001374s ]
SQL: SELECT COUNT(*) AS count FROM ik_user_online WHERE `ctime` > 1370574760 [ RunTime:0.000490s ]
SQL: SHOW COLUMNS FROM `ik_app` [ RunTime:0.003979s ]
SQL: SELECT `app_name`,`app_alias`,`app_entry` FROM `ik_app` WHERE ( `status` = 1 ) ORDER BY display_order asc  [ RunTime:0.001113s ]
SQL: SELECT `app_name`,`app_alias`,`app_entry` FROM `ik_app` WHERE ( `status` = 1 ) ORDER BY display_order asc  [ RunTime:0.000450s ]
SQL: SELECT * FROM `ik_app` WHERE ( `app_name` = 'public' ) LIMIT 1   [ RunTime:0.000418s ]
SQL: SHOW COLUMNS FROM `ik_user` [ RunTime:0.004369s ]
INFO: [ view_template ] --START--
INFO: Run LocationTemplate Behavior [ RunTime:0.001540s ]
INFO: [ view_template ] --END-- [ RunTime:0.001636s ]
INFO: [ view_parse ] --START--
INFO: Run ParseTemplate Behavior [ RunTime:0.012763s ]
INFO: [ view_parse ] --END-- [ RunTime:0.012897s ]
INFO: [ view_filter ] --START--
INFO: Run ContentReplace Behavior [ RunTime:0.001441s ]
INFO: Run TokenBuild Behavior [ RunTime:0.001291s ]
INFO: Run WriteHtmlCache Behavior [ RunTime:0.001215s ]
INFO: Run ShowRuntime Behavior [ RunTime:0.001287s ]
INFO: Run content_replace Behavior [ RunTime:0.003017s ]
INFO: [ view_filter ] --END-- [ RunTime:0.008589s ]
INFO: [ view_end ] --START--
INFO: Run ShowPageTrace Behavior [ RunTime:0.001348s ]
INFO: [ view_end ] --END-- [ RunTime:0.001447s ]

[ 2013-06-07T11:27:42+08:00 ] 127.0.0.1 /joyku/index.php?app=public&m=user&a=ajaxlogin&_=1370575662596
INFO: [ app_begin ] --START--
INFO: Run ReadHtmlCache Behavior [ RunTime:0.000376s ]
INFO: Run load_lang Behavior [ RunTime:0.002107s ]
INFO: [ app_begin ] --END-- [ RunTime:0.002671s ]
SQL: SHOW COLUMNS FROM `ik_message` [ RunTime:0.003836s ]
SQL: SELECT COUNT(*) AS tp_count FROM `ik_message` WHERE ( `touserid` = null ) AND ( `isread` = 0 ) AND ( `isinbox` = 0 ) LIMIT 1   [ RunTime:0.001288s ]
SQL: SELECT COUNT(*) AS count FROM ik_user_online WHERE `ctime` > 1370574762 [ RunTime:0.000476s ]
SQL: SHOW COLUMNS FROM `ik_app` [ RunTime:0.004188s ]
SQL: SELECT `app_name`,`app_alias`,`app_entry` FROM `ik_app` WHERE ( `status` = 1 ) ORDER BY display_order asc  [ RunTime:0.001138s ]
SQL: SELECT `app_name`,`app_alias`,`app_entry` FROM `ik_app` WHERE ( `status` = 1 ) ORDER BY display_order asc  [ RunTime:0.000507s ]
SQL: SELECT * FROM `ik_app` WHERE ( `app_name` = 'public' ) LIMIT 1   [ RunTime:0.000481s ]
SQL: SHOW COLUMNS FROM `ik_user` [ RunTime:0.004134s ]
INFO: [ view_template ] --START--
INFO: Run LocationTemplate Behavior [ RunTime:0.001535s ]
INFO: [ view_template ] --END-- [ RunTime:0.001631s ]
INFO: [ view_parse ] --START--
INFO: Run ParseTemplate Behavior [ RunTime:0.012679s ]
INFO: [ view_parse ] --END-- [ RunTime:0.012809s ]
INFO: [ view_filter ] --START--
INFO: Run ContentReplace Behavior [ RunTime:0.001498s ]
INFO: Run TokenBuild Behavior [ RunTime:0.001292s ]
INFO: Run WriteHtmlCache Behavior [ RunTime:0.001207s ]
INFO: Run ShowRuntime Behavior [ RunTime:0.001306s ]
INFO: Run content_replace Behavior [ RunTime:0.003011s ]
INFO: [ view_filter ] --END-- [ RunTime:0.008638s ]
INFO: [ view_end ] --START--
INFO: Run ShowPageTrace Behavior [ RunTime:0.001292s ]
INFO: [ view_end ] --END-- [ RunTime:0.001379s ]

[ 2013-06-07T11:27:52+08:00 ] 127.0.0.1 /joyku/index.php?app=group&m=index&a=show&id=1
NOTIC: 建议使用I方法替代_get

[ 2013-06-07T11:27:55+08:00 ] 127.0.0.1 /joyku/index.php?app=group&m=index&a=topic&id=2
NOTIC: 建议使用I方法替代_get
NOTIC: 建议使用I方法替代_get
NOTIC: 建议使用I方法替代_get
NOTIC: 建议使用I方法替代_get
NOTIC: 建议使用I方法替代_get

[ 2013-06-07T11:28:13+08:00 ] 127.0.0.1 /joyku/index.php?app=develop&m=index&a=applist
NOTIC: 建议使用I方法替代_get
NOTIC: 建议使用I方法替代_get

[ 2013-06-07T11:28:17+08:00 ] 127.0.0.1 /joyku/index.php?app=develop&m=index&a=applist&type=0&cateid=1
NOTIC: 建议使用I方法替代_get
NOTIC: 建议使用I方法替代_get

[ 2013-06-07T11:28:31+08:00 ] 127.0.0.1 /joyku/index.php?app=public&m=user&a=login
NOTIC: 建议使用I方法替代_post
NOTIC: 建议使用I方法替代_post
NOTIC: 建议使用I方法替代_post

[ 2013-06-07T11:28:32+08:00 ] 127.0.0.1 /joyku/index.php?&app=develop&m=index&a=applist&type=0&cateid=1
NOTIC: 建议使用I方法替代_get
NOTIC: 建议使用I方法替代_get

[ 2013-06-07T11:28:35+08:00 ] 127.0.0.1 /joyku/index.php?app=develop&m=index&a=userapp&id=1
NOTIC: 建议使用I方法替代_get

[ 2013-06-07T11:33:24+08:00 ] 127.0.0.1 /joyku/index.php?app=develop&m=index&a=userapp&id=1
NOTIC: 建议使用I方法替代_get

[ 2013-06-07T11:33:26+08:00 ] 127.0.0.1 /joyku/index.php?app=develop&m=index&a=editapp&id=1
NOTIC: 建议使用I方法替代_get

[ 2013-06-07T11:34:21+08:00 ] 127.0.0.1 /joyku/index.php?app=develop&m=index&a=editapp&id=1
NOTIC: 建议使用I方法替代_get

[ 2013-06-07T11:34:27+08:00 ] 127.0.0.1 /joyku/index.php?app=develop&m=index&a=editapp&id=1
NOTIC: 建议使用I方法替代_get

[ 2013-06-07T11:34:27+08:00 ] 127.0.0.1 /joyku/index.php?app=develop&m=index&a=add_upload&id=1
NOTIC: 建议使用I方法替代_get

[ 2013-06-07T11:34:31+08:00 ] 127.0.0.1 /joyku/index.php?app=develop&m=index&a=userapp&id=1
NOTIC: 建议使用I方法替代_get

[ 2013-06-07T11:34:33+08:00 ] 127.0.0.1 /joyku/index.php?app=develop&m=index&a=editapp&id=1
NOTIC: 建议使用I方法替代_get

[ 2013-06-07T11:34:55+08:00 ] 127.0.0.1 /joyku/index.php?app=develop&m=index&a=editapp&id=1
NOTIC: 建议使用I方法替代_get

[ 2013-06-07T11:35:04+08:00 ] 127.0.0.1 /joyku/index.php?app=develop&m=index&a=applist
NOTIC: 建议使用I方法替代_get
NOTIC: 建议使用I方法替代_get

[ 2013-06-07T11:35:06+08:00 ] 127.0.0.1 /joyku/index.php?app=develop&m=index&a=show&id=3
NOTIC: 建议使用I方法替代_get
NOTIC: 建议使用I方法替代_get
NOTIC: 建议使用I方法替代_get
NOTIC: 建议使用I方法替代_get

[ 2013-06-07T11:35:16+08:00 ] 127.0.0.1 /joyku/index.php?app=develop&m=index&a=show&id=3
NOTIC: 建议使用I方法替代_get
NOTIC: 建议使用I方法替代_get
NOTIC: 建议使用I方法替代_get
NOTIC: 建议使用I方法替代_get

[ 2013-06-07T11:35:31+08:00 ] 127.0.0.1 /joyku/index.php?app=develop&m=index&a=addcomment
NOTIC: 建议使用I方法替代_post
NOTIC: 建议使用I方法替代_post
NOTIC: 建议使用I方法替代_post

[ 2013-06-07T11:35:31+08:00 ] 127.0.0.1 /joyku/index.php?app=develop&m=index&a=show&id=3&p=1
NOTIC: 建议使用I方法替代_get
NOTIC: 建议使用I方法替代_get
NOTIC: 建议使用I方法替代_get
NOTIC: 建议使用I方法替代_get

[ 2013-06-07T11:35:34+08:00 ] 127.0.0.1 /joyku/index.php?app=develop&m=index&a=applist
NOTIC: 建议使用I方法替代_get
NOTIC: 建议使用I方法替代_get

[ 2013-06-07T11:35:51+08:00 ] 127.0.0.1 /joyku/index.php?app=develop&m=index&a=show&id=3
NOTIC: 建议使用I方法替代_get
NOTIC: 建议使用I方法替代_get
NOTIC: 建议使用I方法替代_get
NOTIC: 建议使用I方法替代_get

[ 2013-06-07T11:35:56+08:00 ] 127.0.0.1 /joyku/index.php?app=develop&m=index&a=applist
NOTIC: 建议使用I方法替代_get
NOTIC: 建议使用I方法替代_get

[ 2013-06-07T11:35:58+08:00 ] 127.0.0.1 /joyku/index.php?app=develop&m=index&a=show&id=1
NOTIC: 建议使用I方法替代_get
NOTIC: 建议使用I方法替代_get
NOTIC: 建议使用I方法替代_get
NOTIC: 建议使用I方法替代_get

[ 2013-06-07T11:35:59+08:00 ] 127.0.0.1 /joyku/index.php?app=develop&m=index&a=editapp&id=1
NOTIC: 建议使用I方法替代_get

[ 2013-06-07T11:36:04+08:00 ] 127.0.0.1 /joyku/index.php?app=develop&m=index&a=editapp&id=1
NOTIC: 建议使用I方法替代_get

[ 2013-06-07T11:36:09+08:00 ] 127.0.0.1 /joyku/index.php?app=develop&m=index&a=userapp&id=1
NOTIC: 建议使用I方法替代_get

[ 2013-06-07T11:36:11+08:00 ] 127.0.0.1 /joyku/index.php?app=develop&m=index&a=show&id=1
NOTIC: 建议使用I方法替代_get
NOTIC: 建议使用I方法替代_get
NOTIC: 建议使用I方法替代_get
NOTIC: 建议使用I方法替代_get

[ 2013-06-07T11:37:12+08:00 ] 127.0.0.1 /joyku/index.php?app=develop&m=index&a=show&id=1
NOTIC: 建议使用I方法替代_get
NOTIC: 建议使用I方法替代_get
NOTIC: 建议使用I方法替代_get
NOTIC: 建议使用I方法替代_get

[ 2013-06-07T11:37:46+08:00 ] 127.0.0.1 /joyku/index.php?app=develop&m=index&a=show&id=1
NOTIC: 建议使用I方法替代_get
NOTIC: 建议使用I方法替代_get
NOTIC: 建议使用I方法替代_get
NOTIC: 建议使用I方法替代_get

[ 2013-06-07T11:38:07+08:00 ] 127.0.0.1 /joyku/index.php?app=develop&m=index&a=editapp&id=1
NOTIC: 建议使用I方法替代_get

[ 2013-06-07T11:40:21+08:00 ] 127.0.0.1 /joyku/index.php?app=develop&m=index&a=editapp&id=1
NOTIC: 建议使用I方法替代_get

[ 2013-06-07T11:40:25+08:00 ] 127.0.0.1 /joyku/index.php?app=develop&m=index&a=userapp&id=1
NOTIC: 建议使用I方法替代_get

[ 2013-06-07T11:41:07+08:00 ] 127.0.0.1 /joyku/index.php?app=develop&m=index&a=applist
NOTIC: 建议使用I方法替代_get
NOTIC: 建议使用I方法替代_get

[ 2013-06-07T11:42:45+08:00 ] 127.0.0.1 /joyku/index.php?app=develop&m=index&a=applist
NOTIC: 建议使用I方法替代_get
NOTIC: 建议使用I方法替代_get

[ 2013-06-07T11:42:46+08:00 ] 127.0.0.1 /joyku/index.php?app=develop&m=index&a=userapp&id=1
NOTIC: 建议使用I方法替代_get

[ 2013-06-07T11:42:48+08:00 ] 127.0.0.1 /joyku/index.php?app=develop&m=index&a=editapp&id=1
NOTIC: 建议使用I方法替代_get

[ 2013-06-07T11:42:52+08:00 ] 127.0.0.1 /joyku/index.php?app=develop&m=index&a=editapp&id=1
NOTIC: 建议使用I方法替代_get

[ 2013-06-07T11:43:19+08:00 ] 127.0.0.1 /joyku/index.php?app=develop&m=index&a=editapp&id=1
NOTIC: 建议使用I方法替代_get

[ 2013-06-07T11:43:32+08:00 ] 127.0.0.1 /joyku/index.php?app=develop&m=index&a=userapp&id=1
NOTIC: 建议使用I方法替代_get

[ 2013-06-07T11:43:34+08:00 ] 127.0.0.1 /joyku/index.php?app=develop&m=index&a=show&id=1
NOTIC: 建议使用I方法替代_get
NOTIC: 建议使用I方法替代_get
NOTIC: 建议使用I方法替代_get
NOTIC: 建议使用I方法替代_get

[ 2013-06-07T11:43:39+08:00 ] 127.0.0.1 /joyku/index.php?app=space&m=index&a=index&id=12ik
NOTIC: 建议使用I方法替代_get

[ 2013-06-07T11:43:43+08:00 ] 127.0.0.1 /joyku/index.php?app=develop&m=index&a=userapp&id=1
NOTIC: 建议使用I方法替代_get

[ 2013-06-07T11:43:48+08:00 ] 127.0.0.1 /joyku/index.php?app=develop&m=index&a=userapp&id=1
NOTIC: 建议使用I方法替代_get

[ 2013-06-07T11:43:57+08:00 ] 127.0.0.1 /joyku/index.php?app=develop&m=index&a=applist
NOTIC: 建议使用I方法替代_get
NOTIC: 建议使用I方法替代_get

[ 2013-06-07T11:44:00+08:00 ] 127.0.0.1 /joyku/index.php?app=develop&m=index&a=applist
NOTIC: 建议使用I方法替代_get
NOTIC: 建议使用I方法替代_get

[ 2013-06-07T11:44:03+08:00 ] 127.0.0.1 /joyku/index.php?app=develop&m=index&a=applist
NOTIC: 建议使用I方法替代_get
NOTIC: 建议使用I方法替代_get

[ 2013-06-07T11:44:06+08:00 ] 127.0.0.1 /joyku/index.php?app=develop&m=index&a=userapp&
NOTIC: 建议使用I方法替代_get

[ 2013-06-07T11:44:11+08:00 ] 127.0.0.1 /joyku/index.php?app=develop&m=index&a=userapp&
NOTIC: 建议使用I方法替代_get

[ 2013-06-07T11:44:16+08:00 ] 127.0.0.1 /joyku/index.php?app=develop&m=index&a=applist
NOTIC: 建议使用I方法替代_get
NOTIC: 建议使用I方法替代_get

[ 2013-06-07T11:44:27+08:00 ] 127.0.0.1 /joyku/index.php?app=develop&m=index&a=applist&type=0&cateid=17
NOTIC: 建议使用I方法替代_get
NOTIC: 建议使用I方法替代_get

[ 2013-06-07T11:44:29+08:00 ] 127.0.0.1 /joyku/index.php?app=develop&m=index&a=applist&type=0&cateid=1
NOTIC: 建议使用I方法替代_get
NOTIC: 建议使用I方法替代_get

[ 2013-06-07T11:44:29+08:00 ] 127.0.0.1 /joyku/index.php?app=develop&m=index&a=applist&type=0&cateid=5
NOTIC: 建议使用I方法替代_get
NOTIC: 建议使用I方法替代_get

[ 2013-06-07T11:44:30+08:00 ] 127.0.0.1 /joyku/index.php?app=develop&m=index&a=applist&type=0&cateid=9
NOTIC: 建议使用I方法替代_get
NOTIC: 建议使用I方法替代_get

[ 2013-06-07T11:44:31+08:00 ] 127.0.0.1 /joyku/index.php?app=develop&m=index&a=applist&type=0&cateid=13
NOTIC: 建议使用I方法替代_get
NOTIC: 建议使用I方法替代_get

[ 2013-06-07T11:44:32+08:00 ] 127.0.0.1 /joyku/index.php?app=develop&m=index&a=applist&type=1
NOTIC: 建议使用I方法替代_get
NOTIC: 建议使用I方法替代_get

[ 2013-06-07T11:44:32+08:00 ] 127.0.0.1 /joyku/index.php?app=develop&m=index&a=applist&type=2
NOTIC: 建议使用I方法替代_get
NOTIC: 建议使用I方法替代_get

[ 2013-06-07T11:44:33+08:00 ] 127.0.0.1 /joyku/index.php?app=develop&m=index&a=applist&type=3
NOTIC: 建议使用I方法替代_get
NOTIC: 建议使用I方法替代_get

[ 2013-06-07T11:44:34+08:00 ] 127.0.0.1 /joyku/index.php?app=develop&m=index&a=applist&type=1
NOTIC: 建议使用I方法替代_get
NOTIC: 建议使用I方法替代_get

[ 2013-06-07T11:47:36+08:00 ] 127.0.0.1 /joyku/index.php?app=develop&m=index&a=applist
NOTIC: 建议使用I方法替代_get
NOTIC: 建议使用I方法替代_get

[ 2013-06-07T11:50:36+08:00 ] 127.0.0.1 /joyku/index.php?app=develop&m=index&a=applist&type=1
NOTIC: 建议使用I方法替代_get
NOTIC: 建议使用I方法替代_get

[ 2013-06-07T11:52:14+08:00 ] 127.0.0.1 /joyku/
ERR: Model:getOneCate您所请求的方法不存在！

[ 2013-06-07T11:53:03+08:00 ] 127.0.0.1 /joyku/
ERR: Model:getOneCate您所请求的方法不存在！

[ 2013-06-07T11:53:04+08:00 ] 127.0.0.1 /joyku/
ERR: Model:getOneCate您所请求的方法不存在！

[ 2013-06-07T11:53:04+08:00 ] 127.0.0.1 /joyku/
ERR: Model:getOneCate您所请求的方法不存在！

[ 2013-06-07T11:53:04+08:00 ] 127.0.0.1 /joyku/
ERR: Model:getOneCate您所请求的方法不存在！

[ 2013-06-07T11:53:04+08:00 ] 127.0.0.1 /joyku/
ERR: Model:getOneCate您所请求的方法不存在！

[ 2013-06-07T11:55:53+08:00 ] 127.0.0.1 /joyku/index.php?app=develop&m=index&a=show&id=3
NOTIC: 建议使用I方法替代_get
NOTIC: 建议使用I方法替代_get
NOTIC: 建议使用I方法替代_get
NOTIC: 建议使用I方法替代_get

[ 2013-06-07T11:56:11+08:00 ] 127.0.0.1 /joyku/index.php?app=develop&m=index&a=show&id=3
NOTIC: 建议使用I方法替代_get
NOTIC: 建议使用I方法替代_get
NOTIC: 建议使用I方法替代_get
NOTIC: 建议使用I方法替代_get

[ 2013-06-07T11:56:23+08:00 ] 127.0.0.1 /joyku/index.php?app=develop&m=index&a=applist
NOTIC: 建议使用I方法替代_get
NOTIC: 建议使用I方法替代_get

[ 2013-06-07T11:56:38+08:00 ] 127.0.0.1 /joyku/index.php?app=develop&m=index&a=show&id=1
NOTIC: 建议使用I方法替代_get
NOTIC: 建议使用I方法替代_get
NOTIC: 建议使用I方法替代_get
NOTIC: 建议使用I方法替代_get

[ 2013-06-07T11:56:42+08:00 ] 127.0.0.1 /joyku/index.php?app=space&m=index&a=index&id=12ik
NOTIC: 建议使用I方法替代_get

[ 2013-06-07T11:57:11+08:00 ] 127.0.0.1 /joyku/index.php?app=develop&m=index&a=applist
NOTIC: 建议使用I方法替代_get
NOTIC: 建议使用I方法替代_get

[ 2013-06-07T11:57:17+08:00 ] 127.0.0.1 /joyku/index.php?app=develop&m=index&a=applist&type=0&cateid=15
NOTIC: 建议使用I方法替代_get
NOTIC: 建议使用I方法替代_get

[ 2013-06-07T11:57:19+08:00 ] 127.0.0.1 /joyku/index.php?app=develop&m=index&a=applist&type=0&cateid=1
NOTIC: 建议使用I方法替代_get
NOTIC: 建议使用I方法替代_get

[ 2013-06-07T11:57:21+08:00 ] 127.0.0.1 /joyku/index.php?app=public&m=user&a=ajaxlogin&_=1370577441763
INFO: [ app_begin ] --START--
INFO: Run ReadHtmlCache Behavior [ RunTime:0.000377s ]
INFO: Run load_lang Behavior [ RunTime:0.002084s ]
INFO: [ app_begin ] --END-- [ RunTime:0.002636s ]
SQL: SHOW COLUMNS FROM `ik_message` [ RunTime:0.004105s ]
SQL: SELECT COUNT(*) AS tp_count FROM `ik_message` WHERE ( `touserid` = null ) AND ( `isread` = 0 ) AND ( `isinbox` = 0 ) LIMIT 1   [ RunTime:0.001157s ]
SQL: SELECT COUNT(*) AS count FROM ik_user_online WHERE `ctime` > 1370576541 [ RunTime:0.000460s ]
SQL: SHOW COLUMNS FROM `ik_app` [ RunTime:0.004450s ]
SQL: SELECT `app_name`,`app_alias`,`app_entry` FROM `ik_app` WHERE ( `status` = 1 ) ORDER BY display_order asc  [ RunTime:0.001079s ]
SQL: SELECT `app_name`,`app_alias`,`app_entry` FROM `ik_app` WHERE ( `status` = 1 ) ORDER BY display_order asc  [ RunTime:0.000524s ]
SQL: SELECT * FROM `ik_app` WHERE ( `app_name` = 'public' ) LIMIT 1   [ RunTime:0.000479s ]
SQL: SHOW COLUMNS FROM `ik_user` [ RunTime:0.004484s ]
INFO: [ view_template ] --START--
INFO: Run LocationTemplate Behavior [ RunTime:0.001668s ]
INFO: [ view_template ] --END-- [ RunTime:0.001798s ]
INFO: [ view_parse ] --START--
INFO: Run ParseTemplate Behavior [ RunTime:0.013740s ]
INFO: [ view_parse ] --END-- [ RunTime:0.013882s ]
INFO: [ view_filter ] --START--
INFO: Run ContentReplace Behavior [ RunTime:0.001447s ]
INFO: Run TokenBuild Behavior [ RunTime:0.001304s ]
INFO: Run WriteHtmlCache Behavior [ RunTime:0.001220s ]
INFO: Run ShowRuntime Behavior [ RunTime:0.001290s ]
INFO: Run content_replace Behavior [ RunTime:0.003038s ]
INFO: [ view_filter ] --END-- [ RunTime:0.008636s ]
INFO: [ view_end ] --START--
INFO: Run ShowPageTrace Behavior [ RunTime:0.001308s ]
INFO: [ view_end ] --END-- [ RunTime:0.001400s ]

[ 2013-06-07T11:57:23+08:00 ] 127.0.0.1 /joyku/index.php?app=public&m=user&a=ajaxlogin&_=1370577443264
INFO: [ app_begin ] --START--
INFO: Run ReadHtmlCache Behavior [ RunTime:0.000350s ]
INFO: Run load_lang Behavior [ RunTime:0.002321s ]
INFO: [ app_begin ] --END-- [ RunTime:0.002848s ]
SQL: SHOW COLUMNS FROM `ik_message` [ RunTime:0.003926s ]
SQL: SELECT COUNT(*) AS tp_count FROM `ik_message` WHERE ( `touserid` = null ) AND ( `isread` = 0 ) AND ( `isinbox` = 0 ) LIMIT 1   [ RunTime:0.001209s ]
SQL: SELECT COUNT(*) AS count FROM ik_user_online WHERE `ctime` > 1370576543 [ RunTime:0.000465s ]
SQL: SHOW COLUMNS FROM `ik_app` [ RunTime:0.003992s ]
SQL: SELECT `app_name`,`app_alias`,`app_entry` FROM `ik_app` WHERE ( `status` = 1 ) ORDER BY display_order asc  [ RunTime:0.001112s ]
SQL: SELECT `app_name`,`app_alias`,`app_entry` FROM `ik_app` WHERE ( `status` = 1 ) ORDER BY display_order asc  [ RunTime:0.000506s ]
SQL: SELECT * FROM `ik_app` WHERE ( `app_name` = 'public' ) LIMIT 1   [ RunTime:0.000484s ]
SQL: SHOW COLUMNS FROM `ik_user` [ RunTime:0.004164s ]
INFO: [ view_template ] --START--
INFO: Run LocationTemplate Behavior [ RunTime:0.001528s ]
INFO: [ view_template ] --END-- [ RunTime:0.001625s ]
INFO: [ view_parse ] --START--
INFO: Run ParseTemplate Behavior [ RunTime:0.012940s ]
INFO: [ view_parse ] --END-- [ RunTime:0.013070s ]
INFO: [ view_filter ] --START--
INFO: Run ContentReplace Behavior [ RunTime:0.001429s ]
INFO: Run TokenBuild Behavior [ RunTime:0.001277s ]
INFO: Run WriteHtmlCache Behavior [ RunTime:0.001223s ]
INFO: Run ShowRuntime Behavior [ RunTime:0.001385s ]
INFO: Run content_replace Behavior [ RunTime:0.003142s ]
INFO: [ view_filter ] --END-- [ RunTime:0.008824s ]
INFO: [ view_end ] --START--
INFO: Run ShowPageTrace Behavior [ RunTime:0.001287s ]
INFO: [ view_end ] --END-- [ RunTime:0.001374s ]

[ 2013-06-07T11:57:28+08:00 ] 127.0.0.1 /joyku/index.php?app=public&m=user&a=login
NOTIC: 建议使用I方法替代_post
NOTIC: 建议使用I方法替代_post
NOTIC: 建议使用I方法替代_post

[ 2013-06-07T11:57:28+08:00 ] 127.0.0.1 /joyku/index.php?&app=develop&m=index&a=applist&type=0&cateid=1
NOTIC: 建议使用I方法替代_get
NOTIC: 建议使用I方法替代_get

[ 2013-06-07T11:57:29+08:00 ] 127.0.0.1 /joyku/index.php?app=develop&m=index&a=vote&id=1
INFO: [ app_begin ] --START--
INFO: Run ReadHtmlCache Behavior [ RunTime:0.000378s ]
INFO: Run load_lang Behavior [ RunTime:0.001613s ]
INFO: [ app_begin ] --END-- [ RunTime:0.002162s ]
SQL: SHOW COLUMNS FROM `ik_message` [ RunTime:0.004002s ]
SQL: SELECT COUNT(*) AS tp_count FROM `ik_message` WHERE ( `touserid` = 1 ) AND ( `isread` = 0 ) AND ( `isinbox` = 0 ) LIMIT 1   [ RunTime:0.001103s ]
SQL: SELECT COUNT(*) AS count FROM ik_user_online WHERE `ctime` > 1370576549 [ RunTime:0.000423s ]
SQL: SHOW COLUMNS FROM `ik_app` [ RunTime:0.004043s ]
SQL: SELECT `app_name`,`app_alias`,`app_entry` FROM `ik_app` WHERE ( `status` = 1 ) ORDER BY display_order asc  [ RunTime:0.001140s ]
SQL: SELECT * FROM `ik_app` WHERE ( `app_name` = 'develop' ) LIMIT 1   [ RunTime:0.000522s ]
SQL: SHOW COLUMNS FROM `ik_user` [ RunTime:0.004153s ]
SQL: SHOW COLUMNS FROM `ik_images` [ RunTime:0.003770s ]
SQL: SHOW COLUMNS FROM `ik_develop` [ RunTime:0.004190s ]
SQL: SHOW COLUMNS FROM `ik_develop_cate` [ RunTime:0.003761s ]
SQL: SHOW COLUMNS FROM `ik_develop_comments` [ RunTime:0.003828s ]
SQL: SHOW COLUMNS FROM `ik_develop_down` [ RunTime:0.004609s ]
NOTIC: 建议使用I方法替代_get
SQL: SHOW COLUMNS FROM `ik_develop_vote` [ RunTime:0.004414s ]
SQL: SELECT COUNT(*) AS tp_count FROM `ik_develop_vote` WHERE ( `userid` = 1 ) AND ( `appid` = 1 ) LIMIT 1   [ RunTime:0.001226s ]
SQL: DELETE FROM `ik_develop_vote` WHERE ( `userid` = 1 ) AND ( `appid` = 1 ) [ RunTime:0.000502s ]
SQL: UPDATE `ik_develop` SET `count_vote`=count_vote-1 WHERE ( `appid` = 1 ) [ RunTime:0.000520s ]
SQL: SELECT `count_vote` FROM `ik_develop` WHERE ( `appid` = 1 ) LIMIT 1   [ RunTime:0.000506s ]

[ 2013-06-07T11:57:30+08:00 ] 127.0.0.1 /joyku/index.php?app=develop&m=index&a=vote&id=1
INFO: [ app_begin ] --START--
INFO: Run ReadHtmlCache Behavior [ RunTime:0.000353s ]
INFO: Run load_lang Behavior [ RunTime:0.001580s ]
INFO: [ app_begin ] --END-- [ RunTime:0.002099s ]
SQL: SHOW COLUMNS FROM `ik_message` [ RunTime:0.003827s ]
SQL: SELECT COUNT(*) AS tp_count FROM `ik_message` WHERE ( `touserid` = 1 ) AND ( `isread` = 0 ) AND ( `isinbox` = 0 ) LIMIT 1   [ RunTime:0.001166s ]
SQL: SELECT COUNT(*) AS count FROM ik_user_online WHERE `ctime` > 1370576550 [ RunTime:0.000508s ]
SQL: SHOW COLUMNS FROM `ik_app` [ RunTime:0.004087s ]
SQL: SELECT `app_name`,`app_alias`,`app_entry` FROM `ik_app` WHERE ( `status` = 1 ) ORDER BY display_order asc  [ RunTime:0.001078s ]
SQL: SELECT * FROM `ik_app` WHERE ( `app_name` = 'develop' ) LIMIT 1   [ RunTime:0.000469s ]
SQL: SHOW COLUMNS FROM `ik_user` [ RunTime:0.004232s ]
SQL: SHOW COLUMNS FROM `ik_images` [ RunTime:0.003831s ]
SQL: SHOW COLUMNS FROM `ik_develop` [ RunTime:0.004053s ]
SQL: SHOW COLUMNS FROM `ik_develop_cate` [ RunTime:0.003776s ]
SQL: SHOW COLUMNS FROM `ik_develop_comments` [ RunTime:0.003741s ]
SQL: SHOW COLUMNS FROM `ik_develop_down` [ RunTime:0.004443s ]
NOTIC: 建议使用I方法替代_get
SQL: SHOW COLUMNS FROM `ik_develop_vote` [ RunTime:0.004218s ]
SQL: SELECT COUNT(*) AS tp_count FROM `ik_develop_vote` WHERE ( `userid` = 1 ) AND ( `appid` = 1 ) LIMIT 1   [ RunTime:0.001159s ]
SQL: INSERT INTO `ik_develop_vote` (`userid`,`appid`,`addtime`) VALUES (1,1,1370577450) [ RunTime:0.000448s ]
SQL: UPDATE `ik_develop` SET `count_vote`=count_vote+1 WHERE ( `appid` = 1 ) [ RunTime:0.000483s ]
SQL: SELECT `count_vote` FROM `ik_develop` WHERE ( `appid` = 1 ) LIMIT 1   [ RunTime:0.000435s ]

[ 2013-06-07T13:38:58+08:00 ] 127.0.0.1 /joyku/index.php?app=public&m=user&a=login
NOTIC: 建议使用I方法替代_post
NOTIC: 建议使用I方法替代_post
NOTIC: 建议使用I方法替代_post

[ 2013-06-07T13:39:01+08:00 ] 127.0.0.1 /joyku/index.php?app=develop&m=index&a=userapp&id=1
NOTIC: 建议使用I方法替代_get

[ 2013-06-07T13:39:03+08:00 ] 127.0.0.1 /joyku/index.php?app=develop&m=index&a=editapp&id=1
NOTIC: 建议使用I方法替代_get

[ 2013-06-07T13:39:08+08:00 ] 127.0.0.1 /joyku/index.php?app=develop&m=index&a=editapp&id=1
NOTIC: 建议使用I方法替代_get

[ 2013-06-07T13:39:08+08:00 ] 127.0.0.1 /joyku/index.php?app=develop&m=index&a=add_upload&id=1
NOTIC: 建议使用I方法替代_get

[ 2013-06-07T13:39:14+08:00 ] 127.0.0.1 /joyku/index.php?app=develop&m=index&a=ajax_upload&userid=1&appid=1
NOTIC: 建议使用I方法替代_get
NOTIC: 建议使用I方法替代_get

[ 2013-06-07T13:42:02+08:00 ] 127.0.0.1 /joyku/index.php?app=develop&m=index&a=ajax_upload&userid=1&appid=1
NOTIC: 建议使用I方法替代_get
NOTIC: 建议使用I方法替代_get

[ 2013-06-07T13:52:54+08:00 ] 127.0.0.1 /joyku/index.php?app=develop&m=index&a=applist
NOTIC: 建议使用I方法替代_get
NOTIC: 建议使用I方法替代_get

[ 2013-06-07T13:52:56+08:00 ] 127.0.0.1 /joyku/index.php?app=develop&m=index&a=show&id=3
NOTIC: 建议使用I方法替代_get
NOTIC: 建议使用I方法替代_get
NOTIC: 建议使用I方法替代_get
NOTIC: 建议使用I方法替代_get

[ 2013-06-07T13:53:00+08:00 ] 127.0.0.1 /joyku/index.php?app=develop&m=index&a=applist&type=1&cateid=1
NOTIC: 建议使用I方法替代_get
NOTIC: 建议使用I方法替代_get

