[ 2013-05-31T09:45:28+08:00 ] 127.0.0.1 /joyku/
ERR: 实例化一个不存在的类！:EditorWidget

[ 2013-05-31T09:46:00+08:00 ] 127.0.0.1 /joyku/
ERR: 实例化一个不存在的类！:EditorWidget

[ 2013-05-31T09:46:08+08:00 ] 127.0.0.1 /joyku/
ERR: 实例化一个不存在的类！:EditorWidget

[ 2013-05-31T09:46:21+08:00 ] 127.0.0.1 /joyku/
ERR: 实例化一个不存在的类！:EditorWidget

[ 2013-05-31T09:46:34+08:00 ] 127.0.0.1 /joyku/
ERR: 实例化一个不存在的类！:EditorWidget

[ 2013-05-31T09:47:07+08:00 ] 127.0.0.1 /joyku/
ERR: 实例化一个不存在的类！:EditorWidget

[ 2013-05-31T09:47:15+08:00 ] 127.0.0.1 /joyku/
ERR: 实例化一个不存在的类！:EditorWidget

[ 2013-05-31T09:48:17+08:00 ] 127.0.0.1 /joyku/
ERR: 实例化一个不存在的类！:EditorWidget

[ 2013-05-31T09:49:52+08:00 ] 127.0.0.1 /joyku/
ERR: 模板不存在[./Core/Apps/public/Widget/Editor/D:\APMServ5.2.6\www\htdocs\joyku\Core\Lib\Widget/default.html.html]

[ 2013-05-31T09:51:44+08:00 ] 127.0.0.1 /joyku/index.php?app=group&m=index&a=explore
NOTIC: 建议使用I方法替代_get

[ 2013-05-31T09:51:54+08:00 ] 127.0.0.1 /joyku/index.php?app=public&m=user&a=login
NOTIC: 建议使用I方法替代_post
NOTIC: 建议使用I方法替代_post
NOTIC: 建议使用I方法替代_post

[ 2013-05-31T09:52:19+08:00 ] 127.0.0.1 /joyku/index.php?app=develop&m=images&a=delete
INFO: [ app_begin ] --START--
INFO: Run ReadHtmlCache Behavior [ RunTime:0.000876s ]
INFO: Run load_lang Behavior [ RunTime:0.002091s ]
INFO: [ app_begin ] --END-- [ RunTime:0.003145s ]
ERR: 无法加载模块:images

[ 2013-05-31T09:52:22+08:00 ] 127.0.0.1 /joyku/index.php?app=develop&m=images&a=delete
INFO: [ app_begin ] --START--
INFO: Run ReadHtmlCache Behavior [ RunTime:0.000377s ]
INFO: Run load_lang Behavior [ RunTime:0.001668s ]
INFO: [ app_begin ] --END-- [ RunTime:0.002219s ]
ERR: 无法加载模块:images

[ 2013-05-31T09:52:22+08:00 ] 127.0.0.1 /joyku/index.php?app=develop&m=images&a=delete
INFO: [ app_begin ] --START--
INFO: Run ReadHtmlCache Behavior [ RunTime:0.000354s ]
INFO: Run load_lang Behavior [ RunTime:0.001620s ]
INFO: [ app_begin ] --END-- [ RunTime:0.002155s ]
ERR: 无法加载模块:images

[ 2013-05-31T09:52:22+08:00 ] 127.0.0.1 /joyku/index.php?app=develop&m=images&a=delete
INFO: [ app_begin ] --START--
INFO: Run ReadHtmlCache Behavior [ RunTime:0.000356s ]
INFO: Run load_lang Behavior [ RunTime:0.001623s ]
INFO: [ app_begin ] --END-- [ RunTime:0.002149s ]
ERR: 无法加载模块:images

[ 2013-05-31T09:52:23+08:00 ] 127.0.0.1 /joyku/index.php?app=develop&m=images&a=delete
INFO: [ app_begin ] --START--
INFO: Run ReadHtmlCache Behavior [ RunTime:0.000379s ]
INFO: Run load_lang Behavior [ RunTime:0.001620s ]
INFO: [ app_begin ] --END-- [ RunTime:0.002180s ]
ERR: 无法加载模块:images

[ 2013-05-31T09:52:45+08:00 ] 127.0.0.1 /joyku/index.php?app=develop&m=images&a=delete
INFO: [ app_begin ] --START--
INFO: Run ReadHtmlCache Behavior [ RunTime:0.000398s ]
INFO: Run load_lang Behavior [ RunTime:0.001721s ]
INFO: [ app_begin ] --END-- [ RunTime:0.002314s ]
ERR: 无法加载模块:images

[ 2013-05-31T09:52:50+08:00 ] 127.0.0.1 /joyku/index.php?app=develop&m=images&a=delete
INFO: [ app_begin ] --START--
INFO: Run ReadHtmlCache Behavior [ RunTime:0.000388s ]
INFO: Run load_lang Behavior [ RunTime:0.001723s ]
INFO: [ app_begin ] --END-- [ RunTime:0.002301s ]
ERR: 无法加载模块:images

[ 2013-05-31T09:55:05+08:00 ] 127.0.0.1 /joyku/index.php?app=public&m=images&a=delete
INFO: [ app_begin ] --START--
INFO: Run ReadHtmlCache Behavior [ RunTime:0.000364s ]
INFO: Run load_lang Behavior [ RunTime:0.001742s ]
INFO: [ app_begin ] --END-- [ RunTime:0.002278s ]
SQL: SHOW COLUMNS FROM `ik_message` [ RunTime:0.003695s ]
SQL: SELECT COUNT(*) AS tp_count FROM `ik_message` WHERE ( `touserid` = 1 ) AND ( `isread` = 0 ) AND ( `isinbox` = 0 ) LIMIT 1   [ RunTime:0.001027s ]
SQL: SELECT COUNT(*) AS count FROM ik_user_online WHERE `ctime` > 1369964405 [ RunTime:0.000455s ]
SQL: SHOW COLUMNS FROM `ik_app` [ RunTime:0.003895s ]
SQL: SELECT `app_name`,`app_alias`,`app_entry` FROM `ik_app` WHERE ( `status` = 1 ) ORDER BY display_order asc  [ RunTime:0.001065s ]
SQL: SELECT `app_name`,`app_alias`,`app_entry` FROM `ik_app` WHERE ( `status` = 1 ) ORDER BY display_order asc  [ RunTime:0.000517s ]
SQL: SELECT * FROM `ik_app` WHERE ( `app_name` = 'public' ) LIMIT 1   [ RunTime:0.000490s ]
SQL: SHOW COLUMNS FROM `ik_images` [ RunTime:0.003768s ]
NOTIC: 建议使用I方法替代_post
NOTIC: 建议使用I方法替代_post
SQL: DELETE FROM `ik_images` WHERE ( `id` = 5 ) [ RunTime:0.001059s ]

[ 2013-05-31T09:55:29+08:00 ] 127.0.0.1 /joyku/index.php?app=public&m=images&a=delete
INFO: [ app_begin ] --START--
INFO: Run ReadHtmlCache Behavior [ RunTime:0.000413s ]
INFO: Run load_lang Behavior [ RunTime:0.001784s ]
INFO: [ app_begin ] --END-- [ RunTime:0.002411s ]
SQL: SHOW COLUMNS FROM `ik_message` [ RunTime:0.003735s ]
SQL: SELECT COUNT(*) AS tp_count FROM `ik_message` WHERE ( `touserid` = 1 ) AND ( `isread` = 0 ) AND ( `isinbox` = 0 ) LIMIT 1   [ RunTime:0.001235s ]
SQL: SELECT COUNT(*) AS count FROM ik_user_online WHERE `ctime` > 1369964429 [ RunTime:0.000466s ]
SQL: SHOW COLUMNS FROM `ik_app` [ RunTime:0.003875s ]
SQL: SELECT `app_name`,`app_alias`,`app_entry` FROM `ik_app` WHERE ( `status` = 1 ) ORDER BY display_order asc  [ RunTime:0.001136s ]
SQL: SELECT `app_name`,`app_alias`,`app_entry` FROM `ik_app` WHERE ( `status` = 1 ) ORDER BY display_order asc  [ RunTime:0.000503s ]
SQL: SELECT * FROM `ik_app` WHERE ( `app_name` = 'public' ) LIMIT 1   [ RunTime:0.000478s ]
SQL: SHOW COLUMNS FROM `ik_images` [ RunTime:0.003764s ]
NOTIC: 建议使用I方法替代_post
NOTIC: 建议使用I方法替代_post
SQL: DELETE FROM `ik_images` WHERE ( `id` = 5 ) [ RunTime:0.000984s ]

[ 2013-05-31T09:55:56+08:00 ] 127.0.0.1 /joyku/index.php?app=public&m=images&a=delete
INFO: [ app_begin ] --START--
INFO: Run ReadHtmlCache Behavior [ RunTime:0.000829s ]
INFO: Run load_lang Behavior [ RunTime:0.002157s ]
INFO: [ app_begin ] --END-- [ RunTime:0.003163s ]
SQL: SHOW COLUMNS FROM `ik_message` [ RunTime:0.003647s ]
SQL: SELECT COUNT(*) AS tp_count FROM `ik_message` WHERE ( `touserid` = 1 ) AND ( `isread` = 0 ) AND ( `isinbox` = 0 ) LIMIT 1   [ RunTime:0.001144s ]
SQL: SELECT COUNT(*) AS count FROM ik_user_online WHERE `ctime` > 1369964456 [ RunTime:0.000451s ]
SQL: SHOW COLUMNS FROM `ik_app` [ RunTime:0.003827s ]
SQL: SELECT `app_name`,`app_alias`,`app_entry` FROM `ik_app` WHERE ( `status` = 1 ) ORDER BY display_order asc  [ RunTime:0.001057s ]
SQL: SELECT `app_name`,`app_alias`,`app_entry` FROM `ik_app` WHERE ( `status` = 1 ) ORDER BY display_order asc  [ RunTime:0.000497s ]
SQL: SELECT * FROM `ik_app` WHERE ( `app_name` = 'public' ) LIMIT 1   [ RunTime:0.000473s ]
SQL: SHOW COLUMNS FROM `ik_images` [ RunTime:0.003682s ]
NOTIC: 建议使用I方法替代_post
NOTIC: 建议使用I方法替代_post
SQL: DELETE FROM `ik_images` WHERE ( `id` = 4 ) [ RunTime:0.001070s ]

[ 2013-05-31T09:59:57+08:00 ] 127.0.0.1 /joyku/index.php?app=public&m=images&a=delete
INFO: [ app_begin ] --START--
INFO: Run ReadHtmlCache Behavior [ RunTime:0.000829s ]
INFO: Run load_lang Behavior [ RunTime:0.002083s ]
INFO: [ app_begin ] --END-- [ RunTime:0.003105s ]
SQL: REPLACE INTO ik_user_online (`userid`,`ctime`) VALUES ("1", "1369965597") [ RunTime:0.000442s ]
SQL: SHOW COLUMNS FROM `ik_message` [ RunTime:0.003850s ]
SQL: SELECT COUNT(*) AS tp_count FROM `ik_message` WHERE ( `touserid` = 1 ) AND ( `isread` = 0 ) AND ( `isinbox` = 0 ) LIMIT 1   [ RunTime:0.001019s ]
SQL: SELECT COUNT(*) AS count FROM ik_user_online WHERE `ctime` > 1369964697 [ RunTime:0.000489s ]
SQL: SHOW COLUMNS FROM `ik_app` [ RunTime:0.004000s ]
SQL: SELECT `app_name`,`app_alias`,`app_entry` FROM `ik_app` WHERE ( `status` = 1 ) ORDER BY display_order asc  [ RunTime:0.001203s ]
SQL: SELECT `app_name`,`app_alias`,`app_entry` FROM `ik_app` WHERE ( `status` = 1 ) ORDER BY display_order asc  [ RunTime:0.000553s ]
SQL: SELECT * FROM `ik_app` WHERE ( `app_name` = 'public' ) LIMIT 1   [ RunTime:0.000494s ]
SQL: SHOW COLUMNS FROM `ik_images` [ RunTime:0.003756s ]
NOTIC: 建议使用I方法替代_post
NOTIC: 建议使用I方法替代_post
SQL: DELETE FROM `ik_images` WHERE ( `id` = 4 ) [ RunTime:0.001047s ]

[ 2013-05-31T10:00:03+08:00 ] 127.0.0.1 /joyku/index.php?app=public&m=images&a=delete
INFO: [ app_begin ] --START--
INFO: Run ReadHtmlCache Behavior [ RunTime:0.000372s ]
INFO: Run load_lang Behavior [ RunTime:0.001634s ]
INFO: [ app_begin ] --END-- [ RunTime:0.002185s ]
SQL: SHOW COLUMNS FROM `ik_message` [ RunTime:0.003579s ]
SQL: SELECT COUNT(*) AS tp_count FROM `ik_message` WHERE ( `touserid` = 1 ) AND ( `isread` = 0 ) AND ( `isinbox` = 0 ) LIMIT 1   [ RunTime:0.001142s ]
SQL: SELECT COUNT(*) AS count FROM ik_user_online WHERE `ctime` > 1369964703 [ RunTime:0.000415s ]
SQL: SHOW COLUMNS FROM `ik_app` [ RunTime:0.003889s ]
SQL: SELECT `app_name`,`app_alias`,`app_entry` FROM `ik_app` WHERE ( `status` = 1 ) ORDER BY display_order asc  [ RunTime:0.001059s ]
SQL: SELECT `app_name`,`app_alias`,`app_entry` FROM `ik_app` WHERE ( `status` = 1 ) ORDER BY display_order asc  [ RunTime:0.000444s ]
SQL: SELECT * FROM `ik_app` WHERE ( `app_name` = 'public' ) LIMIT 1   [ RunTime:0.000415s ]
SQL: SHOW COLUMNS FROM `ik_images` [ RunTime:0.003663s ]
NOTIC: 建议使用I方法替代_post
NOTIC: 建议使用I方法替代_post
SQL: DELETE FROM `ik_images` WHERE ( `id` = 3 ) [ RunTime:0.001186s ]

[ 2013-05-31T10:00:38+08:00 ] 127.0.0.1 /joyku/index.php?app=public&m=images&a=add
NOTIC: 建议使用I方法替代_post
NOTIC: 建议使用I方法替代_post

[ 2013-05-31T10:00:42+08:00 ] 127.0.0.1 /joyku/index.php?m=images&a=delete
INFO: [ app_begin ] --START--
INFO: Run ReadHtmlCache Behavior [ RunTime:0.000826s ]
INFO: Run load_lang Behavior [ RunTime:0.002098s ]
INFO: [ app_begin ] --END-- [ RunTime:0.003113s ]
SQL: SHOW COLUMNS FROM `ik_message` [ RunTime:0.003764s ]
SQL: SELECT COUNT(*) AS tp_count FROM `ik_message` WHERE ( `touserid` = 1 ) AND ( `isread` = 0 ) AND ( `isinbox` = 0 ) LIMIT 1   [ RunTime:0.001322s ]
SQL: SELECT COUNT(*) AS count FROM ik_user_online WHERE `ctime` > 1369964742 [ RunTime:0.000455s ]
SQL: SHOW COLUMNS FROM `ik_app` [ RunTime:0.004030s ]
SQL: SELECT `app_name`,`app_alias`,`app_entry` FROM `ik_app` WHERE ( `status` = 1 ) ORDER BY display_order asc  [ RunTime:0.001099s ]
SQL: SELECT `app_name`,`app_alias`,`app_entry` FROM `ik_app` WHERE ( `status` = 1 ) ORDER BY display_order asc  [ RunTime:0.000476s ]
SQL: SELECT * FROM `ik_app` WHERE ( `app_name` = 'public' ) LIMIT 1   [ RunTime:0.000440s ]
SQL: SHOW COLUMNS FROM `ik_images` [ RunTime:0.003808s ]
NOTIC: 建议使用I方法替代_post
NOTIC: 建议使用I方法替代_post
SQL: DELETE FROM `ik_images` WHERE ( `id` = 8 ) [ RunTime:0.001130s ]

[ 2013-05-31T10:05:40+08:00 ] 127.0.0.1 /joyku/index.php?app=public&m=images&a=add
NOTIC: 建议使用I方法替代_post
NOTIC: 建议使用I方法替代_post

[ 2013-05-31T10:11:53+08:00 ] 127.0.0.1 /joyku/index.php?app=group&m=index&a=add&id=1
NOTIC: 建议使用I方法替代_get

[ 2013-05-31T10:11:59+08:00 ] 127.0.0.1 /joyku/index.php?app=public&m=images&a=add
NOTIC: 建议使用I方法替代_post
NOTIC: 建议使用I方法替代_post

[ 2013-05-31T10:12:21+08:00 ] 127.0.0.1 /joyku/index.php?app=public&m=user&a=login
NOTIC: 建议使用I方法替代_post
NOTIC: 建议使用I方法替代_post

[ 2013-05-31T10:12:25+08:00 ] 127.0.0.1 /joyku/index.php?app=public&m=user&a=login
NOTIC: 建议使用I方法替代_post
NOTIC: 建议使用I方法替代_post

[ 2013-05-31T10:12:41+08:00 ] 127.0.0.1 /joyku/index.php?m=user&a=check&t=username&username=charmboy
INFO: [ app_begin ] --START--
INFO: Run ReadHtmlCache Behavior [ RunTime:0.000385s ]
INFO: Run load_lang Behavior [ RunTime:0.001521s ]
INFO: [ app_begin ] --END-- [ RunTime:0.002090s ]
SQL: SHOW COLUMNS FROM `ik_message` [ RunTime:0.003761s ]
SQL: SELECT COUNT(*) AS tp_count FROM `ik_message` WHERE ( `touserid` = null ) AND ( `isread` = 0 ) AND ( `isinbox` = 0 ) LIMIT 1   [ RunTime:0.001158s ]
SQL: SELECT COUNT(*) AS count FROM ik_user_online WHERE `ctime` > 1369965461 [ RunTime:0.000519s ]
SQL: SHOW COLUMNS FROM `ik_app` [ RunTime:0.003807s ]
SQL: SELECT `app_name`,`app_alias`,`app_entry` FROM `ik_app` WHERE ( `status` = 1 ) ORDER BY display_order asc  [ RunTime:0.001097s ]
SQL: SELECT `app_name`,`app_alias`,`app_entry` FROM `ik_app` WHERE ( `status` = 1 ) ORDER BY display_order asc  [ RunTime:0.000514s ]
SQL: SELECT * FROM `ik_app` WHERE ( `app_name` = 'public' ) LIMIT 1   [ RunTime:0.000524s ]
SQL: SHOW COLUMNS FROM `ik_user` [ RunTime:0.004039s ]
NOTIC: 建议使用I方法替代_get
NOTIC: 建议使用I方法替代_get
SQL: SELECT COUNT(userid) AS tp_count FROM `ik_user` WHERE ( username='charmboy' AND userid<>'0' ) LIMIT 1   [ RunTime:0.000889s ]

[ 2013-05-31T10:12:42+08:00 ] 127.0.0.1 /joyku/index.php?app=public&m=user&a=register
NOTIC: 建议使用I方法替代_post
NOTIC: 建议使用I方法替代_post
NOTIC: 建议使用I方法替代_post
NOTIC: 建议使用I方法替代_post
NOTIC: 建议使用I方法替代_post

[ 2013-05-31T10:12:42+08:00 ] 127.0.0.1 /joyku/index.php?app=space&m=index&a=index&id=charm_888
NOTIC: 建议使用I方法替代_get

[ 2013-05-31T10:12:48+08:00 ] 127.0.0.1 /joyku/index.php?app=group&m=index&a=explore
NOTIC: 建议使用I方法替代_get

[ 2013-05-31T10:12:49+08:00 ] 127.0.0.1 /joyku/index.php?app=group&m=index&a=show&id=1
NOTIC: 建议使用I方法替代_get

[ 2013-05-31T10:12:51+08:00 ] 127.0.0.1 /joyku/index.php?app=group&m=index&a=join&id=1
NOTIC: 建议使用I方法替代_get

[ 2013-05-31T10:12:51+08:00 ] 127.0.0.1 /joyku/index.php?app=group&m=index&a=show&id=1
NOTIC: 建议使用I方法替代_get

[ 2013-05-31T10:12:52+08:00 ] 127.0.0.1 /joyku/index.php?app=group&m=index&a=add&id=1
NOTIC: 建议使用I方法替代_get

[ 2013-05-31T10:12:57+08:00 ] 127.0.0.1 /joyku/index.php?app=group&m=index&a=add&id=1
NOTIC: 建议使用I方法替代_get

[ 2013-05-31T10:13:08+08:00 ] 127.0.0.1 /joyku/index.php?app=group&m=index&a=add&id=1
NOTIC: 建议使用I方法替代_get

[ 2013-05-31T11:33:00+08:00 ] 127.0.0.1 /joyku/index.php/admin/index/index
SQL: SHOW COLUMNS FROM `ik_app` [ RunTime:0.005582s ]
SQL: SELECT `app_name`,`app_alias`,`admin_entry` FROM `ik_app` ORDER BY display_order asc  [ RunTime:0.001137s ]
INFO: [ view_template ] --START--
INFO: Run LocationTemplate Behavior [ RunTime:0.001439s ]
INFO: [ view_template ] --END-- [ RunTime:0.001585s ]
INFO: [ view_parse ] --START--
NOTIC: [8] Use of undefined constant app_name - assumed 'app_name' D:\APMServ5.2.6\www\htdocs\joyku\Core\Runtime\Cache\admin\599a9a2499051b068f5610d6e61d6336.php 第 99 行.
NOTIC: [8] Use of undefined constant app_alias - assumed 'app_alias' D:\APMServ5.2.6\www\htdocs\joyku\Core\Runtime\Cache\admin\599a9a2499051b068f5610d6e61d6336.php 第 99 行.
NOTIC: [8] Use of undefined constant app_name - assumed 'app_name' D:\APMServ5.2.6\www\htdocs\joyku\Core\Runtime\Cache\admin\599a9a2499051b068f5610d6e61d6336.php 第 99 行.
NOTIC: [8] Use of undefined constant app_alias - assumed 'app_alias' D:\APMServ5.2.6\www\htdocs\joyku\Core\Runtime\Cache\admin\599a9a2499051b068f5610d6e61d6336.php 第 99 行.
INFO: Run ParseTemplate Behavior [ RunTime:0.038753s ]
INFO: [ view_parse ] --END-- [ RunTime:0.038882s ]
INFO: [ view_filter ] --START--
INFO: Run ContentReplace Behavior [ RunTime:0.000465s ]
INFO: Run TokenBuild Behavior [ RunTime:0.000366s ]
INFO: Run WriteHtmlCache Behavior [ RunTime:0.000278s ]
INFO: Run ShowRuntime Behavior [ RunTime:0.000347s ]
INFO: Run content_replace Behavior [ RunTime:0.003016s ]
INFO: [ view_filter ] --END-- [ RunTime:0.004801s ]
INFO: [ view_end ] --START--
INFO: Run ShowPageTrace Behavior [ RunTime:0.000372s ]
INFO: [ view_end ] --END-- [ RunTime:0.000461s ]

[ 2013-05-31T11:33:01+08:00 ] 127.0.0.1 /joyku/index.php/admin/index/main
SQL: SHOW COLUMNS FROM `ik_app` [ RunTime:0.003996s ]
SQL: SELECT `app_name`,`app_alias`,`admin_entry` FROM `ik_app` ORDER BY display_order asc  [ RunTime:0.001157s ]
NOTIC: [8] Use of undefined constant gd_info - assumed 'gd_info' D:\APMServ5.2.6\www\htdocs\joyku\Core\Apps\admin\Action\indexAction.class.php 第 52 行.
NOTIC: [8] Use of undefined constant HTTP_ACCEPT_LANGUAGE - assumed 'HTTP_ACCEPT_LANGUAGE' D:\APMServ5.2.6\www\htdocs\joyku\Core\Apps\admin\Action\indexAction.class.php 第 64 行.
NOTIC: [8] Use of undefined constant DOCUMENT_ROOT - assumed 'DOCUMENT_ROOT' D:\APMServ5.2.6\www\htdocs\joyku\Core\Apps\admin\Action\indexAction.class.php 第 66 行.
NOTIC: [8] Use of undefined constant HTTP_ACCEPT_ENCODING - assumed 'HTTP_ACCEPT_ENCODING' D:\APMServ5.2.6\www\htdocs\joyku\Core\Apps\admin\Action\indexAction.class.php 第 70 行.
INFO: [ view_template ] --START--
INFO: Run LocationTemplate Behavior [ RunTime:0.001320s ]
INFO: [ view_template ] --END-- [ RunTime:0.001429s ]
INFO: [ view_parse ] --START--
INFO: Run ParseTemplate Behavior [ RunTime:0.068682s ]
INFO: [ view_parse ] --END-- [ RunTime:0.068824s ]
INFO: [ view_filter ] --START--
INFO: Run ContentReplace Behavior [ RunTime:0.000398s ]
INFO: Run TokenBuild Behavior [ RunTime:0.000326s ]
INFO: Run WriteHtmlCache Behavior [ RunTime:0.000274s ]
INFO: Run ShowRuntime Behavior [ RunTime:0.000349s ]
INFO: Run content_replace Behavior [ RunTime:0.002761s ]
INFO: [ view_filter ] --END-- [ RunTime:0.004429s ]
INFO: [ view_end ] --START--
INFO: Run ShowPageTrace Behavior [ RunTime:0.000378s ]
INFO: [ view_end ] --END-- [ RunTime:0.000468s ]

[ 2013-05-31T11:33:01+08:00 ] 127.0.0.1 /joyku/index.php/admin/index/left
INFO: [ app_begin ] --START--
INFO: Run ReadHtmlCache Behavior [ RunTime:0.000855s ]
INFO: Run load_lang Behavior [ RunTime:0.017700s ]
INFO: [ app_begin ] --END-- [ RunTime:0.018750s ]
SQL: SHOW COLUMNS FROM `ik_app` [ RunTime:0.003974s ]
SQL: SELECT `app_name`,`app_alias`,`admin_entry` FROM `ik_app` ORDER BY display_order asc  [ RunTime:0.001010s ]
NOTIC: 建议使用I方法替代_get
INFO: [ view_template ] --START--
INFO: Run LocationTemplate Behavior [ RunTime:0.001751s ]
INFO: [ view_template ] --END-- [ RunTime:0.001860s ]
INFO: [ view_parse ] --START--
INFO: Run ParseTemplate Behavior [ RunTime:0.038324s ]
INFO: [ view_parse ] --END-- [ RunTime:0.038488s ]
INFO: [ view_filter ] --START--
INFO: Run ContentReplace Behavior [ RunTime:0.001387s ]
INFO: Run TokenBuild Behavior [ RunTime:0.001262s ]
INFO: Run WriteHtmlCache Behavior [ RunTime:0.000749s ]
INFO: Run ShowRuntime Behavior [ RunTime:0.001267s ]
INFO: Run content_replace Behavior [ RunTime:0.003164s ]
INFO: [ view_filter ] --END-- [ RunTime:0.008150s ]
INFO: [ view_end ] --START--
INFO: Run ShowPageTrace Behavior [ RunTime:0.001290s ]
INFO: [ view_end ] --END-- [ RunTime:0.001380s ]

[ 2013-05-31T11:33:03+08:00 ] 127.0.0.1 /joyku/index.php/admin/index/left?ik=setting
INFO: [ app_begin ] --START--
INFO: Run ReadHtmlCache Behavior [ RunTime:0.001071s ]
INFO: Run load_lang Behavior [ RunTime:0.002716s ]
INFO: [ app_begin ] --END-- [ RunTime:0.004041s ]
SQL: SHOW COLUMNS FROM `ik_app` [ RunTime:0.003918s ]
SQL: SELECT `app_name`,`app_alias`,`admin_entry` FROM `ik_app` ORDER BY display_order asc  [ RunTime:0.001075s ]
NOTIC: 建议使用I方法替代_get
INFO: [ view_template ] --START--
INFO: Run LocationTemplate Behavior [ RunTime:0.001274s ]
INFO: [ view_template ] --END-- [ RunTime:0.001372s ]
INFO: [ view_parse ] --START--
INFO: Run ParseTemplate Behavior [ RunTime:0.013942s ]
INFO: [ view_parse ] --END-- [ RunTime:0.014077s ]
INFO: [ view_filter ] --START--
INFO: Run ContentReplace Behavior [ RunTime:0.000408s ]
INFO: Run TokenBuild Behavior [ RunTime:0.000340s ]
INFO: Run WriteHtmlCache Behavior [ RunTime:0.000245s ]
INFO: Run ShowRuntime Behavior [ RunTime:0.000320s ]
INFO: Run content_replace Behavior [ RunTime:0.002723s ]
INFO: [ view_filter ] --END-- [ RunTime:0.004317s ]
INFO: [ view_end ] --START--
INFO: Run ShowPageTrace Behavior [ RunTime:0.000492s ]
INFO: [ view_end ] --END-- [ RunTime:0.000589s ]

[ 2013-05-31T11:33:03+08:00 ] 127.0.0.1 /joyku/index.php/admin/setting/index
SQL: SHOW COLUMNS FROM `ik_app` [ RunTime:0.003898s ]
SQL: SELECT `app_name`,`app_alias`,`admin_entry` FROM `ik_app` ORDER BY display_order asc  [ RunTime:0.001114s ]
SQL: SHOW COLUMNS FROM `ik_setting` [ RunTime:0.010311s ]
NOTIC: 建议使用I方法替代_get
INFO: [ view_template ] --START--
INFO: Run LocationTemplate Behavior [ RunTime:0.001570s ]
INFO: [ view_template ] --END-- [ RunTime:0.001674s ]
INFO: [ view_parse ] --START--
INFO: Run ParseTemplate Behavior [ RunTime:0.041607s ]
INFO: [ view_parse ] --END-- [ RunTime:0.041727s ]
INFO: [ view_filter ] --START--
INFO: Run ContentReplace Behavior [ RunTime:0.000474s ]
INFO: Run TokenBuild Behavior [ RunTime:0.000379s ]
INFO: Run WriteHtmlCache Behavior [ RunTime:0.000266s ]
INFO: Run ShowRuntime Behavior [ RunTime:0.000369s ]
INFO: Run content_replace Behavior [ RunTime:0.002743s ]
INFO: [ view_filter ] --END-- [ RunTime:0.004561s ]
INFO: [ view_end ] --START--
INFO: Run ShowPageTrace Behavior [ RunTime:0.000372s ]
INFO: [ view_end ] --END-- [ RunTime:0.000463s ]

[ 2013-05-31T11:33:05+08:00 ] 127.0.0.1 /joyku/index.php?app=admin&m=setting&a=index&type=site
SQL: SHOW COLUMNS FROM `ik_app` [ RunTime:0.003962s ]
SQL: SELECT `app_name`,`app_alias`,`admin_entry` FROM `ik_app` ORDER BY display_order asc  [ RunTime:0.001021s ]
SQL: SHOW COLUMNS FROM `ik_setting` [ RunTime:0.003659s ]
NOTIC: 建议使用I方法替代_get
INFO: [ view_template ] --START--
INFO: Run LocationTemplate Behavior [ RunTime:0.001556s ]
INFO: [ view_template ] --END-- [ RunTime:0.001673s ]
INFO: [ view_parse ] --START--
INFO: Run ParseTemplate Behavior [ RunTime:0.029767s ]
INFO: [ view_parse ] --END-- [ RunTime:0.029922s ]
INFO: [ view_filter ] --START--
INFO: Run ContentReplace Behavior [ RunTime:0.000477s ]
INFO: Run TokenBuild Behavior [ RunTime:0.000366s ]
INFO: Run WriteHtmlCache Behavior [ RunTime:0.000279s ]
INFO: Run ShowRuntime Behavior [ RunTime:0.000359s ]
INFO: Run content_replace Behavior [ RunTime:0.002819s ]
INFO: [ view_filter ] --END-- [ RunTime:0.004624s ]
INFO: [ view_end ] --START--
INFO: Run ShowPageTrace Behavior [ RunTime:0.000386s ]
INFO: [ view_end ] --END-- [ RunTime:0.000485s ]

[ 2013-05-31T11:33:06+08:00 ] 127.0.0.1 /joyku/index.php?app=admin&m=setting&a=index&type=attachment
SQL: SHOW COLUMNS FROM `ik_app` [ RunTime:0.004152s ]
SQL: SELECT `app_name`,`app_alias`,`admin_entry` FROM `ik_app` ORDER BY display_order asc  [ RunTime:0.001114s ]
SQL: SHOW COLUMNS FROM `ik_setting` [ RunTime:0.003706s ]
NOTIC: 建议使用I方法替代_get
INFO: [ view_template ] --START--
INFO: Run LocationTemplate Behavior [ RunTime:0.001531s ]
INFO: [ view_template ] --END-- [ RunTime:0.001646s ]
INFO: [ view_parse ] --START--
INFO: Run ParseTemplate Behavior [ RunTime:0.027707s ]
INFO: [ view_parse ] --END-- [ RunTime:0.027837s ]
INFO: [ view_filter ] --START--
INFO: Run ContentReplace Behavior [ RunTime:0.000452s ]
INFO: Run TokenBuild Behavior [ RunTime:0.000321s ]
INFO: Run WriteHtmlCache Behavior [ RunTime:0.000244s ]
INFO: Run ShowRuntime Behavior [ RunTime:0.000342s ]
INFO: Run content_replace Behavior [ RunTime:0.002773s ]
INFO: [ view_filter ] --END-- [ RunTime:0.004447s ]
INFO: [ view_end ] --START--
INFO: Run ShowPageTrace Behavior [ RunTime:0.000350s ]
INFO: [ view_end ] --END-- [ RunTime:0.000438s ]

[ 2013-05-31T11:33:15+08:00 ] 127.0.0.1 /joyku/index.php/admin/setting/edit
SQL: SHOW COLUMNS FROM `ik_app` [ RunTime:0.003873s ]
SQL: SELECT `app_name`,`app_alias`,`admin_entry` FROM `ik_app` ORDER BY display_order asc  [ RunTime:0.001112s ]
SQL: SHOW COLUMNS FROM `ik_setting` [ RunTime:0.003530s ]
NOTIC: 建议使用I方法替代_post
NOTIC: [2] Missing argument 2 for settingModel::_before_write(), called in D:\APMServ5.2.6\www\htdocs\joyku\ThinkPHP\Lib\Core\Model.class.php on line 283 and defined D:\APMServ5.2.6\www\htdocs\joyku\Core\Lib\Model\settingModel.class.php 第 25 行.
SQL: UPDATE `ik_setting` SET `data`='data/upload/' WHERE ( `name` = 'attach_path' ) [ RunTime:0.016462s ]
NOTIC: [2] Missing argument 2 for settingModel::_before_write(), called in D:\APMServ5.2.6\www\htdocs\joyku\ThinkPHP\Lib\Core\Model.class.php on line 283 and defined D:\APMServ5.2.6\www\htdocs\joyku\Core\Lib\Model\settingModel.class.php 第 25 行.
NOTIC: [2] unlink(D:\APMServ5.2.6\www\htdocs\joyku\Core/Runtime/Data/setting.php) [<a href='function.unlink'>function.unlink</a>]: No such file or directory D:\APMServ5.2.6\www\htdocs\joyku\ThinkPHP\Common\functions.php 第 413 行.
SQL: UPDATE `ik_setting` SET `data`='jpg,gif,png,jpeg,rar,zip' WHERE ( `name` = 'attr_allow_exts' ) [ RunTime:0.000489s ]
NOTIC: [2] Missing argument 2 for settingModel::_before_write(), called in D:\APMServ5.2.6\www\htdocs\joyku\ThinkPHP\Lib\Core\Model.class.php on line 283 and defined D:\APMServ5.2.6\www\htdocs\joyku\Core\Lib\Model\settingModel.class.php 第 25 行.
NOTIC: [2] unlink(D:\APMServ5.2.6\www\htdocs\joyku\Core/Runtime/Data/setting.php) [<a href='function.unlink'>function.unlink</a>]: No such file or directory D:\APMServ5.2.6\www\htdocs\joyku\ThinkPHP\Common\functions.php 第 413 行.
SQL: UPDATE `ik_setting` SET `data`='2048' WHERE ( `name` = 'attr_allow_size' ) [ RunTime:0.000410s ]
NOTIC: 建议使用I方法替代_post
INFO: [ view_template ] --START--
INFO: Run LocationTemplate Behavior [ RunTime:0.001696s ]
INFO: [ view_template ] --END-- [ RunTime:0.001800s ]
INFO: [ view_parse ] --START--
INFO: Run ParseTemplate Behavior [ RunTime:0.012027s ]
INFO: [ view_parse ] --END-- [ RunTime:0.012190s ]
INFO: [ view_filter ] --START--
INFO: Run ContentReplace Behavior [ RunTime:0.000939s ]
INFO: Run TokenBuild Behavior [ RunTime:0.000836s ]
INFO: Run WriteHtmlCache Behavior [ RunTime:0.000767s ]
INFO: Run ShowRuntime Behavior [ RunTime:0.000849s ]
INFO: Run content_replace Behavior [ RunTime:0.002733s ]
INFO: [ view_filter ] --END-- [ RunTime:0.006477s ]
INFO: [ view_end ] --START--
INFO: Run ShowPageTrace Behavior [ RunTime:0.000834s ]
INFO: [ view_end ] --END-- [ RunTime:0.000950s ]

[ 2013-05-31T11:33:18+08:00 ] 127.0.0.1 /joyku/index.php?app=admin&m=setting&a=index&type=attachment
SQL: SHOW COLUMNS FROM `ik_setting` [ RunTime:0.003473s ]
SQL: SELECT `name`,`data` FROM `ik_setting`  [ RunTime:0.001573s ]
NOTIC: [8] unserialize() [<a href='function.unserialize'>function.unserialize</a>]: Error at offset 0 of 9 bytes D:\APMServ5.2.6\www\htdocs\joyku\Core\Lib\Action\backendAction.class.php 第 80 行.
NOTIC: [8] unserialize() [<a href='function.unserialize'>function.unserialize</a>]: Error at offset 0 of 27 bytes D:\APMServ5.2.6\www\htdocs\joyku\Core\Lib\Action\backendAction.class.php 第 80 行.
NOTIC: [8] unserialize() [<a href='function.unserialize'>function.unserialize</a>]: Error at offset 0 of 23 bytes D:\APMServ5.2.6\www\htdocs\joyku\Core\Lib\Action\backendAction.class.php 第 80 行.
NOTIC: [8] unserialize() [<a href='function.unserialize'>function.unserialize</a>]: Error at offset 0 of 15 bytes D:\APMServ5.2.6\www\htdocs\joyku\Core\Lib\Action\backendAction.class.php 第 80 行.
NOTIC: [8] unserialize() [<a href='function.unserialize'>function.unserialize</a>]: Error at offset 0 of 15 bytes D:\APMServ5.2.6\www\htdocs\joyku\Core\Lib\Action\backendAction.class.php 第 80 行.
NOTIC: [8] unserialize() [<a href='function.unserialize'>function.unserialize</a>]: Error at offset 0 of 4 bytes D:\APMServ5.2.6\www\htdocs\joyku\Core\Lib\Action\backendAction.class.php 第 80 行.
NOTIC: [8] unserialize() [<a href='function.unserialize'>function.unserialize</a>]: Error at offset 0 of 37 bytes D:\APMServ5.2.6\www\htdocs\joyku\Core\Lib\Action\backendAction.class.php 第 80 行.
NOTIC: [8] unserialize() [<a href='function.unserialize'>function.unserialize</a>]: Error at offset 0 of 4 bytes D:\APMServ5.2.6\www\htdocs\joyku\Core\Lib\Action\backendAction.class.php 第 80 行.
NOTIC: [8] unserialize() [<a href='function.unserialize'>function.unserialize</a>]: Error at offset 0 of 1 bytes D:\APMServ5.2.6\www\htdocs\joyku\Core\Lib\Action\backendAction.class.php 第 80 行.
NOTIC: [8] unserialize() [<a href='function.unserialize'>function.unserialize</a>]: Error at offset 0 of 1 bytes D:\APMServ5.2.6\www\htdocs\joyku\Core\Lib\Action\backendAction.class.php 第 80 行.
NOTIC: [8] unserialize() [<a href='function.unserialize'>function.unserialize</a>]: Error at offset 0 of 1 bytes D:\APMServ5.2.6\www\htdocs\joyku\Core\Lib\Action\backendAction.class.php 第 80 行.
NOTIC: [8] unserialize() [<a href='function.unserialize'>function.unserialize</a>]: Error at offset 0 of 5 bytes D:\APMServ5.2.6\www\htdocs\joyku\Core\Lib\Action\backendAction.class.php 第 80 行.
NOTIC: [8] unserialize() [<a href='function.unserialize'>function.unserialize</a>]: Error at offset 0 of 7 bytes D:\APMServ5.2.6\www\htdocs\joyku\Core\Lib\Action\backendAction.class.php 第 80 行.
NOTIC: [8] unserialize() [<a href='function.unserialize'>function.unserialize</a>]: Error at offset 0 of 23 bytes D:\APMServ5.2.6\www\htdocs\joyku\Core\Lib\Action\backendAction.class.php 第 80 行.
NOTIC: [8] unserialize() [<a href='function.unserialize'>function.unserialize</a>]: Error at offset 0 of 24 bytes D:\APMServ5.2.6\www\htdocs\joyku\Core\Lib\Action\backendAction.class.php 第 80 行.
NOTIC: [8] unserialize() [<a href='function.unserialize'>function.unserialize</a>]: Error at offset 0 of 4 bytes D:\APMServ5.2.6\www\htdocs\joyku\Core\Lib\Action\backendAction.class.php 第 80 行.
NOTIC: [8] unserialize() [<a href='function.unserialize'>function.unserialize</a>]: Error at offset 0 of 12 bytes D:\APMServ5.2.6\www\htdocs\joyku\Core\Lib\Action\backendAction.class.php 第 80 行.
SQL: SHOW COLUMNS FROM `ik_app` [ RunTime:0.003868s ]
SQL: SELECT `app_name`,`app_alias`,`admin_entry` FROM `ik_app` ORDER BY display_order asc  [ RunTime:0.001112s ]
SQL: SHOW COLUMNS FROM `ik_setting` [ RunTime:0.003433s ]
NOTIC: 建议使用I方法替代_get
INFO: [ view_template ] --START--
INFO: Run LocationTemplate Behavior [ RunTime:0.001264s ]
INFO: [ view_template ] --END-- [ RunTime:0.001369s ]
INFO: [ view_parse ] --START--
INFO: Run ParseTemplate Behavior [ RunTime:0.011927s ]
INFO: [ view_parse ] --END-- [ RunTime:0.012049s ]
INFO: [ view_filter ] --START--
INFO: Run ContentReplace Behavior [ RunTime:0.000455s ]
INFO: Run TokenBuild Behavior [ RunTime:0.000330s ]
INFO: Run WriteHtmlCache Behavior [ RunTime:0.000255s ]
INFO: Run ShowRuntime Behavior [ RunTime:0.000361s ]
INFO: Run content_replace Behavior [ RunTime:0.001938s ]
INFO: [ view_filter ] --END-- [ RunTime:0.003725s ]
INFO: [ view_end ] --START--
INFO: Run ShowPageTrace Behavior [ RunTime:0.000389s ]
INFO: [ view_end ] --END-- [ RunTime:0.000482s ]

[ 2013-05-31T11:39:59+08:00 ] 127.0.0.1 /joyku/index.php?app=develop&m=index&a=add
NOTIC: 建议使用I方法替代_get

[ 2013-05-31T11:48:08+08:00 ] 127.0.0.1 /joyku/index.php?app=develop&m=index&a=add&id=17
NOTIC: 建议使用I方法替代_get

[ 2013-05-31T11:48:14+08:00 ] 127.0.0.1 /joyku/index.php?app=develop&m=index&a=add&id=17
NOTIC: 建议使用I方法替代_get

[ 2013-05-31T13:00:33+08:00 ] 127.0.0.1 /joyku/index.php?app=develop&m=index&a=add&id=17
NOTIC: 建议使用I方法替代_get

[ 2013-05-31T13:00:54+08:00 ] 127.0.0.1 /joyku/index.php?app=develop&m=index&a=add&id=17
NOTIC: 建议使用I方法替代_get

[ 2013-05-31T13:01:55+08:00 ] 127.0.0.1 /joyku/index.php?app=develop&m=index&a=add&id=17
NOTIC: 建议使用I方法替代_get

[ 2013-05-31T14:21:18+08:00 ] 127.0.0.1 /joyku/index.php?app=develop&m=index&a=add&id=17
NOTIC: 建议使用I方法替代_get

[ 2013-05-31T14:28:10+08:00 ] 127.0.0.1 /joyku/index.php?app=develop&m=index&a=add&id=17
NOTIC: 建议使用I方法替代_get

[ 2013-05-31T14:39:28+08:00 ] 127.0.0.1 /joyku/index.php?app=develop&m=index&a=add&id=17
NOTIC: 建议使用I方法替代_get

[ 2013-05-31T14:39:34+08:00 ] 127.0.0.1 /joyku/index.php?app=develop&m=index&a=add&id=17
NOTIC: 建议使用I方法替代_get

[ 2013-05-31T14:39:55+08:00 ] 127.0.0.1 /joyku/index.php?app=public&m=images&a=add
NOTIC: 建议使用I方法替代_post
NOTIC: 建议使用I方法替代_post

[ 2013-05-31T14:40:47+08:00 ] 127.0.0.1 /joyku/index.php?app=develop&m=index&a=add&id=17
NOTIC: 建议使用I方法替代_get

[ 2013-05-31T14:42:15+08:00 ] 127.0.0.1 /joyku/index.php?app=develop&m=index&a=add&id=17
NOTIC: 建议使用I方法替代_get

[ 2013-05-31T14:42:17+08:00 ] 127.0.0.1 /joyku/index.php?app=develop&m=index&a=add&id=17
NOTIC: 建议使用I方法替代_get

[ 2013-05-31T14:42:22+08:00 ] 127.0.0.1 /joyku/index.php?app=develop&m=index&a=add
NOTIC: 建议使用I方法替代_get

[ 2013-05-31T14:42:46+08:00 ] 127.0.0.1 /joyku/index.php?app=develop&m=index&a=add
NOTIC: 建议使用I方法替代_get

[ 2013-05-31T14:43:19+08:00 ] 127.0.0.1 /joyku/index.php?app=develop&m=index&a=add
NOTIC: 建议使用I方法替代_get

[ 2013-05-31T15:22:10+08:00 ] 127.0.0.1 /joyku/index.php?app=develop&m=index&a=editapp&id=17
NOTIC: 建议使用I方法替代_get

[ 2013-05-31T15:25:00+08:00 ] 127.0.0.1 /joyku/index.php?app=develop&m=index&a=editapp&id=17
NOTIC: 建议使用I方法替代_get

[ 2013-05-31T15:25:05+08:00 ] 127.0.0.1 /joyku/index.php?app=develop&m=index&a=editapp&id=17
NOTIC: 建议使用I方法替代_get

[ 2013-05-31T15:29:46+08:00 ] 127.0.0.1 /joyku/index.php?app=develop&m=index&a=editapp&id=17
NOTIC: 建议使用I方法替代_get

[ 2013-05-31T15:30:55+08:00 ] 127.0.0.1 /joyku/index.php?app=develop&m=index&a=editapp&id=17
NOTIC: 建议使用I方法替代_get

[ 2013-05-31T15:31:07+08:00 ] 127.0.0.1 /joyku/index.php?app=develop&m=index&a=editapp&id=17
NOTIC: 建议使用I方法替代_get

[ 2013-05-31T15:35:43+08:00 ] 127.0.0.1 /joyku/index.php?app=develop&m=index&a=editapp&id=17
NOTIC: 建议使用I方法替代_get

[ 2013-05-31T15:35:58+08:00 ] 127.0.0.1 /joyku/index.php?app=develop&m=index&a=editapp&id=17
NOTIC: 建议使用I方法替代_get

[ 2013-05-31T15:36:26+08:00 ] 127.0.0.1 /joyku/index.php?app=develop&m=index&a=editapp&id=17
NOTIC: 建议使用I方法替代_get

[ 2013-05-31T15:36:50+08:00 ] 127.0.0.1 /joyku/index.php?app=develop&m=index&a=editapp&id=17
NOTIC: 建议使用I方法替代_get

[ 2013-05-31T15:38:33+08:00 ] 127.0.0.1 /joyku/index.php?app=develop&m=index&a=editapp&id=17
NOTIC: 建议使用I方法替代_get

[ 2013-05-31T15:38:55+08:00 ] 127.0.0.1 /joyku/index.php?app=develop&m=index&a=editapp&id=17
NOTIC: 建议使用I方法替代_get

[ 2013-05-31T15:42:06+08:00 ] 127.0.0.1 /joyku/index.php?app=develop&m=index&a=editapp&id=17
NOTIC: 建议使用I方法替代_get

[ 2013-05-31T15:43:33+08:00 ] 127.0.0.1 /joyku/index.php?app=develop&m=index&a=editapp&id=17
NOTIC: 建议使用I方法替代_get

[ 2013-05-31T15:43:43+08:00 ] 127.0.0.1 /joyku/index.php?app=develop&m=index&a=editapp&id=17
NOTIC: 建议使用I方法替代_get

[ 2013-05-31T15:45:06+08:00 ] 127.0.0.1 /joyku/index.php?app=develop&m=index&a=editapp&id=17
NOTIC: 建议使用I方法替代_get

[ 2013-05-31T15:45:29+08:00 ] 127.0.0.1 /joyku/index.php?app=develop&m=index&a=editapp&id=17
NOTIC: 建议使用I方法替代_get

[ 2013-05-31T15:47:31+08:00 ] 127.0.0.1 /joyku/index.php?app=develop&m=index&a=editapp&id=17
NOTIC: 建议使用I方法替代_get

[ 2013-05-31T15:47:50+08:00 ] 127.0.0.1 /joyku/index.php?app=develop&m=index&a=editapp&id=17
NOTIC: 建议使用I方法替代_get

[ 2013-05-31T15:48:40+08:00 ] 127.0.0.1 /joyku/index.php?app=develop&m=index&a=editapp&id=17
NOTIC: 建议使用I方法替代_get

[ 2013-05-31T15:49:02+08:00 ] 127.0.0.1 /joyku/index.php?app=develop&m=index&a=editapp&id=17
NOTIC: 建议使用I方法替代_get

[ 2013-05-31T15:49:39+08:00 ] 127.0.0.1 /joyku/index.php?app=develop&m=index&a=editapp&id=17
NOTIC: 建议使用I方法替代_get

[ 2013-05-31T15:49:41+08:00 ] 127.0.0.1 /joyku/index.php?app=develop&m=index&a=editapp&id=17
NOTIC: 建议使用I方法替代_get

[ 2013-05-31T15:50:15+08:00 ] 127.0.0.1 /joyku/index.php?app=develop&m=index&a=editapp&id=17
NOTIC: 建议使用I方法替代_get

[ 2013-05-31T15:50:23+08:00 ] 127.0.0.1 /joyku/index.php?app=develop&m=index&a=editapp&id=17
NOTIC: 建议使用I方法替代_get

[ 2013-05-31T16:37:20+08:00 ] 127.0.0.1 /joyku/index.php?app=develop&m=index&a=show&id=6
NOTIC: 建议使用I方法替代_get

[ 2013-05-31T16:46:01+08:00 ] 127.0.0.1 /joyku/index.php?app=develop&m=index&a=show&id=6
NOTIC: 建议使用I方法替代_get
ERR: 模板不存在[./Core/Apps/develop/Tpl/index/show.html]

[ 2013-05-31T16:54:06+08:00 ] 127.0.0.1 /joyku/index.php?app=develop&m=index&a=show&id=6
NOTIC: 建议使用I方法替代_get

[ 2013-05-31T16:56:09+08:00 ] 127.0.0.1 /joyku/index.php?app=develop&m=index&a=show&id=6
NOTIC: 建议使用I方法替代_get

[ 2013-05-31T16:56:22+08:00 ] 127.0.0.1 /joyku/index.php?app=develop&m=index&a=show&id=6
NOTIC: 建议使用I方法替代_get

[ 2013-05-31T16:56:36+08:00 ] 127.0.0.1 /joyku/index.php?app=develop&m=index&a=show&id=6
NOTIC: 建议使用I方法替代_get

[ 2013-05-31T16:56:43+08:00 ] 127.0.0.1 /joyku/index.php?app=develop&m=index&a=show&id=6
NOTIC: 建议使用I方法替代_get

[ 2013-05-31T16:56:59+08:00 ] 127.0.0.1 /joyku/index.php?app=develop&m=index&a=show&id=6
NOTIC: 建议使用I方法替代_get

[ 2013-05-31T17:00:18+08:00 ] 127.0.0.1 /joyku/index.php?app=develop&m=index&a=show&id=6
NOTIC: 建议使用I方法替代_get

[ 2013-05-31T17:03:14+08:00 ] 127.0.0.1 /joyku/index.php?app=develop&m=index&a=show&id=6
NOTIC: 建议使用I方法替代_get

[ 2013-05-31T17:04:10+08:00 ] 127.0.0.1 /joyku/index.php?app=develop&m=index&a=show&id=6
NOTIC: 建议使用I方法替代_get

[ 2013-05-31T17:04:28+08:00 ] 127.0.0.1 /joyku/index.php?app=develop&m=index&a=show&id=6
NOTIC: 建议使用I方法替代_get

[ 2013-05-31T17:15:20+08:00 ] 127.0.0.1 /joyku/index.php?app=develop&m=index&a=show&id=6
NOTIC: 建议使用I方法替代_get

[ 2013-05-31T17:16:29+08:00 ] 127.0.0.1 /joyku/index.php?app=develop&m=index&a=show&id=6
NOTIC: 建议使用I方法替代_get

[ 2013-05-31T17:16:41+08:00 ] 127.0.0.1 /joyku/index.php?app=develop&m=index&a=show&id=8
NOTIC: 建议使用I方法替代_get

[ 2013-05-31T17:19:51+08:00 ] 127.0.0.1 /joyku/index.php?app=develop&m=index&a=add
NOTIC: 建议使用I方法替代_get

[ 2013-05-31T17:22:59+08:00 ] 127.0.0.1 /joyku/index.php?app=develop&m=index&a=show&id=8
NOTIC: 建议使用I方法替代_get

[ 2013-05-31T17:23:08+08:00 ] 127.0.0.1 /joyku/index.php?app=develop&m=index&a=show&id=8
NOTIC: 建议使用I方法替代_get

[ 2013-05-31T17:24:25+08:00 ] 127.0.0.1 /joyku/index.php?app=develop&m=index&a=show&id=8
NOTIC: 建议使用I方法替代_get

[ 2013-05-31T17:24:53+08:00 ] 127.0.0.1 /joyku/index.php?app=develop&m=index&a=show&id=8
NOTIC: 建议使用I方法替代_get

[ 2013-05-31T17:27:34+08:00 ] 127.0.0.1 /joyku/index.php?app=develop&m=index&a=show&id=8
NOTIC: 建议使用I方法替代_get

[ 2013-05-31T17:28:32+08:00 ] 127.0.0.1 /joyku/index.php?app=develop&m=index&a=show&id=8
NOTIC: 建议使用I方法替代_get

[ 2013-05-31T17:28:34+08:00 ] 127.0.0.1 /joyku/index.php?app=develop&m=index&a=show&id=8
NOTIC: 建议使用I方法替代_get

[ 2013-05-31T17:29:21+08:00 ] 127.0.0.1 /joyku/index.php?app=develop&m=index&a=show&id=8
NOTIC: 建议使用I方法替代_get

[ 2013-05-31T17:29:50+08:00 ] 127.0.0.1 /joyku/index.php?app=develop&m=index&a=show&id=8
NOTIC: 建议使用I方法替代_get

[ 2013-05-31T17:30:06+08:00 ] 127.0.0.1 /joyku/index.php?app=develop&m=index&a=show&id=8
NOTIC: 建议使用I方法替代_get

[ 2013-05-31T17:30:59+08:00 ] 127.0.0.1 /joyku/index.php?app=develop&m=index&a=show&id=8
NOTIC: 建议使用I方法替代_get

[ 2013-05-31T17:33:06+08:00 ] 127.0.0.1 /joyku/index.php?app=develop&m=index&a=show&id=8
NOTIC: 建议使用I方法替代_get

[ 2013-05-31T17:33:43+08:00 ] 127.0.0.1 /joyku/index.php?app=develop&m=index&a=show&id=8
NOTIC: 建议使用I方法替代_get

[ 2013-05-31T17:34:04+08:00 ] 127.0.0.1 /joyku/index.php?app=develop&m=index&a=show&id=8
NOTIC: 建议使用I方法替代_get

[ 2013-05-31T17:34:36+08:00 ] 127.0.0.1 /joyku/index.php?app=develop&m=index&a=show&id=8
NOTIC: 建议使用I方法替代_get

[ 2013-05-31T17:35:01+08:00 ] 127.0.0.1 /joyku/index.php?app=develop&m=index&a=show&id=8
NOTIC: 建议使用I方法替代_get

[ 2013-05-31T17:35:55+08:00 ] 127.0.0.1 /joyku/index.php?app=develop&m=index&a=show&id=8
NOTIC: 建议使用I方法替代_get

[ 2013-05-31T17:43:04+08:00 ] 127.0.0.1 /joyku/index.php?app=develop&m=index&a=show&id=8
NOTIC: 建议使用I方法替代_get

[ 2013-05-31T17:45:02+08:00 ] 127.0.0.1 /joyku/index.php?app=develop&m=index&a=show&id=8
NOTIC: 建议使用I方法替代_get

[ 2013-05-31T17:45:47+08:00 ] 127.0.0.1 /joyku/index.php?app=develop&m=index&a=show&id=8
NOTIC: 建议使用I方法替代_get

[ 2013-05-31T17:46:37+08:00 ] 127.0.0.1 /joyku/index.php?app=develop&m=index&a=show&id=8
NOTIC: 建议使用I方法替代_get

[ 2013-05-31T17:46:41+08:00 ] 127.0.0.1 /joyku/index.php?app=develop&m=index&a=show&id=8
NOTIC: 建议使用I方法替代_get

[ 2013-05-31T17:50:08+08:00 ] 127.0.0.1 /joyku/index.php?app=develop&m=index&a=show&id=8
NOTIC: 建议使用I方法替代_get

[ 2013-05-31T17:50:21+08:00 ] 127.0.0.1 /joyku/index.php?app=develop&m=index&a=show&id=8
NOTIC: 建议使用I方法替代_get

[ 2013-05-31T17:50:33+08:00 ] 127.0.0.1 /joyku/index.php?app=develop&m=index&a=show&id=8
NOTIC: 建议使用I方法替代_get

[ 2013-05-31T17:50:41+08:00 ] 127.0.0.1 /joyku/index.php?app=develop&m=index&a=show&id=8
NOTIC: 建议使用I方法替代_get

[ 2013-05-31T17:50:51+08:00 ] 127.0.0.1 /joyku/index.php?app=develop&m=index&a=show&id=8
NOTIC: 建议使用I方法替代_get

[ 2013-05-31T17:51:21+08:00 ] 127.0.0.1 /joyku/index.php?app=develop&m=index&a=show&id=8
NOTIC: 建议使用I方法替代_get

[ 2013-05-31T17:51:29+08:00 ] 127.0.0.1 /joyku/index.php?app=develop&m=index&a=show&id=8
NOTIC: 建议使用I方法替代_get

[ 2013-05-31T17:52:11+08:00 ] 127.0.0.1 /joyku/index.php?app=develop&m=index&a=show&id=8
NOTIC: 建议使用I方法替代_get

[ 2013-05-31T17:52:26+08:00 ] 127.0.0.1 /joyku/index.php?app=develop&m=index&a=show&id=8
NOTIC: 建议使用I方法替代_get

[ 2013-05-31T17:52:44+08:00 ] 127.0.0.1 /joyku/index.php?app=develop&m=index&a=show&id=8
NOTIC: 建议使用I方法替代_get

[ 2013-05-31T17:52:56+08:00 ] 127.0.0.1 /joyku/index.php?app=develop&m=index&a=show&id=8
NOTIC: 建议使用I方法替代_get

[ 2013-05-31T17:53:11+08:00 ] 127.0.0.1 /joyku/index.php?app=develop&m=index&a=show&id=8
NOTIC: 建议使用I方法替代_get

[ 2013-05-31T17:55:05+08:00 ] 127.0.0.1 /joyku/index.php?app=develop&m=index&a=show&id=8
NOTIC: 建议使用I方法替代_get

[ 2013-05-31T17:55:14+08:00 ] 127.0.0.1 /joyku/index.php?app=develop&m=index&a=show&id=8
NOTIC: 建议使用I方法替代_get

[ 2013-05-31T17:55:32+08:00 ] 127.0.0.1 /joyku/index.php?app=develop&m=index&a=add
NOTIC: 建议使用I方法替代_get

[ 2013-05-31T17:56:01+08:00 ] 127.0.0.1 /joyku/index.php?app=public&m=images&a=add
NOTIC: 建议使用I方法替代_post
NOTIC: 建议使用I方法替代_post

[ 2013-05-31T17:56:07+08:00 ] 127.0.0.1 /joyku/index.php?app=public&m=images&a=add
NOTIC: 建议使用I方法替代_post
NOTIC: 建议使用I方法替代_post

[ 2013-05-31T17:56:33+08:00 ] 127.0.0.1 /joyku/index.php?app=develop&m=index&a=show&id=19
NOTIC: 建议使用I方法替代_get

[ 2013-05-31T17:57:30+08:00 ] 127.0.0.1 /joyku/index.php?app=develop&m=index&a=show&id=19
NOTIC: 建议使用I方法替代_get

[ 2013-05-31T17:58:15+08:00 ] 127.0.0.1 /joyku/index.php?app=develop&m=index&a=show&id=19
NOTIC: 建议使用I方法替代_get

[ 2013-05-31T17:58:24+08:00 ] 127.0.0.1 /joyku/index.php?app=develop&m=index&a=show&id=19
NOTIC: 建议使用I方法替代_get

[ 2013-05-31T17:58:36+08:00 ] 127.0.0.1 /joyku/index.php?app=develop&m=index&a=show&id=19
NOTIC: 建议使用I方法替代_get

[ 2013-05-31T17:58:53+08:00 ] 127.0.0.1 /joyku/index.php?app=develop&m=index&a=show&id=19
NOTIC: 建议使用I方法替代_get

[ 2013-05-31T18:00:58+08:00 ] 127.0.0.1 /joyku/index.php?app=develop&m=index&a=add
NOTIC: 建议使用I方法替代_get

[ 2013-05-31T18:10:17+08:00 ] 127.0.0.1 /joyku/index.php?app=develop&m=index&a=show&id=19
NOTIC: 建议使用I方法替代_get

[ 2013-05-31T18:10:31+08:00 ] 127.0.0.1 /joyku/index.php?app=develop&m=index&a=show&id=19
NOTIC: 建议使用I方法替代_get

[ 2013-05-31T18:11:28+08:00 ] 127.0.0.1 /joyku/index.php?app=develop&m=index&a=show&id=19
NOTIC: 建议使用I方法替代_get

